#
# A fatal error has been detected by the Java Runtime Environment:
#
#  SIGBUS (0xa) at pc=0x000000011d3e9aea, pid=963, tid=0x000000000001d92b
#
# JRE version: Java(TM) SE Runtime Environment (8.0_161-b12) (build 1.8.0_161-b12)
# Java VM: Java HotSpot(TM) 64-Bit Server VM (25.161-b12 mixed mode bsd-amd64 compressed oops)
# Problematic frame:
# J 5312 C2 com.symmetrylabs.slstudio.output.SLController.onSend([I)V (660 bytes) @ 0x000000011d3e9aea [0x000000011d3e9aa0+0x4a]
#
# Failed to write core dump. Core dumps have been disabled. To enable core dumping, try "ulimit -c unlimited" before starting Java again
#
# If you would like to submit a bug report, please visit:
#   http://bugreport.java.com/bugreport/crash.jsp
#

---------------  T H R E A D  ---------------

Current thread (0x00007ff89adcd800):  JavaThread "LXEngine Network Thread" [_thread_in_Java, id=121131, stack(0x00007000060b7000,0x00007000061b7000)]

siginfo: si_signo: 10 (SIGBUS), si_code: 2 (BUS_ADRERR), si_addr: 0x00000007f8000110

Registers:
RAX=0x00000007c026fc28, RBX=0x00000000ff000000, RCX=0x0000000000000306, RDX=0x00000006c0554a60
RSP=0x00007000061b6770, RBP=0x0000000000000000, RSI=0x00000006c6e21488, RDI=0x00007000061b67f0
R8 =0x00000006c0169cf0, R9 =0x0000000000000000, R10=0x00000006c6e21488, R11=0x0000000000000000
R12=0x0000000000000000, R13=0x0000000000003624, R14=0x0000000000000000, R15=0x00007ff89adcd800
RIP=0x000000011d3e9aea, EFLAGS=0x0000000000010202, ERR=0x0000000000000004
  TRAPNO=0x000000000000000e

Top of Stack: (sp=0x00007000061b6770)
0x00007000061b6770:   00007000061b67f0 00000006c0554a60
0x00007000061b6780:   0000000000000000 0000000000003624
0x00007000061b6790:   0000000000000000 0000000000000000
0x00007000061b67a0:   00007000061b67e0 00007fff6341787e
0x00007000061b67b0:   0000000000000000 0000000000000000
0x00007000061b67c0:   00007000061b6810 0000000000000001
0x00007000061b67d0:   0000000000000000 00007ff89adcd800
0x00007000061b67e0:   00007000061b6800 00000001108894bb
0x00007000061b67f0:   000000005a987e76 00000006000bcf75
0x00007000061b6800:   0000000000000000 000000011dc001a4
0x00007000061b6810:   00007000061b6850 00000006c6e21488
0x00007000061b6820:   00000006c0554a60 00007ff897fe80b8
0x00007000061b6830:   00000000061b6890 00000006c00c5750
0x00007000061b6840:   00000161e3adfff6 00007ff89adcd800
0x00007000061b6850:   00007000061b6870 00000001108894bb
0x00007000061b6860:   000000005a987e76 00007ff8000bceae
0x00007000061b6870:   00000000d8dc4291 000000011dc00148
0x00007000061b6880:   0000004e00000000 00000006c0501578
0x00007000061b6890:   00000006c0554a60 00000006c053d470
0x00007000061b68a0:   0000000000000001 0000000000003624
0x00007000061b68b0:   00000161e3adfff5 00007ff89adcd800
0x00007000061b68c0:   00007000061b68e0 00000001108894bb
0x00007000061b68d0:   00007000061b68e0 000000011088d14b
0x00007000061b68e0:   00000006c05b5e80 000000011dc1a0f8
0x00007000061b68f0:   00000006c05b5e80 00000007c01a4040
0x00007000061b6900:   000004abd31520ac 00000007c01a4888
0x00007000061b6910:   447a000000000001 0000000000000007
0x00007000061b6920:   00000006c05b5e80 00007000061b69d0
0x00007000061b6930:   00000007c01a4040 00000388d8018aea
0x00007000061b6940:   0000000000000009 00000006c00c5750
0x00007000061b6950:   00007000061b69d0 000000011cfa37a7
0x00007000061b6960:   00000006c05b5e80 00000006c05b5e80 

Instructions: (pc=0x000000011d3e9aea)
0x000000011d3e9aca:   ec 90 00 00 00 48 89 54 24 08 4c 8b d6 44 0f b6
0x000000011d3e9ada:   5e 68 49 b8 f0 9c 16 c0 06 00 00 00 41 8b 58 68
0x000000011d3e9aea:   45 8b 84 dc 10 01 00 00 47 8b 4c c4 30 c4 81 7b
0x000000011d3e9afa:   10 44 cc 18 c5 f9 2e 05 7a ff ff ff 76 07 bd 01 

Register to memory mapping:

RAX=0x00000007c026fc28 is pointing into metadata
RBX=0x00000000ff000000 is an unknown value
RCX=0x0000000000000306 is an unknown value
RDX=0x00000006c0554a60 is an oop
[I 
 - klass: {type array int}
 - length: 13860
RSP=0x00007000061b6770 is pointing into the stack for thread: 0x00007ff89adcd800
RBP=0x0000000000000000 is an unknown value
RSI=0x00000006c6e21488 is an oop
com.symmetrylabs.slstudio.output.SLController 
 - klass: 'com/symmetrylabs/slstudio/output/SLController'
RDI=0x00007000061b67f0 is pointing into the stack for thread: 0x00007ff89adcd800
R8 =
[error occurred during error reporting (printing register info), id 0xa]

Stack: [0x00007000060b7000,0x00007000061b7000],  sp=0x00007000061b6770,  free space=1021k
Native frames: (J=compiled Java code, j=interpreted, Vv=VM code, C=native code)
J 5312 C2 com.symmetrylabs.slstudio.output.SLController.onSend([I)V (660 bytes) @ 0x000000011d3e9aea [0x000000011d3e9aa0+0x4a]
J 5232 C2 heronarts.lx.output.LXOutput.send([I)Lheronarts/lx/output/LXOutput; (398 bytes) @ 0x000000011dc001a4 [0x000000011dbffde0+0x3c4]
J 5232 C2 heronarts.lx.output.LXOutput.send([I)Lheronarts/lx/output/LXOutput; (398 bytes) @ 0x000000011dc00148 [0x000000011dbffde0+0x368]
J 5360% C2 heronarts.lx.LXEngine$NetworkThread.run()V (201 bytes) @ 0x000000011dc1a0f8 [0x000000011dc19e20+0x2d8]
v  ~StubRoutines::call_stub
V  [libjvm.dylib+0x2ef9aa]  JavaCalls::call_helper(JavaValue*, methodHandle*, JavaCallArguments*, Thread*)+0x6ae
V  [libjvm.dylib+0x2f014e]  JavaCalls::call_virtual(JavaValue*, KlassHandle, Symbol*, Symbol*, JavaCallArguments*, Thread*)+0x164
V  [libjvm.dylib+0x2f02fa]  JavaCalls::call_virtual(JavaValue*, Handle, KlassHandle, Symbol*, Symbol*, Thread*)+0x4a
V  [libjvm.dylib+0x34aae5]  thread_entry(JavaThread*, Thread*)+0x7c
V  [libjvm.dylib+0x56edef]  JavaThread::thread_main_inner()+0x9b
V  [libjvm.dylib+0x5704ea]  JavaThread::run()+0x1c2
V  [libjvm.dylib+0x48d83a]  java_start(Thread*)+0xf6
C  [libsystem_pthread.dylib+0x36c1]  _pthread_body+0x154
C  [libsystem_pthread.dylib+0x356d]  _pthread_body+0x0
C  [libsystem_pthread.dylib+0x2c5d]  thread_start+0xd
C  0x0000000000000000


---------------  P R O C E S S  ---------------

Java Threads: ( => current thread )
  0x00007ff89a8ba000 JavaThread "pool-1-thread-86" [_thread_in_native, id=121911, stack(0x0000700005ba8000,0x0000700005ca8000)]
  0x00007ff8980f5000 JavaThread "pool-1-thread-85" [_thread_in_native, id=139023, stack(0x0000700004df2000,0x0000700004ef2000)]
  0x00007ff8a106b800 JavaThread "pool-1-thread-82" [_thread_blocked, id=122395, stack(0x0000700005490000,0x0000700005590000)]
  0x00007ff8a180c800 JavaThread "ForkJoinPool.commonPool-worker-0" daemon [_thread_blocked, id=99343, stack(0x0000700006d5e000,0x0000700006e5e000)]
  0x00007ff89882d000 JavaThread "LXChannel thread #27" [_thread_blocked, id=94247, stack(0x0000700006c5b000,0x0000700006d5b000)]
  0x00007ff89be12000 JavaThread "LXChannel thread #26" [_thread_blocked, id=113671, stack(0x0000700006b58000,0x0000700006c58000)]
  0x00007ff899019800 JavaThread "LXChannel thread #25" [_thread_blocked, id=96571, stack(0x0000700006952000,0x0000700006a52000)]
  0x00007ff89aa77800 JavaThread "LXChannel thread #24" [_thread_blocked, id=54831, stack(0x000070000684f000,0x000070000694f000)]
  0x00007ff89bb4c800 JavaThread "LXChannel thread #23" [_thread_blocked, id=96795, stack(0x000070000674c000,0x000070000684c000)]
  0x00007ff8a1ca5000 JavaThread "LXChannel thread #22" [_thread_blocked, id=99603, stack(0x0000700006340000,0x0000700006440000)]
  0x00007ff89b06a000 JavaThread "Thread-40" [_thread_blocked, id=98323, stack(0x0000700005aa5000,0x0000700005ba5000)]
  0x00007ff89ba51000 JavaThread "Thread-39" [_thread_blocked, id=98579, stack(0x000070000507e000,0x000070000517e000)]
  0x00007ff898564000 JavaThread "Thread-38" [_thread_blocked, id=114963, stack(0x0000700003930000,0x0000700003a30000)]
  0x00007ff899092800 JavaThread "ForkJoinPool.commonPool-worker-7" daemon [_thread_blocked, id=113155, stack(0x000070000777c000,0x000070000787c000)]
  0x00007ff8980f3800 JavaThread "ForkJoinPool.commonPool-worker-6" daemon [_thread_blocked, id=113411, stack(0x0000700007679000,0x0000700007779000)]
  0x00007ff8980ed000 JavaThread "ForkJoinPool.commonPool-worker-4" daemon [_thread_blocked, id=113923, stack(0x0000700007473000,0x0000700007573000)]
  0x00007ff898671000 JavaThread "ForkJoinPool.commonPool-worker-3" daemon [_thread_blocked, id=101123, stack(0x0000700007370000,0x0000700007470000)]
  0x00007ff8a1885800 JavaThread "ForkJoinPool.commonPool-worker-2" daemon [_thread_blocked, id=100611, stack(0x000070000726d000,0x000070000736d000)]
  0x00007ff8a108c800 JavaThread "ForkJoinPool.commonPool-worker-1" daemon [_thread_blocked, id=114435, stack(0x000070000716a000,0x000070000726a000)]
  0x00007ff8a108b000 JavaThread "Thread-18" [_thread_in_native, id=115719, stack(0x0000700006a55000,0x0000700006b55000)]
  0x00007ff89b011000 JavaThread "LXAudioEngine Input Thread" [_thread_blocked, id=119047, stack(0x0000700006443000,0x0000700006543000)]
  0x00007ff8a087b000 JavaThread "LXEngine Render Thread" [_thread_blocked, id=96055, stack(0x0000700006649000,0x0000700006749000)]
  0x00007ff89a35e000 JavaThread "Thread-8" [_thread_in_native, id=94979, stack(0x0000700006546000,0x0000700006646000)]
  0x00007ff89887b800 JavaThread "Java Sound Event Dispatcher" daemon [_thread_blocked, id=120579, stack(0x00007000061ba000,0x00007000062ba000)]
=>0x00007ff89adcd800 JavaThread "LXEngine Network Thread" [_thread_in_Java, id=121131, stack(0x00007000060b7000,0x00007000061b7000)]
  0x00007ff8987be000 JavaThread "Thread-6" [_thread_in_native, id=92935, stack(0x0000700005fb4000,0x00007000060b4000)]
  0x00007ff89ac6a800 JavaThread "Timer-0" [_thread_blocked, id=92183, stack(0x000070000591f000,0x0000700005a1f000)]
  0x00007ff89aa72000 JavaThread "DestroyJavaVM" [_thread_blocked, id=5891, stack(0x0000700003ab9000,0x0000700003bb9000)]
  0x00007ff89bb66800 JavaThread "main-FPSAWTAnimator#00-Timer0" [_thread_in_native, id=57919, stack(0x0000700005799000,0x0000700005899000)]
  0x00007ff89a25e000 JavaThread "Thread-2" [_thread_blocked, id=59931, stack(0x0000700005696000,0x0000700005796000)]
  0x00007ff89bb07000 JavaThread "main-Display-.macosx_nil-1-EDT-1" daemon [_thread_blocked, id=69383, stack(0x0000700005593000,0x0000700005693000)]
  0x00007ff89ba24800 JavaThread "Java2D Disposer" daemon [_thread_blocked, id=73495, stack(0x000070000538d000,0x000070000548d000)]
  0x00007ff8982b0000 JavaThread "Java2D Queue Flusher" daemon [_thread_blocked, id=54023, stack(0x000070000528a000,0x000070000538a000)]
  0x00007ff89b9b1000 JavaThread "AWT-AppKit" daemon [_thread_in_native, id=775, stack(0x00007ffee0168000,0x00007ffee0968000)]
  0x00007ff89b815000 JavaThread "Service Thread" daemon [_thread_blocked, id=17155, stack(0x0000700004bec000,0x0000700004cec000)]
  0x00007ff89b848000 JavaThread "C1 CompilerThread3" daemon [_thread_blocked, id=17667, stack(0x0000700004ae9000,0x0000700004be9000)]
  0x00007ff89800c800 JavaThread "C2 CompilerThread2" daemon [_thread_blocked, id=16131, stack(0x00007000049e6000,0x0000700004ae6000)]
  0x00007ff89800c000 JavaThread "C2 CompilerThread1" daemon [_thread_blocked, id=18179, stack(0x00007000048e3000,0x00007000049e3000)]
  0x00007ff89b80a800 JavaThread "C2 CompilerThread0" daemon [_thread_blocked, id=18435, stack(0x00007000047e0000,0x00007000048e0000)]
  0x00007ff89b847800 JavaThread "Signal Dispatcher" daemon [_thread_blocked, id=18695, stack(0x00007000046dd000,0x00007000047dd000)]
  0x00007ff89b846800 JavaThread "Finalizer" daemon [_thread_blocked, id=13571, stack(0x00007000045da000,0x00007000046da000)]
  0x00007ff89b844000 JavaThread "Reference Handler" daemon [_thread_blocked, id=13315, stack(0x00007000044d7000,0x00007000045d7000)]

Other Threads:
  0x00007ff89a030800 VMThread [stack: 0x00007000043d4000,0x00007000044d4000] [id=20739]
  0x00007ff89a829800 WatcherThread [stack: 0x0000700004cef000,0x0000700004def000] [id=16899]

VM state:not at safepoint (normal execution)

VM Mutex/Monitor currently owned by a thread: None

Heap:
 PSYoungGen      total 36864K, used 16129K [0x000000076ab00000, 0x0000000775e80000, 0x00000007c0000000)
  eden space 36352K, 43% used [0x000000076ab00000,0x000000076ba78730,0x000000076ce80000)
  from space 512K, 56% used [0x0000000775e00000,0x0000000775e48000,0x0000000775e80000)
  to   space 512K, 0% used [0x0000000775d80000,0x0000000775d80000,0x0000000775e00000)
 ParOldGen       total 209920K, used 124713K [0x00000006c0000000, 0x00000006ccd00000, 0x000000076ab00000)
  object space 209920K, 59% used [0x00000006c0000000,0x00000006c79ca620,0x00000006ccd00000)
 Metaspace       used 27852K, capacity 28227K, committed 28464K, reserved 1075200K
  class space    used 3204K, capacity 3291K, committed 3376K, reserved 1048576K

Card table byte_map: [0x000000011176e000,0x0000000111f6f000] byte_map_base: 0x000000010e16e000

Marking Bits: (ParMarkBitMap*) 0x0000000110cf76c0
 Begin Bits: [0x00000001124c5000, 0x00000001164c5000)
 End Bits:   [0x00000001164c5000, 0x000000011a4c5000)

Polling page: 0x000000010f31d000

CodeCache: size=245760Kb used=13203Kb max_used=13516Kb free=232556Kb
 bounds [0x000000011cfa3000, 0x000000011dd33000, 0x000000012bfa3000]
 total_blobs=4978 nmethods=4015 adapters=876
 compilation: enabled

Compilation events (10 events):
Event: 2620.635 Thread 0x00007ff89b848000 5423   !   3       com.symmetrylabs.slstudio.network.NetworkInfo::getBroadcastAddresses (104 bytes)
Event: 2620.636 Thread 0x00007ff89b848000 nmethod 5423 0x000000011d959a10 code [0x000000011d959d00, 0x000000011d95b308]
Event: 2620.636 Thread 0x00007ff89b848000 5424       3       java.net.NetworkInterface::getNetworkInterfaces (19 bytes)
Event: 2620.636 Thread 0x00007ff89b848000 nmethod 5424 0x000000011d5cbb50 code [0x000000011d5cbce0, 0x000000011d5cbfc8]
Event: 2626.721 Thread 0x00007ff89b848000 5425       1       java.lang.StackTraceElement::getClassName (5 bytes)
Event: 2626.721 Thread 0x00007ff89b848000 nmethod 5425 0x000000011d1820d0 code [0x000000011d182220, 0x000000011d182330]
Event: 2725.238 Thread 0x00007ff89b80a800 5426       4       com.symmetrylabs.slstudio.network.NetworkMonitor$ScanTask::run (11 bytes)
Event: 2725.281 Thread 0x00007ff89b80a800 nmethod 5426 0x000000011d74a190 code [0x000000011d74a4c0, 0x000000011d74c130]
Event: 3236.306 Thread 0x00007ff89800c800 5427       4       java.util.IdentityHashMap$IdentityHashMapIterator::hasNext (50 bytes)
Event: 3236.308 Thread 0x00007ff89800c800 nmethod 5427 0x000000011dbfd690 code [0x000000011dbfd7e0, 0x000000011dbfd998]

GC Heap History (10 events):
Event: 3388.624 GC heap before
{Heap before GC invocations=2434 (full 2):
 PSYoungGen      total 36864K, used 36608K [0x000000076ab00000, 0x0000000775e80000, 0x00000007c0000000)
  eden space 36352K, 100% used [0x000000076ab00000,0x000000076ce80000,0x000000076ce80000)
  from space 512K, 50% used [0x0000000775d80000,0x0000000775dc0000,0x0000000775e00000)
  to   space 512K, 0% used [0x0000000775e00000,0x0000000775e00000,0x0000000775e80000)
 ParOldGen       total 209920K, used 124705K [0x00000006c0000000, 0x00000006ccd00000, 0x000000076ab00000)
  object space 209920K, 59% used [0x00000006c0000000,0x00000006c79c8620,0x00000006ccd00000)
 Metaspace       used 27852K, capacity 28227K, committed 28464K, reserved 1075200K
  class space    used 3204K, capacity 3291K, committed 3376K, reserved 1048576K
Event: 3388.626 GC heap after
Heap after GC invocations=2434 (full 2):
 PSYoungGen      total 36864K, used 256K [0x000000076ab00000, 0x0000000775e80000, 0x00000007c0000000)
  eden space 36352K, 0% used [0x000000076ab00000,0x000000076ab00000,0x000000076ce80000)
  from space 512K, 50% used [0x0000000775e00000,0x0000000775e40000,0x0000000775e80000)
  to   space 512K, 0% used [0x0000000775d80000,0x0000000775d80000,0x0000000775e00000)
 ParOldGen       total 209920K, used 124705K [0x00000006c0000000, 0x00000006ccd00000, 0x000000076ab00000)
  object space 209920K, 59% used [0x00000006c0000000,0x00000006c79c8620,0x00000006ccd00000)
 Metaspace       used 27852K, capacity 28227K, committed 28464K, reserved 1075200K
  class space    used 3204K, capacity 3291K, committed 3376K, reserved 1048576K
}
Event: 3389.822 GC heap before
{Heap before GC invocations=2435 (full 2):
 PSYoungGen      total 36864K, used 36608K [0x000000076ab00000, 0x0000000775e80000, 0x00000007c0000000)
  eden space 36352K, 100% used [0x000000076ab00000,0x000000076ce80000,0x000000076ce80000)
  from space 512K, 50% used [0x0000000775e00000,0x0000000775e40000,0x0000000775e80000)
  to   space 512K, 0% used [0x0000000775d80000,0x0000000775d80000,0x0000000775e00000)
 ParOldGen       total 209920K, used 124705K [0x00000006c0000000, 0x00000006ccd00000, 0x000000076ab00000)
  object space 209920K, 59% used [0x00000006c0000000,0x00000006c79c8620,0x00000006ccd00000)
 Metaspace       used 27852K, capacity 28227K, committed 28464K, reserved 1075200K
  class space    used 3204K, capacity 3291K, committed 3376K, reserved 1048576K
Event: 3389.823 GC heap after
Heap after GC invocations=2435 (full 2):
 PSYoungGen      total 36864K, used 288K [0x000000076ab00000, 0x0000000775e80000, 0x00000007c0000000)
  eden space 36352K, 0% used [0x000000076ab00000,0x000000076ab00000,0x000000076ce80000)
  from space 512K, 56% used [0x0000000775d80000,0x0000000775dc8000,0x0000000775e00000)
  to   space 512K, 0% used [0x0000000775e00000,0x0000000775e00000,0x0000000775e80000)
 ParOldGen       total 209920K, used 124713K [0x00000006c0000000, 0x00000006ccd00000, 0x000000076ab00000)
  object space 209920K, 59% used [0x00000006c0000000,0x00000006c79ca620,0x00000006ccd00000)
 Metaspace       used 27852K, capacity 28227K, committed 28464K, reserved 1075200K
  class space    used 3204K, capacity 3291K, committed 3376K, reserved 1048576K
}
Event: 3390.986 GC heap before
{Heap before GC invocations=2436 (full 2):
 PSYoungGen      total 36864K, used 36640K [0x000000076ab00000, 0x0000000775e80000, 0x00000007c0000000)
  eden space 36352K, 100% used [0x000000076ab00000,0x000000076ce80000,0x000000076ce80000)
  from space 512K, 56% used [0x0000000775d80000,0x0000000775dc8000,0x0000000775e00000)
  to   space 512K, 0% used [0x0000000775e00000,0x0000000775e00000,0x0000000775e80000)
 ParOldGen       total 209920K, used 124713K [0x00000006c0000000, 0x00000006ccd00000, 0x000000076ab00000)
  object space 209920K, 59% used [0x00000006c0000000,0x00000006c79ca620,0x00000006ccd00000)
 Metaspace       used 27852K, capacity 28227K, committed 28464K, reserved 1075200K
  class space    used 3204K, capacity 3291K, committed 3376K, reserved 1048576K
Event: 3390.988 GC heap after
Heap after GC invocations=2436 (full 2):
 PSYoungGen      total 36864K, used 288K [0x000000076ab00000, 0x0000000775e80000, 0x00000007c0000000)
  eden space 36352K, 0% used [0x000000076ab00000,0x000000076ab00000,0x000000076ce80000)
  from space 512K, 56% used [0x0000000775e00000,0x0000000775e48000,0x0000000775e80000)
  to   space 512K, 0% used [0x0000000775d80000,0x0000000775d80000,0x0000000775e00000)
 ParOldGen       total 209920K, used 124713K [0x00000006c0000000, 0x00000006ccd00000, 0x000000076ab00000)
  object space 209920K, 59% used [0x00000006c0000000,0x00000006c79ca620,0x00000006ccd00000)
 Metaspace       used 27852K, capacity 28227K, committed 28464K, reserved 1075200K
  class space    used 3204K, capacity 3291K, committed 3376K, reserved 1048576K
}
Event: 3392.173 GC heap before
{Heap before GC invocations=2437 (full 2):
 PSYoungGen      total 36864K, used 36640K [0x000000076ab00000, 0x0000000775e80000, 0x00000007c0000000)
  eden space 36352K, 100% used [0x000000076ab00000,0x000000076ce80000,0x000000076ce80000)
  from space 512K, 56% used [0x0000000775e00000,0x0000000775e48000,0x0000000775e80000)
  to   space 512K, 0% used [0x0000000775d80000,0x0000000775d80000,0x0000000775e00000)
 ParOldGen       total 209920K, used 124713K [0x00000006c0000000, 0x00000006ccd00000, 0x000000076ab00000)
  object space 209920K, 59% used [0x00000006c0000000,0x00000006c79ca620,0x00000006ccd00000)
 Metaspace       used 27852K, capacity 28227K, committed 28464K, reserved 1075200K
  class space    used 3204K, capacity 3291K, committed 3376K, reserved 1048576K
Event: 3392.175 GC heap after
Heap after GC invocations=2437 (full 2):
 PSYoungGen      total 36864K, used 256K [0x000000076ab00000, 0x0000000775e80000, 0x00000007c0000000)
  eden space 36352K, 0% used [0x000000076ab00000,0x000000076ab00000,0x000000076ce80000)
  from space 512K, 50% used [0x0000000775d80000,0x0000000775dc0000,0x0000000775e00000)
  to   space 512K, 0% used [0x0000000775e00000,0x0000000775e00000,0x0000000775e80000)
 ParOldGen       total 209920K, used 124713K [0x00000006c0000000, 0x00000006ccd00000, 0x000000076ab00000)
  object space 209920K, 59% used [0x00000006c0000000,0x00000006c79ca620,0x00000006ccd00000)
 Metaspace       used 27852K, capacity 28227K, committed 28464K, reserved 1075200K
  class space    used 3204K, capacity 3291K, committed 3376K, reserved 1048576K
}
Event: 3393.373 GC heap before
{Heap before GC invocations=2438 (full 2):
 PSYoungGen      total 36864K, used 36608K [0x000000076ab00000, 0x0000000775e80000, 0x00000007c0000000)
  eden space 36352K, 100% used [0x000000076ab00000,0x000000076ce80000,0x000000076ce80000)
  from space 512K, 50% used [0x0000000775d80000,0x0000000775dc0000,0x0000000775e00000)
  to   space 512K, 0% used [0x0000000775e00000,0x0000000775e00000,0x0000000775e80000)
 ParOldGen       total 209920K, used 124713K [0x00000006c0000000, 0x00000006ccd00000, 0x000000076ab00000)
  object space 209920K, 59% used [0x00000006c0000000,0x00000006c79ca620,0x00000006ccd00000)
 Metaspace       used 27852K, capacity 28227K, committed 28464K, reserved 1075200K
  class space    used 3204K, capacity 3291K, committed 3376K, reserved 1048576K
Event: 3393.375 GC heap after
Heap after GC invocations=2438 (full 2):
 PSYoungGen      total 36864K, used 288K [0x000000076ab00000, 0x0000000775e80000, 0x00000007c0000000)
  eden space 36352K, 0% used [0x000000076ab00000,0x000000076ab00000,0x000000076ce80000)
  from space 512K, 56% used [0x0000000775e00000,0x0000000775e48000,0x0000000775e80000)
  to   space 512K, 0% used [0x0000000775d80000,0x0000000775d80000,0x0000000775e00000)
 ParOldGen       total 209920K, used 124713K [0x00000006c0000000, 0x00000006ccd00000, 0x000000076ab00000)
  object space 209920K, 59% used [0x00000006c0000000,0x00000006c79ca620,0x00000006ccd00000)
 Metaspace       used 27852K, capacity 28227K, committed 28464K, reserved 1075200K
  class space    used 3204K, capacity 3291K, committed 3376K, reserved 1048576K
}

Deoptimization events (10 events):
Event: 445.918 Thread 0x00007ff898646800 Uncommon trap: reason=unstable_if action=reinterpret pc=0x000000011dbd9ad4 method=java.util.concurrent.SynchronousQueue$TransferStack.awaitFulfill(Ljava/util/concurrent/SynchronousQueue$TransferStack$SNode;ZJ)Ljava/util/concurrent/SynchronousQueue$Transfe
Event: 445.920 Thread 0x00007ff8a297e800 Uncommon trap: reason=unstable_if action=reinterpret pc=0x000000011dbd9ad4 method=java.util.concurrent.SynchronousQueue$TransferStack.awaitFulfill(Ljava/util/concurrent/SynchronousQueue$TransferStack$SNode;ZJ)Ljava/util/concurrent/SynchronousQueue$Transfe
Event: 445.920 Thread 0x00007ff89bd68000 Uncommon trap: reason=unstable_if action=reinterpret pc=0x000000011dbd9ad4 method=java.util.concurrent.SynchronousQueue$TransferStack.awaitFulfill(Ljava/util/concurrent/SynchronousQueue$TransferStack$SNode;ZJ)Ljava/util/concurrent/SynchronousQueue$Transfe
Event: 445.920 Thread 0x00007ff89b164000 Uncommon trap: reason=unstable_if action=reinterpret pc=0x000000011dbd9ad4 method=java.util.concurrent.SynchronousQueue$TransferStack.awaitFulfill(Ljava/util/concurrent/SynchronousQueue$TransferStack$SNode;ZJ)Ljava/util/concurrent/SynchronousQueue$Transfe
Event: 445.920 Thread 0x00007ff89c18a000 Uncommon trap: reason=unstable_if action=reinterpret pc=0x000000011dbd9ad4 method=java.util.concurrent.SynchronousQueue$TransferStack.awaitFulfill(Ljava/util/concurrent/SynchronousQueue$TransferStack$SNode;ZJ)Ljava/util/concurrent/SynchronousQueue$Transfe
Event: 446.306 Thread 0x00007ff899019800 Uncommon trap: reason=unstable_if action=reinterpret pc=0x000000011dc4b2d4 method=com.symmetrylabs.slstudio.pattern.explosions.L8onUtil.natural_hue_blend(FFI)F @ 2
Event: 589.543 Thread 0x00007ff89adcd800 Uncommon trap: reason=unstable_if action=reinterpret pc=0x000000011d959470 method=com.symmetrylabs.slstudio.output.SLController.onSend([I)V @ 24
Event: 1219.027 Thread 0x00007ff89ac6a800 Uncommon trap: reason=unstable_if action=reinterpret pc=0x000000011d3548d8 method=java.util.concurrent.SynchronousQueue$TransferStack.transfer(Ljava/lang/Object;ZJ)Ljava/lang/Object; @ 228
Event: 2615.482 Thread 0x00007ff89adcd800 Uncommon trap: reason=unstable_if action=reinterpret pc=0x000000011d7e0b50 method=com.symmetrylabs.slstudio.output.SLController.dispose()V @ 4
Event: 2615.566 Thread 0x00007ff89ac6a800 Uncommon trap: reason=unstable_if action=reinterpret pc=0x000000011d3e387c method=com.symmetrylabs.slstudio.network.NetworkInfo.getBroadcastAddresses()Ljava/util/List; @ 23

Classes redefined (0 events):
No events

Internal exceptions (10 events):
Event: 3388.909 Thread 0x00007ff89a8ba000 Exception <a 'java/net/SocketTimeoutException': Receive timed out> (0x000000076b3a3dc0) thrown at [/Users/java_re/workspace/8-2-build-macosx-x86_64/jdk8u161/10277/hotspot/src/share/vm/prims/jni.cpp, line 735]
Event: 3389.418 Thread 0x00007ff8980f5000 Exception <a 'java/net/SocketTimeoutException': Receive timed out> (0x000000076c284c68) thrown at [/Users/java_re/workspace/8-2-build-macosx-x86_64/jdk8u161/10277/hotspot/src/share/vm/prims/jni.cpp, line 735]
Event: 3389.925 Thread 0x00007ff89a8ba000 Exception <a 'java/net/SocketTimeoutException': Receive timed out> (0x000000076aec56b0) thrown at [/Users/java_re/workspace/8-2-build-macosx-x86_64/jdk8u161/10277/hotspot/src/share/vm/prims/jni.cpp, line 735]
Event: 3390.433 Thread 0x00007ff8980f5000 Exception <a 'java/net/SocketTimeoutException': Receive timed out> (0x000000076bdb0298) thrown at [/Users/java_re/workspace/8-2-build-macosx-x86_64/jdk8u161/10277/hotspot/src/share/vm/prims/jni.cpp, line 735]
Event: 3390.940 Thread 0x00007ff89a8ba000 Exception <a 'java/net/SocketTimeoutException': Receive timed out> (0x000000076aefb610) thrown at [/Users/java_re/workspace/8-2-build-macosx-x86_64/jdk8u161/10277/hotspot/src/share/vm/prims/jni.cpp, line 735]
Event: 3391.450 Thread 0x00007ff8980f5000 Exception <a 'java/net/SocketTimeoutException': Receive timed out> (0x000000076b91db60) thrown at [/Users/java_re/workspace/8-2-build-macosx-x86_64/jdk8u161/10277/hotspot/src/share/vm/prims/jni.cpp, line 735]
Event: 3391.958 Thread 0x00007ff89a8ba000 Exception <a 'java/net/SocketTimeoutException': Receive timed out> (0x000000076c80e4f8) thrown at [/Users/java_re/workspace/8-2-build-macosx-x86_64/jdk8u161/10277/hotspot/src/share/vm/prims/jni.cpp, line 735]
Event: 3392.467 Thread 0x00007ff8980f5000 Exception <a 'java/net/SocketTimeoutException': Receive timed out> (0x000000076b3edc90) thrown at [/Users/java_re/workspace/8-2-build-macosx-x86_64/jdk8u161/10277/hotspot/src/share/vm/prims/jni.cpp, line 735]
Event: 3392.973 Thread 0x00007ff89a8ba000 Exception <a 'java/net/SocketTimeoutException': Receive timed out> (0x000000076c2f1520) thrown at [/Users/java_re/workspace/8-2-build-macosx-x86_64/jdk8u161/10277/hotspot/src/share/vm/prims/jni.cpp, line 735]
Event: 3393.474 Thread 0x00007ff8980f5000 Exception <a 'java/net/SocketTimeoutException': Receive timed out> (0x000000076ae8a5f0) thrown at [/Users/java_re/workspace/8-2-build-macosx-x86_64/jdk8u161/10277/hotspot/src/share/vm/prims/jni.cpp, line 735]

Events (10 events):
Event: 3390.986 Executing VM operation: ParallelGCFailedAllocation
Event: 3390.988 Executing VM operation: ParallelGCFailedAllocation done
Event: 3392.173 Executing VM operation: ParallelGCFailedAllocation
Event: 3392.175 Executing VM operation: ParallelGCFailedAllocation done
Event: 3392.259 Thread 0x00007ff8a1062000 Thread added: 0x00007ff8a1062000
Event: 3393.266 Executing VM operation: RevokeBias
Event: 3393.266 Executing VM operation: RevokeBias done
Event: 3393.266 Thread 0x00007ff8a1062000 Thread exited: 0x00007ff8a1062000
Event: 3393.373 Executing VM operation: ParallelGCFailedAllocation
Event: 3393.375 Executing VM operation: ParallelGCFailedAllocation done


Dynamic libraries:
0x0000000014078000 	/System/Library/Frameworks/Cocoa.framework/Versions/A/Cocoa
0x0000000014078000 	/System/Library/Frameworks/Security.framework/Versions/A/Security
0x0000000014078000 	/System/Library/Frameworks/ApplicationServices.framework/Versions/A/ApplicationServices
0x0000000014078000 	/usr/lib/libz.1.dylib
0x0000000014078000 	/usr/lib/libSystem.B.dylib
0x0000000014078000 	/usr/lib/libobjc.A.dylib
0x0000000014078000 	/System/Library/Frameworks/CoreFoundation.framework/Versions/A/CoreFoundation
0x0000000014078000 	/System/Library/Frameworks/Foundation.framework/Versions/C/Foundation
0x0000000014078000 	/System/Library/Frameworks/AppKit.framework/Versions/C/AppKit
0x0000000014078000 	/System/Library/Frameworks/CoreData.framework/Versions/A/CoreData
0x0000000014078000 	/System/Library/PrivateFrameworks/RemoteViewServices.framework/Versions/A/RemoteViewServices
0x0000000014078000 	/System/Library/PrivateFrameworks/UIFoundation.framework/Versions/A/UIFoundation
0x0000000014078000 	/System/Library/PrivateFrameworks/DFRFoundation.framework/Versions/A/DFRFoundation
0x0000000014078000 	/System/Library/Frameworks/Metal.framework/Versions/A/Metal
0x0000000014078000 	/System/Library/PrivateFrameworks/DesktopServicesPriv.framework/Versions/A/DesktopServicesPriv
0x0000000014078000 	/usr/lib/libenergytrace.dylib
0x0000000014078000 	/System/Library/PrivateFrameworks/SkyLight.framework/Versions/A/SkyLight
0x0000000014078000 	/System/Library/Frameworks/CoreGraphics.framework/Versions/A/CoreGraphics
0x0000000014078000 	/usr/lib/libScreenReader.dylib
0x0000000014078000 	/System/Library/Frameworks/Accelerate.framework/Versions/A/Accelerate
0x0000000014078000 	/System/Library/Frameworks/IOSurface.framework/Versions/A/IOSurface
0x0000000014078000 	/System/Library/Frameworks/AudioToolbox.framework/Versions/A/AudioToolbox
0x0000000014078000 	/System/Library/Frameworks/AudioUnit.framework/Versions/A/AudioUnit
0x0000000014078000 	/System/Library/PrivateFrameworks/DataDetectorsCore.framework/Versions/A/DataDetectorsCore
0x0000000014078000 	/System/Library/Frameworks/Carbon.framework/Versions/A/Frameworks/HIToolbox.framework/Versions/A/HIToolbox
0x0000000014078000 	/usr/lib/libicucore.A.dylib
0x0000000014078000 	/System/Library/Frameworks/QuartzCore.framework/Versions/A/QuartzCore
0x0000000014078000 	/System/Library/Frameworks/Carbon.framework/Versions/A/Frameworks/SpeechRecognition.framework/Versions/A/SpeechRecognition
0x0000000014078000 	/usr/lib/libauto.dylib
0x0000000014078000 	/usr/lib/libxml2.2.dylib
0x0000000014078000 	/System/Library/PrivateFrameworks/CoreUI.framework/Versions/A/CoreUI
0x0000000014078000 	/System/Library/Frameworks/CoreAudio.framework/Versions/A/CoreAudio
0x0000000014078000 	/System/Library/Frameworks/DiskArbitration.framework/Versions/A/DiskArbitration
0x0000000014078000 	/usr/lib/liblangid.dylib
0x0000000014078000 	/System/Library/PrivateFrameworks/MultitouchSupport.framework/Versions/A/MultitouchSupport
0x0000000014078000 	/System/Library/Frameworks/IOKit.framework/Versions/A/IOKit
0x0000000014078000 	/usr/lib/libDiagnosticMessagesClient.dylib
0x0000000014078000 	/System/Library/Frameworks/CoreServices.framework/Versions/A/CoreServices
0x0000000014078000 	/System/Library/PrivateFrameworks/PerformanceAnalysis.framework/Versions/A/PerformanceAnalysis
0x0000000014078000 	/System/Library/Frameworks/OpenGL.framework/Versions/A/OpenGL
0x0000000014078000 	/System/Library/Frameworks/ColorSync.framework/Versions/A/ColorSync
0x0000000014078000 	/System/Library/Frameworks/CoreImage.framework/Versions/A/CoreImage
0x0000000014078000 	/System/Library/Frameworks/CoreText.framework/Versions/A/CoreText
0x0000000014078000 	/System/Library/Frameworks/ImageIO.framework/Versions/A/ImageIO
0x0000000014078000 	/System/Library/PrivateFrameworks/Backup.framework/Versions/A/Backup
0x0000000014078000 	/usr/lib/libarchive.2.dylib
0x0000000014078000 	/System/Library/Frameworks/CFNetwork.framework/Versions/A/CFNetwork
0x0000000014078000 	/System/Library/Frameworks/SystemConfiguration.framework/Versions/A/SystemConfiguration
0x0000000014078000 	/usr/lib/libCRFSuite.dylib
0x0000000014078000 	/usr/lib/libc++.1.dylib
0x0000000014078000 	/usr/lib/libc++abi.dylib
0x0000000014078000 	/usr/lib/system/libcache.dylib
0x0000000014078000 	/usr/lib/system/libcommonCrypto.dylib
0x0000000014078000 	/usr/lib/system/libcompiler_rt.dylib
0x0000000014078000 	/usr/lib/system/libcopyfile.dylib
0x0000000014078000 	/usr/lib/system/libcorecrypto.dylib
0x0000000014078000 	/usr/lib/system/libdispatch.dylib
0x0000000014078000 	/usr/lib/system/libdyld.dylib
0x0000000014078000 	/usr/lib/system/libkeymgr.dylib
0x0000000014078000 	/usr/lib/system/liblaunch.dylib
0x0000000014078000 	/usr/lib/system/libmacho.dylib
0x0000000014078000 	/usr/lib/system/libquarantine.dylib
0x0000000014078000 	/usr/lib/system/libremovefile.dylib
0x0000000014078000 	/usr/lib/system/libsystem_asl.dylib
0x0000000014078000 	/usr/lib/system/libsystem_blocks.dylib
0x0000000014078000 	/usr/lib/system/libsystem_c.dylib
0x0000000014078000 	/usr/lib/system/libsystem_configuration.dylib
0x0000000014078000 	/usr/lib/system/libsystem_coreservices.dylib
0x0000000014078000 	/usr/lib/system/libsystem_darwin.dylib
0x0000000014078000 	/usr/lib/system/libsystem_dnssd.dylib
0x0000000014078000 	/usr/lib/system/libsystem_info.dylib
0x0000000014078000 	/usr/lib/system/libsystem_m.dylib
0x0000000014078000 	/usr/lib/system/libsystem_malloc.dylib
0x0000000014078000 	/usr/lib/system/libsystem_network.dylib
0x0000000014078000 	/usr/lib/system/libsystem_networkextension.dylib
0x0000000014078000 	/usr/lib/system/libsystem_notify.dylib
0x0000000014078000 	/usr/lib/system/libsystem_sandbox.dylib
0x0000000014078000 	/usr/lib/system/libsystem_secinit.dylib
0x0000000014078000 	/usr/lib/system/libsystem_kernel.dylib
0x0000000014078000 	/usr/lib/system/libsystem_platform.dylib
0x0000000014078000 	/usr/lib/system/libsystem_pthread.dylib
0x0000000014078000 	/usr/lib/system/libsystem_symptoms.dylib
0x0000000014078000 	/usr/lib/system/libsystem_trace.dylib
0x0000000014078000 	/usr/lib/system/libunwind.dylib
0x0000000014078000 	/usr/lib/system/libxpc.dylib
0x0000000014078000 	/usr/lib/closure/libclosured.dylib
0x0000000014078000 	/usr/lib/libbsm.0.dylib
0x0000000014078000 	/usr/lib/system/libkxld.dylib
0x0000000014078000 	/usr/lib/libOpenScriptingUtil.dylib
0x0000000014078000 	/usr/lib/libcoretls.dylib
0x0000000014078000 	/usr/lib/libcoretls_cfhelpers.dylib
0x0000000014078000 	/usr/lib/libpam.2.dylib
0x0000000014078000 	/usr/lib/libsqlite3.dylib
0x0000000014078000 	/usr/lib/libxar.1.dylib
0x0000000014078000 	/usr/lib/libbz2.1.0.dylib
0x0000000014078000 	/usr/lib/liblzma.5.dylib
0x0000000014078000 	/usr/lib/libnetwork.dylib
0x0000000014078000 	/usr/lib/libapple_nghttp2.dylib
0x0000000014078000 	/usr/lib/libpcap.A.dylib
0x0000000014078000 	/usr/lib/libboringssl.dylib
0x0000000014078000 	/usr/lib/libusrtcp.dylib
0x0000000014078000 	/usr/lib/libapple_crypto.dylib
0x0000000014078000 	/System/Library/Frameworks/CoreServices.framework/Versions/A/Frameworks/FSEvents.framework/Versions/A/FSEvents
0x0000000014078000 	/System/Library/Frameworks/CoreServices.framework/Versions/A/Frameworks/CarbonCore.framework/Versions/A/CarbonCore
0x0000000014078000 	/System/Library/Frameworks/CoreServices.framework/Versions/A/Frameworks/Metadata.framework/Versions/A/Metadata
0x0000000014078000 	/System/Library/Frameworks/CoreServices.framework/Versions/A/Frameworks/OSServices.framework/Versions/A/OSServices
0x0000000014078000 	/System/Library/Frameworks/CoreServices.framework/Versions/A/Frameworks/SearchKit.framework/Versions/A/SearchKit
0x0000000014078000 	/System/Library/Frameworks/CoreServices.framework/Versions/A/Frameworks/AE.framework/Versions/A/AE
0x0000000014078000 	/System/Library/Frameworks/CoreServices.framework/Versions/A/Frameworks/LaunchServices.framework/Versions/A/LaunchServices
0x0000000014078000 	/System/Library/Frameworks/CoreServices.framework/Versions/A/Frameworks/DictionaryServices.framework/Versions/A/DictionaryServices
0x0000000014078000 	/System/Library/Frameworks/CoreServices.framework/Versions/A/Frameworks/SharedFileList.framework/Versions/A/SharedFileList
0x0000000014078000 	/System/Library/Frameworks/NetFS.framework/Versions/A/NetFS
0x0000000014078000 	/System/Library/PrivateFrameworks/NetAuth.framework/Versions/A/NetAuth
0x0000000014078000 	/System/Library/PrivateFrameworks/login.framework/Versions/A/Frameworks/loginsupport.framework/Versions/A/loginsupport
0x0000000014078000 	/System/Library/PrivateFrameworks/TCC.framework/Versions/A/TCC
0x0000000014078000 	/usr/lib/libmecabra.dylib
0x0000000014078000 	/System/Library/Frameworks/ApplicationServices.framework/Versions/A/Frameworks/ATS.framework/Versions/A/ATS
0x0000000014078000 	/System/Library/Frameworks/ApplicationServices.framework/Versions/A/Frameworks/ColorSyncLegacy.framework/Versions/A/ColorSyncLegacy
0x0000000014078000 	/System/Library/Frameworks/ApplicationServices.framework/Versions/A/Frameworks/HIServices.framework/Versions/A/HIServices
0x0000000014078000 	/System/Library/Frameworks/ApplicationServices.framework/Versions/A/Frameworks/LangAnalysis.framework/Versions/A/LangAnalysis
0x0000000014078000 	/System/Library/Frameworks/ApplicationServices.framework/Versions/A/Frameworks/PrintCore.framework/Versions/A/PrintCore
0x0000000014078000 	/System/Library/Frameworks/ApplicationServices.framework/Versions/A/Frameworks/QD.framework/Versions/A/QD
0x0000000014078000 	/System/Library/Frameworks/ApplicationServices.framework/Versions/A/Frameworks/SpeechSynthesis.framework/Versions/A/SpeechSynthesis
0x0000000014078000 	/System/Library/Frameworks/CoreDisplay.framework/Versions/A/CoreDisplay
0x0000000014078000 	/System/Library/Frameworks/Accelerate.framework/Versions/A/Frameworks/vImage.framework/Versions/A/vImage
0x0000000014078000 	/System/Library/Frameworks/Accelerate.framework/Versions/A/Frameworks/vecLib.framework/Versions/A/vecLib
0x0000000014078000 	/System/Library/Frameworks/Accelerate.framework/Versions/A/Frameworks/vecLib.framework/Versions/A/libvDSP.dylib
0x0000000014078000 	/System/Library/Frameworks/Accelerate.framework/Versions/A/Frameworks/vecLib.framework/Versions/A/libBNNS.dylib
0x0000000014078000 	/System/Library/Frameworks/Accelerate.framework/Versions/A/Frameworks/vecLib.framework/Versions/A/libQuadrature.dylib
0x0000000014078000 	/System/Library/Frameworks/Accelerate.framework/Versions/A/Frameworks/vecLib.framework/Versions/A/libvMisc.dylib
0x0000000014078000 	/System/Library/Frameworks/Accelerate.framework/Versions/A/Frameworks/vecLib.framework/Versions/A/libLAPACK.dylib
0x0000000014078000 	/System/Library/Frameworks/Accelerate.framework/Versions/A/Frameworks/vecLib.framework/Versions/A/libBLAS.dylib
0x0000000014078000 	/System/Library/Frameworks/Accelerate.framework/Versions/A/Frameworks/vecLib.framework/Versions/A/libLinearAlgebra.dylib
0x0000000014078000 	/System/Library/Frameworks/Accelerate.framework/Versions/A/Frameworks/vecLib.framework/Versions/A/libSparse.dylib
0x0000000014078000 	/System/Library/Frameworks/Accelerate.framework/Versions/A/Frameworks/vecLib.framework/Versions/A/libSparseBLAS.dylib
0x0000000014078000 	/System/Library/PrivateFrameworks/IOAccelerator.framework/Versions/A/IOAccelerator
0x0000000014078000 	/System/Library/PrivateFrameworks/IOPresentment.framework/Versions/A/IOPresentment
0x0000000014078000 	/System/Library/PrivateFrameworks/DSExternalDisplay.framework/Versions/A/DSExternalDisplay
0x0000000014078000 	/System/Library/Frameworks/OpenGL.framework/Versions/A/Libraries/libCoreFSCache.dylib
0x0000000014078000 	/System/Library/Frameworks/CoreVideo.framework/Versions/A/CoreVideo
0x0000000014078000 	/System/Library/PrivateFrameworks/GraphVisualizer.framework/Versions/A/GraphVisualizer
0x0000000014078000 	/System/Library/Frameworks/MetalPerformanceShaders.framework/Versions/A/MetalPerformanceShaders
0x0000000014078000 	/usr/lib/libFosl_dynamic.dylib
0x0000000014078000 	/System/Library/PrivateFrameworks/FaceCore.framework/Versions/A/FaceCore
0x0000000014078000 	/System/Library/Frameworks/OpenCL.framework/Versions/A/OpenCL
0x0000000014078000 	/usr/lib/libcompression.dylib
0x0000000014078000 	/System/Library/Frameworks/ApplicationServices.framework/Versions/A/Frameworks/ATS.framework/Versions/A/Resources/libFontParser.dylib
0x0000000014078000 	/System/Library/Frameworks/ApplicationServices.framework/Versions/A/Frameworks/ATS.framework/Versions/A/Resources/libFontRegistry.dylib
0x0000000014078000 	/System/Library/Frameworks/ImageIO.framework/Versions/A/Resources/libJPEG.dylib
0x0000000014078000 	/System/Library/Frameworks/ImageIO.framework/Versions/A/Resources/libTIFF.dylib
0x0000000014078000 	/System/Library/Frameworks/ImageIO.framework/Versions/A/Resources/libPng.dylib
0x0000000014078000 	/System/Library/Frameworks/ImageIO.framework/Versions/A/Resources/libGIF.dylib
0x0000000014078000 	/System/Library/Frameworks/ImageIO.framework/Versions/A/Resources/libJP2.dylib
0x0000000014078000 	/System/Library/Frameworks/ImageIO.framework/Versions/A/Resources/libRadiance.dylib
0x0000000014078000 	/System/Library/PrivateFrameworks/AppleJPEG.framework/Versions/A/AppleJPEG
0x0000000014078000 	/System/Library/PrivateFrameworks/MetalTools.framework/Versions/A/MetalTools
0x0000000014078000 	/System/Library/Frameworks/MetalPerformanceShaders.framework/Frameworks/MPSCore.framework/Versions/A/MPSCore
0x0000000014078000 	/System/Library/Frameworks/MetalPerformanceShaders.framework/Frameworks/MPSImage.framework/Versions/A/MPSImage
0x0000000014078000 	/System/Library/Frameworks/MetalPerformanceShaders.framework/Frameworks/MPSMatrix.framework/Versions/A/MPSMatrix
0x0000000014078000 	/System/Library/Frameworks/MetalPerformanceShaders.framework/Frameworks/MPSNeuralNetwork.framework/Versions/A/MPSNeuralNetwork
0x0000000014078000 	/System/Library/Frameworks/OpenGL.framework/Versions/A/Libraries/libGLU.dylib
0x0000000014078000 	/System/Library/Frameworks/OpenGL.framework/Versions/A/Libraries/libGFXShared.dylib
0x0000000014078000 	/System/Library/Frameworks/OpenGL.framework/Versions/A/Libraries/libGL.dylib
0x0000000014078000 	/System/Library/Frameworks/OpenGL.framework/Versions/A/Libraries/libGLImage.dylib
0x0000000014078000 	/System/Library/Frameworks/OpenGL.framework/Versions/A/Libraries/libCVMSPluginSupport.dylib
0x0000000014078000 	/System/Library/Frameworks/OpenGL.framework/Versions/A/Libraries/libCoreVMClient.dylib
0x0000000014078000 	/usr/lib/libcups.2.dylib
0x0000000014078000 	/System/Library/Frameworks/Kerberos.framework/Versions/A/Kerberos
0x0000000014078000 	/System/Library/Frameworks/GSS.framework/Versions/A/GSS
0x0000000014078000 	/usr/lib/libresolv.9.dylib
0x0000000014078000 	/usr/lib/libiconv.2.dylib
0x0000000014078000 	/System/Library/PrivateFrameworks/Heimdal.framework/Versions/A/Heimdal
0x0000000014078000 	/usr/lib/libheimdal-asn1.dylib
0x0000000014078000 	/System/Library/Frameworks/OpenDirectory.framework/Versions/A/OpenDirectory
0x0000000014078000 	/System/Library/PrivateFrameworks/CommonAuth.framework/Versions/A/CommonAuth
0x0000000014078000 	/System/Library/Frameworks/OpenDirectory.framework/Versions/A/Frameworks/CFOpenDirectory.framework/Versions/A/CFOpenDirectory
0x0000000014078000 	/System/Library/Frameworks/SecurityFoundation.framework/Versions/A/SecurityFoundation
0x0000000014078000 	/System/Library/PrivateFrameworks/APFS.framework/Versions/A/APFS
0x0000000014078000 	/usr/lib/libutil.dylib
0x0000000014078000 	/System/Library/PrivateFrameworks/AppleSauce.framework/Versions/A/AppleSauce
0x0000000014078000 	/System/Library/PrivateFrameworks/LinguisticData.framework/Versions/A/LinguisticData
0x0000000014078000 	/usr/lib/libmarisa.dylib
0x0000000014078000 	/System/Library/PrivateFrameworks/Lexicon.framework/Versions/A/Lexicon
0x0000000014078000 	/usr/lib/libChineseTokenizer.dylib
0x0000000014078000 	/usr/lib/libcmph.dylib
0x0000000014078000 	/System/Library/PrivateFrameworks/LanguageModeling.framework/Versions/A/LanguageModeling
0x0000000014078000 	/System/Library/PrivateFrameworks/CoreEmoji.framework/Versions/A/CoreEmoji
0x0000000014078000 	/System/Library/Frameworks/ServiceManagement.framework/Versions/A/ServiceManagement
0x0000000014078000 	/System/Library/PrivateFrameworks/BackgroundTaskManagement.framework/Versions/A/BackgroundTaskManagement
0x0000000014078000 	/usr/lib/libxslt.1.dylib
0x0000000014078000 	/System/Library/Frameworks/Carbon.framework/Versions/A/Frameworks/Ink.framework/Versions/A/Ink
0x0000000014078000 	/System/Library/PrivateFrameworks/TextureIO.framework/Versions/A/TextureIO
0x0000000014078000 	/usr/lib/libate.dylib
0x0000000014078000 	/System/Library/PrivateFrameworks/CrashReporterSupport.framework/Versions/A/CrashReporterSupport
0x0000000014078000 	/System/Library/PrivateFrameworks/Sharing.framework/Versions/A/Sharing
0x0000000014078000 	/System/Library/PrivateFrameworks/IconServices.framework/Versions/A/IconServices
0x0000000014078000 	/System/Library/PrivateFrameworks/ProtocolBuffer.framework/Versions/A/ProtocolBuffer
0x0000000014078000 	/System/Library/PrivateFrameworks/Apple80211.framework/Versions/A/Apple80211
0x0000000014078000 	/System/Library/Frameworks/CoreWLAN.framework/Versions/A/CoreWLAN
0x0000000014078000 	/System/Library/PrivateFrameworks/CoreUtils.framework/Versions/A/CoreUtils
0x0000000014078000 	/System/Library/Frameworks/IOBluetooth.framework/Versions/A/IOBluetooth
0x0000000014078000 	/System/Library/PrivateFrameworks/CoreWiFi.framework/Versions/A/CoreWiFi
0x0000000014078000 	/System/Library/Frameworks/CoreBluetooth.framework/Versions/A/CoreBluetooth
0x0000000014078000 	/System/Library/PrivateFrameworks/SignpostNotification.framework/Versions/A/SignpostNotification
0x0000000014078000 	/System/Library/PrivateFrameworks/DebugSymbols.framework/Versions/A/DebugSymbols
0x0000000014078000 	/System/Library/PrivateFrameworks/CoreSymbolication.framework/Versions/A/CoreSymbolication
0x0000000014078000 	/System/Library/PrivateFrameworks/Symbolication.framework/Versions/A/Symbolication
0x0000000014078000 	/System/Library/PrivateFrameworks/AppleFSCompression.framework/Versions/A/AppleFSCompression
0x0000000014078000 	/System/Library/PrivateFrameworks/SpeechRecognitionCore.framework/Versions/A/SpeechRecognitionCore
0x0000000110400000 	/Library/Java/JavaVirtualMachines/jdk1.8.0_161.jdk/Contents/Home/jre/lib/server/libjvm.dylib
0x0000000014078000 	/usr/lib/libstdc++.6.0.9.dylib
0x000000010f2d9000 	/Library/Java/JavaVirtualMachines/jdk1.8.0_161.jdk/Contents/Home/jre/lib/libverify.dylib
0x000000010f2e7000 	/Library/Java/JavaVirtualMachines/jdk1.8.0_161.jdk/Contents/Home/jre/lib/libjava.dylib
0x000000010f367000 	/Library/Java/JavaVirtualMachines/jdk1.8.0_161.jdk/Contents/Home/jre/lib/libzip.dylib
0x000000012df1e000 	/Library/Java/JavaVirtualMachines/jdk1.8.0_161.jdk/Contents/Home/jre/lib/libawt.dylib
0x000000012dfc8000 	/Library/Java/JavaVirtualMachines/jdk1.8.0_161.jdk/Contents/Home/jre/lib/./libmlib_image.dylib
0x0000000014078000 	/System/Library/Frameworks/JavaVM.framework/Versions/A/Frameworks/JavaNativeFoundation.framework/Versions/A/JavaNativeFoundation
0x0000000014078000 	/System/Library/Frameworks/JavaVM.framework/Versions/A/Frameworks/JavaRuntimeSupport.framework/Versions/A/JavaRuntimeSupport
0x0000000014078000 	/System/Library/Frameworks/JavaVM.framework/Versions/A/JavaVM
0x0000000014078000 	/System/Library/PrivateFrameworks/JavaLaunching.framework/Versions/A/JavaLaunching
0x0000000014078000 	/System/Library/Frameworks/Carbon.framework/Versions/A/Carbon
0x0000000014078000 	/System/Library/Frameworks/Carbon.framework/Versions/A/Frameworks/CommonPanels.framework/Versions/A/CommonPanels
0x0000000014078000 	/System/Library/Frameworks/Carbon.framework/Versions/A/Frameworks/Help.framework/Versions/A/Help
0x0000000014078000 	/System/Library/Frameworks/Carbon.framework/Versions/A/Frameworks/ImageCapture.framework/Versions/A/ImageCapture
0x0000000014078000 	/System/Library/Frameworks/Carbon.framework/Versions/A/Frameworks/OpenScripting.framework/Versions/A/OpenScripting
0x0000000014078000 	/System/Library/Frameworks/Carbon.framework/Versions/A/Frameworks/Print.framework/Versions/A/Print
0x0000000014078000 	/System/Library/Frameworks/Carbon.framework/Versions/A/Frameworks/SecurityHI.framework/Versions/A/SecurityHI
0x000000012e094000 	/Library/Java/JavaVirtualMachines/jdk1.8.0_161.jdk/Contents/Home/jre/lib/libawt_lwawt.dylib
0x000000012e14e000 	/Library/Java/JavaVirtualMachines/jdk1.8.0_161.jdk/Contents/Home/jre/lib/./libosxapp.dylib
0x0000000014078000 	/System/Library/Frameworks/ExceptionHandling.framework/Versions/A/ExceptionHandling
0x0000000014078000 	/System/Library/PrivateFrameworks/CoreServicesInternal.framework/Versions/A/CoreServicesInternal
0x0000000014078000 	/System/Library/CoreServices/RawCamera.bundle/Contents/MacOS/RawCamera
0x0000000014078000 	/System/Library/PrivateFrameworks/MobileAsset.framework/Versions/A/MobileAsset
0x0000000014078000 	/System/Library/PrivateFrameworks/StreamingZip.framework/Versions/A/StreamingZip
0x0000000014078000 	/System/Library/Frameworks/MediaToolbox.framework/Versions/A/MediaToolbox
0x0000000014078000 	/System/Library/PrivateFrameworks/CoreAVCHD.framework/Versions/A/CoreAVCHD
0x0000000014078000 	/System/Library/Frameworks/MediaAccessibility.framework/Versions/A/MediaAccessibility
0x0000000014078000 	/System/Library/PrivateFrameworks/Mangrove.framework/Versions/A/Mangrove
0x0000000014078000 	/System/Library/Frameworks/CoreMedia.framework/Versions/A/CoreMedia
0x0000000014078000 	/System/Library/Frameworks/VideoToolbox.framework/Versions/A/VideoToolbox
0x0000000014078000 	/System/Library/PrivateFrameworks/CoreAUC.framework/Versions/A/CoreAUC
0x0000000014078000 	/usr/lib/libspindump.dylib
0x0000000014078000 	/usr/lib/libdscsym.dylib
0x0000000014078000 	/System/Library/PrivateFrameworks/AppleVA.framework/Versions/A/AppleVA
0x0000000014078000 	/System/Library/Frameworks/Accelerate.framework/Versions/A/Frameworks/vImage.framework/Versions/A/Libraries/libCGInterfaces.dylib
0x0000000014078000 	/System/Library/Frameworks/ApplicationServices.framework/Versions/A/Frameworks/ATS.framework/Versions/A/Resources/libTrueTypeScaler.dylib
0x0000000014078000 	/System/Library/Frameworks/OpenGL.framework/Versions/A/Resources/GLEngine.bundle/GLEngine
0x0000000014078000 	/System/Library/Frameworks/OpenGL.framework/Versions/A/Libraries/libGLProgrammability.dylib
0x00000001301a2000 	/System/Library/Extensions/AppleIntelKBLGraphicsGLDriver.bundle/Contents/MacOS/AppleIntelKBLGraphicsGLDriver
0x0000000014078000 	/System/Library/PrivateFrameworks/GPUSupport.framework/Versions/A/Libraries/libGPUSupportMercury.dylib
0x00000001311cb000 	/System/Library/Extensions/AMDRadeonX4000GLDriver.bundle/Contents/MacOS/AMDRadeonX4000GLDriver
0x0000000014078000 	/System/Library/Extensions/AMDRadeonX4000GLDriver.bundle/Contents/MacOS/ATIRadeonX4000SCLib.dylib
0x0000000014078000 	/System/Library/Frameworks/OpenGL.framework/Versions/A/Resources/GLRendererFloat.bundle/GLRendererFloat
0x0000000014078000 	/System/Library/Frameworks/OpenCL.framework/Versions/A/Libraries/libcldcpuengine.dylib
0x0000000014078000 	/usr/lib/libcrypto.35.dylib
0x0000000014078000 	/System/Library/PrivateFrameworks/TrustEvaluationAgent.framework/Versions/A/TrustEvaluationAgent
0x0000000014078000 	/System/Library/Extensions/AppleIntelKBLGraphicsMTLDriver.bundle/Contents/MacOS/AppleIntelKBLGraphicsMTLDriver
0x00000001312ff000 	/System/Library/Extensions/AMDMTLBronzeDriver.bundle/Contents/MacOS/AMDMTLBronzeDriver
0x0000000014078000 	/System/Library/PrivateFrameworks/IOAccelMemoryInfo.framework/Versions/A/IOAccelMemoryInfo
0x0000000014078000 	/System/Library/PrivateFrameworks/GPUCompiler.framework/Versions/3802/Libraries/libmetal_timestamp.dylib
0x0000000014078000 	/System/Library/PrivateFrameworks/FamilyControls.framework/Versions/A/FamilyControls
0x0000000014078000 	/System/Library/PrivateFrameworks/CommerceKit.framework/Versions/A/Frameworks/CommerceCore.framework/Versions/A/CommerceCore
0x0000000014078000 	/System/Library/PrivateFrameworks/SystemAdministration.framework/Versions/A/SystemAdministration
0x0000000014078000 	/System/Library/PrivateFrameworks/AppContainer.framework/Versions/A/AppContainer
0x0000000014078000 	/System/Library/PrivateFrameworks/SecCodeWrapper.framework/Versions/A/SecCodeWrapper
0x0000000014078000 	/System/Library/PrivateFrameworks/DiskManagement.framework/Versions/A/DiskManagement
0x0000000014078000 	/System/Library/Frameworks/DirectoryService.framework/Versions/A/DirectoryService
0x0000000014078000 	/System/Library/PrivateFrameworks/DiskImages.framework/Versions/A/DiskImages
0x0000000014078000 	/System/Library/PrivateFrameworks/LoginUIKit.framework/Versions/A/Frameworks/LoginUICore.framework/Versions/A/LoginUICore
0x0000000014078000 	/usr/lib/libCoreStorage.dylib
0x0000000014078000 	/usr/lib/libcsfde.dylib
0x0000000014078000 	/usr/lib/libodfde.dylib
0x0000000014078000 	/System/Library/PrivateFrameworks/MediaKit.framework/Versions/A/MediaKit
0x0000000014078000 	/System/Library/Frameworks/DiscRecording.framework/Versions/A/DiscRecording
0x0000000014078000 	/System/Library/PrivateFrameworks/EFILogin.framework/Versions/A/EFILogin
0x0000000014078000 	/System/Library/PrivateFrameworks/ProtectedCloudStorage.framework/Versions/A/ProtectedCloudStorage
0x0000000014078000 	/usr/lib/libcurl.4.dylib
0x0000000014078000 	/usr/lib/libssl.35.dylib
0x0000000014078000 	/System/Library/Frameworks/LDAP.framework/Versions/A/LDAP
0x0000000014078000 	/usr/lib/libsasl2.2.dylib
0x0000000014078000 	/System/Library/PrivateFrameworks/CoreDaemon.framework/Versions/B/CoreDaemon
0x0000000014078000 	/System/Library/PrivateFrameworks/AppleSRP.framework/Versions/A/AppleSRP
0x0000000132ead000 	/Library/Java/JavaVirtualMachines/jdk1.8.0_161.jdk/Contents/Home/jre/lib/libfontmanager.dylib
0x0000000014078000 	/System/Library/PrivateFrameworks/ViewBridge.framework/Versions/A/ViewBridge
0x0000000133367000 	/Library/Java/JavaVirtualMachines/jdk1.8.0_161.jdk/Contents/Home/jre/lib/libnet.dylib
0x00000001333c6000 	/Library/Java/JavaVirtualMachines/jdk1.8.0_161.jdk/Contents/Home/jre/lib/libnio.dylib
0x00000001333d6000 	/private/var/folders/vw/xln6wc7j47q14v_k9xcn4ttw0000gn/T/jogamp_0000/file_cache/jln3979251599896535450/jln2663215152841177866/natives/macosx-universal/libgluegen-rt.jnilib
0x00000001335c7000 	/private/var/folders/vw/xln6wc7j47q14v_k9xcn4ttw0000gn/T/jogamp_0000/file_cache/jln3979251599896535450/jln2663215152841177866/natives/macosx-universal/libnativewindow_awt.jnilib
0x00000001335ca000 	/Library/Java/JavaVirtualMachines/jdk1.8.0_161.jdk/Contents/Home/jre/lib/libjawt.dylib
0x000000012fb27000 	/private/var/folders/vw/xln6wc7j47q14v_k9xcn4ttw0000gn/T/jogamp_0000/file_cache/jln3979251599896535450/jln2663215152841177866/natives/macosx-universal/libnativewindow_macosx.jnilib
0x000000012fcdf000 	/private/var/folders/vw/xln6wc7j47q14v_k9xcn4ttw0000gn/T/jogamp_0000/file_cache/jln3979251599896535450/jln2663215152841177866/natives/macosx-universal/libnewt.jnilib
0x0000000130090000 	/private/var/folders/vw/xln6wc7j47q14v_k9xcn4ttw0000gn/T/jogamp_0000/file_cache/jln3979251599896535450/jln2663215152841177866/natives/macosx-universal/libjogl_desktop.jnilib
0x000000012f248000 	/private/var/folders/vw/xln6wc7j47q14v_k9xcn4ttw0000gn/T/jogamp_0000/file_cache/jln3979251599896535450/jln2663215152841177866/natives/macosx-universal/libjogl_mobile.jnilib
0x000000012f340000 	/Library/Java/JavaVirtualMachines/jdk1.8.0_161.jdk/Contents/Home/jre/lib/libjsound.dylib
0x0000000014078000 	/System/Library/Frameworks/CoreMIDI.framework/Versions/A/CoreMIDI
0x0000000014078000 	/usr/lib/libexpat.1.dylib
0x000000012fc39000 	/System/Library/Extensions/AppleHDA.kext/Contents/PlugIns/AppleHDAHALPlugIn.bundle/Contents/MacOS/AppleHDAHALPlugIn
0x000000012efb7000 	/private/var/folders/vw/xln6wc7j47q14v_k9xcn4ttw0000gn/T/coreMidi4J2456279499784416671.tmp/libCoreMidi4J.dylib
0x000000012ffbe000 	/Library/Java/JavaVirtualMachines/jdk1.8.0_161.jdk/Contents/Home/jre/lib/libjpeg.dylib
0x000000012fcf5000 	/Library/Java/JavaVirtualMachines/jdk1.8.0_161.jdk/Contents/Home/jre/lib/liblcms.dylib
0x0000000137994000 	/System/Library/Components/CoreAudio.component/Contents/MacOS/CoreAudio
0x000000013183c000 	/Library/Java/JavaVirtualMachines/jdk1.8.0_161.jdk/Contents/Home/jre/lib/libdcpr.dylib
0x0000000132f44000 	/private/var/folders/vw/xln6wc7j47q14v_k9xcn4ttw0000gn/T/libaparapi_x86_646363492422752790464.dylib

VM Arguments:
jvm_args: -Dfile.encoding=UTF-8 -Duser.country=US -Duser.language=en -Duser.variant 
java_command: com.symmetrylabs.slstudio.SLStudio
java_class_path (initial): /Users/brianweber/Desktop/SLStudio/build/classes/java/main:/Users/brianweber/Desktop/SLStudio/build/classes/kotlin/main:/Users/brianweber/Desktop/SLStudio/build/resources/main:/Users/brianweber/Desktop/SLStudio/libs/gluegen-rt-natives-linux-aarch64.jar:/Users/brianweber/Desktop/SLStudio/libs/gluegen-rt-natives-linux-amd64.jar:/Users/brianweber/Desktop/SLStudio/libs/gluegen-rt-natives-linux-armv6hf.jar:/Users/brianweber/Desktop/SLStudio/libs/gluegen-rt-natives-linux-i586.jar:/Users/brianweber/Desktop/SLStudio/libs/gluegen-rt-natives-macosx-universal.jar:/Users/brianweber/Desktop/SLStudio/libs/gluegen-rt-natives-windows-amd64.jar:/Users/brianweber/Desktop/SLStudio/libs/gluegen-rt-natives-windows-i586.jar:/Users/brianweber/Desktop/SLStudio/libs/gluegen-rt.jar:/Users/brianweber/Desktop/SLStudio/libs/jogl-all-2.3.2-natives-linux-amd64.jar:/Users/brianweber/Desktop/SLStudio/libs/jogl-all-natives-linux-aarch64.jar:/Users/brianweber/Desktop/SLStudio/libs/jogl-all-natives-linux-amd64.jar:/Users/brianweber/Desktop/SLStudio/libs/jogl-all-natives-linux-armv6hf.jar:/Users/brianweber/Desktop/SLStudio/libs/jogl-all-natives-linux-i586.jar:/Users/brianweber/Desktop/SLStudio/libs/jogl-all-natives-macosx-universal.jar:/Users/brianweber/Desktop/SLStudio/libs/jogl-all-natives-windows-amd64.jar:/Users/brianweber/Desktop/SLStudio/libs/jogl-all-natives-windows-i586.jar:/Users/brianweber/Desktop/SLStudio/libs/jogl-all.jar:/Users/brianweber/Desktop/SLStudio/libs/minim.jar:/Users/brianweber/Desktop/SLStudio/libs/P3LX.jar:/Users/brianweber/.gradle/caches/modules-2/files-2.1/org.processing/core/3.3.6/f89688e748c841a79624ac2b68f92f9df3ea186a/core-3.3.6.jar:/Users/brianweber/.gradle/caches/modules-2/files-2.1/com.harium/kdtree/1.0.0/672b9c3f7f966d31baa1a1c36c186ec0d74b85c9/kdtree-1.0.0.jar:/Users/brianweber/.gradle/caches/modules-2/files-2.1/org.javassist/javassist/3.22.0-GA/3e83394258ae2089be7219b971ec21a8288528ad/javassist-3.22.0-GA.jar:/Users/brianweber/.gradle/cac
Launcher Type: SUN_STANDARD

Environment Variables:
PATH=/usr/local/bin:/usr/bin:/bin:/usr/sbin:/sbin
SHELL=/bin/zsh

Signal Handlers:
SIGSEGV: [libjvm.dylib+0x5b5439], sa_mask[0]=11111111011111110111111111111111, sa_flags=SA_ONSTACK|SA_RESTART|SA_SIGINFO
SIGBUS: [libjvm.dylib+0x5b5439], sa_mask[0]=11111111011111110111111111111111, sa_flags=SA_RESTART|SA_SIGINFO
SIGFPE: [libjvm.dylib+0x48ae24], sa_mask[0]=11111111011111110111111111111111, sa_flags=SA_RESTART|SA_SIGINFO
SIGPIPE: [libjvm.dylib+0x48ae24], sa_mask[0]=11111111011111110111111111111111, sa_flags=SA_RESTART|SA_SIGINFO
SIGXFSZ: [libjvm.dylib+0x48ae24], sa_mask[0]=11111111011111110111111111111111, sa_flags=SA_RESTART|SA_SIGINFO
SIGILL: [libjvm.dylib+0x48ae24], sa_mask[0]=11111111011111110111111111111111, sa_flags=SA_RESTART|SA_SIGINFO
SIGUSR1: SIG_DFL, sa_mask[0]=00000000000000000000000000000000, sa_flags=SA_RESTART
SIGUSR2: [libjvm.dylib+0x48a942], sa_mask[0]=00100000000000000000000000000000, sa_flags=SA_RESTART|SA_SIGINFO
SIGHUP: [libjvm.dylib+0x488f0d], sa_mask[0]=11111111011111110111111111111111, sa_flags=SA_RESTART|SA_SIGINFO
SIGINT: [libjvm.dylib+0x488f0d], sa_mask[0]=11111111011111110111111111111111, sa_flags=SA_RESTART|SA_SIGINFO
SIGTERM: [libjvm.dylib+0x488f0d], sa_mask[0]=11111111011111110111111111111111, sa_flags=SA_RESTART|SA_SIGINFO
SIGQUIT: [libjvm.dylib+0x488f0d], sa_mask[0]=11111111011111110111111111111111, sa_flags=SA_RESTART|SA_SIGINFO


---------------  S Y S T E M  ---------------

OS:Bsduname:Darwin 17.4.0 Darwin Kernel Version 17.4.0: Sun Dec 17 09:19:54 PST 2017; root:xnu-4570.41.2~1/RELEASE_X86_64 x86_64
rlimit: STACK 8192k, CORE 0k, NPROC 1418, NOFILE 10240, AS infinity
load average:2.41 3.13 3.20

CPU:total 8 (initial active 8) (4 cores per cpu, 2 threads per core) family 6 model 158 stepping 9, cmov, cx8, fxsr, mmx, sse, sse2, sse3, ssse3, sse4.1, sse4.2, popcnt, avx, avx2, aes, clmul, erms, rtm, 3dnowpref, lzcnt, ht, tsc, tscinvbit, bmi1, bmi2, adx

Memory: 4k page, physical 16777216k(1502016k free)

/proc/meminfo:


vm_info: Java HotSpot(TM) 64-Bit Server VM (25.161-b12) for bsd-amd64 JRE (1.8.0_161-b12), built on Dec 19 2017 16:22:20 by "java_re" with gcc 4.2.1 (Based on Apple Inc. build 5658) (LLVM build 2336.11.00)

time: Thu Mar  1 17:28:06 2018
elapsed time: 3393 seconds (0d 0h 56m 33s)

