#
# A fatal error has been detected by the Java Runtime Environment:
#
#  SIGSEGV (0xb) at pc=0x0000000101916c30, pid=24561, tid=775
#
# JRE version: Java(TM) SE Runtime Environment (8.0_45-b14) (build 1.8.0_45-b14)
# Java VM: Java HotSpot(TM) 64-Bit Server VM (25.45-b02 mixed mode bsd-amd64 compressed oops)
# Problematic frame:
# V  [libjvm.dylib+0x516c30]
#
# Failed to write core dump. Core dumps have been disabled. To enable core dumping, try "ulimit -c unlimited" before starting Java again
#
# If you would like to submit a bug report, please visit:
#   http://bugreport.java.com/bugreport/crash.jsp
#

---------------  T H R E A D  ---------------

Current thread (0x00007fd6118e3800):  JavaThread "AWT-AppKit" daemon [_thread_in_vm, id=775, stack(0x00007fff5f25a000,0x00007fff5fa5a000)]

siginfo: si_signo: 11 (SIGSEGV), si_code: 0 (unknown), si_addr: 0x0000000000000000

Registers:
RAX=0xff000000ff000000, RBX=0x00000006c0145e08, RCX=0xff000000ff000001, RDX=0x0000000000000000
RSP=0x00007fff5fa521b0, RBP=0x00007fff5fa52230, RSI=0x00000006c0145e08, RDI=0x00007fd6118e3800
R8 =0x00000006c0145e08, R9 =0x00007fff5fa525a8, R10=0x00000001018c6c1a, R11=0x0000000000000000
R12=0xff000000ff000000, R13=0x00007fd614160ac8, R14=0xff000000ff000000, R15=0x0000000101cb8496
RIP=0x0000000101916c30, EFLAGS=0x0000000000010286, ERR=0x0000000000000000
  TRAPNO=0x000000000000000d

Top of Stack: (sp=0x00007fff5fa521b0)
0x00007fff5fa521b0:   00007fd61748ad68 00007fd61748ad88
0x00007fff5fa521c0:   00007fff5fa52230 00007fff8e4604ce
0x00007fff5fa521d0:   0000000000000000 0000000100000000
0x00007fff5fa521e0:   0000000000000000 00007fd61748ad68
0x00007fff5fa521f0:   00000000ffffffff 0000000001bfa200
0x00007fff5fa52200:   0000000200000000 00007fd6118e3800
0x00007fff5fa52210:   0000000000000000 00007fff5fa52370
0x00007fff5fa52220:   00007fff5fa52310 00007fd611642910
0x00007fff5fa52230:   00007fff5fa52260 0000000101917859
0x00007fff5fa52240:   00007fd6141617d8 00007fd6118e3800
0x00007fff5fa52250:   00007fff5fa52310 00000006c0145e08
0x00007fff5fa52260:   00007fff5fa522a0 00000001018c6cbd
0x00007fff5fa52270:   00007fff5fa522b0 00007fd6118e3800
0x00007fff5fa52280:   00007fd6118e3800 00007fff5fa52310
0x00007fff5fa52290:   00007fd6118e3800 00007fd6118e3800
0x00007fff5fa522a0:   00000006c0022a60 000000010b831408
0x00007fff5fa522b0:   00000006c0022a60 000000010c32a200
0x00007fff5fa522c0:   00000001001c2000 0000000600000001
0x00007fff5fa522d0:   00000006c0022a50 00000006c0145e08
0x00007fff5fa522e0:   00000006c0145e08 00000006c0022a60
0x00007fff5fa522f0:   00000006d8028bc1 00000006c0145e08
0x00007fff5fa52300:   00000006c0022a50 00007fd617640f70
0x00007fff5fa52310:   0000000000000003 0000000000000003
0x00007fff5fa52320:   00007fff5fa52360 00007fd61516db10
0x00007fff5fa52330:   00007fff5fa523d0 000000010baf6b00
0x00007fff5fa52340:   00007fff5fa52380 00007fff8d95c181
0x00007fff5fa52350:   00007fff5fa523d0 000000010b7337a7
0x00007fff5fa52360:   00007fd617640f70 000000010b7337a7
0x00007fff5fa52370:   00007fd600001fa1 000000000000000a
0x00007fff5fa52380:   00007fd6118e3800 0000000000000000
0x00007fff5fa52390:   000000010b73371f 000000011b22fe70
0x00007fff5fa523a0:   00007fff5fa52468 00007fff5fa52740 

Instructions: (pc=0x0000000101916c30)
0x0000000101916c10:   4c 8b 23 41 f6 c4 02 0f 84 2b ff ff ff 4c 89 e0
0x0000000101916c20:   48 83 f0 02 e9 3f 01 00 00 4d 89 e6 49 83 e6 fd
0x0000000101916c30:   4d 8b 36 4d 89 75 00 4d 89 65 18 49 c7 45 28 00
0x0000000101916c40:   00 00 00 49 89 5d 08 48 83 3b 00 74 24 48 8d 3d 

Register to memory mapping:

RAX=0xff000000ff000000 is an unknown value
RBX=