#
# A fatal error has been detected by the Java Runtime Environment:
#
#  SIGSEGV (0xb) at pc=0x000000010dfaad79, pid=1138, tid=0x0000000000001f03
#
# JRE version: Java(TM) SE Runtime Environment (8.0_161-b12) (build 1.8.0_161-b12)
# Java VM: Java HotSpot(TM) 64-Bit Server VM (25.161-b12 mixed mode bsd-amd64 compressed oops)
# Problematic frame:
# V  [libjvm.dylib+0x1aad79]
#
# Failed to write core dump. Core dumps have been disabled. To enable core dumping, try "ulimit -c unlimited" before starting Java again
#
# If you would like to submit a bug report, please visit:
#   http://bugreport.java.com/bugreport/crash.jsp
#

---------------  T H R E A D  ---------------

Current thread (0x00007fb1e501d000):  GCTaskThread [stack: 0x00007000099a3000,0x0000700009aa3000] [id=7939]

siginfo: si_signo: 11 (SIGSEGV), si_code: 1 (SEGV_MAPERR), si_addr: 0x0000000000000008

Registers:
RAX=0x000000010e643ad0, RBX=0x00007fb1e2e10c50, RCX=0x00000000008c9803, RDX=0x000000000464c301
RSP=0x0000700009aa2bd0, RBP=0x0000700009aa2bd0, RSI=0x00000005e3261900, RDI=0x0000000000000000
R8 =0x0000000000000432, R9 =0x0000000000000005, R10=0x0000000000000201, R11=0x0000000000004000
R12=0x00000005e1947e68, R13=0x00000005e1947e70, R14=0x00000005e3261900, R15=0x00000007c0006598
RIP=0x000000010dfaad79, EFLAGS=0x0000000000010246, ERR=0x0000000000000004
  TRAPNO=0x000000000000000e

Top of Stack: (sp=0x0000700009aa2bd0)
0x0000700009aa2bd0:   0000700009aa2c00 000000010e0c4eb0
0x0000700009aa2be0:   00007fb1e2f09a00 00007fb1e2e10c50
0x0000700009aa2bf0:   00000007c0006590 00000007c0006598
0x0000700009aa2c00:   0000700009aa2c50 000000010e0c19d9
0x0000700009aa2c10:   000000000000000c 00000005e1947e48
0x0000700009aa2c20:   0000000000000000 00007fb1e2e10c50
0x0000700009aa2c30:   00000005e1947e48 000000010e416d8b
0x0000700009aa2c40:   00007fb1e2e10c58 000000010e643ad0
0x0000700009aa2c50:   0000700009aa2ce0 000000010e2bf194
0x0000700009aa2c60:   00007fb1e2e10c50 00007fb1e2e10c90
0x0000700009aa2c70:   00007fb1e2e10cd8 00007fb1e2e10d10
0x0000700009aa2c80:   00007fb1e2e10c50 0000700009aa2d88
0x0000700009aa2c90:   00000005e1947e48 00007fb1ea2147a8
0x0000700009aa2ca0:   0000700009aa2ce0 000000010e144829
0x0000700009aa2cb0:   0000000000000000 00007fb1e2e10c50
0x0000700009aa2cc0:   0000000000000000 000000010e416d8b
0x0000700009aa2cd0:   0000700009aa2d88 0000000000000001
0x0000700009aa2ce0:   0000700009aa2db0 000000010e2b1d1b
0x0000700009aa2cf0:   0000000000000000 00007fb1e2f11868
0x0000700009aa2d00:   0000700009aa2d60 00007fff673db878
0x0000700009aa2d10:   00007fb1e2f08610 00007fb1e2f11868
0x0000700009aa2d20:   0000000000000000 0000000000000001
0x0000700009aa2d30:   0000700000000000 00007fb1e2f11800
0x0000700009aa2d40:   0000000000000000 000000010e418df8
0x0000700009aa2d50:   00007fb1e2f11828 0000000000000001
0x0000700009aa2d60:   0000700009aa2d80 000000010e2893b6
0x0000700009aa2d70:   000000010e6dc0c0 00007fb1e2f08500
0x0000700009aa2d80:   0000700009aa2d88 000000010e6dc090
0x0000700009aa2d90:   0000000000000000 00007fb1e2e10c50
0x0000700009aa2da0:   00007fb1e501d000 00007fb1e2f16950
0x0000700009aa2db0:   0000700009aa2e90 000000010e077ccb
0x0000700009aa2dc0:   0000700009aa2df0 00007fb1e2f099c0 

Instructions: (pc=0x000000010dfaad79)
0x000000010dfaad59:   84 d2 48 89 fe 74 15 48 8d 05 69 8d 69 00 8a 48
0x000000010dfaad69:   08 8b 7e 08 48 d3 e7 48 03 38 eb 04 48 8b 7e 08
0x000000010dfaad79:   8b 47 08 85 c0 7e 09 a8 01 75 4e c1 f8 03 eb 47
0x000000010dfaad89:   85 c0 7f 43 85 c0 79 41 84 d2 0f 94 c1 0f b6 c9 

Register to memory mapping:

RAX=0x000000010e643ad0: _ZN8Universe13_narrow_klassE+0 in /Library/Java/JavaVirtualMachines/jdk1.8.0_161.jdk/Contents/Home/jre/lib/server/libjvm.dylib at 0x000000010de00000
RBX=0x00007fb1e2e10c50 is an unknown value
RCX=0x00000000008c9803 is an unknown value
RDX=0x000000000464c301 is an unknown value
RSP=0x0000700009aa2bd0 is an unknown value
RBP=0x0000700009aa2bd0 is an unknown value
RSI=0x00000005e3261900 is pointing into object: 0x00000005e31c2358
[D 
 - klass: {type array double}
 - length: 234776
RDI=0x0000000000000000 is an unknown value
R8 =0x0000000000000432 is an unknown value
R9 =0x0000000000000005 is an unknown value
R10=0x0000000000000201 is an unknown value
R11=0x0000000000004000 is an unknown value
R12=0x00000005e1947e68 is pointing into object: 0x00000005e1947e48
sun.misc.Cleaner 
 - klass: 'sun/misc/Cleaner'
R13=0x00000005e1947e70 is an oop
sun.misc.Cleaner 
 - klass: 'sun/misc/Cleaner'
R14=0x00000005e3261900 is pointing into object: 0x00000005e31c2358
[D 
 - klass: {type array double}
 - length: 234776
R15=0x00000007c0006598 is pointing into metadata


Stack: [0x00007000099a3000,0x0000700009aa3000],  sp=0x0000700009aa2bd0,  free space=1022k
Native frames: (J=compiled Java code, j=interpreted, Vv=VM code, C=native code)
V  [libjvm.dylib+0x1aad79]
V  [libjvm.dylib+0x2c4eb0]
V  [libjvm.dylib+0x2c19d9]
V  [libjvm.dylib+0x4bf194]
V  [libjvm.dylib+0x4b1d1b]
V  [libjvm.dylib+0x277ccb]
V  [libjvm.dylib+0x48d83a]
C  [libsystem_pthread.dylib+0x36c1]  _pthread_body+0x154
C  [libsystem_pthread.dylib+0x356d]  _pthread_body+0x0
C  [libsystem_pthread.dylib+0x2c5d]  thread_start+0xd


---------------  P R O C E S S  ---------------

Java Threads: ( => current thread )
  0x00007fb1ee002000 JavaThread "AWT-Shutdown" [_thread_blocked, id=124071, stack(0x000070000ce57000,0x000070000cf57000)]
  0x00007fb1ec02d800 JavaThread "ForkJoinPool.commonPool-worker-11" daemon [_thread_blocked, id=92715, stack(0x000070000df0a000,0x000070000e00a000)]
  0x00007fb1e9814800 JavaThread "ForkJoinPool.commonPool-worker-2" daemon [_thread_blocked, id=124675, stack(0x000070000dc01000,0x000070000dd01000)]
  0x00007fb1d7140800 JavaThread "ForkJoinPool.commonPool-worker-9" daemon [_thread_blocked, id=105127, stack(0x000070000d9fb000,0x000070000dafb000)]
  0x00007fb1d44de800 JavaThread "ForkJoinPool.commonPool-worker-0" daemon [_thread_blocked, id=116543, stack(0x000070000cd54000,0x000070000ce54000)]
  0x00007fb1d4104800 JavaThread "ForkJoinPool.commonPool-worker-14" daemon [_thread_blocked, id=92471, stack(0x000070000cc51000,0x000070000cd51000)]
  0x00007fb1ed809800 JavaThread "ForkJoinPool.commonPool-worker-5" daemon [_thread_blocked, id=73555, stack(0x000070000c230000,0x000070000c330000)]
  0x00007fb1e6dc5000 JavaThread "ForkJoinPool.commonPool-worker-7" daemon [_thread_blocked, id=111651, stack(0x000070000dafe000,0x000070000dbfe000)]
  0x00007fb1e54f2800 JavaThread "ForkJoinPool.commonPool-worker-3" daemon [_thread_blocked, id=113947, stack(0x000070000be98000,0x000070000bf98000)]
  0x00007fb1e9813800 JavaThread "ForkJoinPool.commonPool-worker-1" daemon [_thread_blocked, id=71451, stack(0x000070000d8f8000,0x000070000d9f8000)]
  0x00007fb1ed808800 JavaThread "ForkJoinPool.commonPool-worker-6" daemon [_thread_blocked, id=103583, stack(0x000070000cf5a000,0x000070000d05a000)]
  0x00007fb1ef000000 JavaThread "ForkJoinPool.commonPool-worker-8" daemon [_thread_blocked, id=33695, stack(0x000070000de07000,0x000070000df07000)]
  0x00007fb1e6cf5000 JavaThread "ForkJoinPool.commonPool-worker-13" daemon [_thread_blocked, id=4075, stack(0x000070000e00d000,0x000070000e10d000)]
  0x00007fb1d6816000 JavaThread "ForkJoinPool.commonPool-worker-10" daemon [_thread_blocked, id=109107, stack(0x000070000ba03000,0x000070000bb03000)]
  0x00007fb1d5091000 JavaThread "pool-1-thread-109" [_thread_in_native, id=125971, stack(0x000070000ca4b000,0x000070000cb4b000)]
  0x00007fb1d7003800 JavaThread "pool-1-thread-108" [_thread_blocked, id=111035, stack(0x000070000c63c000,0x000070000c73c000)]
  0x00007fb1d701a000 JavaThread "pool-1-thread-107" [_thread_in_native, id=115771, stack(0x000070000b7fd000,0x000070000b8fd000)]
  0x00007fb1ec02f800 JavaThread "ForkJoinPool.commonPool-worker-12" daemon [_thread_blocked, id=117803, stack(0x000070000dd04000,0x000070000de04000)]
  0x00007fb1d6805000 JavaThread "pool-1-thread-106" [_thread_in_native, id=104499, stack(0x000070000bd95000,0x000070000be95000)]
  0x00007fb1d50f9000 JavaThread "pool-1-thread-105" [_thread_in_native, id=117023, stack(0x000070000b900000,0x000070000ba00000)]
  0x00007fb1d701b000 JavaThread "pool-1-thread-102" [_thread_in_native, id=101663, stack(0x0000700009697000,0x0000700009797000)]
  0x00007fb1d713e800 JavaThread "pool-1-thread-101" [_thread_in_native, id=61335, stack(0x000070000e193000,0x000070000e293000)]
  0x00007fb1d7140000 JavaThread "pool-1-thread-95" [_thread_blocked, id=106015, stack(0x000070000cb4e000,0x000070000cc4e000)]
  0x00007fb1e6b45000 JavaThread "Thread-34" daemon [_thread_in_native, id=114771, stack(0x000070000e7a8000,0x000070000e828000)]
  0x00007fb1e5b62000 JavaThread "pool-1-thread-83" [_thread_blocked, id=103275, stack(0x000070000c845000,0x000070000c945000)]
  0x00007fb1e33b7000 JavaThread "Thread-33" daemon [_thread_in_native, id=108303, stack(0x000070000ba06000,0x000070000ba86000)]
  0x00007fb1e3a59800 JavaThread "Thread-30" daemon [_thread_in_native, id=86791, stack(0x000070000b7fd000,0x000070000b87d000)]
  0x00007fb1e6400800 JavaThread "Thread-28" daemon [_thread_in_native, id=49923, stack(0x000070000bd18000,0x000070000bd98000)]
  0x00007fb1e6013800 JavaThread "Thread-26" daemon [_thread_in_native, id=49411, stack(0x000070000ba89000,0x000070000bb09000)]
  0x00007fb1e39bd800 JavaThread "Thread-23" daemon [_thread_in_native, id=106303, stack(0x000070000b880000,0x000070000b900000)]
  0x00007fb1e53f3000 JavaThread "Thread-21" daemon [_thread_in_native, id=81411, stack(0x000070000bea1000,0x000070000bf21000)]
  0x00007fb1e6afa000 JavaThread "LXChannel thread #6" [_thread_blocked, id=49671, stack(0x000070000d7f5000,0x000070000d8f5000)]
  0x00007fb1e6eac800 JavaThread "LXChannel thread #5" [_thread_blocked, id=49159, stack(0x000070000d6f2000,0x000070000d7f2000)]
  0x00007fb1e6eac000 JavaThread "LXChannel thread #4" [_thread_blocked, id=82183, stack(0x000070000d5ef000,0x000070000d6ef000)]
  0x00007fb1e6b05800 JavaThread "LXChannel thread #3" [_thread_blocked, id=83471, stack(0x000070000d4ec000,0x000070000d5ec000)]
  0x00007fb1e5b61800 JavaThread "LXChannel thread #2" [_thread_blocked, id=47151, stack(0x000070000bc0f000,0x000070000bd0f000)]
  0x00007fb1e54dc000 JavaThread "LXEngine Render Thread" [_thread_blocked, id=4119, stack(0x000070000bb0c000,0x000070000bc0c000)]
  0x00007fb1e53ee000 JavaThread "LXEngine Network Thread" [_thread_blocked, id=122115, stack(0x000070000d3e9000,0x000070000d4e9000)]
  0x00007fb1e6db9800 JavaThread "LXAudioEngine Input Thread" [_thread_blocked, id=96259, stack(0x000070000d2e6000,0x000070000d3e6000)]
  0x00007fb1e6d84800 JavaThread "Java Sound Event Dispatcher" daemon [_thread_blocked, id=94991, stack(0x000070000d160000,0x000070000d260000)]
  0x00007fb1e719a000 JavaThread "Thread-18" [_thread_in_native, id=123399, stack(0x000070000d05d000,0x000070000d15d000)]
  0x00007fb1e43d6800 JavaThread "Timer-0" [_thread_blocked, id=124935, stack(0x000070000c948000,0x000070000ca48000)]
  0x00007fb1e61a6000 JavaThread "DestroyJavaVM" [_thread_blocked, id=10243, stack(0x000070000979d000,0x000070000989d000)]
  0x00007fb1e611f000 JavaThread "main-FPSAWTAnimator#00-Timer0" [_thread_blocked, id=72875, stack(0x000070000c539000,0x000070000c639000)]
  0x00007fb1e3925000 JavaThread "Thread-2" [_thread_blocked, id=59503, stack(0x000070000c436000,0x000070000c536000)]
  0x00007fb1e5995800 JavaThread "main-Display-.macosx_nil-1-EDT-1" daemon [_thread_blocked, id=73219, stack(0x000070000c333000,0x000070000c433000)]
  0x00007fb1e521d800 JavaThread "Java2D Disposer" daemon [_thread_blocked, id=73743, stack(0x000070000c12d000,0x000070000c22d000)]
  0x00007fb1e30d6800 JavaThread "Java2D Queue Flusher" daemon [_thread_blocked, id=74759, stack(0x000070000c02a000,0x000070000c12a000)]
  0x00007fb1e587e000 JavaThread "AWT-AppKit" daemon [_thread_in_native, id=775, stack(0x00007ffee37e0000,0x00007ffee3fe0000)]
  0x00007fb1e5825000 JavaThread "Service Thread" daemon [_thread_blocked, id=40451, stack(0x000070000b5f7000,0x000070000b6f7000)]
  0x00007fb1e6012800 JavaThread "C1 CompilerThread11" daemon [_thread_blocked, id=24323, stack(0x000070000b4f4000,0x000070000b5f4000)]
  0x00007fb1e6012000 JavaThread "C1 CompilerThread10" daemon [_thread_blocked, id=23811, stack(0x000070000b3f1000,0x000070000b4f1000)]
  0x00007fb1e6011000 JavaThread "C1 CompilerThread9" daemon [_thread_blocked, id=23555, stack(0x000070000b2ee000,0x000070000b3ee000)]
  0x00007fb1e6010800 JavaThread "C1 CompilerThread8" daemon [_thread_blocked, id=41219, stack(0x000070000b1eb000,0x000070000b2eb000)]
  0x00007fb1e600f800 JavaThread "C2 CompilerThread7" daemon [_thread_blocked, id=41731, stack(0x000070000b0e8000,0x000070000b1e8000)]
  0x00007fb1e600f000 JavaThread "C2 CompilerThread6" daemon [_thread_blocked, id=41987, stack(0x000070000afe5000,0x000070000b0e5000)]
  0x00007fb1e600e000 JavaThread "C2 CompilerThread5" daemon [_thread_blocked, id=22787, stack(0x000070000aee2000,0x000070000afe2000)]
  0x00007fb1e600d800 JavaThread "C2 CompilerThread4" daemon [_thread_blocked, id=22531, stack(0x000070000addf000,0x000070000aedf000)]
  0x00007fb1e600c800 JavaThread "C2 CompilerThread3" daemon [_thread_blocked, id=22019, stack(0x000070000acdc000,0x000070000addc000)]
  0x00007fb1e600c000 JavaThread "C2 CompilerThread2" daemon [_thread_blocked, id=43011, stack(0x000070000abd9000,0x000070000acd9000)]
  0x00007fb1e600b000 JavaThread "C2 CompilerThread1" daemon [_thread_blocked, id=21763, stack(0x000070000aad6000,0x000070000abd6000)]
  0x00007fb1e6009800 JavaThread "C2 CompilerThread0" daemon [_thread_blocked, id=15875, stack(0x000070000a9d3000,0x000070000aad3000)]
  0x00007fb1e6006000 JavaThread "Signal Dispatcher" daemon [_thread_blocked, id=16651, stack(0x000070000a8d0000,0x000070000a9d0000)]
  0x00007fb1e5807000 JavaThread "Finalizer" daemon [_thread_blocked, id=18691, stack(0x000070000a7cd000,0x000070000a8cd000)]
  0x00007fb1e5804000 JavaThread "Reference Handler" daemon [_thread_blocked, id=19203, stack(0x000070000a6ca000,0x000070000a7ca000)]

Other Threads:
  0x00007fb1e4057000 VMThread [stack: 0x000070000a5c7000,0x000070000a6c7000] [id=19459]
  0x00007fb1e5827800 WatcherThread [stack: 0x000070000b6fa000,0x000070000b7fa000] [id=40195]

=>0x00007fb1e501d000 (exited) GCTaskThread [stack: 0x00007000099a3000,0x0000700009aa3000] [id=7939]

VM state:at safepoint (normal execution)

VM Mutex/Monitor currently owned by a thread:  ([mutex/lock_event])
[0x00007fb1e2d08b30] Threads_lock - owner thread: 0x00007fb1e4057000
[0x00007fb1e2d09030] Heap_lock - owner thread: 0x00007fb1e611f000

Heap:
 PSYoungGen      total 1126912K, used 1696K [0x0000000715580000, 0x0000000794b80000, 0x00000007c0000000)
  eden space 1124864K, 0% used [0x0000000715580000,0x0000000715580000,0x000000075a000000)
  from space 2048K, 82% used [0x0000000794980000,0x0000000794b28060,0x0000000794b80000)
  to   space 3584K, 0% used [0x0000000794480000,0x0000000794480000,0x0000000794800000)
 ParOldGen       total 2351104K, used 2350467K [0x00000005c0000000, 0x000000064f800000, 0x0000000715580000)
  object space 2351104K, 99% used [0x00000005c0000000,0x000000064f760fa8,0x000000064f800000)
 Metaspace       used 29222K, capacity 29703K, committed 29824K, reserved 1075200K
  class space    used 3272K, capacity 3371K, committed 3456K, reserved 1048576K

Card table byte_map: [0x000000010f16e000,0x000000011016f000] byte_map_base: 0x000000010c36e000

Marking Bits: (ParMarkBitMap*) 0x000000010e6f76c0
 Begin Bits: [0x00000001242e3000, 0x000000012c2e3000)
 End Bits:   [0x000000012c2e3000, 0x00000001342e3000)

Polling page: 0x000000010bcb9000

CodeCache: size=245760Kb used=18179Kb max_used=19444Kb free=227580Kb
 bounds [0x00000001152e3000, 0x0000000116603000, 0x00000001242e3000]
 total_blobs=5851 nmethods=4860 adapters=900
 compilation: enabled

Compilation events (10 events):
Event: 52853.801 Thread 0x00007fb1e6011000 6751       3       java.io.BufferedWriter::newLine (9 bytes)
Event: 52853.801 Thread 0x00007fb1e6011000 nmethod 6751 0x0000000116061410 code [0x00000001160615a0, 0x0000000116061908]
Event: 52861.863 Thread 0x00007fb1e6010800 6752       3       java.util.Calendar::setTime (9 bytes)
Event: 52861.863 Thread 0x00007fb1e6010800 nmethod 6752 0x000000011622b250 code [0x000000011622b3c0, 0x000000011622b698]
Event: 53279.341 Thread 0x00007fb1e600c800 6753       4       com.symmetrylabs.slstudio.pattern.raven.RKPattern05::updateCubeMaps (108 bytes)
Event: 53279.362 Thread 0x00007fb1e600c800 nmethod 6753 0x00000001162cfb50 code [0x00000001162d0240, 0x00000001162d2748]
Event: 53279.399 Thread 0x00007fb1e600c000 6754       4       com.symmetrylabs.slstudio.pattern.raven.RKPattern05::run (136 bytes)
Event: 53279.406 Thread 0x00007fb1e600c000 nmethod 6754 0x0000000116534010 code [0x0000000116534300, 0x0000000116534c68]
Event: 53880.205 Thread 0x00007fb1e6009800 6755       4       com.symmetrylabs.slstudio.pattern.raven.RKPattern05::updateParameters (528 bytes)
Event: 53880.211 Thread 0x00007fb1e6009800 nmethod 6755 0x0000000115be28d0 code [0x0000000115be2b60, 0x0000000115be3468]

GC Heap History (10 events):
Event: 55228.683 GC heap after
Heap after GC invocations=1585 (full 7):
 PSYoungGen      total 1222656K, used 384K [0x0000000715580000, 0x0000000794f00000, 0x00000007c0000000)
  eden space 1222144K, 0% used [0x0000000715580000,0x0000000715580000,0x000000075ff00000)
  from space 512K, 75% used [0x0000000794e80000,0x0000000794ee0000,0x0000000794f00000)
  to   space 3584K, 0% used [0x0000000794800000,0x0000000794800000,0x0000000794b80000)
 ParOldGen       total 2349056K, used 2317424K [0x00000005c0000000, 0x000000064f600000, 0x0000000715580000)
  object space 2349056K, 98% used [0x00000005c0000000,0x000000064d71c0a8,0x000000064f600000)
 Metaspace       used 29222K, capacity 29703K, committed 29824K, reserved 1075200K
  class space    used 3272K, capacity 3371K, committed 3456K, reserved 1048576K
}
Event: 55231.537 GC heap before
{Heap before GC invocations=1586 (full 7):
 PSYoungGen      total 1222656K, used 1222528K [0x0000000715580000, 0x0000000794f00000, 0x00000007c0000000)
  eden space 1222144K, 100% used [0x0000000715580000,0x000000075ff00000,0x000000075ff00000)
  from space 512K, 75% used [0x0000000794e80000,0x0000000794ee0000,0x0000000794f00000)
  to   space 3584K, 0% used [0x0000000794800000,0x0000000794800000,0x0000000794b80000)
 ParOldGen       total 2349056K, used 2317424K [0x00000005c0000000, 0x000000064f600000, 0x0000000715580000)
  object space 2349056K, 98% used [0x00000005c0000000,0x000000064d71c0a8,0x000000064f600000)
 Metaspace       used 29222K, capacity 29703K, committed 29824K, reserved 1075200K
  class space    used 3272K, capacity 3371K, committed 3456K, reserved 1048576K
Event: 55231.540 GC heap after
Heap after GC invocations=1586 (full 7):
 PSYoungGen      total 1200128K, used 256K [0x0000000715580000, 0x0000000794f00000, 0x00000007c0000000)
  eden space 1196544K, 0% used [0x0000000715580000,0x0000000715580000,0x000000075e600000)
  from space 3584K, 7% used [0x0000000794800000,0x0000000794840000,0x0000000794b80000)
  to   space 3584K, 0% used [0x0000000794b80000,0x0000000794b80000,0x0000000794f00000)
 ParOldGen       total 2349056K, used 2317424K [0x00000005c0000000, 0x000000064f600000, 0x0000000715580000)
  object space 2349056K, 98% used [0x00000005c0000000,0x000000064d71c0a8,0x000000064f600000)
 Metaspace       used 29222K, capacity 29703K, committed 29824K, reserved 1075200K
  class space    used 3272K, capacity 3371K, committed 3456K, reserved 1048576K
}
Event: 55234.293 GC heap before
{Heap before GC invocations=1587 (full 7):
 PSYoungGen      total 1200128K, used 1196800K [0x0000000715580000, 0x0000000794f00000, 0x00000007c0000000)
  eden space 1196544K, 100% used [0x0000000715580000,0x000000075e600000,0x000000075e600000)
  from space 3584K, 7% used [0x0000000794800000,0x0000000794840000,0x0000000794b80000)
  to   space 3584K, 0% used [0x0000000794b80000,0x0000000794b80000,0x0000000794f00000)
 ParOldGen       total 2349056K, used 2317424K [0x00000005c0000000, 0x000000064f600000, 0x0000000715580000)
  object space 2349056K, 98% used [0x00000005c0000000,0x000000064d71c0a8,0x000000064f600000)
 Metaspace       used 29222K, capacity 29703K, committed 29824K, reserved 1075200K
  class space    used 3272K, capacity 3371K, committed 3456K, reserved 1048576K
Event: 55234.296 GC heap after
Heap after GC invocations=1587 (full 7):
 PSYoungGen      total 1174528K, used 2090K [0x0000000715580000, 0x0000000794e00000, 0x00000007c0000000)
  eden space 1171968K, 0% used [0x0000000715580000,0x0000000715580000,0x000000075ce00000)
  from space 2560K, 81% used [0x0000000794b80000,0x0000000794d8a8d0,0x0000000794e00000)
  to   space 3584K, 0% used [0x0000000794700000,0x0000000794700000,0x0000000794a80000)
 ParOldGen       total 2349056K, used 2317432K [0x00000005c0000000, 0x000000064f600000, 0x0000000715580000)
  object space 2349056K, 98% used [0x00000005c0000000,0x000000064d71e0a8,0x000000064f600000)
 Metaspace       used 29222K, capacity 29703K, committed 29824K, reserved 1075200K
  class space    used 3272K, capacity 3371K, committed 3456K, reserved 1048576K
}
Event: 55236.989 GC heap before
{Heap before GC invocations=1588 (full 7):
 PSYoungGen      total 1174528K, used 1174058K [0x0000000715580000, 0x0000000794e00000, 0x00000007c0000000)
  eden space 1171968K, 100% used [0x0000000715580000,0x000000075ce00000,0x000000075ce00000)
  from space 2560K, 81% used [0x0000000794b80000,0x0000000794d8a8d0,0x0000000794e00000)
  to   space 3584K, 0% used [0x0000000794700000,0x0000000794700000,0x0000000794a80000)
 ParOldGen       total 2349056K, used 2317432K [0x00000005c0000000, 0x000000064f600000, 0x0000000715580000)
  object space 2349056K, 98% used [0x00000005c0000000,0x000000064d71e148,0x000000064f600000)
 Metaspace       used 29222K, capacity 29703K, committed 29824K, reserved 1075200K
  class space    used 3272K, capacity 3371K, committed 3456K, reserved 1048576K
Event: 55236.992 GC heap after
Heap after GC invocations=1588 (full 7):
 PSYoungGen      total 1150464K, used 2154K [0x0000000715580000, 0x0000000794c00000, 0x00000007c0000000)
  eden space 1147904K, 0% used [0x0000000715580000,0x0000000715580000,0x000000075b680000)
  from space 2560K, 84% used [0x0000000794700000,0x000000079491a8d0,0x0000000794980000)
  to   space 2560K, 0% used [0x0000000794980000,0x0000000794980000,0x0000000794c00000)
 ParOldGen       total 2349056K, used 2317440K [0x00000005c0000000, 0x000000064f600000, 0x0000000715580000)
  object space 2349056K, 98% used [0x00000005c0000000,0x000000064d720148,0x000000064f600000)
 Metaspace       used 29222K, capacity 29703K, committed 29824K, reserved 1075200K
  class space    used 3272K, capacity 3371K, committed 3456K, reserved 1048576K
}
Event: 55557.065 GC heap before
{Heap before GC invocations=1589 (full 7):
 PSYoungGen      total 1150464K, used 1150058K [0x0000000715580000, 0x0000000794c00000, 0x00000007c0000000)
  eden space 1147904K, 100% used [0x0000000715580000,0x000000075b680000,0x000000075b680000)
  from space 2560K, 84% used [0x0000000794700000,0x000000079491a8d0,0x0000000794980000)
  to   space 2560K, 0% used [0x0000000794980000,0x0000000794980000,0x0000000794c00000)
 ParOldGen       total 2349056K, used 2317444K [0x00000005c0000000, 0x000000064f600000, 0x0000000715580000)
  object space 2349056K, 98% used [0x00000005c0000000,0x000000064d721108,0x000000064f600000)
 Metaspace       used 29222K, capacity 29703K, committed 29824K, reserved 1075200K
  class space    used 3272K, capacity 3371K, committed 3456K, reserved 1048576K
Event: 55557.083 GC heap after
Heap after GC invocations=1589 (full 7):
 PSYoungGen      total 1126912K, used 1696K [0x0000000715580000, 0x0000000794b80000, 0x00000007c0000000)
  eden space 1124864K, 0% used [0x0000000715580000,0x0000000715580000,0x000000075a000000)
  from space 2048K, 82% used [0x0000000794980000,0x0000000794b28060,0x0000000794b80000)
  to   space 3584K, 0% used [0x0000000794480000,0x0000000794480000,0x0000000794800000)
 ParOldGen       total 2351104K, used 2350467K [0x00000005c0000000, 0x000000064f800000, 0x0000000715580000)
  object space 2351104K, 99% used [0x00000005c0000000,0x000000064f760fa8,0x000000064f800000)
 Metaspace       used 29222K, capacity 29703K, committed 29824K, reserved 1075200K
  class space    used 3272K, capacity 3371K, committed 3456K, reserved 1048576K
}
Event: 55557.083 GC heap before
{Heap before GC invocations=1590 (full 8):
 PSYoungGen      total 1126912K, used 1696K [0x0000000715580000, 0x0000000794b80000, 0x00000007c0000000)
  eden space 1124864K, 0% used [0x0000000715580000,0x0000000715580000,0x000000075a000000)
  from space 2048K, 82% used [0x0000000794980000,0x0000000794b28060,0x0000000794b80000)
  to   space 3584K, 0% used [0x0000000794480000,0x0000000794480000,0x0000000794800000)
 ParOldGen       total 2351104K, used 2350467K [0x00000005c0000000, 0x000000064f800000, 0x0000000715580000)
  object space 2351104K, 99% used [0x00000005c0000000,0x000000064f760fa8,0x000000064f800000)
 Metaspace       used 29222K, capacity 29703K, committed 29824K, reserved 1075200K
  class space    used 3272K, capacity 3371K, committed 3456K, reserved 1048576K

Deoptimization events (10 events):
Event: 50677.160 Thread 0x00007fb1e611f000 Uncommon trap: reason=unstable_if action=reinterpret pc=0x00000001164a45b0 method=processing.opengl.PGraphicsOpenGL.tessellate(I)V @ 526
Event: 50677.160 Thread 0x00007fb1e611f000 Uncommon trap: reason=unstable_if action=reinterpret pc=0x000000011637fc38 method=processing.opengl.PGraphicsOpenGL$Tessellator.tessellateEdges3D()V @ 282
Event: 50677.165 Thread 0x00007fb1e611f000 Uncommon trap: reason=unstable_if action=reinterpret pc=0x00000001163b63e0 method=processing.opengl.PGraphicsOpenGL$Tessellator.splitRawIndices(Z)V @ 380
Event: 50677.167 Thread 0x00007fb1e611f000 Uncommon trap: reason=unstable_if action=reinterpret pc=0x0000000115e7e404 method=processing.opengl.PGraphicsOpenGL$TessGeometry.isFull()Z @ 7
Event: 50677.168 Thread 0x00007fb1e611f000 Uncommon trap: reason=unstable_if action=reinterpret pc=0x000000011648323c method=processing.opengl.PGraphicsOpenGL.flushPolys()V @ 178
Event: 50765.296 Thread 0x00007fb1e611f000 Uncommon trap: reason=unstable_if action=reinterpret pc=0x00000001163b2cd4 method=processing.core.PVector.angleBetween(Lprocessing/core/PVector;Lprocessing/core/PVector;)F @ 174
Event: 50795.785 Thread 0x00007fb1e611f000 Uncommon trap: reason=unstable_if action=reinterpret pc=0x00000001162ae294 method=processing.core.PVector.angleBetween(Lprocessing/core/PVector;Lprocessing/core/PVector;)F @ 184
Event: 51508.770 Thread 0x00007fb1e611f000 Uncommon trap: reason=unstable_if action=reinterpret pc=0x000000011653d478 method=processing.core.PVector.angleBetween(Lprocessing/core/PVector;Lprocessing/core/PVector;)F @ 6
Event: 51508.770 Thread 0x00007fb1e611f000 Uncommon trap: reason=unstable_if action=reinterpret pc=0x000000011635d418 method=processing.core.PVector.angleBetween(Lprocessing/core/PVector;Lprocessing/core/PVector;)F @ 6
Event: 52033.591 Thread 0x00007fb1e611f000 Uncommon trap: reason=unstable_if action=reinterpret pc=0x0000000116538f38 method=processing.core.PVector.angleBetween(Lprocessing/core/PVector;Lprocessing/core/PVector;)F @ 184

Classes redefined (0 events):
No events

Internal exceptions (10 events):
Event: 55555.240 Thread 0x00007fb1d713e800 Exception <a 'java/net/SocketTimeoutException': Receive timed out> (0x0000000759db3cd0) thrown at [/Users/java_re/workspace/8-2-build-macosx-x86_64/jdk8u161/10277/hotspot/src/share/vm/prims/jni.cpp, line 735]
Event: 55555.745 Thread 0x00007fb1d5091000 Exception <a 'java/net/SocketTimeoutException': Receive timed out> (0x000000075993df28) thrown at [/Users/java_re/workspace/8-2-build-macosx-x86_64/jdk8u161/10277/hotspot/src/share/vm/prims/jni.cpp, line 735]
Event: 55555.745 Thread 0x00007fb1d6805000 Exception <a 'java/net/SocketTimeoutException': Receive timed out> (0x000000075a26a100) thrown at [/Users/java_re/workspace/8-2-build-macosx-x86_64/jdk8u161/10277/hotspot/src/share/vm/prims/jni.cpp, line 735]
Event: 55555.745 Thread 0x00007fb1d50f9000 Exception <a 'java/net/SocketTimeoutException': Receive timed out> (0x000000075a2697c0) thrown at [/Users/java_re/workspace/8-2-build-macosx-x86_64/jdk8u161/10277/hotspot/src/share/vm/prims/jni.cpp, line 735]
Event: 55556.250 Thread 0x00007fb1d713e800 Exception <a 'java/net/SocketTimeoutException': Receive timed out> (0x0000000759db4168) thrown at [/Users/java_re/workspace/8-2-build-macosx-x86_64/jdk8u161/10277/hotspot/src/share/vm/prims/jni.cpp, line 735]
Event: 55556.250 Thread 0x00007fb1d701a000 Exception <a 'java/net/SocketTimeoutException': Receive timed out> (0x00000007582cab98) thrown at [/Users/java_re/workspace/8-2-build-macosx-x86_64/jdk8u161/10277/hotspot/src/share/vm/prims/jni.cpp, line 735]
Event: 55556.250 Thread 0x00007fb1d701b000 Exception <a 'java/net/SocketTimeoutException': Receive timed out> (0x00000007582c9ba8) thrown at [/Users/java_re/workspace/8-2-build-macosx-x86_64/jdk8u161/10277/hotspot/src/share/vm/prims/jni.cpp, line 735]
Event: 55556.751 Thread 0x00007fb1d5091000 Exception <a 'java/net/SocketTimeoutException': Receive timed out> (0x000000075ab41b88) thrown at [/Users/java_re/workspace/8-2-build-macosx-x86_64/jdk8u161/10277/hotspot/src/share/vm/prims/jni.cpp, line 735]
Event: 55556.751 Thread 0x00007fb1d6805000 Exception <a 'java/net/SocketTimeoutException': Receive timed out> (0x000000075a26a598) thrown at [/Users/java_re/workspace/8-2-build-macosx-x86_64/jdk8u161/10277/hotspot/src/share/vm/prims/jni.cpp, line 735]
Event: 55556.751 Thread 0x00007fb1d50f9000 Exception <a 'java/net/SocketTimeoutException': Receive timed out> (0x000000075a269c58) thrown at [/Users/java_re/workspace/8-2-build-macosx-x86_64/jdk8u161/10277/hotspot/src/share/vm/prims/jni.cpp, line 735]

Events (10 events):
Event: 55546.052 Thread 0x00007fb1ed024000 Thread added: 0x00007fb1ed024000
Event: 55547.052 Executing VM operation: RevokeBias
Event: 55547.053 Executing VM operation: RevokeBias done
Event: 55547.053 Thread 0x00007fb1ed024000 Thread exited: 0x00007fb1ed024000
Event: 55551.249 Thread 0x00007fb1d410c000 Thread added: 0x00007fb1d410c000
Event: 55552.258 Executing VM operation: RevokeBias
Event: 55552.258 Executing VM operation: RevokeBias done
Event: 55552.258 Thread 0x00007fb1d410c000 Thread exited: 0x00007fb1d410c000
Event: 55556.670 Thread 0x00007fb1ee002000 Thread added: 0x00007fb1ee002000
Event: 55557.065 Executing VM operation: ParallelGCFailedAllocation


Dynamic libraries:
0x0000000017e87000 	/System/Library/Frameworks/Cocoa.framework/Versions/A/Cocoa
0x0000000017e87000 	/System/Library/Frameworks/Security.framework/Versions/A/Security
0x0000000017e87000 	/System/Library/Frameworks/ApplicationServices.framework/Versions/A/ApplicationServices
0x0000000017e87000 	/usr/lib/libz.1.dylib
0x0000000017e87000 	/usr/lib/libSystem.B.dylib
0x0000000017e87000 	/usr/lib/libobjc.A.dylib
0x0000000017e87000 	/System/Library/Frameworks/CoreFoundation.framework/Versions/A/CoreFoundation
0x0000000017e87000 	/System/Library/Frameworks/Foundation.framework/Versions/C/Foundation
0x0000000017e87000 	/System/Library/Frameworks/AppKit.framework/Versions/C/AppKit
0x0000000017e87000 	/System/Library/Frameworks/CoreData.framework/Versions/A/CoreData
0x0000000017e87000 	/System/Library/PrivateFrameworks/RemoteViewServices.framework/Versions/A/RemoteViewServices
0x0000000017e87000 	/System/Library/PrivateFrameworks/UIFoundation.framework/Versions/A/UIFoundation
0x0000000017e87000 	/System/Library/PrivateFrameworks/DFRFoundation.framework/Versions/A/DFRFoundation
0x0000000017e87000 	/System/Library/Frameworks/Metal.framework/Versions/A/Metal
0x0000000017e87000 	/System/Library/PrivateFrameworks/DesktopServicesPriv.framework/Versions/A/DesktopServicesPriv
0x0000000017e87000 	/usr/lib/libenergytrace.dylib
0x0000000017e87000 	/System/Library/PrivateFrameworks/SkyLight.framework/Versions/A/SkyLight
0x0000000017e87000 	/System/Library/Frameworks/CoreGraphics.framework/Versions/A/CoreGraphics
0x0000000017e87000 	/usr/lib/libScreenReader.dylib
0x0000000017e87000 	/System/Library/Frameworks/Accelerate.framework/Versions/A/Accelerate
0x0000000017e87000 	/System/Library/Frameworks/IOSurface.framework/Versions/A/IOSurface
0x0000000017e87000 	/System/Library/Frameworks/AudioToolbox.framework/Versions/A/AudioToolbox
0x0000000017e87000 	/System/Library/Frameworks/AudioUnit.framework/Versions/A/AudioUnit
0x0000000017e87000 	/System/Library/PrivateFrameworks/DataDetectorsCore.framework/Versions/A/DataDetectorsCore
0x0000000017e87000 	/System/Library/Frameworks/Carbon.framework/Versions/A/Frameworks/HIToolbox.framework/Versions/A/HIToolbox
0x0000000017e87000 	/usr/lib/libicucore.A.dylib
0x0000000017e87000 	/System/Library/Frameworks/QuartzCore.framework/Versions/A/QuartzCore
0x0000000017e87000 	/System/Library/Frameworks/Carbon.framework/Versions/A/Frameworks/SpeechRecognition.framework/Versions/A/SpeechRecognition
0x0000000017e87000 	/usr/lib/libauto.dylib
0x0000000017e87000 	/usr/lib/libxml2.2.dylib
0x0000000017e87000 	/System/Library/PrivateFrameworks/CoreUI.framework/Versions/A/CoreUI
0x0000000017e87000 	/System/Library/Frameworks/CoreAudio.framework/Versions/A/CoreAudio
0x0000000017e87000 	/System/Library/Frameworks/DiskArbitration.framework/Versions/A/DiskArbitration
0x0000000017e87000 	/usr/lib/liblangid.dylib
0x0000000017e87000 	/System/Library/PrivateFrameworks/MultitouchSupport.framework/Versions/A/MultitouchSupport
0x0000000017e87000 	/System/Library/Frameworks/IOKit.framework/Versions/A/IOKit
0x0000000017e87000 	/usr/lib/libDiagnosticMessagesClient.dylib
0x0000000017e87000 	/System/Library/Frameworks/CoreServices.framework/Versions/A/CoreServices
0x0000000017e87000 	/System/Library/PrivateFrameworks/PerformanceAnalysis.framework/Versions/A/PerformanceAnalysis
0x0000000017e87000 	/System/Library/Frameworks/OpenGL.framework/Versions/A/OpenGL
0x0000000017e87000 	/System/Library/Frameworks/ColorSync.framework/Versions/A/ColorSync
0x0000000017e87000 	/System/Library/Frameworks/CoreImage.framework/Versions/A/CoreImage
0x0000000017e87000 	/System/Library/Frameworks/CoreText.framework/Versions/A/CoreText
0x0000000017e87000 	/System/Library/Frameworks/ImageIO.framework/Versions/A/ImageIO
0x0000000017e87000 	/System/Library/PrivateFrameworks/Backup.framework/Versions/A/Backup
0x0000000017e87000 	/usr/lib/libarchive.2.dylib
0x0000000017e87000 	/System/Library/Frameworks/CFNetwork.framework/Versions/A/CFNetwork
0x0000000017e87000 	/System/Library/Frameworks/SystemConfiguration.framework/Versions/A/SystemConfiguration
0x0000000017e87000 	/usr/lib/libCRFSuite.dylib
0x0000000017e87000 	/usr/lib/libc++.1.dylib
0x0000000017e87000 	/usr/lib/libc++abi.dylib
0x0000000017e87000 	/usr/lib/system/libcache.dylib
0x0000000017e87000 	/usr/lib/system/libcommonCrypto.dylib
0x0000000017e87000 	/usr/lib/system/libcompiler_rt.dylib
0x0000000017e87000 	/usr/lib/system/libcopyfile.dylib
0x0000000017e87000 	/usr/lib/system/libcorecrypto.dylib
0x0000000017e87000 	/usr/lib/system/libdispatch.dylib
0x0000000017e87000 	/usr/lib/system/libdyld.dylib
0x0000000017e87000 	/usr/lib/system/libkeymgr.dylib
0x0000000017e87000 	/usr/lib/system/liblaunch.dylib
0x0000000017e87000 	/usr/lib/system/libmacho.dylib
0x0000000017e87000 	/usr/lib/system/libquarantine.dylib
0x0000000017e87000 	/usr/lib/system/libremovefile.dylib
0x0000000017e87000 	/usr/lib/system/libsystem_asl.dylib
0x0000000017e87000 	/usr/lib/system/libsystem_blocks.dylib
0x0000000017e87000 	/usr/lib/system/libsystem_c.dylib
0x0000000017e87000 	/usr/lib/system/libsystem_configuration.dylib
0x0000000017e87000 	/usr/lib/system/libsystem_coreservices.dylib
0x0000000017e87000 	/usr/lib/system/libsystem_darwin.dylib
0x0000000017e87000 	/usr/lib/system/libsystem_dnssd.dylib
0x0000000017e87000 	/usr/lib/system/libsystem_info.dylib
0x0000000017e87000 	/usr/lib/system/libsystem_m.dylib
0x0000000017e87000 	/usr/lib/system/libsystem_malloc.dylib
0x0000000017e87000 	/usr/lib/system/libsystem_network.dylib
0x0000000017e87000 	/usr/lib/system/libsystem_networkextension.dylib
0x0000000017e87000 	/usr/lib/system/libsystem_notify.dylib
0x0000000017e87000 	/usr/lib/system/libsystem_sandbox.dylib
0x0000000017e87000 	/usr/lib/system/libsystem_secinit.dylib
0x0000000017e87000 	/usr/lib/system/libsystem_kernel.dylib
0x0000000017e87000 	/usr/lib/system/libsystem_platform.dylib
0x0000000017e87000 	/usr/lib/system/libsystem_pthread.dylib
0x0000000017e87000 	/usr/lib/system/libsystem_symptoms.dylib
0x0000000017e87000 	/usr/lib/system/libsystem_trace.dylib
0x0000000017e87000 	/usr/lib/system/libunwind.dylib
0x0000000017e87000 	/usr/lib/system/libxpc.dylib
0x0000000017e87000 	/usr/lib/closure/libclosured.dylib
0x0000000017e87000 	/usr/lib/libbsm.0.dylib
0x0000000017e87000 	/usr/lib/system/libkxld.dylib
0x0000000017e87000 	/usr/lib/libOpenScriptingUtil.dylib
0x0000000017e87000 	/usr/lib/libcoretls.dylib
0x0000000017e87000 	/usr/lib/libcoretls_cfhelpers.dylib
0x0000000017e87000 	/usr/lib/libpam.2.dylib
0x0000000017e87000 	/usr/lib/libsqlite3.dylib
0x0000000017e87000 	/usr/lib/libxar.1.dylib
0x0000000017e87000 	/usr/lib/libbz2.1.0.dylib
0x0000000017e87000 	/usr/lib/liblzma.5.dylib
0x0000000017e87000 	/usr/lib/libnetwork.dylib
0x0000000017e87000 	/usr/lib/libapple_nghttp2.dylib
0x0000000017e87000 	/usr/lib/libpcap.A.dylib
0x0000000017e87000 	/usr/lib/libboringssl.dylib
0x0000000017e87000 	/usr/lib/libusrtcp.dylib
0x0000000017e87000 	/usr/lib/libapple_crypto.dylib
0x0000000017e87000 	/System/Library/Frameworks/CoreServices.framework/Versions/A/Frameworks/FSEvents.framework/Versions/A/FSEvents
0x0000000017e87000 	/System/Library/Frameworks/CoreServices.framework/Versions/A/Frameworks/CarbonCore.framework/Versions/A/CarbonCore
0x0000000017e87000 	/System/Library/Frameworks/CoreServices.framework/Versions/A/Frameworks/Metadata.framework/Versions/A/Metadata
0x0000000017e87000 	/System/Library/Frameworks/CoreServices.framework/Versions/A/Frameworks/OSServices.framework/Versions/A/OSServices
0x0000000017e87000 	/System/Library/Frameworks/CoreServices.framework/Versions/A/Frameworks/SearchKit.framework/Versions/A/SearchKit
0x0000000017e87000 	/System/Library/Frameworks/CoreServices.framework/Versions/A/Frameworks/AE.framework/Versions/A/AE
0x0000000017e87000 	/System/Library/Frameworks/CoreServices.framework/Versions/A/Frameworks/LaunchServices.framework/Versions/A/LaunchServices
0x0000000017e87000 	/System/Library/Frameworks/CoreServices.framework/Versions/A/Frameworks/DictionaryServices.framework/Versions/A/DictionaryServices
0x0000000017e87000 	/System/Library/Frameworks/CoreServices.framework/Versions/A/Frameworks/SharedFileList.framework/Versions/A/SharedFileList
0x0000000017e87000 	/System/Library/Frameworks/NetFS.framework/Versions/A/NetFS
0x0000000017e87000 	/System/Library/PrivateFrameworks/NetAuth.framework/Versions/A/NetAuth
0x0000000017e87000 	/System/Library/PrivateFrameworks/login.framework/Versions/A/Frameworks/loginsupport.framework/Versions/A/loginsupport
0x0000000017e87000 	/System/Library/PrivateFrameworks/TCC.framework/Versions/A/TCC
0x0000000017e87000 	/usr/lib/libmecabra.dylib
0x0000000017e87000 	/System/Library/Frameworks/ApplicationServices.framework/Versions/A/Frameworks/ATS.framework/Versions/A/ATS
0x0000000017e87000 	/System/Library/Frameworks/ApplicationServices.framework/Versions/A/Frameworks/ColorSyncLegacy.framework/Versions/A/ColorSyncLegacy
0x0000000017e87000 	/System/Library/Frameworks/ApplicationServices.framework/Versions/A/Frameworks/HIServices.framework/Versions/A/HIServices
0x0000000017e87000 	/System/Library/Frameworks/ApplicationServices.framework/Versions/A/Frameworks/LangAnalysis.framework/Versions/A/LangAnalysis
0x0000000017e87000 	/System/Library/Frameworks/ApplicationServices.framework/Versions/A/Frameworks/PrintCore.framework/Versions/A/PrintCore
0x0000000017e87000 	/System/Library/Frameworks/ApplicationServices.framework/Versions/A/Frameworks/QD.framework/Versions/A/QD
0x0000000017e87000 	/System/Library/Frameworks/ApplicationServices.framework/Versions/A/Frameworks/SpeechSynthesis.framework/Versions/A/SpeechSynthesis
0x0000000017e87000 	/System/Library/Frameworks/CoreDisplay.framework/Versions/A/CoreDisplay
0x0000000017e87000 	/System/Library/Frameworks/Accelerate.framework/Versions/A/Frameworks/vImage.framework/Versions/A/vImage
0x0000000017e87000 	/System/Library/Frameworks/Accelerate.framework/Versions/A/Frameworks/vecLib.framework/Versions/A/vecLib
0x0000000017e87000 	/System/Library/Frameworks/Accelerate.framework/Versions/A/Frameworks/vecLib.framework/Versions/A/libvDSP.dylib
0x0000000017e87000 	/System/Library/Frameworks/Accelerate.framework/Versions/A/Frameworks/vecLib.framework/Versions/A/libBNNS.dylib
0x0000000017e87000 	/System/Library/Frameworks/Accelerate.framework/Versions/A/Frameworks/vecLib.framework/Versions/A/libQuadrature.dylib
0x0000000017e87000 	/System/Library/Frameworks/Accelerate.framework/Versions/A/Frameworks/vecLib.framework/Versions/A/libvMisc.dylib
0x0000000017e87000 	/System/Library/Frameworks/Accelerate.framework/Versions/A/Frameworks/vecLib.framework/Versions/A/libLAPACK.dylib
0x0000000017e87000 	/System/Library/Frameworks/Accelerate.framework/Versions/A/Frameworks/vecLib.framework/Versions/A/libBLAS.dylib
0x0000000017e87000 	/System/Library/Frameworks/Accelerate.framework/Versions/A/Frameworks/vecLib.framework/Versions/A/libLinearAlgebra.dylib
0x0000000017e87000 	/System/Library/Frameworks/Accelerate.framework/Versions/A/Frameworks/vecLib.framework/Versions/A/libSparse.dylib
0x0000000017e87000 	/System/Library/Frameworks/Accelerate.framework/Versions/A/Frameworks/vecLib.framework/Versions/A/libSparseBLAS.dylib
0x0000000017e87000 	/System/Library/PrivateFrameworks/IOAccelerator.framework/Versions/A/IOAccelerator
0x0000000017e87000 	/System/Library/PrivateFrameworks/IOPresentment.framework/Versions/A/IOPresentment
0x0000000017e87000 	/System/Library/PrivateFrameworks/DSExternalDisplay.framework/Versions/A/DSExternalDisplay
0x0000000017e87000 	/System/Library/Frameworks/OpenGL.framework/Versions/A/Libraries/libCoreFSCache.dylib
0x0000000017e87000 	/System/Library/Frameworks/CoreVideo.framework/Versions/A/CoreVideo
0x0000000017e87000 	/System/Library/PrivateFrameworks/GraphVisualizer.framework/Versions/A/GraphVisualizer
0x0000000017e87000 	/System/Library/Frameworks/MetalPerformanceShaders.framework/Versions/A/MetalPerformanceShaders
0x0000000017e87000 	/usr/lib/libFosl_dynamic.dylib
0x0000000017e87000 	/System/Library/PrivateFrameworks/FaceCore.framework/Versions/A/FaceCore
0x0000000017e87000 	/System/Library/Frameworks/OpenCL.framework/Versions/A/OpenCL
0x0000000017e87000 	/usr/lib/libcompression.dylib
0x0000000017e87000 	/System/Library/Frameworks/ApplicationServices.framework/Versions/A/Frameworks/ATS.framework/Versions/A/Resources/libFontParser.dylib
0x0000000017e87000 	/System/Library/Frameworks/ApplicationServices.framework/Versions/A/Frameworks/ATS.framework/Versions/A/Resources/libFontRegistry.dylib
0x0000000017e87000 	/System/Library/Frameworks/ImageIO.framework/Versions/A/Resources/libJPEG.dylib
0x0000000017e87000 	/System/Library/Frameworks/ImageIO.framework/Versions/A/Resources/libTIFF.dylib
0x0000000017e87000 	/System/Library/Frameworks/ImageIO.framework/Versions/A/Resources/libPng.dylib
0x0000000017e87000 	/System/Library/Frameworks/ImageIO.framework/Versions/A/Resources/libGIF.dylib
0x0000000017e87000 	/System/Library/Frameworks/ImageIO.framework/Versions/A/Resources/libJP2.dylib
0x0000000017e87000 	/System/Library/Frameworks/ImageIO.framework/Versions/A/Resources/libRadiance.dylib
0x0000000017e87000 	/System/Library/PrivateFrameworks/AppleJPEG.framework/Versions/A/AppleJPEG
0x0000000017e87000 	/System/Library/PrivateFrameworks/MetalTools.framework/Versions/A/MetalTools
0x0000000017e87000 	/System/Library/Frameworks/MetalPerformanceShaders.framework/Frameworks/MPSCore.framework/Versions/A/MPSCore
0x0000000017e87000 	/System/Library/Frameworks/MetalPerformanceShaders.framework/Frameworks/MPSImage.framework/Versions/A/MPSImage
0x0000000017e87000 	/System/Library/Frameworks/MetalPerformanceShaders.framework/Frameworks/MPSMatrix.framework/Versions/A/MPSMatrix
0x0000000017e87000 	/System/Library/Frameworks/MetalPerformanceShaders.framework/Frameworks/MPSNeuralNetwork.framework/Versions/A/MPSNeuralNetwork
0x0000000017e87000 	/System/Library/Frameworks/OpenGL.framework/Versions/A/Libraries/libGLU.dylib
0x0000000017e87000 	/System/Library/Frameworks/OpenGL.framework/Versions/A/Libraries/libGFXShared.dylib
0x0000000017e87000 	/System/Library/Frameworks/OpenGL.framework/Versions/A/Libraries/libGL.dylib
0x0000000017e87000 	/System/Library/Frameworks/OpenGL.framework/Versions/A/Libraries/libGLImage.dylib
0x0000000017e87000 	/System/Library/Frameworks/OpenGL.framework/Versions/A/Libraries/libCVMSPluginSupport.dylib
0x0000000017e87000 	/System/Library/Frameworks/OpenGL.framework/Versions/A/Libraries/libCoreVMClient.dylib
0x0000000017e87000 	/usr/lib/libcups.2.dylib
0x0000000017e87000 	/System/Library/Frameworks/Kerberos.framework/Versions/A/Kerberos
0x0000000017e87000 	/System/Library/Frameworks/GSS.framework/Versions/A/GSS
0x0000000017e87000 	/usr/lib/libresolv.9.dylib
0x0000000017e87000 	/usr/lib/libiconv.2.dylib
0x0000000017e87000 	/System/Library/PrivateFrameworks/Heimdal.framework/Versions/A/Heimdal
0x0000000017e87000 	/usr/lib/libheimdal-asn1.dylib
0x0000000017e87000 	/System/Library/Frameworks/OpenDirectory.framework/Versions/A/OpenDirectory
0x0000000017e87000 	/System/Library/PrivateFrameworks/CommonAuth.framework/Versions/A/CommonAuth
0x0000000017e87000 	/System/Library/Frameworks/OpenDirectory.framework/Versions/A/Frameworks/CFOpenDirectory.framework/Versions/A/CFOpenDirectory
0x0000000017e87000 	/System/Library/Frameworks/SecurityFoundation.framework/Versions/A/SecurityFoundation
0x0000000017e87000 	/System/Library/PrivateFrameworks/APFS.framework/Versions/A/APFS
0x0000000017e87000 	/usr/lib/libutil.dylib
0x0000000017e87000 	/System/Library/PrivateFrameworks/AppleSauce.framework/Versions/A/AppleSauce
0x0000000017e87000 	/System/Library/PrivateFrameworks/LinguisticData.framework/Versions/A/LinguisticData
0x0000000017e87000 	/usr/lib/libmarisa.dylib
0x0000000017e87000 	/System/Library/PrivateFrameworks/Lexicon.framework/Versions/A/Lexicon
0x0000000017e87000 	/usr/lib/libChineseTokenizer.dylib
0x0000000017e87000 	/usr/lib/libcmph.dylib
0x0000000017e87000 	/System/Library/PrivateFrameworks/LanguageModeling.framework/Versions/A/LanguageModeling
0x0000000017e87000 	/System/Library/PrivateFrameworks/CoreEmoji.framework/Versions/A/CoreEmoji
0x0000000017e87000 	/System/Library/Frameworks/ServiceManagement.framework/Versions/A/ServiceManagement
0x0000000017e87000 	/System/Library/PrivateFrameworks/BackgroundTaskManagement.framework/Versions/A/BackgroundTaskManagement
0x0000000017e87000 	/usr/lib/libxslt.1.dylib
0x0000000017e87000 	/System/Library/Frameworks/Carbon.framework/Versions/A/Frameworks/Ink.framework/Versions/A/Ink
0x0000000017e87000 	/System/Library/PrivateFrameworks/TextureIO.framework/Versions/A/TextureIO
0x0000000017e87000 	/usr/lib/libate.dylib
0x0000000017e87000 	/System/Library/PrivateFrameworks/CrashReporterSupport.framework/Versions/A/CrashReporterSupport
0x0000000017e87000 	/System/Library/PrivateFrameworks/Sharing.framework/Versions/A/Sharing
0x0000000017e87000 	/System/Library/PrivateFrameworks/IconServices.framework/Versions/A/IconServices
0x0000000017e87000 	/System/Library/PrivateFrameworks/ProtocolBuffer.framework/Versions/A/ProtocolBuffer
0x0000000017e87000 	/System/Library/PrivateFrameworks/Apple80211.framework/Versions/A/Apple80211
0x0000000017e87000 	/System/Library/Frameworks/CoreWLAN.framework/Versions/A/CoreWLAN
0x0000000017e87000 	/System/Library/PrivateFrameworks/CoreUtils.framework/Versions/A/CoreUtils
0x0000000017e87000 	/System/Library/Frameworks/IOBluetooth.framework/Versions/A/IOBluetooth
0x0000000017e87000 	/System/Library/PrivateFrameworks/CoreWiFi.framework/Versions/A/CoreWiFi
0x0000000017e87000 	/System/Library/Frameworks/CoreBluetooth.framework/Versions/A/CoreBluetooth
0x0000000017e87000 	/System/Library/PrivateFrameworks/SignpostNotification.framework/Versions/A/SignpostNotification
0x0000000017e87000 	/System/Library/PrivateFrameworks/DebugSymbols.framework/Versions/A/DebugSymbols
0x0000000017e87000 	/System/Library/PrivateFrameworks/CoreSymbolication.framework/Versions/A/CoreSymbolication
0x0000000017e87000 	/System/Library/PrivateFrameworks/Symbolication.framework/Versions/A/Symbolication
0x0000000017e87000 	/System/Library/PrivateFrameworks/AppleFSCompression.framework/Versions/A/AppleFSCompression
0x0000000017e87000 	/System/Library/PrivateFrameworks/SpeechRecognitionCore.framework/Versions/A/SpeechRecognitionCore
0x000000010de00000 	/Library/Java/JavaVirtualMachines/jdk1.8.0_161.jdk/Contents/Home/jre/lib/server/libjvm.dylib
0x0000000017e87000 	/usr/lib/libstdc++.6.0.9.dylib
0x000000010bc75000 	/Library/Java/JavaVirtualMachines/jdk1.8.0_161.jdk/Contents/Home/jre/lib/libverify.dylib
0x000000010bc83000 	/Library/Java/JavaVirtualMachines/jdk1.8.0_161.jdk/Contents/Home/jre/lib/libjava.dylib
0x000000010bd03000 	/Library/Java/JavaVirtualMachines/jdk1.8.0_161.jdk/Contents/Home/jre/lib/libzip.dylib
0x0000000135e00000 	/Library/Java/JavaVirtualMachines/jdk1.8.0_161.jdk/Contents/Home/jre/lib/libawt.dylib
0x0000000135eaa000 	/Library/Java/JavaVirtualMachines/jdk1.8.0_161.jdk/Contents/Home/jre/lib/./libmlib_image.dylib
0x0000000017e87000 	/System/Library/Frameworks/JavaVM.framework/Versions/A/Frameworks/JavaNativeFoundation.framework/Versions/A/JavaNativeFoundation
0x0000000017e87000 	/System/Library/Frameworks/JavaVM.framework/Versions/A/Frameworks/JavaRuntimeSupport.framework/Versions/A/JavaRuntimeSupport
0x0000000017e87000 	/System/Library/Frameworks/JavaVM.framework/Versions/A/JavaVM
0x0000000017e87000 	/System/Library/PrivateFrameworks/JavaLaunching.framework/Versions/A/JavaLaunching
0x0000000017e87000 	/System/Library/Frameworks/Carbon.framework/Versions/A/Carbon
0x0000000017e87000 	/System/Library/Frameworks/Carbon.framework/Versions/A/Frameworks/CommonPanels.framework/Versions/A/CommonPanels
0x0000000017e87000 	/System/Library/Frameworks/Carbon.framework/Versions/A/Frameworks/Help.framework/Versions/A/Help
0x0000000017e87000 	/System/Library/Frameworks/Carbon.framework/Versions/A/Frameworks/ImageCapture.framework/Versions/A/ImageCapture
0x0000000017e87000 	/System/Library/Frameworks/Carbon.framework/Versions/A/Frameworks/OpenScripting.framework/Versions/A/OpenScripting
0x0000000017e87000 	/System/Library/Frameworks/Carbon.framework/Versions/A/Frameworks/Print.framework/Versions/A/Print
0x0000000017e87000 	/System/Library/Frameworks/Carbon.framework/Versions/A/Frameworks/SecurityHI.framework/Versions/A/SecurityHI
0x0000000135f76000 	/Library/Java/JavaVirtualMachines/jdk1.8.0_161.jdk/Contents/Home/jre/lib/libawt_lwawt.dylib
0x0000000136030000 	/Library/Java/JavaVirtualMachines/jdk1.8.0_161.jdk/Contents/Home/jre/lib/./libosxapp.dylib
0x0000000017e87000 	/System/Library/Frameworks/ExceptionHandling.framework/Versions/A/ExceptionHandling
0x0000000017e87000 	/System/Library/PrivateFrameworks/CoreServicesInternal.framework/Versions/A/CoreServicesInternal
0x0000000017e87000 	/System/Library/CoreServices/RawCamera.bundle/Contents/MacOS/RawCamera
0x0000000017e87000 	/System/Library/PrivateFrameworks/MobileAsset.framework/Versions/A/MobileAsset
0x0000000017e87000 	/System/Library/PrivateFrameworks/StreamingZip.framework/Versions/A/StreamingZip
0x0000000017e87000 	/System/Library/Frameworks/MediaToolbox.framework/Versions/A/MediaToolbox
0x0000000017e87000 	/System/Library/PrivateFrameworks/CoreAVCHD.framework/Versions/A/CoreAVCHD
0x0000000017e87000 	/System/Library/Frameworks/MediaAccessibility.framework/Versions/A/MediaAccessibility
0x0000000017e87000 	/System/Library/PrivateFrameworks/Mangrove.framework/Versions/A/Mangrove
0x0000000017e87000 	/System/Library/Frameworks/CoreMedia.framework/Versions/A/CoreMedia
0x0000000017e87000 	/System/Library/Frameworks/VideoToolbox.framework/Versions/A/VideoToolbox
0x0000000017e87000 	/System/Library/PrivateFrameworks/CoreAUC.framework/Versions/A/CoreAUC
0x0000000017e87000 	/usr/lib/libspindump.dylib
0x0000000017e87000 	/usr/lib/libdscsym.dylib
0x0000000017e87000 	/System/Library/PrivateFrameworks/AppleVA.framework/Versions/A/AppleVA
0x0000000017e87000 	/System/Library/Frameworks/Accelerate.framework/Versions/A/Frameworks/vImage.framework/Versions/A/Libraries/libCGInterfaces.dylib
0x0000000017e87000 	/System/Library/Frameworks/ApplicationServices.framework/Versions/A/Frameworks/ATS.framework/Versions/A/Resources/libTrueTypeScaler.dylib
0x0000000017e87000 	/System/Library/Frameworks/OpenGL.framework/Versions/A/Resources/GLEngine.bundle/GLEngine
0x0000000017e87000 	/System/Library/Frameworks/OpenGL.framework/Versions/A/Libraries/libGLProgrammability.dylib
0x0000000138298000 	/System/Library/Extensions/AMDRadeonX5000GLDriver.bundle/Contents/MacOS/AMDRadeonX5000GLDriver
0x0000000017e87000 	/System/Library/PrivateFrameworks/GPUSupport.framework/Versions/A/Libraries/libGPUSupportMercury.dylib
0x0000000017e87000 	/System/Library/Extensions/AMDRadeonX5000GLDriver.bundle/Contents/MacOS/ATIRadeonX5000SCLib.dylib
0x0000000017e87000 	/System/Library/Frameworks/OpenGL.framework/Versions/A/Resources/GLRendererFloat.bundle/GLRendererFloat
0x0000000017e87000 	/System/Library/Frameworks/OpenCL.framework/Versions/A/Libraries/libcldcpuengine.dylib
0x0000000017e87000 	/usr/lib/libcrypto.35.dylib
0x0000000017e87000 	/System/Library/PrivateFrameworks/TrustEvaluationAgent.framework/Versions/A/TrustEvaluationAgent
0x000000013842e000 	/System/Library/Extensions/AMDRadeonX5000MTLDriver.bundle/Contents/MacOS/AMDRadeonX5000MTLDriver
0x0000000017e87000 	/System/Library/PrivateFrameworks/IOAccelMemoryInfo.framework/Versions/A/IOAccelMemoryInfo
0x0000000017e87000 	/System/Library/PrivateFrameworks/GPUCompiler.framework/Versions/3802/Libraries/libmetal_timestamp.dylib
0x0000000017e87000 	/System/Library/PrivateFrameworks/FamilyControls.framework/Versions/A/FamilyControls
0x0000000017e87000 	/System/Library/PrivateFrameworks/CommerceKit.framework/Versions/A/Frameworks/CommerceCore.framework/Versions/A/CommerceCore
0x0000000017e87000 	/System/Library/PrivateFrameworks/SystemAdministration.framework/Versions/A/SystemAdministration
0x0000000017e87000 	/System/Library/PrivateFrameworks/AppContainer.framework/Versions/A/AppContainer
0x0000000017e87000 	/System/Library/PrivateFrameworks/SecCodeWrapper.framework/Versions/A/SecCodeWrapper
0x0000000017e87000 	/System/Library/PrivateFrameworks/DiskManagement.framework/Versions/A/DiskManagement
0x0000000017e87000 	/System/Library/Frameworks/DirectoryService.framework/Versions/A/DirectoryService
0x0000000017e87000 	/System/Library/PrivateFrameworks/DiskImages.framework/Versions/A/DiskImages
0x0000000017e87000 	/System/Library/PrivateFrameworks/LoginUIKit.framework/Versions/A/Frameworks/LoginUICore.framework/Versions/A/LoginUICore
0x0000000017e87000 	/usr/lib/libCoreStorage.dylib
0x0000000017e87000 	/usr/lib/libcsfde.dylib
0x0000000017e87000 	/usr/lib/libodfde.dylib
0x0000000017e87000 	/System/Library/PrivateFrameworks/MediaKit.framework/Versions/A/MediaKit
0x0000000017e87000 	/System/Library/Frameworks/DiscRecording.framework/Versions/A/DiscRecording
0x0000000017e87000 	/System/Library/PrivateFrameworks/EFILogin.framework/Versions/A/EFILogin
0x0000000017e87000 	/System/Library/PrivateFrameworks/ProtectedCloudStorage.framework/Versions/A/ProtectedCloudStorage
0x0000000017e87000 	/usr/lib/libcurl.4.dylib
0x0000000017e87000 	/usr/lib/libssl.35.dylib
0x0000000017e87000 	/System/Library/Frameworks/LDAP.framework/Versions/A/LDAP
0x0000000017e87000 	/usr/lib/libsasl2.2.dylib
0x0000000017e87000 	/System/Library/PrivateFrameworks/CoreDaemon.framework/Versions/B/CoreDaemon
0x0000000017e87000 	/System/Library/PrivateFrameworks/AppleSRP.framework/Versions/A/AppleSRP
0x0000000138859000 	/Library/Java/JavaVirtualMachines/jdk1.8.0_161.jdk/Contents/Home/jre/lib/libfontmanager.dylib
0x0000000138c62000 	/Library/Java/JavaVirtualMachines/jdk1.8.0_161.jdk/Contents/Home/jre/lib/libnet.dylib
0x0000000138cc1000 	/Library/Java/JavaVirtualMachines/jdk1.8.0_161.jdk/Contents/Home/jre/lib/libnio.dylib
0x0000000138cd1000 	/private/var/folders/bk/ndty32gx6jgch4m92w7zt3580000gn/T/jogamp_0000/file_cache/jln6751351284857296449/jln8344157015812953623/natives/macosx-universal/libgluegen-rt.jnilib
0x0000000138d3e000 	/private/var/folders/bk/ndty32gx6jgch4m92w7zt3580000gn/T/jogamp_0000/file_cache/jln6751351284857296449/jln8344157015812953623/natives/macosx-universal/libnativewindow_awt.jnilib
0x0000000138d41000 	/Library/Java/JavaVirtualMachines/jdk1.8.0_161.jdk/Contents/Home/jre/lib/libjawt.dylib
0x0000000138d7c000 	/private/var/folders/bk/ndty32gx6jgch4m92w7zt3580000gn/T/jogamp_0000/file_cache/jln6751351284857296449/jln8344157015812953623/natives/macosx-universal/libnativewindow_macosx.jnilib
0x0000000138eb1000 	/private/var/folders/bk/ndty32gx6jgch4m92w7zt3580000gn/T/jogamp_0000/file_cache/jln6751351284857296449/jln8344157015812953623/natives/macosx-universal/libnewt.jnilib
0x000000013808c000 	/private/var/folders/bk/ndty32gx6jgch4m92w7zt3580000gn/T/jogamp_0000/file_cache/jln6751351284857296449/jln8344157015812953623/natives/macosx-universal/libjogl_desktop.jnilib
0x000000013729c000 	/private/var/folders/bk/ndty32gx6jgch4m92w7zt3580000gn/T/jogamp_0000/file_cache/jln6751351284857296449/jln8344157015812953623/natives/macosx-universal/libjogl_mobile.jnilib
0x0000000137279000 	/Library/Java/JavaVirtualMachines/jdk1.8.0_161.jdk/Contents/Home/jre/lib/libjsound.dylib
0x0000000017e87000 	/System/Library/Frameworks/CoreMIDI.framework/Versions/A/CoreMIDI
0x0000000017e87000 	/usr/lib/libexpat.1.dylib
0x00000001363f4000 	/private/var/folders/bk/ndty32gx6jgch4m92w7zt3580000gn/T/coreMidi4J8181113467987267504.tmp/libCoreMidi4J.dylib
0x000000013635b000 	/Library/Java/JavaVirtualMachines/jdk1.8.0_161.jdk/Contents/Home/jre/lib/libjpeg.dylib
0x0000000137d1a000 	/Library/Java/JavaVirtualMachines/jdk1.8.0_161.jdk/Contents/Home/jre/lib/liblcms.dylib
0x00000001b3045000 	/private/var/folders/bk/ndty32gx6jgch4m92w7zt3580000gn/T/libaparapi_x86_647789927508479576580.dylib
0x00000001b33b2000 	/System/Library/Components/CoreAudio.component/Contents/MacOS/CoreAudio
0x0000000137c3d000 	/Library/Java/JavaVirtualMachines/jdk1.8.0_161.jdk/Contents/Home/jre/lib/libdcpr.dylib

VM Arguments:
jvm_args: -Dcom.sun.management.jmxremote -Dcom.sun.management.jmxremote.port=12345 -Dcom.sun.management.jmxremote.authenticate=false -Dcom.sun.management.jmxremote.ssl=false -Dfile.encoding=UTF-8 -Duser.country=US -Duser.language=en -Duser.variant 
java_command: com.symmetrylabs.slstudio.SLStudio
java_class_path (initial): /Users/symmetrylabs/Documents/GitHub/SLStudio/build/classes/java/main:/Users/symmetrylabs/Documents/GitHub/SLStudio/build/classes/kotlin/main:/Users/symmetrylabs/Documents/GitHub/SLStudio/build/resources/main:/Users/symmetrylabs/Documents/GitHub/SLStudio/libs/gluegen-rt-natives-linux-aarch64.jar:/Users/symmetrylabs/Documents/GitHub/SLStudio/libs/gluegen-rt-natives-linux-amd64.jar:/Users/symmetrylabs/Documents/GitHub/SLStudio/libs/gluegen-rt-natives-linux-armv6hf.jar:/Users/symmetrylabs/Documents/GitHub/SLStudio/libs/gluegen-rt-natives-linux-i586.jar:/Users/symmetrylabs/Documents/GitHub/SLStudio/libs/gluegen-rt-natives-macosx-universal.jar:/Users/symmetrylabs/Documents/GitHub/SLStudio/libs/gluegen-rt-natives-windows-amd64.jar:/Users/symmetrylabs/Documents/GitHub/SLStudio/libs/gluegen-rt-natives-windows-i586.jar:/Users/symmetrylabs/Documents/GitHub/SLStudio/libs/gluegen-rt.jar:/Users/symmetrylabs/Documents/GitHub/SLStudio/libs/jogl-all-2.3.2-natives-linux-amd64.jar:/Users/symmetrylabs/Documents/GitHub/SLStudio/libs/jogl-all-natives-linux-aarch64.jar:/Users/symmetrylabs/Documents/GitHub/SLStudio/libs/jogl-all-natives-linux-amd64.jar:/Users/symmetrylabs/Documents/GitHub/SLStudio/libs/jogl-all-natives-linux-armv6hf.jar:/Users/symmetrylabs/Documents/GitHub/SLStudio/libs/jogl-all-natives-linux-i586.jar:/Users/symmetrylabs/Documents/GitHub/SLStudio/libs/jogl-all-natives-macosx-universal.jar:/Users/symmetrylabs/Documents/GitHub/SLStudio/libs/jogl-all-natives-windows-amd64.jar:/Users/symmetrylabs/Documents/GitHub/SLStudio/libs/jogl-all-natives-windows-i586.jar:/Users/symmetrylabs/Documents/GitHub/SLStudio/libs/jogl-all.jar:/Users/symmetrylabs/Documents/GitHub/SLStudio/libs/P3LX.jar:/Users/symmetrylabs/.gradle/caches/modules-2/files-2.1/org.processing/core/3.3.6/f89688e748c841a79624ac2b68f92f9df3ea186a/core-3.3.6.jar:/Users/symmetrylabs/.gradle/caches/modules-2/files-2.1/com.harium/kdtree/1.0.0/672b9c3f7f966d31baa1a1c36c186ec0d74b85c9/kdtree-1.0.0.
Launcher Type: SUN_STANDARD

Environment Variables:
PATH=/usr/bin:/bin:/usr/sbin:/sbin
SHELL=/bin/bash

Signal Handlers:
SIGSEGV: [libjvm.dylib+0x5b5439], sa_mask[0]=11111111011111110111111111111111, sa_flags=SA_ONSTACK|SA_RESTART|SA_SIGINFO
SIGBUS: [libjvm.dylib+0x5b5439], sa_mask[0]=11111111011111110111111111111111, sa_flags=SA_RESTART|SA_SIGINFO
SIGFPE: [libjvm.dylib+0x48ae24], sa_mask[0]=11111111011111110111111111111111, sa_flags=SA_RESTART|SA_SIGINFO
SIGPIPE: [libjvm.dylib+0x48ae24], sa_mask[0]=11111111011111110111111111111111, sa_flags=SA_RESTART|SA_SIGINFO
SIGXFSZ: [libjvm.dylib+0x48ae24], sa_mask[0]=11111111011111110111111111111111, sa_flags=SA_RESTART|SA_SIGINFO
SIGILL: [libjvm.dylib+0x48ae24], sa_mask[0]=11111111011111110111111111111111, sa_flags=SA_RESTART|SA_SIGINFO
SIGUSR1: SIG_DFL, sa_mask[0]=00000000000000000000000000000000, sa_flags=none
SIGUSR2: [libjvm.dylib+0x48a942], sa_mask[0]=00100000000000000000000000000000, sa_flags=SA_RESTART|SA_SIGINFO
SIGHUP: [libjvm.dylib+0x488f0d], sa_mask[0]=11111111011111110111111111111111, sa_flags=SA_RESTART|SA_SIGINFO
SIGINT: [libjvm.dylib+0x488f0d], sa_mask[0]=11111111011111110111111111111111, sa_flags=SA_RESTART|SA_SIGINFO
SIGTERM: [libjvm.dylib+0x488f0d], sa_mask[0]=11111111011111110111111111111111, sa_flags=SA_RESTART|SA_SIGINFO
SIGQUIT: [libjvm.dylib+0x488f0d], sa_mask[0]=11111111011111110111111111111111, sa_flags=SA_RESTART|SA_SIGINFO


---------------  S Y S T E M  ---------------

OS:Bsduname:Darwin 17.4.0 Darwin Kernel Version 17.4.0: Tue Dec 19 10:52:05 PST 2017; root:xnu-4570.47.16~1/RELEASE_X86_64 x86_64
rlimit: STACK 8192k, CORE 0k, NPROC 2837, NOFILE 10240, AS infinity
load average:3.82 3.67 3.98

CPU:total 16 (initial active 16) (8 cores per cpu, 2 threads per core) family 6 model 85 stepping 4, cmov, cx8, fxsr, mmx, sse, sse2, sse3, ssse3, sse4.1, sse4.2, popcnt, avx, avx2, aes, clmul, erms, rtm, 3dnowpref, lzcnt, ht, tsc, tscinvbit, bmi1, bmi2, adx

Memory: 4k page, physical 33554432k(4070452k free)

/proc/meminfo:


vm_info: Java HotSpot(TM) 64-Bit Server VM (25.161-b12) for bsd-amd64 JRE (1.8.0_161-b12), built on Dec 19 2017 16:22:20 by "java_re" with gcc 4.2.1 (Based on Apple Inc. build 5658) (LLVM build 2336.11.00)

time: Tue Feb  6 13:42:46 2018
elapsed time: 55557 seconds (0d 15h 25m 57s)

