#
# A fatal error has been detected by the Java Runtime Environment:
#
#  SIGBUS (0xa) at pc=0x00000001081aad79, pid=763, tid=0x0000000000002207
#
# JRE version: Java(TM) SE Runtime Environment (8.0_161-b12) (build 1.8.0_161-b12)
# Java VM: Java HotSpot(TM) 64-Bit Server VM (25.161-b12 mixed mode bsd-amd64 compressed oops)
# Problematic frame:
# V  [libjvm.dylib+0x1aad79]  oopDesc::size()+0x2d
#
# Failed to write core dump. Core dumps have been disabled. To enable core dumping, try "ulimit -c unlimited" before starting Java again
#
# If you would like to submit a bug report, please visit:
#   http://bugreport.java.com/bugreport/crash.jsp
#

---------------  T H R E A D  ---------------

Current thread (0x00007fefd0000800):  GCTaskThread [stack: 0x000070000f8a7000,0x000070000f9a7000] [id=8711]

siginfo: si_signo: 10 (SIGBUS), si_code: 2 (BUS_ADRERR), si_addr: 0x00000007f9212128

Registers:
RAX=0x0000000108843ad0, RBX=0x00007fefcee0aa80, RCX=0x0000000000830903, RDX=0x0000000004184b01
RSP=0x000070000f9a6bd0, RBP=0x000070000f9a6bd0, RSI=0x00000005e0c25e68, RDI=0x00000007f9212120
R8 =0x0000000000002088, R9 =0x000000010ae90000, R10=0x000000010ae9a274, R11=0x0000000000000001
R12=0x00000005e06a1df8, R13=0x00000005e06a1e10, R14=0x00000005e0c25e68, R15=0x00000007c02c4048
RIP=0x00000001081aad79, EFLAGS=0x0000000000010202, ERR=0x0000000000000004
  TRAPNO=0x000000000000000e

Top of Stack: (sp=0x000070000f9a6bd0)
0x000070000f9a6bd0:   000070000f9a6c00 00000001082c4eb0
0x000070000f9a6be0:   00007fefcee0aa80 00007fefcee0aa80
0x000070000f9a6bf0:   00000007c02c4038 00000007c02c4048
0x000070000f9a6c00:   000070000f9a6c50 00000001082c19d9
0x000070000f9a6c10:   00000005ded2d404 00000005e06a1dd8
0x000070000f9a6c20:   00000005c27cbeb8 00007fefcee0aa80
0x000070000f9a6c30:   00000005e06a1dd8 0000000108616d8b
0x000070000f9a6c40:   00007fefcee0aa88 0000000108843ad0
0x000070000f9a6c50:   000070000f9a6ce0 00000001084bf194
0x000070000f9a6c60:   00007fefcee0aa80 00007fefcee0aac0
0x000070000f9a6c70:   00007fefcee0ab08 00007fefcee0ab40
0x000070000f9a6c80:   00007fefcee0aa80 000070000f9a6d88
0x000070000f9a6c90:   00000005e06a1dd8 00007fefdd139c78
0x000070000f9a6ca0:   000070000f9a6ce0 0000000108344829
0x000070000f9a6cb0:   0000000000000000 00007fefcee0aa80
0x000070000f9a6cc0:   0000000000000000 0000000108616d8b
0x000070000f9a6cd0:   000070000f9a6d88 0000000000000001
0x000070000f9a6ce0:   000070000f9a6db0 00000001084b1d1b
0x000070000f9a6cf0:   0000000000000000 00007fefcef10768
0x000070000f9a6d00:   000070000f9a6d60 00007fff673db878
0x000070000f9a6d10:   00007fefcef08620 00007fefcef10768
0x000070000f9a6d20:   0000000000000000 0000000000000001
0x000070000f9a6d30:   0000700000000000 00007fefcef10700
0x000070000f9a6d40:   0000000000000000 0000000108618df8
0x000070000f9a6d50:   00007fefcef10728 0000000000000001
0x000070000f9a6d60:   000070000f9a6d80 00000001084893b6
0x000070000f9a6d70:   00000001088dc0c0 00007fefcef08500
0x000070000f9a6d80:   000070000f9a6d88 00000001088dc090
0x000070000f9a6d90:   0000000000000000 00007fefcee0aa80
0x000070000f9a6da0:   00007fefd0000800 00007fefcee036a0
0x000070000f9a6db0:   000070000f9a6e90 0000000108277ccb
0x000070000f9a6dc0:   000070000f9a6df0 00007fefcef08980 

Instructions: (pc=0x00000001081aad79)
0x00000001081aad59:   84 d2 48 89 fe 74 15 48 8d 05 69 8d 69 00 8a 48
0x00000001081aad69:   08 8b 7e 08 48 d3 e7 48 03 38 eb 04 48 8b 7e 08
0x00000001081aad79:   8b 47 08 85 c0 7e 09 a8 01 75 4e c1 f8 03 eb 47
0x00000001081aad89:   85 c0 7f 43 85 c0 79 41 84 d2 0f 94 c1 0f b6 c9 

Register to memory mapping:

RAX=0x0000000108843ad0: _ZN8Universe13_narrow_klassE+0 in /Library/Java/JavaVirtualMachines/jdk1.8.0_161.jdk/Contents/Home/jre/lib/server/libjvm.dylib at 0x0000000108000000
RBX=0x00007fefcee0aa80 is an unknown value
RCX=0x0000000000830903 is an unknown value
RDX=0x0000000004184b01 is an unknown value
RSP=0x000070000f9a6bd0 is an unknown value
RBP=0x000070000f9a6bd0 is an unknown value
RSI=0x00000005e0c25e68 is pointing into object: 0x00000005e0bf2988
[I 
 - klass: {type array int}
 - length: 353808
RDI=0x00000007f9212120 is an unknown value
R8 =0x0000000000002088 is an unknown value
R9 =0x000000010ae90000 is an unknown value
R10=0x000000010ae9a274 is an unknown value
R11=0x0000000000000001 is an unknown value
R12=0x00000005e06a1df8 is pointing into object: 0x00000005e06a1dd8
com.aparapi.internal.kernel.KernelArg 
 - klass: 'com/aparapi/internal/kernel/KernelArg'
R13=0x00000005e06a1e10 is pointing into object: 0x00000005e06a1dd8
com.aparapi.internal.kernel.KernelArg 
 - klass: 'com/aparapi/internal/kernel/KernelArg'
R14=0x00000005e0c25e68 is pointing into object: 0x00000005e0bf2988
[I 
 - klass: {type array int}
 - length: 353808
R15=0x00000007c02c4048 is pointing into metadata


Stack: [0x000070000f8a7000,0x000070000f9a7000],  sp=0x000070000f9a6bd0,  free space=1022k
Native frames: (J=compiled Java code, j=interpreted, Vv=VM code, C=native code)
V  [libjvm.dylib+0x1aad79]  oopDesc::size()+0x2d
V  [libjvm.dylib+0x2c4eb0]  void PSParallelCompact::mark_and_push<unsigned int>(ParCompactionManager*, unsigned int*)+0x6a
V  [libjvm.dylib+0x2c19d9]  InstanceKlass::oop_follow_contents(ParCompactionManager*, oopDesc*)+0x10d
V  [libjvm.dylib+0x4bf194]  ParCompactionManager::follow_marking_stacks()+0xb4
V  [libjvm.dylib+0x4b1d1b]  MarkFromRootsTask::do_it(GCTaskManager*, unsigned int)+0x1b9
V  [libjvm.dylib+0x277ccb]  GCTaskThread::run()+0x1a1
V  [libjvm.dylib+0x48d83a]  java_start(Thread*)+0xf6
C  [libsystem_pthread.dylib+0x36c1]  _pthread_body+0x154
C  [libsystem_pthread.dylib+0x356d]  _pthread_body+0x0
C  [libsystem_pthread.dylib+0x2c5d]  thread_start+0xd


---------------  P R O C E S S  ---------------

Java Threads: ( => current thread )
  0x00007fefbf98a000 JavaThread "AWT-Shutdown" [_thread_blocked, id=113819, stack(0x0000700011887000,0x0000700011987000)]
  0x00007fefd2830000 JavaThread "LXChannel thread #7" [_thread_blocked, id=81215, stack(0x000070001421a000,0x000070001431a000)]
  0x00007fefbf34b800 JavaThread "LXChannel thread #6" [_thread_blocked, id=87015, stack(0x0000700013167000,0x0000700013267000)]
  0x00007fefcf43c800 JavaThread "pool-1-thread-6" [_thread_in_native, id=106251, stack(0x00007000146af000,0x00007000147af000)]
  0x00007fefd19c0000 JavaThread "pool-1-thread-5" [_thread_in_native, id=113167, stack(0x00007000145ac000,0x00007000146ac000)]
  0x00007fefdb084800 JavaThread "pool-1-thread-4" [_thread_in_native, id=105483, stack(0x00007000144a9000,0x00007000145a9000)]
  0x00007fefd7015800 JavaThread "ForkJoinPool.commonPool-worker-7" daemon [_thread_blocked, id=102147, stack(0x0000700014094000,0x0000700014194000)]
  0x00007fefd700a000 JavaThread "ForkJoinPool.commonPool-worker-10" daemon [_thread_blocked, id=117251, stack(0x0000700013f91000,0x0000700014091000)]
  0x00007fefda83d000 JavaThread "ForkJoinPool.commonPool-worker-14" daemon [_thread_blocked, id=117763, stack(0x0000700013e8e000,0x0000700013f8e000)]
  0x00007fefd7009000 JavaThread "ForkJoinPool.commonPool-worker-3" daemon [_thread_blocked, id=101891, stack(0x0000700013d8b000,0x0000700013e8b000)]
  0x00007fefdb852000 JavaThread "ForkJoinPool.commonPool-worker-12" daemon [_thread_blocked, id=118531, stack(0x0000700013c88000,0x0000700013d88000)]
  0x00007fefd21e2800 JavaThread "ForkJoinPool.commonPool-worker-5" daemon [_thread_blocked, id=101379, stack(0x0000700013b85000,0x0000700013c85000)]
  0x00007fefdb851000 JavaThread "ForkJoinPool.commonPool-worker-8" daemon [_thread_blocked, id=100867, stack(0x0000700013a82000,0x0000700013b82000)]
  0x00007fefd108f800 JavaThread "ForkJoinPool.commonPool-worker-1" daemon [_thread_blocked, id=100355, stack(0x000070001397f000,0x0000700013a7f000)]
  0x00007fefd128e000 JavaThread "ForkJoinPool.commonPool-worker-15" daemon [_thread_blocked, id=119043, stack(0x000070001387c000,0x000070001397c000)]
  0x00007fefd181f000 JavaThread "ForkJoinPool.commonPool-worker-6" daemon [_thread_blocked, id=119555, stack(0x0000700013779000,0x0000700013879000)]
  0x00007fefd015a000 JavaThread "ForkJoinPool.commonPool-worker-13" daemon [_thread_blocked, id=119811, stack(0x0000700013676000,0x0000700013776000)]
  0x00007fefd1997000 JavaThread "ForkJoinPool.commonPool-worker-4" daemon [_thread_blocked, id=120067, stack(0x0000700013573000,0x0000700013673000)]
  0x00007fefd048e800 JavaThread "ForkJoinPool.commonPool-worker-11" daemon [_thread_blocked, id=99587, stack(0x0000700013470000,0x0000700013570000)]
  0x00007fefcf23a000 JavaThread "ForkJoinPool.commonPool-worker-2" daemon [_thread_blocked, id=99331, stack(0x000070001336d000,0x000070001346d000)]
  0x00007fefcf3bb000 JavaThread "ForkJoinPool.commonPool-worker-9" daemon [_thread_blocked, id=98819, stack(0x0000700011c9c000,0x0000700011d9c000)]
  0x00007fefd041f000 JavaThread "LXChannel thread #5" [_thread_blocked, id=96007, stack(0x000070001326a000,0x000070001336a000)]
  0x00007fefd0416800 JavaThread "LXChannel thread #3" [_thread_blocked, id=43791, stack(0x0000700013064000,0x0000700013164000)]
  0x00007fefd1d7e800 JavaThread "LXChannel thread #2" [_thread_blocked, id=33575, stack(0x0000700011ea8000,0x0000700011fa8000)]
  0x00007fefd23f7800 JavaThread "LXEngine Render Thread" [_thread_blocked, id=44039, stack(0x000070001198a000,0x0000700011a8a000)]
  0x00007fefcfda8000 JavaThread "LXEngine Network Thread" [_thread_blocked, id=124163, stack(0x0000700012f61000,0x0000700013061000)]
  0x00007fefcf0af000 JavaThread "LXAudioEngine Input Thread" [_thread_blocked, id=124935, stack(0x0000700012e5e000,0x0000700012f5e000)]
  0x00007fefd2167000 JavaThread "Java Sound Event Dispatcher" daemon [_thread_blocked, id=17927, stack(0x0000700012d5b000,0x0000700012e5b000)]
  0x00007fefd2c01000 JavaThread "Thread-18" [_thread_in_native, id=4103, stack(0x0000700012237000,0x0000700012337000)]
  0x00007fefd034f800 JavaThread "pool-1-thread-3" [_thread_in_native, id=125703, stack(0x00007000126c6000,0x00007000127c6000)]
  0x00007fefcfaa1000 JavaThread "pool-1-thread-2" [_thread_blocked, id=124679, stack(0x0000700012c58000,0x0000700012d58000)]
  0x00007fefcfcff800 JavaThread "pool-1-thread-1" [_thread_blocked, id=93191, stack(0x0000700012b55000,0x0000700012c55000)]
  0x00007fefd2c03800 JavaThread "Timer-0" [_thread_blocked, id=93703, stack(0x0000700012a52000,0x0000700012b52000)]
  0x00007fefcf94f800 JavaThread "DestroyJavaVM" [_thread_blocked, id=6659, stack(0x000070000f7a4000,0x000070000f8a4000)]
  0x00007fefcf9ea000 JavaThread "main-FPSAWTAnimator#00-Timer0" [_thread_blocked, id=67595, stack(0x0000700012540000,0x0000700012640000)]
  0x00007fefd01f4000 JavaThread "Thread-2" [_thread_blocked, id=68115, stack(0x000070001243d000,0x000070001253d000)]
  0x00007fefd103e000 JavaThread "main-Display-.macosx_nil-1-EDT-1" daemon [_thread_blocked, id=55555, stack(0x000070001233a000,0x000070001243a000)]
  0x00007fefd1091000 JavaThread "Java2D Disposer" daemon [_thread_blocked, id=69647, stack(0x0000700012134000,0x0000700012234000)]
  0x00007fefd2930000 JavaThread "Java2D Queue Flusher" daemon [_thread_blocked, id=53511, stack(0x0000700012031000,0x0000700012131000)]
  0x00007fefd104a800 JavaThread "AWT-AppKit" daemon [_thread_in_native, id=775, stack(0x00007ffee9480000,0x00007ffee9c80000)]
  0x00007fefd2028800 JavaThread "Service Thread" daemon [_thread_blocked, id=40707, stack(0x00007000115fe000,0x00007000116fe000)]
  0x00007fefd2015800 JavaThread "C1 CompilerThread11" daemon [_thread_blocked, id=24323, stack(0x00007000114fb000,0x00007000115fb000)]
  0x00007fefd2014800 JavaThread "C1 CompilerThread10" daemon [_thread_blocked, id=40963, stack(0x00007000113f8000,0x00007000114f8000)]
  0x00007fefd2014000 JavaThread "C1 CompilerThread9" daemon [_thread_blocked, id=23555, stack(0x00007000112f5000,0x00007000113f5000)]
  0x00007fefd2013000 JavaThread "C1 CompilerThread8" daemon [_thread_blocked, id=41219, stack(0x00007000111f2000,0x00007000112f2000)]
  0x00007fefd2012800 JavaThread "C2 CompilerThread7" daemon [_thread_blocked, id=23043, stack(0x00007000110ef000,0x00007000111ef000)]
  0x00007fefd2011800 JavaThread "C2 CompilerThread6" daemon [_thread_blocked, id=41731, stack(0x0000700010fec000,0x00007000110ec000)]
  0x00007fefd2011000 JavaThread "C2 CompilerThread5" daemon [_thread_blocked, id=22275, stack(0x0000700010ee9000,0x0000700010fe9000)]
  0x00007fefd2008000 JavaThread "C2 CompilerThread4" daemon [_thread_blocked, id=42243, stack(0x0000700010de6000,0x0000700010ee6000)]
  0x00007fefd000c000 JavaThread "C2 CompilerThread3" daemon [_thread_blocked, id=42755, stack(0x0000700010ce3000,0x0000700010de3000)]
  0x00007fefd000b000 JavaThread "C2 CompilerThread2" daemon [_thread_blocked, id=43011, stack(0x0000700010be0000,0x0000700010ce0000)]
  0x00007fefd000a800 JavaThread "C2 CompilerThread1" daemon [_thread_blocked, id=21763, stack(0x0000700010add000,0x0000700010bdd000)]
  0x00007fefd0024000 JavaThread "C2 CompilerThread0" daemon [_thread_blocked, id=16899, stack(0x00007000109da000,0x0000700010ada000)]
  0x00007fefd0023000 JavaThread "Signal Dispatcher" daemon [_thread_blocked, id=17159, stack(0x00007000108d7000,0x00007000109d7000)]
  0x00007fefcf022000 JavaThread "Finalizer" daemon [_thread_blocked, id=14851, stack(0x00007000107d4000,0x00007000108d4000)]
  0x00007fefcf01f800 JavaThread "Reference Handler" daemon [_thread_blocked, id=14339, stack(0x00007000106d1000,0x00007000107d1000)]

Other Threads:
  0x00007fefcf855000 VMThread [stack: 0x00007000105ce000,0x00007000106ce000] [id=14083]
  0x00007fefd202b800 WatcherThread [stack: 0x0000700011701000,0x0000700011801000] [id=25091]

=>0x00007fefd0000800 (exited) GCTaskThread [stack: 0x000070000f8a7000,0x000070000f9a7000] [id=8711]

VM state:at safepoint (normal execution)

VM Mutex/Monitor currently owned by a thread:  ([mutex/lock_event])
[0x00007fefcec11e80] Threads_lock - owner thread: 0x00007fefcf855000
[0x00007fefcec12380] Heap_lock - owner thread: 0x00007fefd0416800

Heap:
 PSYoungGen      total 477184K, used 476485K [0x0000000715580000, 0x0000000735900000, 0x00000007c0000000)
  eden space 476672K, 99% used [0x0000000715580000,0x00000007326b97d8,0x0000000732700000)
  from space 512K, 18% used [0x0000000732b00000,0x0000000732b18000,0x0000000732b80000)
  to   space 25600K, 0% used [0x0000000734000000,0x0000000734000000,0x0000000735900000)
 ParOldGen       total 2939392K, used 2938173K [0x00000005c0000000, 0x0000000673680000, 0x0000000715580000)
  object space 2939392K, 99% used [0x00000005c0000000,0x000000067354f688,0x0000000673680000)
 Metaspace       used 28731K, capacity 29105K, committed 29312K, reserved 1075200K
  class space    used 3244K, capacity 3378K, committed 3456K, reserved 1048576K

Card table byte_map: [0x00000001093e4000,0x000000010a3e5000] byte_map_base: 0x00000001065e4000

Marking Bits: (ParMarkBitMap*) 0x00000001088f76c0
 Begin Bits: [0x00000001233b9000, 0x000000012b3b9000)
 End Bits:   [0x000000012b3b9000, 0x00000001333b9000)

Polling page: 0x0000000105fe3000

CodeCache: size=245760Kb used=16512Kb max_used=16539Kb free=229247Kb
 bounds [0x00000001143b9000, 0x0000000115419000, 0x00000001233b9000]
 total_blobs=5372 nmethods=4392 adapters=888
 compilation: enabled

Compilation events (10 events):
Event: 2892.641 Thread 0x00007fefd2014000 5879       3       com.symmetrylabs.slstudio.ui.UIFramerate::onDraw (1028 bytes)
Event: 2892.641 Thread 0x00007fefd2011800 5880       4       heronarts.lx.LXEngine::frameRate (5 bytes)
Event: 2892.641 Thread 0x00007fefd2011800 nmethod 5880 0x0000000114dda2d0 code [0x0000000114dda420, 0x0000000114dda478]
Event: 2892.646 Thread 0x00007fefd2014000 nmethod 5879 0x000000011535efd0 code [0x000000011535fee0, 0x000000011536b9d8]
Event: 2942.458 Thread 0x00007fefd2008000 5881       4       java.util.concurrent.SynchronousQueue$TransferStack$SNode::tryMatch (56 bytes)
Event: 2942.459 Thread 0x00007fefd2008000 nmethod 5881 0x000000011469d4d0 code [0x000000011469d620, 0x000000011469d748]
Event: 2945.473 Thread 0x00007fefd000b000 5882       4       java.util.concurrent.SynchronousQueue$TransferStack::transfer (380 bytes)
Event: 2945.482 Thread 0x00007fefd000b000 nmethod 5882 0x0000000114cb5ed0 code [0x0000000114cb60c0, 0x0000000114cb6cd0]
Event: 2978.790 Thread 0x00007fefd2011000 5883       4       com.symmetrylabs.slstudio.ui.UIFramerate::onDraw (1028 bytes)
Event: 2978.920 Thread 0x00007fefd2011000 nmethod 5883 0x0000000114a46310 code [0x0000000114a46ba0, 0x0000000114a4c870]

GC Heap History (10 events):
Event: 3004.974 GC heap after
Heap after GC invocations=783 (full 22):
 PSYoungGen      total 494080K, used 96K [0x0000000715580000, 0x0000000737380000, 0x00000007c0000000)
  eden space 493568K, 0% used [0x0000000715580000,0x0000000715580000,0x0000000733780000)
  from space 512K, 18% used [0x0000000733c00000,0x0000000733c18000,0x0000000733c80000)
  to   space 30720K, 0% used [0x0000000735580000,0x0000000735580000,0x0000000737380000)
 ParOldGen       total 2865664K, used 2312630K [0x00000005c0000000, 0x000000066ee80000, 0x0000000715580000)
  object space 2865664K, 80% used [0x00000005c0000000,0x000000064d26d978,0x000000066ee80000)
 Metaspace       used 28731K, capacity 29105K, committed 29312K, reserved 1075200K
  class space    used 3244K, capacity 3378K, committed 3456K, reserved 1048576K
}
Event: 3005.405 GC heap before
{Heap before GC invocations=784 (full 22):
 PSYoungGen      total 494080K, used 493194K [0x0000000715580000, 0x0000000737380000, 0x00000007c0000000)
  eden space 493568K, 99% used [0x0000000715580000,0x000000073370a948,0x0000000733780000)
  from space 512K, 18% used [0x0000000733c00000,0x0000000733c18000,0x0000000733c80000)
  to   space 30720K, 0% used [0x0000000735580000,0x0000000735580000,0x0000000737380000)
 ParOldGen       total 2865664K, used 2441024K [0x00000005c0000000, 0x000000066ee80000, 0x0000000715580000)
  object space 2865664K, 85% used [0x00000005c0000000,0x0000000654fd0258,0x000000066ee80000)
 Metaspace       used 28731K, capacity 29105K, committed 29312K, reserved 1075200K
  class space    used 3244K, capacity 3378K, committed 3456K, reserved 1048576K
Event: 3005.408 GC heap after
Heap after GC invocations=784 (full 22):
 PSYoungGen      total 513024K, used 96K [0x0000000715580000, 0x0000000736d00000, 0x00000007c0000000)
  eden space 488960K, 0% used [0x0000000715580000,0x0000000715580000,0x0000000733300000)
  from space 24064K, 0% used [0x0000000735580000,0x0000000735598000,0x0000000736d00000)
  to   space 29696K, 0% used [0x0000000733300000,0x0000000733300000,0x0000000735000000)
 ParOldGen       total 2865664K, used 2441048K [0x00000005c0000000, 0x000000066ee80000, 0x0000000715580000)
  object space 2865664K, 85% used [0x00000005c0000000,0x0000000654fd6258,0x000000066ee80000)
 Metaspace       used 28731K, capacity 29105K, committed 29312K, reserved 1075200K
  class space    used 3244K, capacity 3378K, committed 3456K, reserved 1048576K
}
Event: 3005.854 GC heap before
{Heap before GC invocations=785 (full 22):
 PSYoungGen      total 513024K, used 487610K [0x0000000715580000, 0x0000000736d00000, 0x00000007c0000000)
  eden space 488960K, 99% used [0x0000000715580000,0x0000000733196978,0x0000000733300000)
  from space 24064K, 0% used [0x0000000735580000,0x0000000735598000,0x0000000736d00000)
  to   space 29696K, 0% used [0x0000000733300000,0x0000000733300000,0x0000000735000000)
 ParOldGen       total 2865664K, used 2574945K [0x00000005c0000000, 0x000000066ee80000, 0x0000000715580000)
  object space 2865664K, 89% used [0x00000005c0000000,0x000000065d2985a8,0x000000066ee80000)
 Metaspace       used 28731K, capacity 29105K, committed 29312K, reserved 1075200K
  class space    used 3244K, capacity 3378K, committed 3456K, reserved 1048576K
Event: 3005.857 GC heap after
Heap after GC invocations=785 (full 22):
 PSYoungGen      total 485376K, used 64K [0x0000000715580000, 0x0000000736600000, 0x00000007c0000000)
  eden space 484864K, 0% used [0x0000000715580000,0x0000000715580000,0x0000000732f00000)
  from space 512K, 12% used [0x0000000733300000,0x0000000733310000,0x0000000733380000)
  to   space 28160K, 0% used [0x0000000734a80000,0x0000000734a80000,0x0000000736600000)
 ParOldGen       total 2865664K, used 2574961K [0x00000005c0000000, 0x000000066ee80000, 0x0000000715580000)
  object space 2865664K, 89% used [0x00000005c0000000,0x000000065d29c5a8,0x000000066ee80000)
 Metaspace       used 28731K, capacity 29105K, committed 29312K, reserved 1075200K
  class space    used 3244K, capacity 3378K, committed 3456K, reserved 1048576K
}
Event: 3006.286 GC heap before
{Heap before GC invocations=786 (full 22):
 PSYoungGen      total 485376K, used 483816K [0x0000000715580000, 0x0000000736600000, 0x00000007c0000000)
  eden space 484864K, 99% used [0x0000000715580000,0x0000000732dea1e8,0x0000000732f00000)
  from space 512K, 12% used [0x0000000733300000,0x0000000733310000,0x0000000733380000)
  to   space 28160K, 0% used [0x0000000734a80000,0x0000000734a80000,0x0000000736600000)
 ParOldGen       total 2865664K, used 2692350K [0x00000005c0000000, 0x000000066ee80000, 0x0000000715580000)
  object space 2865664K, 93% used [0x00000005c0000000,0x000000066453f9a8,0x000000066ee80000)
 Metaspace       used 28731K, capacity 29105K, committed 29312K, reserved 1075200K
  class space    used 3244K, capacity 3378K, committed 3456K, reserved 1048576K
Event: 3006.290 GC heap after
Heap after GC invocations=786 (full 22):
 PSYoungGen      total 501760K, used 1898K [0x0000000715580000, 0x0000000735f00000, 0x00000007c0000000)
  eden space 480768K, 0% used [0x0000000715580000,0x0000000715580000,0x0000000732b00000)
  from space 20992K, 9% used [0x0000000734a80000,0x0000000734c5a8d0,0x0000000735f00000)
  to   space 26624K, 0% used [0x0000000732b00000,0x0000000732b00000,0x0000000734500000)
 ParOldGen       total 2865664K, used 2692366K [0x00000005c0000000, 0x000000066ee80000, 0x0000000715580000)
  object space 2865664K, 93% used [0x00000005c0000000,0x00000006645439a8,0x000000066ee80000)
 Metaspace       used 28731K, capacity 29105K, committed 29312K, reserved 1075200K
  class space    used 3244K, capacity 3378K, committed 3456K, reserved 1048576K
}
Event: 3006.705 GC heap before
{Heap before GC invocations=787 (full 22):
 PSYoungGen      total 501760K, used 481863K [0x0000000715580000, 0x0000000735f00000, 0x00000007c0000000)
  eden space 480768K, 99% used [0x0000000715580000,0x0000000732a37660,0x0000000732b00000)
  from space 20992K, 9% used [0x0000000734a80000,0x0000000734c5a8d0,0x0000000735f00000)
  to   space 26624K, 0% used [0x0000000732b00000,0x0000000732b00000,0x0000000734500000)
 ParOldGen       total 2865664K, used 2820760K [0x00000005c0000000, 0x000000066ee80000, 0x0000000715580000)
  object space 2865664K, 98% used [0x00000005c0000000,0x000000066c2a6288,0x000000066ee80000)
 Metaspace       used 28731K, capacity 29105K, committed 29312K, reserved 1075200K
  class space    used 3244K, capacity 3378K, committed 3456K, reserved 1048576K
Event: 3006.709 GC heap after
Heap after GC invocations=787 (full 22):
 PSYoungGen      total 477184K, used 96K [0x0000000715580000, 0x0000000735900000, 0x00000007c0000000)
  eden space 476672K, 0% used [0x0000000715580000,0x0000000715580000,0x0000000732700000)
  from space 512K, 18% used [0x0000000732b00000,0x0000000732b18000,0x0000000732b80000)
  to   space 25600K, 0% used [0x0000000734000000,0x0000000734000000,0x0000000735900000)
 ParOldGen       total 2865664K, used 2822618K [0x00000005c0000000, 0x000000066ee80000, 0x0000000715580000)
  object space 2865664K, 98% used [0x00000005c0000000,0x000000066c476b58,0x000000066ee80000)
 Metaspace       used 28731K, capacity 29105K, committed 29312K, reserved 1075200K
  class space    used 3244K, capacity 3378K, committed 3456K, reserved 1048576K
}
Event: 3007.128 GC heap before
{Heap before GC invocations=788 (full 23):
 PSYoungGen      total 477184K, used 476485K [0x0000000715580000, 0x0000000735900000, 0x00000007c0000000)
  eden space 476672K, 99% used [0x0000000715580000,0x00000007326b97d8,0x0000000732700000)
  from space 512K, 18% used [0x0000000732b00000,0x0000000732b18000,0x0000000732b80000)
  to   space 25600K, 0% used [0x0000000734000000,0x0000000734000000,0x0000000735900000)
 ParOldGen       total 2939392K, used 2938173K [0x00000005c0000000, 0x0000000673680000, 0x0000000715580000)
  object space 2939392K, 99% used [0x00000005c0000000,0x000000067354f688,0x0000000673680000)
 Metaspace       used 28731K, capacity 29105K, committed 29312K, reserved 1075200K
  class space    used 3244K, capacity 3378K, committed 3456K, reserved 1048576K

Deoptimization events (10 events):
Event: 1429.166 Thread 0x00007fefd103e000 Uncommon trap: reason=speculate_class_check action=maybe_recompile pc=0x0000000114d81818 method=jogamp.newt.WindowImpl.consumeEvent(Lcom/jogamp/newt/event/NEWTEvent;)Z @ 293
Event: 1462.756 Thread 0x00007fefd23f7800 Uncommon trap: reason=unstable_if action=reinterpret pc=0x00000001150ade8c method=java.lang.reflect.Method.invoke(Ljava/lang/Object;[Ljava/lang/Object;)Ljava/lang/Object; @ 45
Event: 1787.569 Thread 0x00007fefd104a800 Uncommon trap: reason=unstable_if action=reinterpret pc=0x000000011532f704 method=jogamp.newt.WindowImpl.doPointerEvent(ZZ[Lcom/jogamp/newt/event/MouseEvent$PointerType;SII[SS[I[I[FF[FF)V @ 653
Event: 1787.580 Thread 0x00007fefd103e000 Uncommon trap: reason=unstable_if action=reinterpret pc=0x0000000114f819cc method=jogamp.newt.WindowImpl.consumePointerEvent(Lcom/jogamp/newt/event/MouseEvent;)V @ 466
Event: 2066.673 Thread 0x00007fefcf9ea000 Uncommon trap: reason=unstable_if action=reinterpret pc=0x0000000114aaa6c8 method=processing.opengl.Texture.releasePixelBuffer()V @ 26
Event: 2300.895 Thread 0x00007fefcfcff800 Uncommon trap: reason=unstable_if action=reinterpret pc=0x0000000114f088fc method=java.util.concurrent.SynchronousQueue$TransferStack.transfer(Ljava/lang/Object;ZJ)Ljava/lang/Object; @ 139
Event: 2300.895 Thread 0x00007fefd2c03800 Uncommon trap: reason=unstable_if action=reinterpret pc=0x0000000114f088c4 method=java.util.concurrent.SynchronousQueue$TransferStack$SNode.tryMatch(Ljava/util/concurrent/SynchronousQueue$TransferStack$SNode;)Z @ 28
Event: 2422.142 Thread 0x00007fefd0416800 Uncommon trap: reason=unstable_if action=reinterpret pc=0x00000001152a8d54 method=com.symmetrylabs.slstudio.ping.FlockWave.advanceBirdsWithBlobs(FLjava/util/List;)V @ 134
Event: 2599.933 Thread 0x00007fefd23f7800 Uncommon trap: reason=unstable_if action=reinterpret pc=0x00000001151a64cc method=com.symmetrylabs.slstudio.util.BlobTracker.oscMessage(Lheronarts/lx/osc/OscMessage;)V @ 262
Event: 2890.440 Thread 0x00007fefcf9ea000 Uncommon trap: reason=unstable_if action=reinterpret pc=0x0000000115159018 method=com.symmetrylabs.slstudio.ui.UIFramerate.onDraw(Lheronarts/p3lx/ui/UI;Lprocessing/core/PGraphics;)V @ 191

Classes redefined (0 events):
No events

Internal exceptions (10 events):
Event: 3004.756 Thread 0x00007fefd19c0000 Exception <a 'java/net/SocketTimeoutException': Receive timed out> (0x0000000721b95a78) thrown at [/Users/java_re/workspace/8-2-build-macosx-x86_64/jdk8u161/10277/hotspot/src/share/vm/prims/jni.cpp, line 735]
Event: 3004.756 Thread 0x00007fefd034f800 Exception <a 'java/net/SocketTimeoutException': Receive timed out> (0x0000000721b962a0) thrown at [/Users/java_re/workspace/8-2-build-macosx-x86_64/jdk8u161/10277/hotspot/src/share/vm/prims/jni.cpp, line 735]
Event: 3005.259 Thread 0x00007fefcfcff800 Exception <a 'java/net/SocketTimeoutException': Receive timed out> (0x000000072e2955f0) thrown at [/Users/java_re/workspace/8-2-build-macosx-x86_64/jdk8u161/10277/hotspot/src/share/vm/prims/jni.cpp, line 735]
Event: 3005.259 Thread 0x00007fefcfaa1000 Exception <a 'java/net/SocketTimeoutException': Receive timed out> (0x000000072e295e18) thrown at [/Users/java_re/workspace/8-2-build-macosx-x86_64/jdk8u161/10277/hotspot/src/share/vm/prims/jni.cpp, line 735]
Event: 3005.757 Thread 0x00007fefd034f800 Exception <a 'java/net/SocketTimeoutException': Receive timed out> (0x0000000732874430) thrown at [/Users/java_re/workspace/8-2-build-macosx-x86_64/jdk8u161/10277/hotspot/src/share/vm/prims/jni.cpp, line 735]
Event: 3005.757 Thread 0x00007fefd19c0000 Exception <a 'java/net/SocketTimeoutException': Receive timed out> (0x0000000732874c58) thrown at [/Users/java_re/workspace/8-2-build-macosx-x86_64/jdk8u161/10277/hotspot/src/share/vm/prims/jni.cpp, line 735]
Event: 3006.258 Thread 0x00007fefcf43c800 Exception <a 'java/net/SocketTimeoutException': Receive timed out> (0x0000000732ddb958) thrown at [/Users/java_re/workspace/8-2-build-macosx-x86_64/jdk8u161/10277/hotspot/src/share/vm/prims/jni.cpp, line 735]
Event: 3006.258 Thread 0x00007fefdb084800 Exception <a 'java/net/SocketTimeoutException': Receive timed out> (0x0000000732ddc180) thrown at [/Users/java_re/workspace/8-2-build-macosx-x86_64/jdk8u161/10277/hotspot/src/share/vm/prims/jni.cpp, line 735]
Event: 3006.758 Thread 0x00007fefd034f800 Exception <a 'java/net/SocketTimeoutException': Receive timed out> (0x000000071a69d738) thrown at [/Users/java_re/workspace/8-2-build-macosx-x86_64/jdk8u161/10277/hotspot/src/share/vm/prims/jni.cpp, line 735]
Event: 3006.758 Thread 0x00007fefd19c0000 Exception <a 'java/net/SocketTimeoutException': Receive timed out> (0x000000071a69df60) thrown at [/Users/java_re/workspace/8-2-build-macosx-x86_64/jdk8u161/10277/hotspot/src/share/vm/prims/jni.cpp, line 735]

Events (10 events):
Event: 3006.285 Executing VM operation: ParallelGCFailedAllocation
Event: 3006.285 Executing VM operation: ParallelGCFailedAllocation done
Event: 3006.285 Executing VM operation: ParallelGCSystemGC
Event: 3006.290 Executing VM operation: ParallelGCSystemGC done
Event: 3006.701 Executing VM operation: ParallelGCFailedAllocation
Event: 3006.701 Executing VM operation: ParallelGCFailedAllocation done
Event: 3006.702 Executing VM operation: ParallelGCSystemGC
Event: 3006.709 Executing VM operation: ParallelGCSystemGC done
Event: 3006.785 Thread 0x00007fefbf98a000 Thread added: 0x00007fefbf98a000
Event: 3007.126 Executing VM operation: ParallelGCFailedAllocation


Dynamic libraries:
0x0000000017e87000 	/System/Library/Frameworks/Cocoa.framework/Versions/A/Cocoa
0x0000000017e87000 	/System/Library/Frameworks/Security.framework/Versions/A/Security
0x0000000017e87000 	/System/Library/Frameworks/ApplicationServices.framework/Versions/A/ApplicationServices
0x0000000017e87000 	/usr/lib/libz.1.dylib
0x0000000017e87000 	/usr/lib/libSystem.B.dylib
0x0000000017e87000 	/usr/lib/libobjc.A.dylib
0x0000000017e87000 	/System/Library/Frameworks/CoreFoundation.framework/Versions/A/CoreFoundation
0x0000000017e87000 	/System/Library/Frameworks/Foundation.framework/Versions/C/Foundation
0x0000000017e87000 	/System/Library/Frameworks/AppKit.framework/Versions/C/AppKit
0x0000000017e87000 	/System/Library/Frameworks/CoreData.framework/Versions/A/CoreData
0x0000000017e87000 	/System/Library/PrivateFrameworks/RemoteViewServices.framework/Versions/A/RemoteViewServices
0x0000000017e87000 	/System/Library/PrivateFrameworks/UIFoundation.framework/Versions/A/UIFoundation
0x0000000017e87000 	/System/Library/PrivateFrameworks/DFRFoundation.framework/Versions/A/DFRFoundation
0x0000000017e87000 	/System/Library/Frameworks/Metal.framework/Versions/A/Metal
0x0000000017e87000 	/System/Library/PrivateFrameworks/DesktopServicesPriv.framework/Versions/A/DesktopServicesPriv
0x0000000017e87000 	/usr/lib/libenergytrace.dylib
0x0000000017e87000 	/System/Library/PrivateFrameworks/SkyLight.framework/Versions/A/SkyLight
0x0000000017e87000 	/System/Library/Frameworks/CoreGraphics.framework/Versions/A/CoreGraphics
0x0000000017e87000 	/usr/lib/libScreenReader.dylib
0x0000000017e87000 	/System/Library/Frameworks/Accelerate.framework/Versions/A/Accelerate
0x0000000017e87000 	/System/Library/Frameworks/IOSurface.framework/Versions/A/IOSurface
0x0000000017e87000 	/System/Library/Frameworks/AudioToolbox.framework/Versions/A/AudioToolbox
0x0000000017e87000 	/System/Library/Frameworks/AudioUnit.framework/Versions/A/AudioUnit
0x0000000017e87000 	/System/Library/PrivateFrameworks/DataDetectorsCore.framework/Versions/A/DataDetectorsCore
0x0000000017e87000 	/System/Library/Frameworks/Carbon.framework/Versions/A/Frameworks/HIToolbox.framework/Versions/A/HIToolbox
0x0000000017e87000 	/usr/lib/libicucore.A.dylib
0x0000000017e87000 	/System/Library/Frameworks/QuartzCore.framework/Versions/A/QuartzCore
0x0000000017e87000 	/System/Library/Frameworks/Carbon.framework/Versions/A/Frameworks/SpeechRecognition.framework/Versions/A/SpeechRecognition
0x0000000017e87000 	/usr/lib/libauto.dylib
0x0000000017e87000 	/usr/lib/libxml2.2.dylib
0x0000000017e87000 	/System/Library/PrivateFrameworks/CoreUI.framework/Versions/A/CoreUI
0x0000000017e87000 	/System/Library/Frameworks/CoreAudio.framework/Versions/A/CoreAudio
0x0000000017e87000 	/System/Library/Frameworks/DiskArbitration.framework/Versions/A/DiskArbitration
0x0000000017e87000 	/usr/lib/liblangid.dylib
0x0000000017e87000 	/System/Library/PrivateFrameworks/MultitouchSupport.framework/Versions/A/MultitouchSupport
0x0000000017e87000 	/System/Library/Frameworks/IOKit.framework/Versions/A/IOKit
0x0000000017e87000 	/usr/lib/libDiagnosticMessagesClient.dylib
0x0000000017e87000 	/System/Library/Frameworks/CoreServices.framework/Versions/A/CoreServices
0x0000000017e87000 	/System/Library/PrivateFrameworks/PerformanceAnalysis.framework/Versions/A/PerformanceAnalysis
0x0000000017e87000 	/System/Library/Frameworks/OpenGL.framework/Versions/A/OpenGL
0x0000000017e87000 	/System/Library/Frameworks/ColorSync.framework/Versions/A/ColorSync
0x0000000017e87000 	/System/Library/Frameworks/CoreImage.framework/Versions/A/CoreImage
0x0000000017e87000 	/System/Library/Frameworks/CoreText.framework/Versions/A/CoreText
0x0000000017e87000 	/System/Library/Frameworks/ImageIO.framework/Versions/A/ImageIO
0x0000000017e87000 	/System/Library/PrivateFrameworks/Backup.framework/Versions/A/Backup
0x0000000017e87000 	/usr/lib/libarchive.2.dylib
0x0000000017e87000 	/System/Library/Frameworks/CFNetwork.framework/Versions/A/CFNetwork
0x0000000017e87000 	/System/Library/Frameworks/SystemConfiguration.framework/Versions/A/SystemConfiguration
0x0000000017e87000 	/usr/lib/libCRFSuite.dylib
0x0000000017e87000 	/usr/lib/libc++.1.dylib
0x0000000017e87000 	/usr/lib/libc++abi.dylib
0x0000000017e87000 	/usr/lib/system/libcache.dylib
0x0000000017e87000 	/usr/lib/system/libcommonCrypto.dylib
0x0000000017e87000 	/usr/lib/system/libcompiler_rt.dylib
0x0000000017e87000 	/usr/lib/system/libcopyfile.dylib
0x0000000017e87000 	/usr/lib/system/libcorecrypto.dylib
0x0000000017e87000 	/usr/lib/system/libdispatch.dylib
0x0000000017e87000 	/usr/lib/system/libdyld.dylib
0x0000000017e87000 	/usr/lib/system/libkeymgr.dylib
0x0000000017e87000 	/usr/lib/system/liblaunch.dylib
0x0000000017e87000 	/usr/lib/system/libmacho.dylib
0x0000000017e87000 	/usr/lib/system/libquarantine.dylib
0x0000000017e87000 	/usr/lib/system/libremovefile.dylib
0x0000000017e87000 	/usr/lib/system/libsystem_asl.dylib
0x0000000017e87000 	/usr/lib/system/libsystem_blocks.dylib
0x0000000017e87000 	/usr/lib/system/libsystem_c.dylib
0x0000000017e87000 	/usr/lib/system/libsystem_configuration.dylib
0x0000000017e87000 	/usr/lib/system/libsystem_coreservices.dylib
0x0000000017e87000 	/usr/lib/system/libsystem_darwin.dylib
0x0000000017e87000 	/usr/lib/system/libsystem_dnssd.dylib
0x0000000017e87000 	/usr/lib/system/libsystem_info.dylib
0x0000000017e87000 	/usr/lib/system/libsystem_m.dylib
0x0000000017e87000 	/usr/lib/system/libsystem_malloc.dylib
0x0000000017e87000 	/usr/lib/system/libsystem_network.dylib
0x0000000017e87000 	/usr/lib/system/libsystem_networkextension.dylib
0x0000000017e87000 	/usr/lib/system/libsystem_notify.dylib
0x0000000017e87000 	/usr/lib/system/libsystem_sandbox.dylib
0x0000000017e87000 	/usr/lib/system/libsystem_secinit.dylib
0x0000000017e87000 	/usr/lib/system/libsystem_kernel.dylib
0x0000000017e87000 	/usr/lib/system/libsystem_platform.dylib
0x0000000017e87000 	/usr/lib/system/libsystem_pthread.dylib
0x0000000017e87000 	/usr/lib/system/libsystem_symptoms.dylib
0x0000000017e87000 	/usr/lib/system/libsystem_trace.dylib
0x0000000017e87000 	/usr/lib/system/libunwind.dylib
0x0000000017e87000 	/usr/lib/system/libxpc.dylib
0x0000000017e87000 	/usr/lib/closure/libclosured.dylib
0x0000000017e87000 	/usr/lib/libbsm.0.dylib
0x0000000017e87000 	/usr/lib/system/libkxld.dylib
0x0000000017e87000 	/usr/lib/libOpenScriptingUtil.dylib
0x0000000017e87000 	/usr/lib/libcoretls.dylib
0x0000000017e87000 	/usr/lib/libcoretls_cfhelpers.dylib
0x0000000017e87000 	/usr/lib/libpam.2.dylib
0x0000000017e87000 	/usr/lib/libsqlite3.dylib
0x0000000017e87000 	/usr/lib/libxar.1.dylib
0x0000000017e87000 	/usr/lib/libbz2.1.0.dylib
0x0000000017e87000 	/usr/lib/liblzma.5.dylib
0x0000000017e87000 	/usr/lib/libnetwork.dylib
0x0000000017e87000 	/usr/lib/libapple_nghttp2.dylib
0x0000000017e87000 	/usr/lib/libpcap.A.dylib
0x0000000017e87000 	/usr/lib/libboringssl.dylib
0x0000000017e87000 	/usr/lib/libusrtcp.dylib
0x0000000017e87000 	/usr/lib/libapple_crypto.dylib
0x0000000017e87000 	/System/Library/Frameworks/CoreServices.framework/Versions/A/Frameworks/FSEvents.framework/Versions/A/FSEvents
0x0000000017e87000 	/System/Library/Frameworks/CoreServices.framework/Versions/A/Frameworks/CarbonCore.framework/Versions/A/CarbonCore
0x0000000017e87000 	/System/Library/Frameworks/CoreServices.framework/Versions/A/Frameworks/Metadata.framework/Versions/A/Metadata
0x0000000017e87000 	/System/Library/Frameworks/CoreServices.framework/Versions/A/Frameworks/OSServices.framework/Versions/A/OSServices
0x0000000017e87000 	/System/Library/Frameworks/CoreServices.framework/Versions/A/Frameworks/SearchKit.framework/Versions/A/SearchKit
0x0000000017e87000 	/System/Library/Frameworks/CoreServices.framework/Versions/A/Frameworks/AE.framework/Versions/A/AE
0x0000000017e87000 	/System/Library/Frameworks/CoreServices.framework/Versions/A/Frameworks/LaunchServices.framework/Versions/A/LaunchServices
0x0000000017e87000 	/System/Library/Frameworks/CoreServices.framework/Versions/A/Frameworks/DictionaryServices.framework/Versions/A/DictionaryServices
0x0000000017e87000 	/System/Library/Frameworks/CoreServices.framework/Versions/A/Frameworks/SharedFileList.framework/Versions/A/SharedFileList
0x0000000017e87000 	/System/Library/Frameworks/NetFS.framework/Versions/A/NetFS
0x0000000017e87000 	/System/Library/PrivateFrameworks/NetAuth.framework/Versions/A/NetAuth
0x0000000017e87000 	/System/Library/PrivateFrameworks/login.framework/Versions/A/Frameworks/loginsupport.framework/Versions/A/loginsupport
0x0000000017e87000 	/System/Library/PrivateFrameworks/TCC.framework/Versions/A/TCC
0x0000000017e87000 	/usr/lib/libmecabra.dylib
0x0000000017e87000 	/System/Library/Frameworks/ApplicationServices.framework/Versions/A/Frameworks/ATS.framework/Versions/A/ATS
0x0000000017e87000 	/System/Library/Frameworks/ApplicationServices.framework/Versions/A/Frameworks/ColorSyncLegacy.framework/Versions/A/ColorSyncLegacy
0x0000000017e87000 	/System/Library/Frameworks/ApplicationServices.framework/Versions/A/Frameworks/HIServices.framework/Versions/A/HIServices
0x0000000017e87000 	/System/Library/Frameworks/ApplicationServices.framework/Versions/A/Frameworks/LangAnalysis.framework/Versions/A/LangAnalysis
0x0000000017e87000 	/System/Library/Frameworks/ApplicationServices.framework/Versions/A/Frameworks/PrintCore.framework/Versions/A/PrintCore
0x0000000017e87000 	/System/Library/Frameworks/ApplicationServices.framework/Versions/A/Frameworks/QD.framework/Versions/A/QD
0x0000000017e87000 	/System/Library/Frameworks/ApplicationServices.framework/Versions/A/Frameworks/SpeechSynthesis.framework/Versions/A/SpeechSynthesis
0x0000000017e87000 	/System/Library/Frameworks/CoreDisplay.framework/Versions/A/CoreDisplay
0x0000000017e87000 	/System/Library/Frameworks/Accelerate.framework/Versions/A/Frameworks/vImage.framework/Versions/A/vImage
0x0000000017e87000 	/System/Library/Frameworks/Accelerate.framework/Versions/A/Frameworks/vecLib.framework/Versions/A/vecLib
0x0000000017e87000 	/System/Library/Frameworks/Accelerate.framework/Versions/A/Frameworks/vecLib.framework/Versions/A/libvDSP.dylib
0x0000000017e87000 	/System/Library/Frameworks/Accelerate.framework/Versions/A/Frameworks/vecLib.framework/Versions/A/libBNNS.dylib
0x0000000017e87000 	/System/Library/Frameworks/Accelerate.framework/Versions/A/Frameworks/vecLib.framework/Versions/A/libQuadrature.dylib
0x0000000017e87000 	/System/Library/Frameworks/Accelerate.framework/Versions/A/Frameworks/vecLib.framework/Versions/A/libvMisc.dylib
0x0000000017e87000 	/System/Library/Frameworks/Accelerate.framework/Versions/A/Frameworks/vecLib.framework/Versions/A/libLAPACK.dylib
0x0000000017e87000 	/System/Library/Frameworks/Accelerate.framework/Versions/A/Frameworks/vecLib.framework/Versions/A/libBLAS.dylib
0x0000000017e87000 	/System/Library/Frameworks/Accelerate.framework/Versions/A/Frameworks/vecLib.framework/Versions/A/libLinearAlgebra.dylib
0x0000000017e87000 	/System/Library/Frameworks/Accelerate.framework/Versions/A/Frameworks/vecLib.framework/Versions/A/libSparse.dylib
0x0000000017e87000 	/System/Library/Frameworks/Accelerate.framework/Versions/A/Frameworks/vecLib.framework/Versions/A/libSparseBLAS.dylib
0x0000000017e87000 	/System/Library/PrivateFrameworks/IOAccelerator.framework/Versions/A/IOAccelerator
0x0000000017e87000 	/System/Library/PrivateFrameworks/IOPresentment.framework/Versions/A/IOPresentment
0x0000000017e87000 	/System/Library/PrivateFrameworks/DSExternalDisplay.framework/Versions/A/DSExternalDisplay
0x0000000017e87000 	/System/Library/Frameworks/OpenGL.framework/Versions/A/Libraries/libCoreFSCache.dylib
0x0000000017e87000 	/System/Library/Frameworks/CoreVideo.framework/Versions/A/CoreVideo
0x0000000017e87000 	/System/Library/PrivateFrameworks/GraphVisualizer.framework/Versions/A/GraphVisualizer
0x0000000017e87000 	/System/Library/Frameworks/MetalPerformanceShaders.framework/Versions/A/MetalPerformanceShaders
0x0000000017e87000 	/usr/lib/libFosl_dynamic.dylib
0x0000000017e87000 	/System/Library/PrivateFrameworks/FaceCore.framework/Versions/A/FaceCore
0x0000000017e87000 	/System/Library/Frameworks/OpenCL.framework/Versions/A/OpenCL
0x0000000017e87000 	/usr/lib/libcompression.dylib
0x0000000017e87000 	/System/Library/Frameworks/ApplicationServices.framework/Versions/A/Frameworks/ATS.framework/Versions/A/Resources/libFontParser.dylib
0x0000000017e87000 	/System/Library/Frameworks/ApplicationServices.framework/Versions/A/Frameworks/ATS.framework/Versions/A/Resources/libFontRegistry.dylib
0x0000000017e87000 	/System/Library/Frameworks/ImageIO.framework/Versions/A/Resources/libJPEG.dylib
0x0000000017e87000 	/System/Library/Frameworks/ImageIO.framework/Versions/A/Resources/libTIFF.dylib
0x0000000017e87000 	/System/Library/Frameworks/ImageIO.framework/Versions/A/Resources/libPng.dylib
0x0000000017e87000 	/System/Library/Frameworks/ImageIO.framework/Versions/A/Resources/libGIF.dylib
0x0000000017e87000 	/System/Library/Frameworks/ImageIO.framework/Versions/A/Resources/libJP2.dylib
0x0000000017e87000 	/System/Library/Frameworks/ImageIO.framework/Versions/A/Resources/libRadiance.dylib
0x0000000017e87000 	/System/Library/PrivateFrameworks/AppleJPEG.framework/Versions/A/AppleJPEG
0x0000000017e87000 	/System/Library/PrivateFrameworks/MetalTools.framework/Versions/A/MetalTools
0x0000000017e87000 	/System/Library/Frameworks/MetalPerformanceShaders.framework/Frameworks/MPSCore.framework/Versions/A/MPSCore
0x0000000017e87000 	/System/Library/Frameworks/MetalPerformanceShaders.framework/Frameworks/MPSImage.framework/Versions/A/MPSImage
0x0000000017e87000 	/System/Library/Frameworks/MetalPerformanceShaders.framework/Frameworks/MPSMatrix.framework/Versions/A/MPSMatrix
0x0000000017e87000 	/System/Library/Frameworks/MetalPerformanceShaders.framework/Frameworks/MPSNeuralNetwork.framework/Versions/A/MPSNeuralNetwork
0x0000000017e87000 	/System/Library/Frameworks/OpenGL.framework/Versions/A/Libraries/libGLU.dylib
0x0000000017e87000 	/System/Library/Frameworks/OpenGL.framework/Versions/A/Libraries/libGFXShared.dylib
0x0000000017e87000 	/System/Library/Frameworks/OpenGL.framework/Versions/A/Libraries/libGL.dylib
0x0000000017e87000 	/System/Library/Frameworks/OpenGL.framework/Versions/A/Libraries/libGLImage.dylib
0x0000000017e87000 	/System/Library/Frameworks/OpenGL.framework/Versions/A/Libraries/libCVMSPluginSupport.dylib
0x0000000017e87000 	/System/Library/Frameworks/OpenGL.framework/Versions/A/Libraries/libCoreVMClient.dylib
0x0000000017e87000 	/usr/lib/libcups.2.dylib
0x0000000017e87000 	/System/Library/Frameworks/Kerberos.framework/Versions/A/Kerberos
0x0000000017e87000 	/System/Library/Frameworks/GSS.framework/Versions/A/GSS
0x0000000017e87000 	/usr/lib/libresolv.9.dylib
0x0000000017e87000 	/usr/lib/libiconv.2.dylib
0x0000000017e87000 	/System/Library/PrivateFrameworks/Heimdal.framework/Versions/A/Heimdal
0x0000000017e87000 	/usr/lib/libheimdal-asn1.dylib
0x0000000017e87000 	/System/Library/Frameworks/OpenDirectory.framework/Versions/A/OpenDirectory
0x0000000017e87000 	/System/Library/PrivateFrameworks/CommonAuth.framework/Versions/A/CommonAuth
0x0000000017e87000 	/System/Library/Frameworks/OpenDirectory.framework/Versions/A/Frameworks/CFOpenDirectory.framework/Versions/A/CFOpenDirectory
0x0000000017e87000 	/System/Library/Frameworks/SecurityFoundation.framework/Versions/A/SecurityFoundation
0x0000000017e87000 	/System/Library/PrivateFrameworks/APFS.framework/Versions/A/APFS
0x0000000017e87000 	/usr/lib/libutil.dylib
0x0000000017e87000 	/System/Library/PrivateFrameworks/AppleSauce.framework/Versions/A/AppleSauce
0x0000000017e87000 	/System/Library/PrivateFrameworks/LinguisticData.framework/Versions/A/LinguisticData
0x0000000017e87000 	/usr/lib/libmarisa.dylib
0x0000000017e87000 	/System/Library/PrivateFrameworks/Lexicon.framework/Versions/A/Lexicon
0x0000000017e87000 	/usr/lib/libChineseTokenizer.dylib
0x0000000017e87000 	/usr/lib/libcmph.dylib
0x0000000017e87000 	/System/Library/PrivateFrameworks/LanguageModeling.framework/Versions/A/LanguageModeling
0x0000000017e87000 	/System/Library/PrivateFrameworks/CoreEmoji.framework/Versions/A/CoreEmoji
0x0000000017e87000 	/System/Library/Frameworks/ServiceManagement.framework/Versions/A/ServiceManagement
0x0000000017e87000 	/System/Library/PrivateFrameworks/BackgroundTaskManagement.framework/Versions/A/BackgroundTaskManagement
0x0000000017e87000 	/usr/lib/libxslt.1.dylib
0x0000000017e87000 	/System/Library/Frameworks/Carbon.framework/Versions/A/Frameworks/Ink.framework/Versions/A/Ink
0x0000000017e87000 	/System/Library/PrivateFrameworks/TextureIO.framework/Versions/A/TextureIO
0x0000000017e87000 	/usr/lib/libate.dylib
0x0000000017e87000 	/System/Library/PrivateFrameworks/CrashReporterSupport.framework/Versions/A/CrashReporterSupport
0x0000000017e87000 	/System/Library/PrivateFrameworks/Sharing.framework/Versions/A/Sharing
0x0000000017e87000 	/System/Library/PrivateFrameworks/IconServices.framework/Versions/A/IconServices
0x0000000017e87000 	/System/Library/PrivateFrameworks/ProtocolBuffer.framework/Versions/A/ProtocolBuffer
0x0000000017e87000 	/System/Library/PrivateFrameworks/Apple80211.framework/Versions/A/Apple80211
0x0000000017e87000 	/System/Library/Frameworks/CoreWLAN.framework/Versions/A/CoreWLAN
0x0000000017e87000 	/System/Library/PrivateFrameworks/CoreUtils.framework/Versions/A/CoreUtils
0x0000000017e87000 	/System/Library/Frameworks/IOBluetooth.framework/Versions/A/IOBluetooth
0x0000000017e87000 	/System/Library/PrivateFrameworks/CoreWiFi.framework/Versions/A/CoreWiFi
0x0000000017e87000 	/System/Library/Frameworks/CoreBluetooth.framework/Versions/A/CoreBluetooth
0x0000000017e87000 	/System/Library/PrivateFrameworks/SignpostNotification.framework/Versions/A/SignpostNotification
0x0000000017e87000 	/System/Library/PrivateFrameworks/DebugSymbols.framework/Versions/A/DebugSymbols
0x0000000017e87000 	/System/Library/PrivateFrameworks/CoreSymbolication.framework/Versions/A/CoreSymbolication
0x0000000017e87000 	/System/Library/PrivateFrameworks/Symbolication.framework/Versions/A/Symbolication
0x0000000017e87000 	/System/Library/PrivateFrameworks/AppleFSCompression.framework/Versions/A/AppleFSCompression
0x0000000017e87000 	/System/Library/PrivateFrameworks/SpeechRecognitionCore.framework/Versions/A/SpeechRecognitionCore
0x0000000108000000 	/Library/Java/JavaVirtualMachines/jdk1.8.0_161.jdk/Contents/Home/jre/lib/server/libjvm.dylib
0x0000000017e87000 	/usr/lib/libstdc++.6.0.9.dylib
0x0000000105fd5000 	/Library/Java/JavaVirtualMachines/jdk1.8.0_161.jdk/Contents/Home/jre/lib/libverify.dylib
0x0000000108fae000 	/Library/Java/JavaVirtualMachines/jdk1.8.0_161.jdk/Contents/Home/jre/lib/libjava.dylib
0x0000000105fed000 	/Library/Java/JavaVirtualMachines/jdk1.8.0_161.jdk/Contents/Home/jre/lib/libzip.dylib
0x00000001110bd000 	/Library/Java/JavaVirtualMachines/jdk1.8.0_161.jdk/Contents/Home/jre/lib/libawt.dylib
0x0000000111167000 	/Library/Java/JavaVirtualMachines/jdk1.8.0_161.jdk/Contents/Home/jre/lib/./libmlib_image.dylib
0x0000000017e87000 	/System/Library/Frameworks/JavaVM.framework/Versions/A/Frameworks/JavaNativeFoundation.framework/Versions/A/JavaNativeFoundation
0x0000000017e87000 	/System/Library/Frameworks/JavaVM.framework/Versions/A/Frameworks/JavaRuntimeSupport.framework/Versions/A/JavaRuntimeSupport
0x0000000017e87000 	/System/Library/Frameworks/JavaVM.framework/Versions/A/JavaVM
0x0000000017e87000 	/System/Library/PrivateFrameworks/JavaLaunching.framework/Versions/A/JavaLaunching
0x0000000017e87000 	/System/Library/Frameworks/Carbon.framework/Versions/A/Carbon
0x0000000017e87000 	/System/Library/Frameworks/Carbon.framework/Versions/A/Frameworks/CommonPanels.framework/Versions/A/CommonPanels
0x0000000017e87000 	/System/Library/Frameworks/Carbon.framework/Versions/A/Frameworks/Help.framework/Versions/A/Help
0x0000000017e87000 	/System/Library/Frameworks/Carbon.framework/Versions/A/Frameworks/ImageCapture.framework/Versions/A/ImageCapture
0x0000000017e87000 	/System/Library/Frameworks/Carbon.framework/Versions/A/Frameworks/OpenScripting.framework/Versions/A/OpenScripting
0x0000000017e87000 	/System/Library/Frameworks/Carbon.framework/Versions/A/Frameworks/Print.framework/Versions/A/Print
0x0000000017e87000 	/System/Library/Frameworks/Carbon.framework/Versions/A/Frameworks/SecurityHI.framework/Versions/A/SecurityHI
0x0000000111233000 	/Library/Java/JavaVirtualMachines/jdk1.8.0_161.jdk/Contents/Home/jre/lib/libawt_lwawt.dylib
0x00000001112ed000 	/Library/Java/JavaVirtualMachines/jdk1.8.0_161.jdk/Contents/Home/jre/lib/./libosxapp.dylib
0x0000000017e87000 	/System/Library/Frameworks/ExceptionHandling.framework/Versions/A/ExceptionHandling
0x0000000017e87000 	/System/Library/PrivateFrameworks/CoreServicesInternal.framework/Versions/A/CoreServicesInternal
0x0000000017e87000 	/System/Library/CoreServices/RawCamera.bundle/Contents/MacOS/RawCamera
0x0000000017e87000 	/System/Library/PrivateFrameworks/MobileAsset.framework/Versions/A/MobileAsset
0x0000000017e87000 	/System/Library/PrivateFrameworks/StreamingZip.framework/Versions/A/StreamingZip
0x0000000017e87000 	/System/Library/Frameworks/MediaToolbox.framework/Versions/A/MediaToolbox
0x0000000017e87000 	/System/Library/PrivateFrameworks/CoreAVCHD.framework/Versions/A/CoreAVCHD
0x0000000017e87000 	/System/Library/Frameworks/MediaAccessibility.framework/Versions/A/MediaAccessibility
0x0000000017e87000 	/System/Library/PrivateFrameworks/Mangrove.framework/Versions/A/Mangrove
0x0000000017e87000 	/System/Library/Frameworks/CoreMedia.framework/Versions/A/CoreMedia
0x0000000017e87000 	/System/Library/Frameworks/VideoToolbox.framework/Versions/A/VideoToolbox
0x0000000017e87000 	/System/Library/PrivateFrameworks/CoreAUC.framework/Versions/A/CoreAUC
0x0000000017e87000 	/usr/lib/libspindump.dylib
0x0000000017e87000 	/usr/lib/libdscsym.dylib
0x0000000017e87000 	/System/Library/PrivateFrameworks/AppleVA.framework/Versions/A/AppleVA
0x0000000017e87000 	/System/Library/Frameworks/Accelerate.framework/Versions/A/Frameworks/vImage.framework/Versions/A/Libraries/libCGInterfaces.dylib
0x0000000017e87000 	/System/Library/Frameworks/ApplicationServices.framework/Versions/A/Frameworks/ATS.framework/Versions/A/Resources/libTrueTypeScaler.dylib
0x0000000017e87000 	/System/Library/Frameworks/OpenGL.framework/Versions/A/Resources/GLEngine.bundle/GLEngine
0x0000000017e87000 	/System/Library/Frameworks/OpenGL.framework/Versions/A/Libraries/libGLProgrammability.dylib
0x00000001133d0000 	/System/Library/Extensions/AMDRadeonX5000GLDriver.bundle/Contents/MacOS/AMDRadeonX5000GLDriver
0x0000000017e87000 	/System/Library/PrivateFrameworks/GPUSupport.framework/Versions/A/Libraries/libGPUSupportMercury.dylib
0x0000000017e87000 	/System/Library/Extensions/AMDRadeonX5000GLDriver.bundle/Contents/MacOS/ATIRadeonX5000SCLib.dylib
0x0000000017e87000 	/System/Library/Frameworks/OpenGL.framework/Versions/A/Resources/GLRendererFloat.bundle/GLRendererFloat
0x0000000017e87000 	/System/Library/Frameworks/OpenCL.framework/Versions/A/Libraries/libcldcpuengine.dylib
0x0000000017e87000 	/usr/lib/libcrypto.35.dylib
0x0000000017e87000 	/System/Library/PrivateFrameworks/TrustEvaluationAgent.framework/Versions/A/TrustEvaluationAgent
0x0000000113568000 	/System/Library/Extensions/AMDRadeonX5000MTLDriver.bundle/Contents/MacOS/AMDRadeonX5000MTLDriver
0x0000000017e87000 	/System/Library/PrivateFrameworks/IOAccelMemoryInfo.framework/Versions/A/IOAccelMemoryInfo
0x0000000017e87000 	/System/Library/PrivateFrameworks/GPUCompiler.framework/Versions/3802/Libraries/libmetal_timestamp.dylib
0x0000000017e87000 	/System/Library/PrivateFrameworks/FamilyControls.framework/Versions/A/FamilyControls
0x0000000017e87000 	/System/Library/PrivateFrameworks/CommerceKit.framework/Versions/A/Frameworks/CommerceCore.framework/Versions/A/CommerceCore
0x0000000017e87000 	/System/Library/PrivateFrameworks/SystemAdministration.framework/Versions/A/SystemAdministration
0x0000000017e87000 	/System/Library/PrivateFrameworks/AppContainer.framework/Versions/A/AppContainer
0x0000000017e87000 	/System/Library/PrivateFrameworks/SecCodeWrapper.framework/Versions/A/SecCodeWrapper
0x0000000017e87000 	/System/Library/PrivateFrameworks/DiskManagement.framework/Versions/A/DiskManagement
0x0000000017e87000 	/System/Library/Frameworks/DirectoryService.framework/Versions/A/DirectoryService
0x0000000017e87000 	/System/Library/PrivateFrameworks/DiskImages.framework/Versions/A/DiskImages
0x0000000017e87000 	/System/Library/PrivateFrameworks/LoginUIKit.framework/Versions/A/Frameworks/LoginUICore.framework/Versions/A/LoginUICore
0x0000000017e87000 	/usr/lib/libCoreStorage.dylib
0x0000000017e87000 	/usr/lib/libcsfde.dylib
0x0000000017e87000 	/usr/lib/libodfde.dylib
0x0000000017e87000 	/System/Library/PrivateFrameworks/MediaKit.framework/Versions/A/MediaKit
0x0000000017e87000 	/System/Library/Frameworks/DiscRecording.framework/Versions/A/DiscRecording
0x0000000017e87000 	/System/Library/PrivateFrameworks/EFILogin.framework/Versions/A/EFILogin
0x0000000017e87000 	/System/Library/PrivateFrameworks/ProtectedCloudStorage.framework/Versions/A/ProtectedCloudStorage
0x0000000017e87000 	/usr/lib/libcurl.4.dylib
0x0000000017e87000 	/usr/lib/libssl.35.dylib
0x0000000017e87000 	/System/Library/Frameworks/LDAP.framework/Versions/A/LDAP
0x0000000017e87000 	/usr/lib/libsasl2.2.dylib
0x0000000017e87000 	/System/Library/PrivateFrameworks/CoreDaemon.framework/Versions/B/CoreDaemon
0x0000000017e87000 	/System/Library/PrivateFrameworks/AppleSRP.framework/Versions/A/AppleSRP
0x000000011399b000 	/Library/Java/JavaVirtualMachines/jdk1.8.0_161.jdk/Contents/Home/jre/lib/libfontmanager.dylib
0x0000000113da4000 	/Library/Java/JavaVirtualMachines/jdk1.8.0_161.jdk/Contents/Home/jre/lib/libnet.dylib
0x0000000113e03000 	/Library/Java/JavaVirtualMachines/jdk1.8.0_161.jdk/Contents/Home/jre/lib/libnio.dylib
0x0000000113e13000 	/private/var/folders/bk/ndty32gx6jgch4m92w7zt3580000gn/T/jogamp_0000/file_cache/jln8663277732165209359/jln2716083687962954935/natives/macosx-universal/libgluegen-rt.jnilib
0x0000000113e17000 	/private/var/folders/bk/ndty32gx6jgch4m92w7zt3580000gn/T/jogamp_0000/file_cache/jln8663277732165209359/jln2716083687962954935/natives/macosx-universal/libnativewindow_awt.jnilib
0x0000000113e1a000 	/Library/Java/JavaVirtualMachines/jdk1.8.0_161.jdk/Contents/Home/jre/lib/libjawt.dylib
0x0000000113e63000 	/private/var/folders/bk/ndty32gx6jgch4m92w7zt3580000gn/T/jogamp_0000/file_cache/jln8663277732165209359/jln2716083687962954935/natives/macosx-universal/libnativewindow_macosx.jnilib
0x0000000113f52000 	/private/var/folders/bk/ndty32gx6jgch4m92w7zt3580000gn/T/jogamp_0000/file_cache/jln8663277732165209359/jln2716083687962954935/natives/macosx-universal/libnewt.jnilib
0x0000000112f80000 	/private/var/folders/bk/ndty32gx6jgch4m92w7zt3580000gn/T/jogamp_0000/file_cache/jln8663277732165209359/jln2716083687962954935/natives/macosx-universal/libjogl_desktop.jnilib
0x0000000112454000 	/private/var/folders/bk/ndty32gx6jgch4m92w7zt3580000gn/T/jogamp_0000/file_cache/jln8663277732165209359/jln2716083687962954935/natives/macosx-universal/libjogl_mobile.jnilib
0x000000011339f000 	/Library/Java/JavaVirtualMachines/jdk1.8.0_161.jdk/Contents/Home/jre/lib/libjsound.dylib
0x0000000017e87000 	/System/Library/Frameworks/CoreMIDI.framework/Versions/A/CoreMIDI
0x0000000017e87000 	/usr/lib/libexpat.1.dylib
0x00000001114ac000 	/private/var/folders/bk/ndty32gx6jgch4m92w7zt3580000gn/T/coreMidi4J8435982088108851294.tmp/libCoreMidi4J.dylib
0x0000000111cf6000 	/Library/Java/JavaVirtualMachines/jdk1.8.0_161.jdk/Contents/Home/jre/lib/libjpeg.dylib
0x0000000111d24000 	/Library/Java/JavaVirtualMachines/jdk1.8.0_161.jdk/Contents/Home/jre/lib/liblcms.dylib
0x00000001ad208000 	/private/var/folders/bk/ndty32gx6jgch4m92w7zt3580000gn/T/libaparapi_x86_64603898574900203376.dylib
0x00000001ad2a2000 	/System/Library/Components/CoreAudio.component/Contents/MacOS/CoreAudio
0x0000000112196000 	/Library/Java/JavaVirtualMachines/jdk1.8.0_161.jdk/Contents/Home/jre/lib/libdcpr.dylib
0x0000000017e87000 	/System/Library/PrivateFrameworks/login.framework/Versions/A/login

VM Arguments:
jvm_args: -Dcom.sun.management.jmxremote -Dcom.sun.management.jmxremote.port=12345 -Dcom.sun.management.jmxremote.authenticate=false -Dcom.sun.management.jmxremote.ssl=false -Dfile.encoding=UTF-8 -Duser.country=US -Duser.language=en -Duser.variant 
java_command: com.symmetrylabs.slstudio.SLStudio
java_class_path (initial): /Users/symmetrylabs/Documents/GitHub/SLStudio/build/classes/java/main:/Users/symmetrylabs/Documents/GitHub/SLStudio/build/classes/kotlin/main:/Users/symmetrylabs/Documents/GitHub/SLStudio/build/resources/main:/Users/symmetrylabs/Documents/GitHub/SLStudio/libs/gluegen-rt-natives-linux-aarch64.jar:/Users/symmetrylabs/Documents/GitHub/SLStudio/libs/gluegen-rt-natives-linux-amd64.jar:/Users/symmetrylabs/Documents/GitHub/SLStudio/libs/gluegen-rt-natives-linux-armv6hf.jar:/Users/symmetrylabs/Documents/GitHub/SLStudio/libs/gluegen-rt-natives-linux-i586.jar:/Users/symmetrylabs/Documents/GitHub/SLStudio/libs/gluegen-rt-natives-macosx-universal.jar:/Users/symmetrylabs/Documents/GitHub/SLStudio/libs/gluegen-rt-natives-windows-amd64.jar:/Users/symmetrylabs/Documents/GitHub/SLStudio/libs/gluegen-rt-natives-windows-i586.jar:/Users/symmetrylabs/Documents/GitHub/SLStudio/libs/gluegen-rt.jar:/Users/symmetrylabs/Documents/GitHub/SLStudio/libs/jogl-all-2.3.2-natives-linux-amd64.jar:/Users/symmetrylabs/Documents/GitHub/SLStudio/libs/jogl-all-natives-linux-aarch64.jar:/Users/symmetrylabs/Documents/GitHub/SLStudio/libs/jogl-all-natives-linux-amd64.jar:/Users/symmetrylabs/Documents/GitHub/SLStudio/libs/jogl-all-natives-linux-armv6hf.jar:/Users/symmetrylabs/Documents/GitHub/SLStudio/libs/jogl-all-natives-linux-i586.jar:/Users/symmetrylabs/Documents/GitHub/SLStudio/libs/jogl-all-natives-macosx-universal.jar:/Users/symmetrylabs/Documents/GitHub/SLStudio/libs/jogl-all-natives-windows-amd64.jar:/Users/symmetrylabs/Documents/GitHub/SLStudio/libs/jogl-all-natives-windows-i586.jar:/Users/symmetrylabs/Documents/GitHub/SLStudio/libs/jogl-all.jar:/Users/symmetrylabs/Documents/GitHub/SLStudio/libs/P3LX.jar:/Users/symmetrylabs/.gradle/caches/modules-2/files-2.1/org.processing/core/3.3.6/f89688e748c841a79624ac2b68f92f9df3ea186a/core-3.3.6.jar:/Users/symmetrylabs/.gradle/caches/modules-2/files-2.1/com.harium/kdtree/1.0.0/672b9c3f7f966d31baa1a1c36c186ec0d74b85c9/kdtree-1.0.0.
Launcher Type: SUN_STANDARD

Environment Variables:
PATH=/usr/bin:/bin:/usr/sbin:/sbin
SHELL=/bin/bash

Signal Handlers:
SIGSEGV: [libjvm.dylib+0x5b5439], sa_mask[0]=11111111011111110111111111111111, sa_flags=SA_ONSTACK|SA_RESTART|SA_SIGINFO
SIGBUS: [libjvm.dylib+0x5b5439], sa_mask[0]=11111111011111110111111111111111, sa_flags=SA_RESTART|SA_SIGINFO
SIGFPE: [libjvm.dylib+0x48ae24], sa_mask[0]=11111111011111110111111111111111, sa_flags=SA_RESTART|SA_SIGINFO
SIGPIPE: [libjvm.dylib+0x48ae24], sa_mask[0]=11111111011111110111111111111111, sa_flags=SA_RESTART|SA_SIGINFO
SIGXFSZ: [libjvm.dylib+0x48ae24], sa_mask[0]=11111111011111110111111111111111, sa_flags=SA_RESTART|SA_SIGINFO
SIGILL: [libjvm.dylib+0x48ae24], sa_mask[0]=11111111011111110111111111111111, sa_flags=SA_RESTART|SA_SIGINFO
SIGUSR1: SIG_DFL, sa_mask[0]=00000000000000000000000000000000, sa_flags=none
SIGUSR2: [libjvm.dylib+0x48a942], sa_mask[0]=00100000000000000000000000000000, sa_flags=SA_RESTART|SA_SIGINFO
SIGHUP: [libjvm.dylib+0x488f0d], sa_mask[0]=11111111011111110111111111111111, sa_flags=SA_RESTART|SA_SIGINFO
SIGINT: [libjvm.dylib+0x488f0d], sa_mask[0]=11111111011111110111111111111111, sa_flags=SA_RESTART|SA_SIGINFO
SIGTERM: [libjvm.dylib+0x488f0d], sa_mask[0]=11111111011111110111111111111111, sa_flags=SA_RESTART|SA_SIGINFO
SIGQUIT: [libjvm.dylib+0x488f0d], sa_mask[0]=11111111011111110111111111111111, sa_flags=SA_RESTART|SA_SIGINFO


---------------  S Y S T E M  ---------------

OS:Bsduname:Darwin 17.4.0 Darwin Kernel Version 17.4.0: Tue Dec 19 10:52:05 PST 2017; root:xnu-4570.47.16~1/RELEASE_X86_64 x86_64
rlimit: STACK 8192k, CORE 0k, NPROC 2837, NOFILE 10240, AS infinity
load average:6.35 5.14 5.14

CPU:total 16 (initial active 16) (8 cores per cpu, 2 threads per core) family 6 model 85 stepping 4, cmov, cx8, fxsr, mmx, sse, sse2, sse3, ssse3, sse4.1, sse4.2, popcnt, avx, avx2, aes, clmul, erms, rtm, 3dnowpref, lzcnt, ht, tsc, tscinvbit, bmi1, bmi2, adx

Memory: 4k page, physical 33554432k(2056300k free)

/proc/meminfo:


vm_info: Java HotSpot(TM) 64-Bit Server VM (25.161-b12) for bsd-amd64 JRE (1.8.0_161-b12), built on Dec 19 2017 16:22:20 by "java_re" with gcc 4.2.1 (Based on Apple Inc. build 5658) (LLVM build 2336.11.00)

time: Mon Feb  5 22:15:49 2018
elapsed time: 3007 seconds (0d 0h 50m 7s)

