#
# A fatal error has been detected by the Java Runtime Environment:
#
#  SIGSEGV (0xb) at pc=0x00007fffd28f5d3a, pid=1149, tid=0x0000000000021c33
#
# JRE version: Java(TM) SE Runtime Environment (8.0_152-b16) (build 1.8.0_152-b16)
# Java VM: Java HotSpot(TM) 64-Bit Server VM (25.152-b16 mixed mode bsd-amd64 compressed oops)
# Problematic frame:
# C  [CoreFoundation+0x8ed3a]  -[NSSet isEqual:]+0x4a
#
# Failed to write core dump. Core dumps have been disabled. To enable core dumping, try "ulimit -c unlimited" before starting Java again
#
# If you would like to submit a bug report, please visit:
#   http://bugreport.java.com/bugreport/crash.jsp
#

---------------  T H R E A D  ---------------

Current thread is native thread

siginfo: si_signo: 11 (SIGSEGV), si_code: 1 (SEGV_MAPERR), si_addr: 0x000000000000007b

Registers:
RAX=0x00000000c3000001, RBX=0x000000000000003a, RCX=0x00007ffbfb15bd28, RDX=0x0000000000000200
RSP=0x000070000cf39c20, RBP=0x000070000cf39c30, RSI=0x00007fffd1007142, RDI=0x00007ffbf9738cc0
R8 =0x000000000000003f, R9 =0x00007ffbfb15ba90, R10=0x00ac240100ac2480, R11=0x00007fffd28f5cf0
R12=0x00007ffc0b6e5510, R13=0xb2e582b7d4f5003a, R14=0x00007ffbf9738cc0, R15=0x00007ffbfb15ba90
RIP=0x00007fffd28f5d3a, EFLAGS=0x0000000000010a02, ERR=0x0000000000000006
  TRAPNO=0x000000000000000e

Top of Stack: (sp=0x000070000cf39c20)
0x000070000cf39c20:   00007ffbfb15bd20 00007ffc0b6e5548
0x000070000cf39c30:   000070000cf39cd0 00007fffe346d0e1
0x000070000cf39c40:   0000000000000060 0000000100340800
0x000070000cf39c50:   00007ffc14600000 000000000000000b
0x000070000cf39c60:   0000000100340800 0000000000000003
0x000070000cf39c70:   0000000100336000 00007ffc14600000
0x000070000cf39c80:   000070000cf39cf0 00007fffe82020d5
0x000070000cf39c90:   0000000000000014 0000000000000000
0x000070000cf39ca0:   b2e582b7d4f5003a 00007ffc0b6e5510
0x000070000cf39cb0:   0000000000000014 0000000000000000
0x000070000cf39cc0:   0000000000000000 0000000102a01180
0x000070000cf39cd0:   000070000cf39cf0 00007fffe803b524
0x000070000cf39ce0:   00000001018015c0 00007ffbfb15bb90
0x000070000cf39cf0:   000070000cf39d10 00007fffe80328fc
0x000070000cf39d00:   00000001018015c0 00007ffbfb15bb90
0x000070000cf39d10:   000070000cf39db0 00007fffe80489a0
0x000070000cf39d20:   0000000000000000 000070000cf39e00
0x000070000cf39d30:   0020000000000000 00007ffbfb15bbf0
0x000070000cf39d40:   0000000000010000 000070000cf39df8
0x000070000cf39d50:   0000000000000004 0000000000000000
0x000070000cf39d60:   00007ffff0f521c0 0000000000000000
0x000070000cf39d70:   00007ffff0f521c0 0000000000000000
0x000070000cf39d80:   0000000000000000 ffc0000800000000
0x000070000cf39d90:   00007ffbfb15bbc8 fffffff500000000
0x000070000cf39da0:   0000000800000000 fffffffd00000001
0x000070000cf39db0:   000070000cf39e30 00007fffe803b306
0x000070000cf39dc0:   0000000000000000 0000000000000000
0x000070000cf39dd0:   00007ffbfb15bb90 00007ffbfb15bbec
0x000070000cf39de0:   00000000a40008ff 00000000a00010ff
0x000070000cf39df0:   0003000200000002 0020002000000000
0x000070000cf39e00:   0000000000000000 00007ffbfb15bb90
0x000070000cf39e10:   ffffffff7fffffff 00007ffff0f50f10 

Instructions: (pc=0x00007fffd28f5d3a)
0x00007fffd28f5d1a:   c0 74 19 48 8b 35 44 1d 01 1b 4c 89 f7 48 89 da
0x00007fffd28f5d2a:   ff 15 e8 c4 ed 1a 46 88 46 88 eb 02 31 c0 0f be
0x00007fffd28f5d3a:   c0 5b 41 5e 5d c3 55 48 89 e5 53 50 48 89 fb e8
0x00007fffd28f5d4a:   e2 ed fe ff 84 c0 74 0c 31 ff 48 89 de e8 b4 a0 

Register to memory mapping:

RAX=0x00000000c3000001 is an unknown value
RBX=0x000000000000003a is an unknown value
RCX=0x00007ffbfb15bd28 is an unknown value
RDX=0x0000000000000200 is an unknown value
RSP=0x000070000cf39c20 is an unknown value
RBP=0x000070000cf39c30 is an unknown value
RSI=0x00007fffd1007142: __NSStyleNameIndexTable+0x77d8a in /System/Library/Frameworks/AppKit.framework/Versions/C/AppKit at 0x00007fffd03a2000
RDI=0x00007ffbf9738cc0 is an unknown value
R8 =0x000000000000003f is an unknown value
R9 =0x00007ffbfb15ba90 is an unknown value
R10=0x00ac240100ac2480 is an unknown value
R11=0x00007fffd28f5cf0: -[NSSet isEqual:]+0 in /System/Library/Frameworks/CoreFoundation.framework/Versions/A/CoreFoundation at 0x00007fffd2867000
R12=0x00007ffc0b6e5510 is an unknown value
R13=0xb2e582b7d4f5003a is an unknown value
R14=0x00007ffbf9738cc0 is an unknown value
R15=0x00007ffbfb15ba90 is an unknown value


Stack: [0x000070000ceba000,0x000070000cf3a000],  sp=0x000070000cf39c20,  free space=511k
Native frames: (J=compiled Java code, j=interpreted, Vv=VM code, C=native code)
C  [CoreFoundation+0x8ed3a]  -[NSSet isEqual:]+0x4a
C  [PlugInKit+0x80e1]  __60-[PKDiscoveryDriver performWithPreviousResults:forceNotify:]_block_invoke_3+0x80
C  [libdispatch.dylib+0xa524]  _dispatch_call_block_and_release+0xc
C  [libdispatch.dylib+0x18fc]  _dispatch_client_callout+0x8
C  [libdispatch.dylib+0x179a0]  _dispatch_queue_serial_drain+0x380
C  [libdispatch.dylib+0xa306]  _dispatch_queue_invoke+0x416
C  [libdispatch.dylib+0x10020]  _dispatch_queue_override_invoke+0x171
C  [libdispatch.dylib+0x36b5]  _dispatch_root_queue_drain+0x1dc
C  [libdispatch.dylib+0x348c]  _dispatch_worker_thread3+0x63
C  [libsystem_pthread.dylib+0x35a2]  _pthread_wqthread+0x513
C  [libsystem_pthread.dylib+0x307d]  start_wqthread+0xd


---------------  P R O C E S S  ---------------

VM state:not at safepoint (normal execution)

VM Mutex/Monitor currently owned by a thread: None

Heap:
 PSYoungGen      total 988160K, used 514731K [0x000000066ab00000, 0x00000006b0000000, 0x00000007c0000000)
  eden space 944640K, 49% used [0x000000066ab00000,0x000000068772b080,0x00000006a4580000)
  from space 43520K, 99% used [0x00000006ad580000,0x00000006affffde8,0x00000006b0000000)
  to   space 43520K, 0% used [0x00000006aab00000,0x00000006aab00000,0x00000006ad580000)
 ParOldGen       total 800256K, used 340702K [0x00000003c0000000, 0x00000003f0d80000, 0x000000066ab00000)
  object space 800256K, 42% used [0x00000003c0000000,0x00000003d4cb7890,0x00000003f0d80000)
 Metaspace       used 26791K, capacity 27082K, committed 27520K, reserved 1073152K
  class space    used 3067K, capacity 3149K, committed 3200K, reserved 1048576K

Card table byte_map: [0x0000000112ff6000,0x0000000114ff7000] byte_map_base: 0x00000001111f6000

Marking Bits: (ParMarkBitMap*) 0x0000000100c8d6c0
 Begin Bits: [0x000000011654d000, 0x000000012654d000)
 End Bits:   [0x000000012654d000, 0x000000013654d000)

Polling page: 0x0000000101351000

CodeCache: size=245760Kb used=14226Kb max_used=14237Kb free=231533Kb
 bounds [0x0000000103c36000, 0x0000000104a36000, 0x0000000112c36000]
 total_blobs=4607 nmethods=3658 adapters=858
 compilation: enabled

Compilation events (10 events):
Event: 11.542 Thread 0x00007ffc0c02a000 4032       1       heronarts.p3lx.ui.UI2dComponent::getFontColor (5 bytes)
Event: 11.542 Thread 0x00007ffc0c02a000 nmethod 4032 0x0000000104a27250 code [0x0000000104a273a0, 0x0000000104a274b0]
Event: 11.545 Thread 0x00007ffc0c012000 4033   !   3       java.util.Locale::getDefault (132 bytes)
Event: 11.545 Thread 0x00007ffc0c012000 nmethod 4033 0x0000000104a20d10 code [0x0000000104a20ee0, 0x0000000104a21718]
Event: 11.546 Thread 0x00007ffc0a088000 4034       1       java.awt.geom.Point2D$Float::getX (6 bytes)
Event: 11.546 Thread 0x00007ffc0c00b000 4035       1       java.awt.geom.Point2D$Float::getY (6 bytes)
Event: 11.546 Thread 0x00007ffc0a088000 nmethod 4034 0x0000000104a20a50 code [0x0000000104a20ba0, 0x0000000104a20cb0]
Event: 11.546 Thread 0x00007ffc0c00b000 nmethod 4035 0x0000000104a20790 code [0x0000000104a208e0, 0x0000000104a209f0]
Event: 11.570 Thread 0x00007ffc0a087800 4036       4       processing.opengl.PShader::loadUniforms (310 bytes)
Event: 11.570 Thread 0x00007ffc0a087800 nmethod 4036 0x00000001042b4350 code [0x00000001042b44a0, 0x00000001042b4518]

GC Heap History (10 events):
Event: 2.007 GC heap before
{Heap before GC invocations=1 (full 0):
 PSYoungGen      total 305664K, used 262144K [0x000000066ab00000, 0x0000000680000000, 0x00000007c0000000)
  eden space 262144K, 100% used [0x000000066ab00000,0x000000067ab00000,0x000000067ab00000)
  from space 43520K, 0% used [0x000000067d580000,0x000000067d580000,0x0000000680000000)
  to   space 43520K, 0% used [0x000000067ab00000,0x000000067ab00000,0x000000067d580000)
 ParOldGen       total 699392K, used 0K [0x00000003c0000000, 0x00000003eab00000, 0x000000066ab00000)
  object space 699392K, 0% used [0x00000003c0000000,0x00000003c0000000,0x00000003eab00000)
 Metaspace       used 16574K, capacity 16722K, committed 17024K, reserved 1064960K
  class space    used 1558K, capacity 1625K, committed 1664K, reserved 1048576K
Event: 2.033 GC heap after
Heap after GC invocations=1 (full 0):
 PSYoungGen      total 305664K, used 43495K [0x000000066ab00000, 0x0000000690000000, 0x00000007c0000000)
  eden space 262144K, 0% used [0x000000066ab00000,0x000000066ab00000,0x000000067ab00000)
  from space 43520K, 99% used [0x000000067ab00000,0x000000067d579c28,0x000000067d580000)
  to   space 43520K, 0% used [0x000000068d580000,0x000000068d580000,0x0000000690000000)
 ParOldGen       total 699392K, used 8189K [0x00000003c0000000, 0x00000003eab00000, 0x000000066ab00000)
  object space 699392K, 1% used [0x00000003c0000000,0x00000003c07ff668,0x00000003eab00000)
 Metaspace       used 16574K, capacity 16722K, committed 17024K, reserved 1064960K
  class space    used 1558K, capacity 1625K, committed 1664K, reserved 1048576K
}
Event: 2.438 GC heap before
{Heap before GC invocations=2 (full 0):
 PSYoungGen      total 305664K, used 305528K [0x000000066ab00000, 0x0000000690000000, 0x00000007c0000000)
  eden space 262144K, 99% used [0x000000066ab00000,0x000000067aae44a8,0x000000067ab00000)
  from space 43520K, 99% used [0x000000067ab00000,0x000000067d579c28,0x000000067d580000)
  to   space 43520K, 0% used [0x000000068d580000,0x000000068d580000,0x0000000690000000)
 ParOldGen       total 699392K, used 8189K [0x00000003c0000000, 0x00000003eab00000, 0x000000066ab00000)
  object space 699392K, 1% used [0x00000003c0000000,0x00000003c07ff668,0x00000003eab00000)
 Metaspace       used 20816K, capacity 21048K, committed 21248K, reserved 1069056K
  class space    used 2169K, capacity 2256K, committed 2304K, reserved 1048576K
Event: 2.548 GC heap after
Heap after GC invocations=2 (full 0):
 PSYoungGen      total 567808K, used 43503K [0x000000066ab00000, 0x0000000690000000, 0x00000007c0000000)
  eden space 524288K, 0% used [0x000000066ab00000,0x000000066ab00000,0x000000068ab00000)
  from space 43520K, 99% used [0x000000068d580000,0x000000068fffbd68,0x0000000690000000)
  to   space 43520K, 0% used [0x000000068ab00000,0x000000068ab00000,0x000000068d580000)
 ParOldGen       total 699392K, used 214820K [0x00000003c0000000, 0x00000003eab00000, 0x000000066ab00000)
  object space 699392K, 30% used [0x00000003c0000000,0x00000003cd1c9180,0x00000003eab00000)
 Metaspace       used 20816K, capacity 21048K, committed 21248K, reserved 1069056K
  class space    used 2169K, capacity 2256K, committed 2304K, reserved 1048576K
}
Event: 2.552 GC heap before
{Heap before GC invocations=3 (full 0):
 PSYoungGen      total 567808K, used 58609K [0x000000066ab00000, 0x0000000690000000, 0x00000007c0000000)
  eden space 524288K, 2% used [0x000000066ab00000,0x000000066b9c07a0,0x000000068ab00000)
  from space 43520K, 99% used [0x000000068d580000,0x000000068fffbd68,0x0000000690000000)
  to   space 43520K, 0% used [0x000000068ab00000,0x000000068ab00000,0x000000068d580000)
 ParOldGen       total 699392K, used 214820K [0x00000003c0000000, 0x00000003eab00000, 0x000000066ab00000)
  object space 699392K, 30% used [0x00000003c0000000,0x00000003cd1c9180,0x00000003eab00000)
 Metaspace       used 20852K, capacity 21056K, committed 21296K, reserved 1069056K
  class space    used 2176K, capacity 2258K, committed 2304K, reserved 1048576K
Event: 2.572 GC heap after
Heap after GC invocations=3 (full 0):
 PSYoungGen      total 567808K, used 42824K [0x000000066ab00000, 0x00000006b0000000, 0x00000007c0000000)
  eden space 524288K, 0% used [0x000000066ab00000,0x000000066ab00000,0x000000068ab00000)
  from space 43520K, 98% used [0x000000068ab00000,0x000000068d4d23e0,0x000000068d580000)
  to   space 43520K, 0% used [0x00000006ad580000,0x00000006ad580000,0x00000006b0000000)
 ParOldGen       total 699392K, used 219423K [0x00000003c0000000, 0x00000003eab00000, 0x000000066ab00000)
  object space 699392K, 31% used [0x00000003c0000000,0x00000003cd647ea0,0x00000003eab00000)
 Metaspace       used 20852K, capacity 21056K, committed 21296K, reserved 1069056K
  class space    used 2176K, capacity 2258K, committed 2304K, reserved 1048576K
}
Event: 2.572 GC heap before
{Heap before GC invocations=4 (full 1):
 PSYoungGen      total 567808K, used 42824K [0x000000066ab00000, 0x00000006b0000000, 0x00000007c0000000)
  eden space 524288K, 0% used [0x000000066ab00000,0x000000066ab00000,0x000000068ab00000)
  from space 43520K, 98% used [0x000000068ab00000,0x000000068d4d23e0,0x000000068d580000)
  to   space 43520K, 0% used [0x00000006ad580000,0x00000006ad580000,0x00000006b0000000)
 ParOldGen       total 699392K, used 219423K [0x00000003c0000000, 0x00000003eab00000, 0x000000066ab00000)
  object space 699392K, 31% used [0x00000003c0000000,0x00000003cd647ea0,0x00000003eab00000)
 Metaspace       used 20852K, capacity 21056K, committed 21296K, reserved 1069056K
  class space    used 2176K, capacity 2258K, committed 2304K, reserved 1048576K
Event: 2.755 GC heap after
Heap after GC invocations=4 (full 1):
 PSYoungGen      total 567808K, used 0K [0x000000066ab00000, 0x00000006b0000000, 0x00000007c0000000)
  eden space 524288K, 0% used [0x000000066ab00000,0x000000066ab00000,0x000000068ab00000)
  from space 43520K, 0% used [0x000000068ab00000,0x000000068ab00000,0x000000068d580000)
  to   space 43520K, 0% used [0x00000006ad580000,0x00000006ad580000,0x00000006b0000000)
 ParOldGen       total 800256K, used 254624K [0x00000003c0000000, 0x00000003f0d80000, 0x000000066ab00000)
  object space 800256K, 31% used [0x00000003c0000000,0x00000003cf8a8170,0x00000003f0d80000)
 Metaspace       used 20852K, capacity 21056K, committed 21296K, reserved 1069056K
  class space    used 2176K, capacity 2258K, committed 2304K, reserved 1048576K
}
Event: 5.029 GC heap before
{Heap before GC invocations=5 (full 1):
 PSYoungGen      total 567808K, used 519321K [0x000000066ab00000, 0x00000006b0000000, 0x00000007c0000000)
  eden space 524288K, 99% used [0x000000066ab00000,0x000000068a626608,0x000000068ab00000)
  from space 43520K, 0% used [0x000000068ab00000,0x000000068ab00000,0x000000068d580000)
  to   space 43520K, 0% used [0x00000006ad580000,0x00000006ad580000,0x00000006b0000000)
 ParOldGen       total 800256K, used 254624K [0x00000003c0000000, 0x00000003f0d80000, 0x000000066ab00000)
  object space 800256K, 31% used [0x00000003c0000000,0x00000003cf8a8170,0x00000003f0d80000)
 Metaspace       used 23525K, capacity 23712K, committed 23936K, reserved 1071104K
  class space    used 2607K, capacity 2684K, committed 2688K, reserved 1048576K
Event: 5.077 GC heap after
Heap after GC invocations=5 (full 1):
 PSYoungGen      total 988160K, used 43519K [0x000000066ab00000, 0x00000006b0000000, 0x00000007c0000000)
  eden space 944640K, 0% used [0x000000066ab00000,0x000000066ab00000,0x00000006a4580000)
  from space 43520K, 99% used [0x00000006ad580000,0x00000006affffde8,0x00000006b0000000)
  to   space 43520K, 0% used [0x00000006aab00000,0x00000006aab00000,0x00000006ad580000)
 ParOldGen       total 800256K, used 340702K [0x00000003c0000000, 0x00000003f0d80000, 0x000000066ab00000)
  object space 800256K, 42% used [0x00000003c0000000,0x00000003d4cb7890,0x00000003f0d80000)
 Metaspace       used 23525K, capacity 23712K, committed 23936K, reserved 1071104K
  class space    used 2607K, capacity 2684K, committed 2688K, reserved 1048576K
}

Deoptimization events (10 events):
Event: 5.860 Thread 0x00007ffc0a906800 Uncommon trap: reason=class_check action=maybe_recompile pc=0x000000010444a898 method=java.util.Collections.swap(Ljava/util/List;II)V @ 8
Event: 5.911 Thread 0x00007ffc160bc000 Uncommon trap: reason=unstable_if action=reinterpret pc=0x0000000104896e54 method=heronarts.lx.blend.AddBlend.blend([I[ID[I)V @ 43
Event: 5.957 Thread 0x00007ffc0d978800 Uncommon trap: reason=unstable_if action=reinterpret pc=0x00000001047ab8f8 method=processing.opengl.PGraphicsOpenGL.vertexImpl(FFFFF)V @ 4
Event: 5.957 Thread 0x00007ffc0d978800 Uncommon trap: reason=unstable_if action=reinterpret pc=0x00000001048a6004 method=processing.core.PApplet.max(III)I @ 20
Event: 5.957 Thread 0x00007ffc0d978800 Uncommon trap: reason=unstable_if action=reinterpret pc=0x00000001047c6c30 method=processing.core.PApplet.min(III)I @ 7
Event: 5.957 Thread 0x00007ffc0d978800 Uncommon trap: reason=unstable_if action=reinterpret pc=0x00000001047b0ff0 method=processing.core.PApplet.max(III)I @ 20
Event: 5.961 Thread 0x00007ffc0d978800 Uncommon trap: reason=unstable_if action=reinterpret pc=0x0000000104778148 method=com.jogamp.opengl.util.GLBuffers.sizeof(Lcom/jogamp/opengl/GL;[IIIIIZ)I @ 20
Event: 6.020 Thread 0x00007ffc0d978800 Uncommon trap: reason=unstable_if action=reinterpret pc=0x0000000104691090 method=heronarts.p3lx.ui.component.UIGLPointCloud.onDraw(Lheronarts/p3lx/ui/UI;Lprocessing/core/PGraphics;)V @ 32
Event: 6.043 Thread 0x00007ffc0d978800 Uncommon trap: reason=unstable_if action=reinterpret pc=0x00000001048afe5c method=processing.opengl.PGraphicsOpenGL$Tessellator.setLastTexIndex(II)V @ 15
Event: 6.073 Thread 0x00007ffc0d978800 Uncommon trap: reason=unstable_if action=reinterpret pc=0x00000001048a0450 method=processing.opengl.PGL.nativeToJavaARGB([III)V @ 160

Classes redefined (0 events):
No events

Internal exceptions (10 events):
Event: 9.871 Thread 0x00007ffc0d9f6800 Exception <a 'java/net/SocketTimeoutException': Receive timed out> (0x000000067b576be8) thrown at [/Users/java_re/workspace/8-2-build-macosx-x86_64/jdk8u152/9742/hotspot/src/share/vm/prims/jni.cpp, line 735]
Event: 10.374 Thread 0x00007ffc0d9f4000 Exception <a 'java/net/SocketTimeoutException': Receive timed out> (0x0000000683834968) thrown at [/Users/java_re/workspace/8-2-build-macosx-x86_64/jdk8u152/9742/hotspot/src/share/vm/prims/jni.cpp, line 735]
Event: 10.374 Thread 0x00007ffc0d9f5000 Exception <a 'java/net/SocketTimeoutException': Receive timed out> (0x00000006839346d0) thrown at [/Users/java_re/workspace/8-2-build-macosx-x86_64/jdk8u152/9742/hotspot/src/share/vm/prims/jni.cpp, line 735]
Event: 10.374 Thread 0x00007ffc0d9f5800 Exception <a 'java/net/SocketTimeoutException': Receive timed out> (0x0000000683a344d8) thrown at [/Users/java_re/workspace/8-2-build-macosx-x86_64/jdk8u152/9742/hotspot/src/share/vm/prims/jni.cpp, line 735]
Event: 10.880 Thread 0x00007ffc0d9f7000 Exception <a 'java/net/SocketTimeoutException': Receive timed out> (0x000000067b3ed538) thrown at [/Users/java_re/workspace/8-2-build-macosx-x86_64/jdk8u152/9742/hotspot/src/share/vm/prims/jni.cpp, line 735]
Event: 10.880 Thread 0x00007ffc0da04000 Exception <a 'java/net/SocketTimeoutException': Receive timed out> (0x000000067b263b88) thrown at [/Users/java_re/workspace/8-2-build-macosx-x86_64/jdk8u152/9742/hotspot/src/share/vm/prims/jni.cpp, line 735]
Event: 10.880 Thread 0x00007ffc0d9f6800 Exception <a 'java/net/SocketTimeoutException': Receive timed out> (0x000000067b5770a8) thrown at [/Users/java_re/workspace/8-2-build-macosx-x86_64/jdk8u152/9742/hotspot/src/share/vm/prims/jni.cpp, line 735]
Event: 11.388 Thread 0x00007ffc0d9f5000 Exception <a 'java/net/SocketTimeoutException': Receive timed out> (0x0000000683934b90) thrown at [/Users/java_re/workspace/8-2-build-macosx-x86_64/jdk8u152/9742/hotspot/src/share/vm/prims/jni.cpp, line 735]
Event: 11.388 Thread 0x00007ffc0d9f5800 Exception <a 'java/net/SocketTimeoutException': Receive timed out> (0x0000000683a34998) thrown at [/Users/java_re/workspace/8-2-build-macosx-x86_64/jdk8u152/9742/hotspot/src/share/vm/prims/jni.cpp, line 735]
Event: 11.388 Thread 0x00007ffc0d9f4000 Exception <a 'java/net/SocketTimeoutException': Receive timed out> (0x0000000683834e28) thrown at [/Users/java_re/workspace/8-2-build-macosx-x86_64/jdk8u152/9742/hotspot/src/share/vm/prims/jni.cpp, line 735]

Events (10 events):
Event: 11.529 loading class java/awt/WaitDispatchSupport$5
Event: 11.529 loading class java/awt/WaitDispatchSupport$5 done
Event: 11.529 loading class java/awt/WaitDispatchSupport$1
Event: 11.529 loading class java/awt/WaitDispatchSupport$1 done
Event: 11.529 loading class java/awt/WaitDispatchSupport$2
Event: 11.529 loading class java/awt/WaitDispatchSupport$2 done
Event: 11.529 loading class java/awt/SequencedEvent
Event: 11.529 loading class java/awt/SequencedEvent done
Event: 11.529 loading class java/awt/WaitDispatchSupport$4
Event: 11.529 loading class java/awt/WaitDispatchSupport$4 done


Dynamic libraries:
0x000000005d4f1000 	/System/Library/Frameworks/Cocoa.framework/Versions/A/Cocoa
0x000000005d4f1000 	/System/Library/Frameworks/Security.framework/Versions/A/Security
0x000000005d4f1000 	/System/Library/Frameworks/ApplicationServices.framework/Versions/A/ApplicationServices
0x000000005d4f1000 	/usr/lib/libz.1.dylib
0x000000005d4f1000 	/usr/lib/libSystem.B.dylib
0x000000005d4f1000 	/usr/lib/libobjc.A.dylib
0x000000005d4f1000 	/System/Library/Frameworks/CoreFoundation.framework/Versions/A/CoreFoundation
0x000000005d4f1000 	/System/Library/Frameworks/Foundation.framework/Versions/C/Foundation
0x000000005d4f1000 	/System/Library/Frameworks/AppKit.framework/Versions/C/AppKit
0x000000005d4f1000 	/System/Library/Frameworks/CoreData.framework/Versions/A/CoreData
0x000000005d4f1000 	/System/Library/PrivateFrameworks/RemoteViewServices.framework/Versions/A/RemoteViewServices
0x000000005d4f1000 	/System/Library/PrivateFrameworks/UIFoundation.framework/Versions/A/UIFoundation
0x000000005d4f1000 	/System/Library/PrivateFrameworks/DFRFoundation.framework/Versions/A/DFRFoundation
0x000000005d4f1000 	/usr/lib/libenergytrace.dylib
0x000000005d4f1000 	/System/Library/PrivateFrameworks/SkyLight.framework/Versions/A/SkyLight
0x000000005d4f1000 	/System/Library/Frameworks/CoreGraphics.framework/Versions/A/CoreGraphics
0x000000005d4f1000 	/usr/lib/libScreenReader.dylib
0x000000005d4f1000 	/System/Library/Frameworks/Accelerate.framework/Versions/A/Accelerate
0x000000005d4f1000 	/System/Library/Frameworks/IOSurface.framework/Versions/A/IOSurface
0x000000005d4f1000 	/System/Library/Frameworks/AudioToolbox.framework/Versions/A/AudioToolbox
0x000000005d4f1000 	/System/Library/Frameworks/AudioUnit.framework/Versions/A/AudioUnit
0x000000005d4f1000 	/System/Library/PrivateFrameworks/DataDetectorsCore.framework/Versions/A/DataDetectorsCore
0x000000005d4f1000 	/System/Library/PrivateFrameworks/DesktopServicesPriv.framework/Versions/A/DesktopServicesPriv
0x000000005d4f1000 	/System/Library/Frameworks/Carbon.framework/Versions/A/Frameworks/HIToolbox.framework/Versions/A/HIToolbox
0x000000005d4f1000 	/usr/lib/libicucore.A.dylib
0x000000005d4f1000 	/System/Library/Frameworks/QuartzCore.framework/Versions/A/QuartzCore
0x000000005d4f1000 	/System/Library/Frameworks/Carbon.framework/Versions/A/Frameworks/SpeechRecognition.framework/Versions/A/SpeechRecognition
0x000000005d4f1000 	/usr/lib/libauto.dylib
0x000000005d4f1000 	/usr/lib/libxml2.2.dylib
0x000000005d4f1000 	/System/Library/PrivateFrameworks/CoreUI.framework/Versions/A/CoreUI
0x000000005d4f1000 	/System/Library/Frameworks/CoreAudio.framework/Versions/A/CoreAudio
0x000000005d4f1000 	/System/Library/Frameworks/DiskArbitration.framework/Versions/A/DiskArbitration
0x000000005d4f1000 	/usr/lib/liblangid.dylib
0x000000005d4f1000 	/System/Library/PrivateFrameworks/MultitouchSupport.framework/Versions/A/MultitouchSupport
0x000000005d4f1000 	/System/Library/Frameworks/IOKit.framework/Versions/A/IOKit
0x000000005d4f1000 	/usr/lib/libDiagnosticMessagesClient.dylib
0x000000005d4f1000 	/System/Library/Frameworks/CoreServices.framework/Versions/A/CoreServices
0x000000005d4f1000 	/System/Library/PrivateFrameworks/PerformanceAnalysis.framework/Versions/A/PerformanceAnalysis
0x000000005d4f1000 	/System/Library/PrivateFrameworks/GenerationalStorage.framework/Versions/A/GenerationalStorage
0x000000005d4f1000 	/System/Library/Frameworks/OpenGL.framework/Versions/A/OpenGL
0x000000005d4f1000 	/System/Library/Frameworks/CoreImage.framework/Versions/A/CoreImage
0x000000005d4f1000 	/System/Library/Frameworks/CoreText.framework/Versions/A/CoreText
0x000000005d4f1000 	/System/Library/Frameworks/ImageIO.framework/Versions/A/ImageIO
0x000000005d4f1000 	/System/Library/PrivateFrameworks/Backup.framework/Versions/A/Backup
0x000000005d4f1000 	/usr/lib/libarchive.2.dylib
0x000000005d4f1000 	/System/Library/Frameworks/CFNetwork.framework/Versions/A/CFNetwork
0x000000005d4f1000 	/System/Library/Frameworks/SystemConfiguration.framework/Versions/A/SystemConfiguration
0x000000005d4f1000 	/usr/lib/libCRFSuite.dylib
0x000000005d4f1000 	/usr/lib/libc++.1.dylib
0x000000005d4f1000 	/usr/lib/libc++abi.dylib
0x000000005d4f1000 	/usr/lib/system/libcache.dylib
0x000000005d4f1000 	/usr/lib/system/libcommonCrypto.dylib
0x000000005d4f1000 	/usr/lib/system/libcompiler_rt.dylib
0x000000005d4f1000 	/usr/lib/system/libcopyfile.dylib
0x000000005d4f1000 	/usr/lib/system/libcorecrypto.dylib
0x000000005d4f1000 	/usr/lib/system/libdispatch.dylib
0x000000005d4f1000 	/usr/lib/system/libdyld.dylib
0x000000005d4f1000 	/usr/lib/system/libkeymgr.dylib
0x000000005d4f1000 	/usr/lib/system/liblaunch.dylib
0x000000005d4f1000 	/usr/lib/system/libmacho.dylib
0x000000005d4f1000 	/usr/lib/system/libquarantine.dylib
0x000000005d4f1000 	/usr/lib/system/libremovefile.dylib
0x000000005d4f1000 	/usr/lib/system/libsystem_asl.dylib
0x000000005d4f1000 	/usr/lib/system/libsystem_blocks.dylib
0x000000005d4f1000 	/usr/lib/system/libsystem_c.dylib
0x000000005d4f1000 	/usr/lib/system/libsystem_configuration.dylib
0x000000005d4f1000 	/usr/lib/system/libsystem_coreservices.dylib
0x000000005d4f1000 	/usr/lib/system/libsystem_coretls.dylib
0x000000005d4f1000 	/usr/lib/system/libsystem_dnssd.dylib
0x000000005d4f1000 	/usr/lib/system/libsystem_info.dylib
0x000000005d4f1000 	/usr/lib/system/libsystem_kernel.dylib
0x000000005d4f1000 	/usr/lib/system/libsystem_m.dylib
0x000000005d4f1000 	/usr/lib/system/libsystem_malloc.dylib
0x000000005d4f1000 	/usr/lib/system/libsystem_network.dylib
0x000000005d4f1000 	/usr/lib/system/libsystem_networkextension.dylib
0x000000005d4f1000 	/usr/lib/system/libsystem_notify.dylib
0x000000005d4f1000 	/usr/lib/system/libsystem_platform.dylib
0x000000005d4f1000 	/usr/lib/system/libsystem_pthread.dylib
0x000000005d4f1000 	/usr/lib/system/libsystem_sandbox.dylib
0x000000005d4f1000 	/usr/lib/system/libsystem_secinit.dylib
0x000000005d4f1000 	/usr/lib/system/libsystem_symptoms.dylib
0x000000005d4f1000 	/usr/lib/system/libsystem_trace.dylib
0x000000005d4f1000 	/usr/lib/system/libunwind.dylib
0x000000005d4f1000 	/usr/lib/system/libxpc.dylib
0x000000005d4f1000 	/usr/lib/libbsm.0.dylib
0x000000005d4f1000 	/usr/lib/system/libkxld.dylib
0x000000005d4f1000 	/usr/lib/libcoretls.dylib
0x000000005d4f1000 	/usr/lib/libcoretls_cfhelpers.dylib
0x000000005d4f1000 	/usr/lib/libOpenScriptingUtil.dylib
0x000000005d4f1000 	/usr/lib/libpam.2.dylib
0x000000005d4f1000 	/usr/lib/libsqlite3.dylib
0x000000005d4f1000 	/usr/lib/libxar.1.dylib
0x000000005d4f1000 	/usr/lib/libbz2.1.0.dylib
0x000000005d4f1000 	/usr/lib/liblzma.5.dylib
0x000000005d4f1000 	/usr/lib/libnetwork.dylib
0x000000005d4f1000 	/usr/lib/libpcap.A.dylib
0x000000005d4f1000 	/System/Library/Frameworks/CoreServices.framework/Versions/A/Frameworks/FSEvents.framework/Versions/A/FSEvents
0x000000005d4f1000 	/System/Library/Frameworks/CoreServices.framework/Versions/A/Frameworks/CarbonCore.framework/Versions/A/CarbonCore
0x000000005d4f1000 	/System/Library/Frameworks/CoreServices.framework/Versions/A/Frameworks/Metadata.framework/Versions/A/Metadata
0x000000005d4f1000 	/System/Library/Frameworks/CoreServices.framework/Versions/A/Frameworks/OSServices.framework/Versions/A/OSServices
0x000000005d4f1000 	/System/Library/Frameworks/CoreServices.framework/Versions/A/Frameworks/SearchKit.framework/Versions/A/SearchKit
0x000000005d4f1000 	/System/Library/Frameworks/CoreServices.framework/Versions/A/Frameworks/AE.framework/Versions/A/AE
0x000000005d4f1000 	/System/Library/Frameworks/CoreServices.framework/Versions/A/Frameworks/LaunchServices.framework/Versions/A/LaunchServices
0x000000005d4f1000 	/System/Library/Frameworks/CoreServices.framework/Versions/A/Frameworks/DictionaryServices.framework/Versions/A/DictionaryServices
0x000000005d4f1000 	/System/Library/Frameworks/CoreServices.framework/Versions/A/Frameworks/SharedFileList.framework/Versions/A/SharedFileList
0x000000005d4f1000 	/System/Library/Frameworks/NetFS.framework/Versions/A/NetFS
0x000000005d4f1000 	/System/Library/PrivateFrameworks/NetAuth.framework/Versions/A/NetAuth
0x000000005d4f1000 	/System/Library/PrivateFrameworks/login.framework/Versions/A/Frameworks/loginsupport.framework/Versions/A/loginsupport
0x000000005d4f1000 	/System/Library/PrivateFrameworks/TCC.framework/Versions/A/TCC
0x000000005d4f1000 	/usr/lib/libmecabra.dylib
0x000000005d4f1000 	/System/Library/Frameworks/ApplicationServices.framework/Versions/A/Frameworks/ATS.framework/Versions/A/ATS
0x000000005d4f1000 	/System/Library/Frameworks/ApplicationServices.framework/Versions/A/Frameworks/ColorSync.framework/Versions/A/ColorSync
0x000000005d4f1000 	/System/Library/Frameworks/ApplicationServices.framework/Versions/A/Frameworks/HIServices.framework/Versions/A/HIServices
0x000000005d4f1000 	/System/Library/Frameworks/ApplicationServices.framework/Versions/A/Frameworks/LangAnalysis.framework/Versions/A/LangAnalysis
0x000000005d4f1000 	/System/Library/Frameworks/ApplicationServices.framework/Versions/A/Frameworks/PrintCore.framework/Versions/A/PrintCore
0x000000005d4f1000 	/System/Library/Frameworks/ApplicationServices.framework/Versions/A/Frameworks/QD.framework/Versions/A/QD
0x000000005d4f1000 	/System/Library/Frameworks/ApplicationServices.framework/Versions/A/Frameworks/SpeechSynthesis.framework/Versions/A/SpeechSynthesis
0x000000005d4f1000 	/System/Library/Frameworks/Accelerate.framework/Versions/A/Frameworks/vImage.framework/Versions/A/vImage
0x000000005d4f1000 	/System/Library/Frameworks/Accelerate.framework/Versions/A/Frameworks/vecLib.framework/Versions/A/vecLib
0x000000005d4f1000 	/System/Library/Frameworks/Accelerate.framework/Versions/A/Frameworks/vecLib.framework/Versions/A/libvDSP.dylib
0x000000005d4f1000 	/System/Library/Frameworks/Accelerate.framework/Versions/A/Frameworks/vecLib.framework/Versions/A/libBNNS.dylib
0x000000005d4f1000 	/System/Library/Frameworks/Accelerate.framework/Versions/A/Frameworks/vecLib.framework/Versions/A/libQuadrature.dylib
0x000000005d4f1000 	/System/Library/Frameworks/Accelerate.framework/Versions/A/Frameworks/vecLib.framework/Versions/A/libvMisc.dylib
0x000000005d4f1000 	/System/Library/Frameworks/Accelerate.framework/Versions/A/Frameworks/vecLib.framework/Versions/A/libLAPACK.dylib
0x000000005d4f1000 	/System/Library/Frameworks/Accelerate.framework/Versions/A/Frameworks/vecLib.framework/Versions/A/libBLAS.dylib
0x000000005d4f1000 	/System/Library/Frameworks/Accelerate.framework/Versions/A/Frameworks/vecLib.framework/Versions/A/libLinearAlgebra.dylib
0x000000005d4f1000 	/System/Library/Frameworks/Accelerate.framework/Versions/A/Frameworks/vecLib.framework/Versions/A/libSparseBLAS.dylib
0x000000005d4f1000 	/System/Library/Frameworks/ApplicationServices.framework/Versions/A/Frameworks/ATS.framework/Versions/A/Resources/libFontParser.dylib
0x000000005d4f1000 	/System/Library/Frameworks/ApplicationServices.framework/Versions/A/Frameworks/ATS.framework/Versions/A/Resources/libFontRegistry.dylib
0x000000005d4f1000 	/System/Library/Frameworks/ImageIO.framework/Versions/A/Resources/libJPEG.dylib
0x000000005d4f1000 	/System/Library/Frameworks/ImageIO.framework/Versions/A/Resources/libTIFF.dylib
0x000000005d4f1000 	/System/Library/Frameworks/ImageIO.framework/Versions/A/Resources/libPng.dylib
0x000000005d4f1000 	/System/Library/Frameworks/ImageIO.framework/Versions/A/Resources/libGIF.dylib
0x000000005d4f1000 	/System/Library/Frameworks/ImageIO.framework/Versions/A/Resources/libJP2.dylib
0x000000005d4f1000 	/System/Library/Frameworks/ImageIO.framework/Versions/A/Resources/libRadiance.dylib
0x000000005d4f1000 	/usr/lib/libcompression.dylib
0x000000005d4f1000 	/System/Library/PrivateFrameworks/AppleJPEG.framework/Versions/A/AppleJPEG
0x000000005d4f1000 	/usr/lib/libcups.2.dylib
0x000000005d4f1000 	/System/Library/Frameworks/Kerberos.framework/Versions/A/Kerberos
0x000000005d4f1000 	/System/Library/Frameworks/GSS.framework/Versions/A/GSS
0x000000005d4f1000 	/usr/lib/libresolv.9.dylib
0x000000005d4f1000 	/usr/lib/libiconv.2.dylib
0x000000005d4f1000 	/System/Library/PrivateFrameworks/Heimdal.framework/Versions/A/Heimdal
0x000000005d4f1000 	/usr/lib/libheimdal-asn1.dylib
0x000000005d4f1000 	/System/Library/Frameworks/OpenDirectory.framework/Versions/A/OpenDirectory
0x000000005d4f1000 	/System/Library/PrivateFrameworks/CommonAuth.framework/Versions/A/CommonAuth
0x000000005d4f1000 	/System/Library/Frameworks/OpenDirectory.framework/Versions/A/Frameworks/CFOpenDirectory.framework/Versions/A/CFOpenDirectory
0x000000005d4f1000 	/System/Library/Frameworks/SecurityFoundation.framework/Versions/A/SecurityFoundation
0x000000005d4f1000 	/System/Library/PrivateFrameworks/LanguageModeling.framework/Versions/A/LanguageModeling
0x000000005d4f1000 	/usr/lib/libmarisa.dylib
0x000000005d4f1000 	/usr/lib/libChineseTokenizer.dylib
0x000000005d4f1000 	/usr/lib/libcmph.dylib
0x000000005d4f1000 	/System/Library/PrivateFrameworks/CoreEmoji.framework/Versions/A/CoreEmoji
0x000000005d4f1000 	/System/Library/Frameworks/ServiceManagement.framework/Versions/A/ServiceManagement
0x000000005d4f1000 	/usr/lib/libxslt.1.dylib
0x000000005d4f1000 	/System/Library/Frameworks/Carbon.framework/Versions/A/Frameworks/Ink.framework/Versions/A/Ink
0x000000005d4f1000 	/System/Library/PrivateFrameworks/TextureIO.framework/Versions/A/TextureIO
0x000000005d4f1000 	/System/Library/Frameworks/Metal.framework/Versions/A/Metal
0x000000005d4f1000 	/usr/lib/libate.dylib
0x000000005d4f1000 	/System/Library/PrivateFrameworks/GPUCompiler.framework/libmetal_timestamp.dylib
0x000000005d4f1000 	/System/Library/Frameworks/OpenGL.framework/Versions/A/Libraries/libCoreFSCache.dylib
0x000000005d4f1000 	/System/Library/PrivateFrameworks/IOAccelerator.framework/Versions/A/IOAccelerator
0x000000005d4f1000 	/System/Library/Frameworks/CoreVideo.framework/Versions/A/CoreVideo
0x000000005d4f1000 	/usr/lib/libFosl_dynamic.dylib
0x000000005d4f1000 	/System/Library/PrivateFrameworks/MetalPerformanceShaders.framework/Versions/A/MetalPerformanceShaders
0x000000005d4f1000 	/System/Library/PrivateFrameworks/FaceCore.framework/Versions/A/FaceCore
0x000000005d4f1000 	/System/Library/Frameworks/OpenCL.framework/Versions/A/OpenCL
0x000000005d4f1000 	/System/Library/Frameworks/OpenGL.framework/Versions/A/Libraries/libGLU.dylib
0x000000005d4f1000 	/System/Library/Frameworks/OpenGL.framework/Versions/A/Libraries/libGFXShared.dylib
0x000000005d4f1000 	/System/Library/Frameworks/OpenGL.framework/Versions/A/Libraries/libGL.dylib
0x000000005d4f1000 	/System/Library/Frameworks/OpenGL.framework/Versions/A/Libraries/libGLImage.dylib
0x000000005d4f1000 	/System/Library/Frameworks/OpenGL.framework/Versions/A/Libraries/libCVMSPluginSupport.dylib
0x000000005d4f1000 	/System/Library/Frameworks/OpenGL.framework/Versions/A/Libraries/libCoreVMClient.dylib
0x000000005d4f1000 	/System/Library/PrivateFrameworks/CrashReporterSupport.framework/Versions/A/CrashReporterSupport
0x000000005d4f1000 	/System/Library/PrivateFrameworks/Sharing.framework/Versions/A/Sharing
0x000000005d4f1000 	/System/Library/PrivateFrameworks/IconServices.framework/Versions/A/IconServices
0x000000005d4f1000 	/System/Library/PrivateFrameworks/ProtocolBuffer.framework/Versions/A/ProtocolBuffer
0x000000005d4f1000 	/System/Library/PrivateFrameworks/Apple80211.framework/Versions/A/Apple80211
0x000000005d4f1000 	/System/Library/Frameworks/CoreWLAN.framework/Versions/A/CoreWLAN
0x000000005d4f1000 	/System/Library/PrivateFrameworks/CoreUtils.framework/Versions/A/CoreUtils
0x000000005d4f1000 	/System/Library/Frameworks/IOBluetooth.framework/Versions/A/IOBluetooth
0x000000005d4f1000 	/System/Library/PrivateFrameworks/CoreWiFi.framework/Versions/A/CoreWiFi
0x000000005d4f1000 	/System/Library/Frameworks/CoreBluetooth.framework/Versions/A/CoreBluetooth
0x000000005d4f1000 	/System/Library/Frameworks/CoreDisplay.framework/Versions/A/CoreDisplay
0x000000005d4f1000 	/System/Library/PrivateFrameworks/IOPresentment.framework/Versions/A/IOPresentment
0x000000005d4f1000 	/System/Library/PrivateFrameworks/DSExternalDisplay.framework/Versions/A/DSExternalDisplay
0x000000005d4f1000 	/System/Library/PrivateFrameworks/DebugSymbols.framework/Versions/A/DebugSymbols
0x000000005d4f1000 	/System/Library/PrivateFrameworks/CoreSymbolication.framework/Versions/A/CoreSymbolication
0x000000005d4f1000 	/System/Library/PrivateFrameworks/Symbolication.framework/Versions/A/Symbolication
0x000000005d4f1000 	/System/Library/PrivateFrameworks/AppleFSCompression.framework/Versions/A/AppleFSCompression
0x000000005d4f1000 	/System/Library/PrivateFrameworks/SpeechRecognitionCore.framework/Versions/A/SpeechRecognitionCore
0x000000005d4f1000 	/System/Library/PrivateFrameworks/ChunkingLibrary.framework/Versions/A/ChunkingLibrary
0x0000000100397000 	/Library/Java/JavaVirtualMachines/jdk1.8.0_152.jdk/Contents/Home/jre/lib/server/libjvm.dylib
0x000000005d4f1000 	/usr/lib/libstdc++.6.dylib
0x0000000101343000 	/Library/Java/JavaVirtualMachines/jdk1.8.0_152.jdk/Contents/Home/jre/lib/libverify.dylib
0x0000000103c00000 	/Library/Java/JavaVirtualMachines/jdk1.8.0_152.jdk/Contents/Home/jre/lib/libjava.dylib
0x00000001013ec000 	/Library/Java/JavaVirtualMachines/jdk1.8.0_152.jdk/Contents/Home/jre/lib/libzip.dylib
0x000000013ddc5000 	/Library/Java/JavaVirtualMachines/jdk1.8.0_152.jdk/Contents/Home/jre/lib/libawt.dylib
0x000000013de6f000 	/Library/Java/JavaVirtualMachines/jdk1.8.0_152.jdk/Contents/Home/jre/lib/./libmlib_image.dylib
0x000000013df3b000 	/System/Library/Frameworks/JavaVM.framework/Versions/A/Frameworks/JavaNativeFoundation.framework/Versions/A/JavaNativeFoundation
0x000000013df50000 	/System/Library/Frameworks/JavaVM.framework/Versions/A/Frameworks/JavaRuntimeSupport.framework/Versions/A/JavaRuntimeSupport
0x000000013df6a000 	/System/Library/Frameworks/JavaVM.framework/Versions/A/JavaVM
0x000000013df77000 	/System/Library/PrivateFrameworks/JavaLaunching.framework/Versions/A/JavaLaunching
0x000000005d4f1000 	/System/Library/Frameworks/Carbon.framework/Versions/A/Carbon
0x000000005d4f1000 	/System/Library/Frameworks/Carbon.framework/Versions/A/Frameworks/CommonPanels.framework/Versions/A/CommonPanels
0x000000005d4f1000 	/System/Library/Frameworks/Carbon.framework/Versions/A/Frameworks/Help.framework/Versions/A/Help
0x000000005d4f1000 	/System/Library/Frameworks/Carbon.framework/Versions/A/Frameworks/ImageCapture.framework/Versions/A/ImageCapture
0x000000005d4f1000 	/System/Library/Frameworks/Carbon.framework/Versions/A/Frameworks/OpenScripting.framework/Versions/A/OpenScripting
0x000000005d4f1000 	/System/Library/Frameworks/Carbon.framework/Versions/A/Frameworks/Print.framework/Versions/A/Print
0x000000005d4f1000 	/System/Library/Frameworks/Carbon.framework/Versions/A/Frameworks/SecurityHI.framework/Versions/A/SecurityHI
0x000000013df83000 	/Library/Java/JavaVirtualMachines/jdk1.8.0_152.jdk/Contents/Home/jre/lib/libawt_lwawt.dylib
0x000000013e03d000 	/Library/Java/JavaVirtualMachines/jdk1.8.0_152.jdk/Contents/Home/jre/lib/./libosxapp.dylib
0x000000005d4f1000 	/System/Library/Frameworks/ExceptionHandling.framework/Versions/A/ExceptionHandling
0x000000005d4f1000 	/System/Library/PrivateFrameworks/CoreServicesInternal.framework/Versions/A/CoreServicesInternal
0x000000005d4f1000 	/System/Library/CoreServices/RawCamera.bundle/Contents/MacOS/RawCamera
0x000000005d4f1000 	/System/Library/Frameworks/Accelerate.framework/Versions/A/Frameworks/vImage.framework/Versions/A/Libraries/libCGInterfaces.dylib
0x000000005d4f1000 	/System/Library/Frameworks/ApplicationServices.framework/Versions/A/Frameworks/ATS.framework/Versions/A/Resources/libTrueTypeScaler.dylib
0x000000013faef000 	/System/Library/Frameworks/OpenGL.framework/Resources/GLEngine.bundle/GLEngine
0x000000005d4f1000 	/System/Library/Frameworks/OpenGL.framework/Versions/A/Libraries/libGLProgrammability.dylib
0x000000013fcd4000 	/System/Library/Extensions/GeForceGLDriverWeb.bundle/Contents/MacOS/GeForceGLDriverWeb
0x000000005d4f1000 	/System/Library/Frameworks/OpenGL.framework/Versions/A/Libraries/libLLVMContainer.dylib
0x000000005d4f1000 	/System/Library/PrivateFrameworks/GPUSupport.framework/Versions/A/Libraries/libGPUSupportMercury.dylib
0x0000000141222000 	/System/Library/Extensions/GeForceGLDriverWeb.bundle/Contents/MacOS/libclhWeb.dylib
0x0000000142591000 	/System/Library/Frameworks/OpenGL.framework/Resources//GLRendererFloat.bundle/GLRendererFloat
0x000000005d4f1000 	/System/Library/Frameworks/OpenCL.framework/Versions/A/Libraries/libcldcpuengine.dylib
0x000000005d4f1000 	/usr/lib/libcrypto.0.9.8.dylib
0x000000005d4f1000 	/System/Library/PrivateFrameworks/TrustEvaluationAgent.framework/Versions/A/TrustEvaluationAgent
0x00000001425c5000 	/System/Library/Extensions/GeForceMTLDriverWeb.bundle/Contents/MacOS/GeForceMTLDriverWeb
0x000000005d4f1000 	/System/Library/PrivateFrameworks/FamilyControls.framework/Versions/A/FamilyControls
0x000000005d4f1000 	/System/Library/PrivateFrameworks/CommerceKit.framework/Versions/A/Frameworks/CommerceCore.framework/Versions/A/CommerceCore
0x000000005d4f1000 	/System/Library/PrivateFrameworks/SystemAdministration.framework/Versions/A/SystemAdministration
0x000000005d4f1000 	/System/Library/PrivateFrameworks/AppContainer.framework/Versions/A/AppContainer
0x000000005d4f1000 	/System/Library/PrivateFrameworks/SecCodeWrapper.framework/Versions/A/SecCodeWrapper
0x000000005d4f1000 	/System/Library/Frameworks/DirectoryService.framework/Versions/A/DirectoryService
0x000000005d4f1000 	/System/Library/PrivateFrameworks/DiskImages.framework/Versions/A/DiskImages
0x000000005d4f1000 	/System/Library/PrivateFrameworks/LoginUIKit.framework/Versions/A/Frameworks/LoginUICore.framework/Versions/A/LoginUICore
0x000000005d4f1000 	/usr/lib/libCoreStorage.dylib
0x000000005d4f1000 	/usr/lib/libcsfde.dylib
0x000000005d4f1000 	/usr/lib/libodfde.dylib
0x000000005d4f1000 	/System/Library/Frameworks/DiscRecording.framework/Versions/A/DiscRecording
0x000000005d4f1000 	/usr/lib/libcurl.4.dylib
0x000000005d4f1000 	/System/Library/PrivateFrameworks/MediaKit.framework/Versions/A/MediaKit
0x000000005d4f1000 	/System/Library/PrivateFrameworks/ProtectedCloudStorage.framework/Versions/A/ProtectedCloudStorage
0x000000005d4f1000 	/System/Library/PrivateFrameworks/EFILogin.framework/Versions/A/EFILogin
0x000000005d4f1000 	/usr/lib/libutil.dylib
0x000000005d4f1000 	/System/Library/Frameworks/LDAP.framework/Versions/A/LDAP
0x000000005d4f1000 	/usr/lib/libsasl2.2.dylib
0x000000005d4f1000 	/System/Library/PrivateFrameworks/CoreDaemon.framework/Versions/B/CoreDaemon
0x000000005d4f1000 	/System/Library/PrivateFrameworks/AppleSRP.framework/Versions/A/AppleSRP
0x000000005d4f1000 	/System/Library/PrivateFrameworks/APFS.framework/Versions/A/APFS
0x0000000147f50000 	/Library/Java/JavaVirtualMachines/jdk1.8.0_152.jdk/Contents/Home/jre/lib/libfontmanager.dylib
0x0000000148f41000 	/Library/Java/JavaVirtualMachines/jdk1.8.0_152.jdk/Contents/Home/jre/lib/libnet.dylib
0x0000000148fa0000 	/Library/Java/JavaVirtualMachines/jdk1.8.0_152.jdk/Contents/Home/jre/lib/libnio.dylib
0x0000000148fb0000 	/private/var/folders/l_/9_tfjykj2hb9yt6swc3p12_40000gp/T/jogamp_0000/file_cache/jln95105808571750469/jln3711168262809171670/natives/macosx-universal/libgluegen-rt.jnilib
0x0000000149101000 	/private/var/folders/l_/9_tfjykj2hb9yt6swc3p12_40000gp/T/jogamp_0000/file_cache/jln95105808571750469/jln3711168262809171670/natives/macosx-universal/libnativewindow_awt.jnilib
0x0000000149104000 	/Library/Java/JavaVirtualMachines/jdk1.8.0_152.jdk/Contents/Home/jre/lib/libjawt.dylib
0x0000000149185000 	/private/var/folders/l_/9_tfjykj2hb9yt6swc3p12_40000gp/T/jogamp_0000/file_cache/jln95105808571750469/jln3711168262809171670/natives/macosx-universal/libnativewindow_macosx.jnilib
0x00000001492fd000 	/private/var/folders/l_/9_tfjykj2hb9yt6swc3p12_40000gp/T/jogamp_0000/file_cache/jln95105808571750469/jln3711168262809171670/natives/macosx-universal/libnewt.jnilib
0x000000005d4f1000 	/System/Library/PrivateFrameworks/ViewBridge.framework/Versions/A/ViewBridge
0x000000005d4f1000 	/System/Library/PrivateFrameworks/XPCService.framework/Versions/A/XPCService
0x000000005d4f1000 	/System/Library/PrivateFrameworks/AppSandbox.framework/Versions/A/AppSandbox
0x000000005d4f1000 	/usr/lib/libsandbox.1.dylib
0x000000005d4f1000 	/usr/lib/libMatch.1.dylib
0x00000001497b6000 	/private/var/folders/l_/9_tfjykj2hb9yt6swc3p12_40000gp/T/jogamp_0000/file_cache/jln95105808571750469/jln3711168262809171670/natives/macosx-universal/libjogl_desktop.jnilib
0x000000013ec96000 	/private/var/folders/l_/9_tfjykj2hb9yt6swc3p12_40000gp/T/jogamp_0000/file_cache/jln95105808571750469/jln3711168262809171670/natives/macosx-universal/libjogl_mobile.jnilib
0x000000013f896000 	/Library/Java/JavaVirtualMachines/jdk1.8.0_152.jdk/Contents/Home/jre/lib/libjsound.dylib
0x000000014ada6000 	/System/Library/Frameworks/CoreMIDI.framework/Versions/A/CoreMIDI
0x00000001492d8000 	/usr/lib/libexpat.1.dylib
0x000000013ed25000 	/System/Library/Extensions/AppleHDA.kext/Contents/PlugIns/AppleHDAHALPlugIn.bundle/Contents/MacOS/AppleHDAHALPlugIn
0x000000013fa13000 	/private/var/folders/l_/9_tfjykj2hb9yt6swc3p12_40000gp/T/coreMidi4J7010992899393652578.tmp/libCoreMidi4J.dylib
0x0000000149313000 	/Library/Java/JavaVirtualMachines/jdk1.8.0_152.jdk/Contents/Home/jre/lib/libjpeg.dylib
0x000000014998a000 	/Library/Java/JavaVirtualMachines/jdk1.8.0_152.jdk/Contents/Home/jre/lib/liblcms.dylib
0x000000014c05b000 	/private/var/folders/l_/9_tfjykj2hb9yt6swc3p12_40000gp/T/libaparapi_x86_644973381464692046488.dylib
0x000000014cf28000 	/System/Library/Components/CoreAudio.component/Contents/MacOS/CoreAudio
0x00000001499de000 	/Library/Java/JavaVirtualMachines/jdk1.8.0_152.jdk/Contents/Home/jre/lib/libdcpr.dylib
0x000000005d4f1000 	/System/Library/PrivateFrameworks/FinderKit.framework/Versions/A/FinderKit
0x000000005d4f1000 	/System/Library/Frameworks/Quartz.framework/Versions/A/Frameworks/QuickLookUI.framework/Versions/A/QuickLookUI
0x000000005d4f1000 	/System/Library/Frameworks/Quartz.framework/Versions/A/Frameworks/ImageKit.framework/Versions/A/ImageKit
0x000000005d4f1000 	/System/Library/PrivateFrameworks/Bom.framework/Versions/A/Bom
0x000000005d4f1000 	/System/Library/Frameworks/QuickLook.framework/Versions/A/QuickLook
0x000000005d4f1000 	/System/Library/PrivateFrameworks/Suggestions.framework/Versions/A/Suggestions
0x000000005d4f1000 	/System/Library/PrivateFrameworks/AppleSystemInfo.framework/Versions/A/AppleSystemInfo
0x000000005d4f1000 	/System/Library/Frameworks/ImageCaptureCore.framework/Versions/A/ImageCaptureCore
0x000000005d4f1000 	/System/Library/Frameworks/SafariServices.framework/Versions/A/SafariServices
0x000000005d4f1000 	/System/Library/Frameworks/QTKit.framework/Versions/A/QTKit
0x000000005d4f1000 	/System/Library/PrivateFrameworks/MobileKeyBag.framework/Versions/A/MobileKeyBag
0x000000005d4f1000 	/System/Library/Frameworks/AVFoundation.framework/Versions/A/AVFoundation
0x000000005d4f1000 	/System/Library/Frameworks/CoreMedia.framework/Versions/A/CoreMedia
0x000000005d4f1000 	/System/Library/Frameworks/MediaToolbox.framework/Versions/A/MediaToolbox
0x000000005d4f1000 	/System/Library/Frameworks/VideoToolbox.framework/Versions/A/VideoToolbox
0x000000005d4f1000 	/System/Library/PrivateFrameworks/CoreMediaAuthoring.framework/Versions/A/CoreMediaAuthoring
0x000000005d4f1000 	/System/Library/Frameworks/CoreMediaIO.framework/Versions/A/CoreMediaIO
0x000000005d4f1000 	/System/Library/Frameworks/AVFoundation.framework/Versions/A/Frameworks/AVFAudio.framework/Versions/A/AVFAudio
0x000000005d4f1000 	/System/Library/PrivateFrameworks/IntlPreferences.framework/Versions/A/IntlPreferences
0x000000005d4f1000 	/usr/lib/libspindump.dylib
0x000000005d4f1000 	/usr/lib/libdscsym.dylib
0x000000005d4f1000 	/System/Library/PrivateFrameworks/CoreAVCHD.framework/Versions/A/CoreAVCHD
0x000000005d4f1000 	/System/Library/Frameworks/MediaAccessibility.framework/Versions/A/MediaAccessibility
0x000000005d4f1000 	/System/Library/PrivateFrameworks/Mangrove.framework/Versions/A/Mangrove
0x000000005d4f1000 	/System/Library/PrivateFrameworks/CoreAUC.framework/Versions/A/CoreAUC
0x000000005d4f1000 	/System/Library/PrivateFrameworks/AppleVA.framework/Versions/A/AppleVA
0x000000005d4f1000 	/System/Library/PrivateFrameworks/QuickLookThumbnailing.framework/Versions/A/QuickLookThumbnailing
0x000000005d4f1000 	/System/Library/PrivateFrameworks/DisplayServices.framework/Versions/A/DisplayServices
0x000000005d4f1000 	/System/Library/Frameworks/Quartz.framework/Versions/A/Frameworks/PDFKit.framework/Versions/A/PDFKit
0x000000005d4f1000 	/System/Library/Frameworks/Quartz.framework/Versions/A/Frameworks/QuartzComposer.framework/Versions/A/QuartzComposer
0x000000005d4f1000 	/System/Library/Frameworks/Quartz.framework/Versions/A/Frameworks/QuartzFilters.framework/Versions/A/QuartzFilters
0x000000005d4f1000 	/System/Library/PrivateFrameworks/CorePDF.framework/Versions/A/CorePDF
0x000000005d4f1000 	/System/Library/Frameworks/JavaScriptCore.framework/Versions/A/JavaScriptCore
0x000000005d4f1000 	/System/Library/Frameworks/AddressBook.framework/Versions/A/AddressBook
0x000000005d4f1000 	/System/Library/PrivateFrameworks/ContactsPersistence.framework/Versions/A/ContactsPersistence
0x000000005d4f1000 	/System/Library/PrivateFrameworks/CalendarAgentLink.framework/Versions/A/CalendarAgentLink
0x000000005d4f1000 	/System/Library/PrivateFrameworks/ContactsFoundation.framework/Versions/A/ContactsFoundation
0x000000005d4f1000 	/System/Library/PrivateFrameworks/vCard.framework/Versions/A/vCard
0x000000005d4f1000 	/System/Library/PrivateFrameworks/ToneLibrary.framework/Versions/A/ToneLibrary
0x000000005d4f1000 	/System/Library/PrivateFrameworks/ToneKit.framework/Versions/A/ToneKit
0x000000005d4f1000 	/System/Library/PrivateFrameworks/ApplePushService.framework/Versions/A/ApplePushService
0x000000005d4f1000 	/System/Library/Frameworks/SecurityInterface.framework/Versions/A/SecurityInterface
0x000000005d4f1000 	/System/Library/PrivateFrameworks/PhoneNumbers.framework/Versions/A/PhoneNumbers
0x000000005d4f1000 	/System/Library/Frameworks/Quartz.framework/Versions/A/Quartz
0x000000005d4f1000 	/System/Library/Frameworks/Accounts.framework/Versions/A/Accounts
0x000000005d4f1000 	/System/Library/PrivateFrameworks/OAuth.framework/Versions/A/OAuth
0x000000005d4f1000 	/System/Library/PrivateFrameworks/CacheDelete.framework/Versions/A/CacheDelete
0x000000005d4f1000 	/System/Library/PrivateFrameworks/CloudDocs.framework/Versions/A/CloudDocs
0x000000005d4f1000 	/System/Library/Frameworks/CloudKit.framework/Versions/A/CloudKit
0x000000005d4f1000 	/System/Library/PrivateFrameworks/MMCS.framework/Versions/A/MMCS
0x000000005d4f1000 	/System/Library/Frameworks/CoreLocation.framework/Versions/A/CoreLocation
0x000000005d4f1000 	/System/Library/PrivateFrameworks/AssetCacheServices.framework/Versions/A/AssetCacheServices
0x000000005d4f1000 	/System/Library/PrivateFrameworks/GeoServices.framework/Versions/A/GeoServices
0x000000005d4f1000 	/System/Library/PrivateFrameworks/PlugInKit.framework/Versions/A/PlugInKit

VM Arguments:
jvm_args: -Dfile.encoding=UTF-8 -Duser.country=US -Duser.language=en -Duser.variant 
java_command: com.symmetrylabs.slstudio.SLStudio
java_class_path (initial): /Users/symmetrylabs/Documents/GitHub/Java_SLStudio/build/classes/java/main:/Users/symmetrylabs/Documents/GitHub/Java_SLStudio/build/classes/kotlin/main:/Users/symmetrylabs/Documents/GitHub/Java_SLStudio/build/resources/main:/Users/symmetrylabs/Documents/GitHub/Java_SLStudio/libs/gluegen-rt-natives-linux-aarch64.jar:/Users/symmetrylabs/Documents/GitHub/Java_SLStudio/libs/gluegen-rt-natives-linux-amd64.jar:/Users/symmetrylabs/Documents/GitHub/Java_SLStudio/libs/gluegen-rt-natives-linux-armv6hf.jar:/Users/symmetrylabs/Documents/GitHub/Java_SLStudio/libs/gluegen-rt-natives-linux-i586.jar:/Users/symmetrylabs/Documents/GitHub/Java_SLStudio/libs/gluegen-rt-natives-macosx-universal.jar:/Users/symmetrylabs/Documents/GitHub/Java_SLStudio/libs/gluegen-rt-natives-windows-amd64.jar:/Users/symmetrylabs/Documents/GitHub/Java_SLStudio/libs/gluegen-rt-natives-windows-i586.jar:/Users/symmetrylabs/Documents/GitHub/Java_SLStudio/libs/gluegen-rt.jar:/Users/symmetrylabs/Documents/GitHub/Java_SLStudio/libs/jogl-all-2.3.2-natives-linux-amd64.jar:/Users/symmetrylabs/Documents/GitHub/Java_SLStudio/libs/jogl-all-natives-linux-aarch64.jar:/Users/symmetrylabs/Documents/GitHub/Java_SLStudio/libs/jogl-all-natives-linux-amd64.jar:/Users/symmetrylabs/Documents/GitHub/Java_SLStudio/libs/jogl-all-natives-linux-armv6hf.jar:/Users/symmetrylabs/Documents/GitHub/Java_SLStudio/libs/jogl-all-natives-linux-i586.jar:/Users/symmetrylabs/Documents/GitHub/Java_SLStudio/libs/jogl-all-natives-macosx-universal.jar:/Users/symmetrylabs/Documents/GitHub/Java_SLStudio/libs/jogl-all-natives-windows-amd64.jar:/Users/symmetrylabs/Documents/GitHub/Java_SLStudio/libs/jogl-all-natives-windows-i586.jar:/Users/symmetrylabs/Documents/GitHub/Java_SLStudio/libs/jogl-all.jar:/Users/symmetrylabs/Documents/GitHub/Java_SLStudio/libs/P3LX.jar:/Users/symmetrylabs/.gradle/caches/modules-2/files-2.1/org.processing/core/3.3.6/f89688e748c841a79624ac2b68f92f9df3ea186a/core-3.3.6.jar:/Users/symmetrylabs/.gradle/
Launcher Type: SUN_STANDARD

Environment Variables:
PATH=/usr/local/bin:/usr/bin:/bin:/usr/sbin:/sbin
SHELL=/bin/bash

Signal Handlers:
SIGSEGV: [libjvm.dylib+0x5b494d], sa_mask[0]=11111111011111110111111111111111, sa_flags=SA_ONSTACK|SA_RESTART|SA_SIGINFO
SIGBUS: [libjvm.dylib+0x5b494d], sa_mask[0]=11111111011111110111111111111111, sa_flags=SA_RESTART|SA_SIGINFO
SIGFPE: [libjvm.dylib+0x48ab54], sa_mask[0]=11111111011111110111111111111111, sa_flags=SA_RESTART|SA_SIGINFO
SIGPIPE: [libjvm.dylib+0x48ab54], sa_mask[0]=11111111011111110111111111111111, sa_flags=SA_RESTART|SA_SIGINFO
SIGXFSZ: [libjvm.dylib+0x48ab54], sa_mask[0]=11111111011111110111111111111111, sa_flags=SA_RESTART|SA_SIGINFO
SIGILL: [libjvm.dylib+0x48ab54], sa_mask[0]=11111111011111110111111111111111, sa_flags=SA_RESTART|SA_SIGINFO
SIGUSR1: SIG_DFL, sa_mask[0]=11011111011111100000000111000110, sa_flags=none
SIGUSR2: [libjvm.dylib+0x48a672], sa_mask[0]=00100000000000000000000000000000, sa_flags=SA_RESTART|SA_SIGINFO
SIGHUP: [libjvm.dylib+0x488c49], sa_mask[0]=11111111011111110111111111111111, sa_flags=SA_RESTART|SA_SIGINFO
SIGINT: [libjvm.dylib+0x488c49], sa_mask[0]=11111111011111110111111111111111, sa_flags=SA_RESTART|SA_SIGINFO
SIGTERM: [libjvm.dylib+0x488c49], sa_mask[0]=11111111011111110111111111111111, sa_flags=SA_RESTART|SA_SIGINFO
SIGQUIT: [libjvm.dylib+0x488c49], sa_mask[0]=11111111011111110111111111111111, sa_flags=SA_RESTART|SA_SIGINFO


---------------  S Y S T E M  ---------------

OS:Bsduname:Darwin 16.6.0 Darwin Kernel Version 16.6.0: Fri Apr 14 16:21:16 PDT 2017; root:xnu-3789.60.24~6/RELEASE_X86_64 x86_64
rlimit: STACK 8192k, CORE 0k, NPROC 709, NOFILE 10240, AS infinity
load average:2.88 4.42 4.97

CPU:total 20 (initial active 20) (10 cores per cpu, 2 threads per core) family 6 model 79 stepping 1, cmov, cx8, fxsr, mmx, sse, sse2, sse3, ssse3, sse4.1, sse4.2, popcnt, avx, avx2, aes, clmul, erms, rtm, 3dnowpref, lzcnt, ht, tsc, tscinvbit, bmi1, bmi2, adx

Memory: 4k page, physical 67108864k(3729008k free)

/proc/meminfo:


vm_info: Java HotSpot(TM) 64-Bit Server VM (25.152-b16) for bsd-amd64 JRE (1.8.0_152-b16), built on Sep 14 2017 02:31:13 by "java_re" with gcc 4.2.1 (Based on Apple Inc. build 5658) (LLVM build 2336.11.00)

time: Fri Dec 29 18:12:53 2017
elapsed time: 11 seconds (0d 0h 0m 11s)

