#
# A fatal error has been detected by the Java Runtime Environment:
#
#  SIGSEGV (0xb) at pc=0x00000001465b070b, pid=75424, tid=0x0000000000013407
#
# JRE version: Java(TM) SE Runtime Environment (8.0_152-b16) (build 1.8.0_152-b16)
# Java VM: Java HotSpot(TM) 64-Bit Server VM (25.152-b16 mixed mode bsd-amd64 compressed oops)
# Problematic frame:
# C  [GeForceGLDriverWeb+0x57770b]  gldUnbindVertexArray+0x1d0433
#
# Failed to write core dump. Core dumps have been disabled. To enable core dumping, try "ulimit -c unlimited" before starting Java again
#
# If you would like to submit a bug report, please visit:
#   http://bugreport.java.com/bugreport/crash.jsp
# The crash happened outside the Java Virtual Machine in native code.
# See problematic frame for where to report the bug.
#

---------------  T H R E A D  ---------------

Current thread (0x00007fb7761b3800):  JavaThread "main-FPSAWTAnimator#00-Timer0" [_thread_in_native, id=78855, stack(0x0000700013120000,0x0000700013220000)]

siginfo: si_signo: 11 (SIGSEGV), si_code: 1 (SEGV_MAPERR), si_addr: 0x0000000000000048

Registers:
RAX=0x0000000000000000, RBX=0x00000000000000a3, RCX=0x0100000000080000, RDX=0x000000014f5c6000
RSP=0x000070001321e2a0, RBP=0x000070001321e630, RSI=0x0000000000000048, RDI=0x000000014f5c6000
R8 =0x0000000000000480, R9 =0x000000016b3b9008, R10=0x0000000000000002, R11=0x00007fb7790b7c00
R12=0x0000000000000000, R13=0x0000000000000000, R14=0x000000014f5c6000, R15=0x000070001321ef98
RIP=0x00000001465b070b, EFLAGS=0x0000000000010206, ERR=0x0000000000000004
  TRAPNO=0x000000000000000e

Top of Stack: (sp=0x000070001321e2a0)
0x000070001321e2a0:   0000000500000000 00007fb700000000
0x000070001321e2b0:   00000c8000000000 0000025800000320
0x000070001321e2c0:   00000000000000a3 0000000000000000
0x000070001321e2d0:   000070001321ef48 000002580000004a
0x000070001321e2e0:   0000000000000000 0000000000000004
0x000070001321e2f0:   0000000000000001 000070001321ef48
0x000070001321e300:   0000000100000000 0000032000000001
0x000070001321e310:   0000000000000000 0000000000000000
0x000070001321e320:   000070001321ef98 0000000000000001
0x000070001321e330:   00000000000000a3 0000000000000000
0x000070001321e340:   0100000000000004 0000000146b13300
0x000070001321e350:   00007fb7790b7c00 0000000100000001
0x000070001321e360:   0000000000000000 0000000000000000
0x000070001321e370:   0000000100000090 00000000000000a3
0x000070001321e380:   000001b5000000ff 0100000000080000
0x000070001321e390:   00007fb76a038ec8 00000000000000a3
0x000070001321e3a0:   0000000000000c80 000000014f5c6000
0x000070001321e3b0:   000000014f318000 00000c8000000320
0x000070001321e3c0:   0000000100000c80 00000000000000a3
0x000070001321e3d0:   0000000162eae000 0000025800000640
0x000070001321e3e0:   0000000000000001 0000000000000004
0x000070001321e3f0:   0000000000000001 000000051ae0c000
0x000070001321e400:   00007fb7758b4a50 00000c80beef0202
0x000070001321e410:   0000025800000320 0000000000000001
0x000070001321e420:   0000000000000000 0000000000000002
0x000070001321e430:   0000025800000320 0000000000000001
0x000070001321e440:   0000000000000004 0000000000000001
0x000070001321e450:   00000000001f4000 0000000000000000
0x000070001321e460:   0000000000000000 0000000000000000
0x000070001321e470:   0000000000000000 0000000000000000
0x000070001321e480:   0000000000000000 0000000000000000
0x000070001321e490:   0000000000000000 0000000000000004 

Instructions: (pc=0x00000001465b070b)
0x00000001465b06eb:   84 c0 0f 84 1a 03 00 00 49 8b 86 30 02 02 00 4c
0x00000001465b06fb:   89 f2 48 8b 8d 58 fd ff ff 44 0f af e9 4d 63 e5
0x00000001465b070b:   4c 03 60 48 48 8b 40 40 48 85 c0 be 00 00 00 00
0x00000001465b071b:   74 11 48 8b 00 48 85 c0 be 00 00 00 00 74 04 48 

Register to memory mapping:

RAX=0x0000000000000000 is an unknown value
RBX=0x00000000000000a3 is an unknown value
RCX=0x0100000000080000 is an unknown value
RDX=0x000000014f5c6000 is an unknown value
RSP=0x000070001321e2a0 is pointing into the stack for thread: 0x00007fb7761b3800
RBP=0x000070001321e630 is pointing into the stack for thread: 0x00007fb7761b3800
RSI=0x0000000000000048 is an unknown value
RDI=0x000000014f5c6000 is an unknown value
R8 =0x0000000000000480 is an unknown value
R9 =0x000000016b3b9008 is an unknown value
R10=0x0000000000000002 is an unknown value
R11=0x00007fb7790b7c00 is an unknown value
R12=0x0000000000000000 is an unknown value
R13=0x0000000000000000 is an unknown value
R14=0x000000014f5c6000 is an unknown value
R15=0x000070001321ef98 is pointing into the stack for thread: 0x00007fb7761b3800


Stack: [0x0000700013120000,0x0000700013220000],  sp=0x000070001321e2a0,  free space=1016k
Native frames: (J=compiled Java code, j=interpreted, Vv=VM code, C=native code)
C  [GeForceGLDriverWeb+0x57770b]  gldUnbindVertexArray+0x1d0433
C  [GeForceGLDriverWeb+0x577e71]  gldUnbindVertexArray+0x1d0b99
C  [GeForceGLDriverWeb+0x57ad4a]  gldUnbindVertexArray+0x1d3a72
C  [GeForceGLDriverWeb+0x2cbb06]
C  [GeForceGLDriverWeb+0x35d90d]
C  [GeForceGLDriverWeb+0x39a900]  gldReadTextureData+0x1221b
C  [GeForceGLDriverWeb+0x385765]  gldReadFramebufferData+0x19d
C  [GLEngine+0x3e675]  glReadPixels_Exec+0x56b
C  [libGL.dylib+0x2bd5]  glReadPixels+0x39
C  [libjogl_desktop.jnilib+0x24d2a]  Java_jogamp_opengl_gl4_GL4bcImpl_dispatch_1glReadPixels1__IIIIIILjava_lang_Object_2IZJ+0xfa
J 5353  jogamp.opengl.gl4.GL4bcImpl.dispatch_glReadPixels1(IIIIIILjava/lang/Object;IZJ)V (0 bytes) @ 0x000000010bf730b3 [0x000000010bf72fc0+0xf3]
J 5639 C2 processing.opengl.PSurfaceJOGL$DrawListener.display(Lcom/jogamp/opengl/GLAutoDrawable;)V (220 bytes) @ 0x000000010c02f3cc [0x000000010c02e320+0x10ac]
J 6321 C2 jogamp.opengl.GLDrawableHelper.invokeGLImpl(Lcom/jogamp/opengl/GLDrawable;Lcom/jogamp/opengl/GLContext;Ljava/lang/Runnable;Ljava/lang/Runnable;)V (579 bytes) @ 0x000000010c15bd14 [0x000000010c15b740+0x5d4]
J 5044 C2 com.jogamp.opengl.util.FPSAnimator$MainTask.run()V (805 bytes) @ 0x000000010b5944b4 [0x000000010b594040+0x474]
J 6152% C2 java.util.TimerThread.mainLoop()V (232 bytes) @ 0x000000010bc46284 [0x000000010bc46180+0x104]
j  java.util.TimerThread.run()V+1
v  ~StubRoutines::call_stub
V  [libjvm.dylib+0x2ef7b2]
V  [libjvm.dylib+0x2eff56]
V  [libjvm.dylib+0x2f0102]
V  [libjvm.dylib+0x34a8c5]
V  [libjvm.dylib+0x56e327]
V  [libjvm.dylib+0x56fa14]
V  [libjvm.dylib+0x48d542]
C  [libsystem_pthread.dylib+0x393b]  _pthread_body+0xb4
C  [libsystem_pthread.dylib+0x3887]  _pthread_body+0x0
C  [libsystem_pthread.dylib+0x308d]  thread_start+0xd
C  0x0000000000000000

Java frames: (J=compiled Java code, j=interpreted, Vv=VM code)
J 5353  jogamp.opengl.gl4.GL4bcImpl.dispatch_glReadPixels1(IIIIIILjava/lang/Object;IZJ)V (0 bytes) @ 0x000000010bf73039 [0x000000010bf72fc0+0x79]
J 5639 C2 processing.opengl.PSurfaceJOGL$DrawListener.display(Lcom/jogamp/opengl/GLAutoDrawable;)V (220 bytes) @ 0x000000010c02f3cc [0x000000010c02e320+0x10ac]
J 6321 C2 jogamp.opengl.GLDrawableHelper.invokeGLImpl(Lcom/jogamp/opengl/GLDrawable;Lcom/jogamp/opengl/GLContext;Ljava/lang/Runnable;Ljava/lang/Runnable;)V (579 bytes) @ 0x000000010c15bd14 [0x000000010c15b740+0x5d4]
J 5044 C2 com.jogamp.opengl.util.FPSAnimator$MainTask.run()V (805 bytes) @ 0x000000010b5944b4 [0x000000010b594040+0x474]
J 6152% C2 java.util.TimerThread.mainLoop()V (232 bytes) @ 0x000000010bc46284 [0x000000010bc46180+0x104]
j  java.util.TimerThread.run()V+1
v  ~StubRoutines::call_stub

---------------  P R O C E S S  ---------------

Java Threads: ( => current thread )
  0x00007fb76a16d800 JavaThread "pool-1-thread-168" [_thread_blocked, id=121667, stack(0x00007000134af000,0x00007000135af000)]
  0x00007fb775213000 JavaThread "pool-1-thread-167" [_thread_in_native, id=114839, stack(0x00007000124e4000,0x00007000125e4000)]
  0x00007fb76b0a2000 JavaThread "pool-1-thread-166" [_thread_in_native, id=115511, stack(0x00007000126ea000,0x00007000127ea000)]
  0x00007fb76b0a5000 JavaThread "pool-1-thread-165" [_thread_in_native, id=49043, stack(0x00007000123e1000,0x00007000124e1000)]
  0x00007fb76b87c800 JavaThread "pool-1-thread-164" [_thread_blocked, id=81647, stack(0x00007000125e7000,0x00007000126e7000)]
  0x00007fb77f8b0800 JavaThread "pool-1-thread-162" [_thread_in_native, id=115003, stack(0x00007000127ed000,0x00007000128ed000)]
  0x00007fb774b18000 JavaThread "ForkJoinPool.commonPool-worker-27" daemon [_thread_blocked, id=133123, stack(0x0000700015a1e000,0x0000700015b1e000)]
  0x00007fb7781e1000 JavaThread "ForkJoinPool.commonPool-worker-2" daemon [_thread_blocked, id=132611, stack(0x000070001591b000,0x0000700015a1b000)]
  0x00007fb777228000 JavaThread "ForkJoinPool.commonPool-worker-23" daemon [_thread_blocked, id=132099, stack(0x0000700015818000,0x0000700015918000)]
  0x00007fb774baa000 JavaThread "ForkJoinPool.commonPool-worker-9" daemon [_thread_blocked, id=131587, stack(0x0000700015715000,0x0000700015815000)]
  0x00007fb782001000 JavaThread "ForkJoinPool.commonPool-worker-19" daemon [_thread_blocked, id=131075, stack(0x0000700015612000,0x0000700015712000)]
  0x00007fb77f000800 JavaThread "ForkJoinPool.commonPool-worker-16" daemon [_thread_blocked, id=130563, stack(0x000070001550f000,0x000070001560f000)]
  0x00007fb782828800 JavaThread "ForkJoinPool.commonPool-worker-12" daemon [_thread_blocked, id=130051, stack(0x000070001540c000,0x000070001550c000)]
  0x00007fb774ba9000 JavaThread "ForkJoinPool.commonPool-worker-30" daemon [_thread_blocked, id=129539, stack(0x0000700015309000,0x0000700015409000)]
  0x00007fb777b95000 JavaThread "ForkJoinPool.commonPool-worker-5" daemon [_thread_blocked, id=129027, stack(0x0000700015206000,0x0000700015306000)]
  0x00007fb776042000 JavaThread "ForkJoinPool.commonPool-worker-8" daemon [_thread_blocked, id=128515, stack(0x0000700015103000,0x0000700015203000)]
  0x00007fb776041000 JavaThread "ForkJoinPool.commonPool-worker-1" daemon [_thread_blocked, id=128003, stack(0x0000700015000000,0x0000700015100000)]
  0x00007fb7781e0800 JavaThread "ForkJoinPool.commonPool-worker-26" daemon [_thread_blocked, id=127491, stack(0x0000700014efd000,0x0000700014ffd000)]
  0x00007fb782000000 JavaThread "ForkJoinPool.commonPool-worker-22" daemon [_thread_blocked, id=126979, stack(0x0000700014dfa000,0x0000700014efa000)]
  0x00007fb7791d5800 JavaThread "ForkJoinPool.commonPool-worker-15" daemon [_thread_blocked, id=126467, stack(0x0000700014cf7000,0x0000700014df7000)]
  0x00007fb774ba8800 JavaThread "ForkJoinPool.commonPool-worker-4" daemon [_thread_blocked, id=125955, stack(0x0000700014bf4000,0x0000700014cf4000)]
  0x00007fb777227000 JavaThread "ForkJoinPool.commonPool-worker-29" daemon [_thread_blocked, id=125443, stack(0x0000700014af1000,0x0000700014bf1000)]
  0x00007fb7789b6000 JavaThread "ForkJoinPool.commonPool-worker-11" daemon [_thread_blocked, id=124931, stack(0x00007000149ee000,0x0000700014aee000)]
  0x00007fb777226800 JavaThread "ForkJoinPool.commonPool-worker-18" daemon [_thread_blocked, id=124419, stack(0x00007000148eb000,0x00007000149eb000)]
  0x00007fb7791b4800 JavaThread "ForkJoinPool.commonPool-worker-25" daemon [_thread_blocked, id=123907, stack(0x00007000147e8000,0x00007000148e8000)]
  0x00007fb777b93800 JavaThread "LXChannel thread #6" [_thread_blocked, id=123395, stack(0x00007000146e5000,0x00007000147e5000)]
  0x00007fb777a67800 JavaThread "LXChannel thread #3" [_thread_blocked, id=122883, stack(0x00007000145e2000,0x00007000146e2000)]
  0x00007fb774b0a800 JavaThread "LXChannel thread #2" [_thread_in_native, id=122403, stack(0x00007000144df000,0x00007000145df000)]
  0x00007fb7789c1000 JavaThread "LXEngine Render Thread" [_thread_blocked, id=120855, stack(0x00007000143dc000,0x00007000144dc000)]
  0x00007fb775229800 JavaThread "LXEngine Network Thread" [_thread_blocked, id=120323, stack(0x00007000142d9000,0x00007000143d9000)]
  0x00007fb775228800 JavaThread "LXAudioEngine Input Thread" [_thread_blocked, id=119815, stack(0x00007000141d6000,0x00007000142d6000)]
  0x00007fb77519e800 JavaThread "Java Sound Event Dispatcher" daemon [_thread_blocked, id=117763, stack(0x0000700013f4d000,0x000070001404d000)]
  0x00007fb776318000 JavaThread "Thread-22" [_thread_blocked, id=117251, stack(0x0000700013e4a000,0x0000700013f4a000)]
  0x00007fb776317800 JavaThread "Thread-21" [_thread_blocked, id=116739, stack(0x0000700013d47000,0x0000700013e47000)]
  0x00007fb776077800 JavaThread "Thread-20" [_thread_blocked, id=116227, stack(0x0000700013c44000,0x0000700013d44000)]
  0x00007fb778a5d000 JavaThread "Thread-19" [_thread_blocked, id=39971, stack(0x0000700012d11000,0x0000700012e11000)]
  0x00007fb777a61800 JavaThread "Thread-18" [_thread_in_native, id=71439, stack(0x00007000122de000,0x00007000123de000)]
  0x00007fb776b93000 JavaThread "Timer-0" [_thread_blocked, id=113927, stack(0x0000700013632000,0x0000700013732000)]
  0x00007fb776801800 JavaThread "DestroyJavaVM" [_thread_blocked, id=7171, stack(0x000070000fff5000,0x00007000100f5000)]
=>0x00007fb7761b3800 JavaThread "main-FPSAWTAnimator#00-Timer0" [_thread_in_native, id=78855, stack(0x0000700013120000,0x0000700013220000)]
  0x00007fb776162000 JavaThread "Thread-2" [_thread_blocked, id=78351, stack(0x000070001301d000,0x000070001311d000)]
  0x00007fb775054800 JavaThread "main-Display-.macosx_nil-1-EDT-1" daemon [_thread_blocked, id=77571, stack(0x0000700012f1a000,0x000070001301a000)]
  0x00007fb777085800 JavaThread "Java2D Disposer" daemon [_thread_blocked, id=70927, stack(0x0000700012c0e000,0x0000700012d0e000)]
  0x00007fb7778bb000 JavaThread "Java2D Queue Flusher" daemon [_thread_blocked, id=68871, stack(0x0000700012b0b000,0x0000700012c0b000)]
  0x00007fb777881000 JavaThread "AWT-AppKit" daemon [_thread_in_native, id=775, stack(0x00007fff58d68000,0x00007fff59568000)]
  0x00007fb77500a800 JavaThread "Service Thread" daemon [_thread_blocked, id=28931, stack(0x0000700012055000,0x0000700012155000)]
  0x00007fb777006000 JavaThread "C1 CompilerThread11" daemon [_thread_blocked, id=28419, stack(0x0000700011f52000,0x0000700012052000)]
  0x00007fb77500c800 JavaThread "C1 CompilerThread10" daemon [_thread_blocked, id=27907, stack(0x0000700011e4f000,0x0000700011f4f000)]
  0x00007fb778021000 JavaThread "C1 CompilerThread9" daemon [_thread_blocked, id=27395, stack(0x0000700011d4c000,0x0000700011e4c000)]
  0x00007fb778020000 JavaThread "C1 CompilerThread8" daemon [_thread_blocked, id=26883, stack(0x0000700011c49000,0x0000700011d49000)]
  0x00007fb774836000 JavaThread "C2 CompilerThread7" daemon [_thread_blocked, id=26371, stack(0x0000700011b46000,0x0000700011c46000)]
  0x00007fb774835000 JavaThread "C2 CompilerThread6" daemon [_thread_blocked, id=25859, stack(0x0000700011a43000,0x0000700011b43000)]
  0x00007fb774834800 JavaThread "C2 CompilerThread5" daemon [_thread_blocked, id=25347, stack(0x0000700011940000,0x0000700011a40000)]
  0x00007fb774833800 JavaThread "C2 CompilerThread4" daemon [_thread_blocked, id=24835, stack(0x000070001183d000,0x000070001193d000)]
  0x00007fb777808800 JavaThread "C2 CompilerThread3" daemon [_thread_blocked, id=24323, stack(0x000070001173a000,0x000070001183a000)]
  0x00007fb77482b000 JavaThread "C2 CompilerThread2" daemon [_thread_blocked, id=23811, stack(0x0000700011637000,0x0000700011737000)]
  0x00007fb77482a000 JavaThread "C2 CompilerThread1" daemon [_thread_blocked, id=23299, stack(0x0000700011534000,0x0000700011634000)]
  0x00007fb77481f000 JavaThread "C2 CompilerThread0" daemon [_thread_blocked, id=22787, stack(0x0000700011431000,0x0000700011531000)]
  0x00007fb77481e000 JavaThread "Signal Dispatcher" daemon [_thread_blocked, id=22275, stack(0x000070001132e000,0x000070001142e000)]
  0x00007fb77686f000 JavaThread "Finalizer" daemon [_thread_blocked, id=18179, stack(0x000070001122b000,0x000070001132b000)]
  0x00007fb77686c800 JavaThread "Reference Handler" daemon [_thread_blocked, id=17667, stack(0x0000700011128000,0x0000700011228000)]

Other Threads:
  0x00007fb776868000 VMThread [stack: 0x0000700011025000,0x0000700011125000] [id=17155]
  0x00007fb77604d000 WatcherThread [stack: 0x0000700012158000,0x0000700012258000] [id=29443]

VM state:not at safepoint (normal execution)

VM Mutex/Monitor currently owned by a thread: None

Heap:
 PSYoungGen      total 993280K, used 405703K [0x000000066ab00000, 0x0000000798a00000, 0x00000007c0000000)
  eden space 992256K, 40% used [0x000000066ab00000,0x00000006836d9ec8,0x00000006a7400000)
  from space 1024K, 34% used [0x0000000798800000,0x0000000798858000,0x0000000798900000)
  to   space 1024K, 0% used [0x0000000798900000,0x0000000798900000,0x0000000798a00000)
 ParOldGen       total 3149312K, used 2439602K [0x00000003c0000000, 0x0000000480380000, 0x000000066ab00000)
  object space 3149312K, 77% used [0x00000003c0000000,0x0000000454e6c8a0,0x0000000480380000)
 Metaspace       used 27913K, capacity 28311K, committed 28672K, reserved 1075200K
  class space    used 3095K, capacity 3201K, committed 3328K, reserved 1048576K

Card table byte_map: [0x000000011a200000,0x000000011c201000] byte_map_base: 0x0000000118400000

Marking Bits: (ParMarkBitMap*) 0x000000010700b6c0
 Begin Bits: [0x000000011d757000, 0x000000012d757000)
 End Bits:   [0x000000012d757000, 0x000000013d757000)

Polling page: 0x0000000107705000

CodeCache: size=245760Kb used=17019Kb max_used=17226Kb free=228740Kb
 bounds [0x000000010b200000, 0x000000010c350000, 0x000000011a200000]
 total_blobs=5435 nmethods=4475 adapters=870
 compilation: enabled

Compilation events (10 events):
Event: 148728.436 Thread 0x00007fb777006000 nmethod 6339 0x000000010bdc0c10 code [0x000000010bdc0ea0, 0x000000010bdc1dc8]
Event: 148728.440 Thread 0x00007fb77500c800 nmethod 6337 0x000000010be84c10 code [0x000000010be854c0, 0x000000010be8b7c8]
Event: 148728.968 Thread 0x00007fb778021000 6343       3       java.util.Formatter$FormatSpecifier::checkFloat (98 bytes)
Event: 148728.968 Thread 0x00007fb777006000 6344       3       java.util.Formatter$FormatSpecifier::printFloat (86 bytes)
Event: 148728.968 Thread 0x00007fb778021000 nmethod 6343 0x000000010b84b610 code [0x000000010b84b800, 0x000000010b84c1d8]
Event: 148728.968 Thread 0x00007fb777006000 nmethod 6344 0x000000010c0a1750 code [0x000000010c0a1980, 0x000000010c0a2628]
Event: 148821.897 Thread 0x00007fb778020000 6345       3       heronarts.p3lx.ui.component.UIItemList$Impl::getHeight (8 bytes)
Event: 148821.897 Thread 0x00007fb778020000 nmethod 6345 0x000000010be84750 code [0x000000010be848c0, 0x000000010be84af0]
Event: 148823.945 Thread 0x00007fb774834800 6346  s    4       java.awt.geom.Path2D::getCurrentPoint (123 bytes)
Event: 148823.948 Thread 0x00007fb774834800 nmethod 6346 0x000000010b4d4090 code [0x000000010b4d4200, 0x000000010b4d46b8]

GC Heap History (10 events):
Event: 149132.394 GC heap before
{Heap before GC invocations=7322 (full 7):
 PSYoungGen      total 722944K, used 722720K [0x000000066ab00000, 0x0000000798b00000, 0x00000007c0000000)
  eden space 722432K, 100% used [0x000000066ab00000,0x0000000696c80000,0x0000000696c80000)
  from space 512K, 56% used [0x0000000798a80000,0x0000000798ac8000,0x0000000798b00000)
  to   space 1024K, 0% used [0x0000000798900000,0x0000000798900000,0x0000000798a00000)
 ParOldGen       total 3149312K, used 2418121K [0x00000003c0000000, 0x0000000480380000, 0x000000066ab00000)
  object space 3149312K, 76% used [0x00000003c0000000,0x0000000453972708,0x0000000480380000)
 Metaspace       used 27913K, capacity 28311K, committed 28672K, reserved 1075200K
  class space    used 3095K, capacity 3201K, committed 3328K, reserved 1048576K
Event: 149132.397 GC heap after
Heap after GC invocations=7322 (full 7):
 PSYoungGen      total 714752K, used 224K [0x000000066ab00000, 0x0000000798b00000, 0x00000007c0000000)
  eden space 713728K, 0% used [0x000000066ab00000,0x000000066ab00000,0x0000000696400000)
  from space 1024K, 21% used [0x0000000798900000,0x0000000798938000,0x0000000798a00000)
  to   space 1024K, 0% used [0x0000000798a00000,0x0000000798a00000,0x0000000798b00000)
 ParOldGen       total 3149312K, used 2421804K [0x00000003c0000000, 0x0000000480380000, 0x000000066ab00000)
  object space 3149312K, 76% used [0x00000003c0000000,0x0000000453d0b168,0x0000000480380000)
 Metaspace       used 27913K, capacity 28311K, committed 28672K, reserved 1075200K
  class space    used 3095K, capacity 3201K, committed 3328K, reserved 1048576K
}
Event: 149134.205 GC heap before
{Heap before GC invocations=7323 (full 7):
 PSYoungGen      total 714752K, used 713952K [0x000000066ab00000, 0x0000000798b00000, 0x00000007c0000000)
  eden space 713728K, 100% used [0x000000066ab00000,0x0000000696400000,0x0000000696400000)
  from space 1024K, 21% used [0x0000000798900000,0x0000000798938000,0x0000000798a00000)
  to   space 1024K, 0% used [0x0000000798a00000,0x0000000798a00000,0x0000000798b00000)
 ParOldGen       total 3149312K, used 2421806K [0x00000003c0000000, 0x0000000480380000, 0x000000066ab00000)
  object space 3149312K, 76% used [0x00000003c0000000,0x0000000453d0b948,0x0000000480380000)
 Metaspace       used 27913K, capacity 28311K, committed 28672K, reserved 1075200K
  class space    used 3095K, capacity 3201K, committed 3328K, reserved 1048576K
Event: 149134.208 GC heap after
Heap after GC invocations=7323 (full 7):
 PSYoungGen      total 705536K, used 352K [0x000000066ab00000, 0x0000000798a80000, 0x00000007c0000000)
  eden space 705024K, 0% used [0x000000066ab00000,0x000000066ab00000,0x0000000695b80000)
  from space 512K, 68% used [0x0000000798a00000,0x0000000798a58000,0x0000000798a80000)
  to   space 1024K, 0% used [0x0000000798880000,0x0000000798880000,0x0000000798980000)
 ParOldGen       total 3149312K, used 2427330K [0x00000003c0000000, 0x0000000480380000, 0x000000066ab00000)
  object space 3149312K, 77% used [0x00000003c0000000,0x00000004542708d8,0x0000000480380000)
 Metaspace       used 27913K, capacity 28311K, committed 28672K, reserved 1075200K
  class space    used 3095K, capacity 3201K, committed 3328K, reserved 1048576K
}
Event: 149136.134 GC heap before
{Heap before GC invocations=7324 (full 7):
 PSYoungGen      total 705536K, used 705376K [0x000000066ab00000, 0x0000000798a80000, 0x00000007c0000000)
  eden space 705024K, 100% used [0x000000066ab00000,0x0000000695b80000,0x0000000695b80000)
  from space 512K, 68% used [0x0000000798a00000,0x0000000798a58000,0x0000000798a80000)
  to   space 1024K, 0% used [0x0000000798880000,0x0000000798880000,0x0000000798980000)
 ParOldGen       total 3149312K, used 2427765K [0x00000003c0000000, 0x0000000480380000, 0x000000066ab00000)
  object space 3149312K, 77% used [0x00000003c0000000,0x00000004542dd728,0x0000000480380000)
 Metaspace       used 27913K, capacity 28311K, committed 28672K, reserved 1075200K
  class space    used 3095K, capacity 3201K, committed 3328K, reserved 1048576K
Event: 149136.137 GC heap after
Heap after GC invocations=7324 (full 7):
 PSYoungGen      total 697856K, used 416K [0x000000066ab00000, 0x0000000798a80000, 0x00000007c0000000)
  eden space 696832K, 0% used [0x000000066ab00000,0x000000066ab00000,0x0000000695380000)
  from space 1024K, 40% used [0x0000000798880000,0x00000007988e8000,0x0000000798980000)
  to   space 1024K, 0% used [0x0000000798980000,0x0000000798980000,0x0000000798a80000)
 ParOldGen       total 3149312K, used 2433313K [0x00000003c0000000, 0x0000000480380000, 0x000000066ab00000)
  object space 3149312K, 77% used [0x00000003c0000000,0x00000004548486b8,0x0000000480380000)
 Metaspace       used 27913K, capacity 28311K, committed 28672K, reserved 1075200K
  class space    used 3095K, capacity 3201K, committed 3328K, reserved 1048576K
}
Event: 149136.138 GC heap before
{Heap before GC invocations=7325 (full 7):
 PSYoungGen      total 697856K, used 2395K [0x000000066ab00000, 0x0000000798a80000, 0x00000007c0000000)
  eden space 696832K, 0% used [0x000000066ab00000,0x000000066aceef08,0x0000000695380000)
  from space 1024K, 40% used [0x0000000798880000,0x00000007988e8000,0x0000000798980000)
  to   space 1024K, 0% used [0x0000000798980000,0x0000000798980000,0x0000000798a80000)
 ParOldGen       total 3149312K, used 2433313K [0x00000003c0000000, 0x0000000480380000, 0x000000066ab00000)
  object space 3149312K, 77% used [0x00000003c0000000,0x00000004548486b8,0x0000000480380000)
 Metaspace       used 27913K, capacity 28311K, committed 28672K, reserved 1075200K
  class space    used 3095K, capacity 3201K, committed 3328K, reserved 1048576K
Event: 149136.140 GC heap after
Heap after GC invocations=7325 (full 7):
 PSYoungGen      total 833024K, used 192K [0x000000066ab00000, 0x0000000798a00000, 0x00000007c0000000)
  eden space 832512K, 0% used [0x000000066ab00000,0x000000066ab00000,0x000000069d800000)
  from space 512K, 37% used [0x0000000798980000,0x00000007989b0000,0x0000000798a00000)
  to   space 1024K, 0% used [0x0000000798800000,0x0000000798800000,0x0000000798900000)
 ParOldGen       total 3149312K, used 2433409K [0x00000003c0000000, 0x0000000480380000, 0x000000066ab00000)
  object space 3149312K, 77% used [0x00000003c0000000,0x00000004548606b8,0x0000000480380000)
 Metaspace       used 27913K, capacity 28311K, committed 28672K, reserved 1075200K
  class space    used 3095K, capacity 3201K, committed 3328K, reserved 1048576K
}
Event: 149138.258 GC heap before
{Heap before GC invocations=7326 (full 7):
 PSYoungGen      total 833024K, used 832704K [0x000000066ab00000, 0x0000000798a00000, 0x00000007c0000000)
  eden space 832512K, 100% used [0x000000066ab00000,0x000000069d800000,0x000000069d800000)
  from space 512K, 37% used [0x0000000798980000,0x00000007989b0000,0x0000000798a00000)
  to   space 1024K, 0% used [0x0000000798800000,0x0000000798800000,0x0000000798900000)
 ParOldGen       total 3149312K, used 2434062K [0x00000003c0000000, 0x0000000480380000, 0x000000066ab00000)
  object space 3149312K, 77% used [0x00000003c0000000,0x0000000454903910,0x0000000480380000)
 Metaspace       used 27913K, capacity 28311K, committed 28672K, reserved 1075200K
  class space    used 3095K, capacity 3201K, committed 3328K, reserved 1048576K
Event: 149138.261 GC heap after
Heap after GC invocations=7326 (full 7):
 PSYoungGen      total 993280K, used 352K [0x000000066ab00000, 0x0000000798a00000, 0x00000007c0000000)
  eden space 992256K, 0% used [0x000000066ab00000,0x000000066ab00000,0x00000006a7400000)
  from space 1024K, 34% used [0x0000000798800000,0x0000000798858000,0x0000000798900000)
  to   space 1024K, 0% used [0x0000000798900000,0x0000000798900000,0x0000000798a00000)
 ParOldGen       total 3149312K, used 2439602K [0x00000003c0000000, 0x0000000480380000, 0x000000066ab00000)
  object space 3149312K, 77% used [0x00000003c0000000,0x0000000454e6c8a0,0x0000000480380000)
 Metaspace       used 27913K, capacity 28311K, committed 28672K, reserved 1075200K
  class space    used 3095K, capacity 3201K, committed 3328K, reserved 1048576K
}

Deoptimization events (10 events):
Event: 148218.869 Thread 0x00007fb7761b3800 Uncommon trap: reason=predicate action=maybe_recompile pc=0x000000010b7742e0 method=java.util.ArrayList.remove(Ljava/lang/Object;)Z @ 49
Event: 148218.885 Thread 0x00007fb7789c1000 Uncommon trap: reason=class_check action=maybe_recompile pc=0x000000010c2a91f4 method=heronarts.p3lx.ui.UI.dispatch()V @ 74
Event: 148227.275 Thread 0x00007fb775054800 Uncommon trap: reason=unstable_if action=reinterpret pc=0x000000010be026e4 method=processing.opengl.PSurfaceJOGL.nativeMouseEvent(Lcom/jogamp/newt/event/MouseEvent;I)V @ 71
Event: 148227.303 Thread 0x00007fb7761b3800 Uncommon trap: reason=class_check action=maybe_recompile pc=0x000000010c28a4f0 method=processing.core.PApplet.dequeueEvents()V @ 19
Event: 148227.307 Thread 0x00007fb7789c1000 Uncommon trap: reason=class_check action=maybe_recompile pc=0x000000010c2a91f4 method=heronarts.p3lx.ui.UI.dispatch()V @ 74
Event: 148228.917 Thread 0x00007fb7761b3800 Uncommon trap: reason=class_check action=maybe_recompile pc=0x000000010c28a4f0 method=processing.core.PApplet.dequeueEvents()V @ 19
Event: 148228.924 Thread 0x00007fb7789c1000 Uncommon trap: reason=class_check action=maybe_recompile pc=0x000000010c2a91f4 method=heronarts.p3lx.ui.UI.dispatch()V @ 74
Event: 148229.484 Thread 0x00007fb7761b3800 Uncommon trap: reason=class_check action=maybe_recompile pc=0x000000010c28a4f0 method=processing.core.PApplet.dequeueEvents()V @ 19
Event: 148229.490 Thread 0x00007fb7789c1000 Uncommon trap: reason=class_check action=maybe_recompile pc=0x000000010c2a91f4 method=heronarts.p3lx.ui.UI.dispatch()V @ 74
Event: 148231.902 Thread 0x00007fb7761b3800 Uncommon trap: reason=class_check action=maybe_recompile pc=0x000000010c2e66b4 method=processing.core.PApplet.dequeueEvents()V @ 19

Classes redefined (0 events):
No events

Internal exceptions (10 events):
Event: 149191.829 Thread 0x00007fb77f8b0800 Exception <a 'java/net/SocketTimeoutException': Receive timed out> (0x0000000681c1e138) thrown at [/Users/java_re/workspace/8-2-build-macosx-x86_64/jdk8u152/9742/hotspot/src/share/vm/prims/jni.cpp, line 735]
Event: 149191.829 Thread 0x00007fb76b0a2000 Exception <a 'java/net/SocketTimeoutException': Receive timed out> (0x0000000681c1d808) thrown at [/Users/java_re/workspace/8-2-build-macosx-x86_64/jdk8u152/9742/hotspot/src/share/vm/prims/jni.cpp, line 735]
Event: 149192.320 Thread 0x00007fb76b0a5000 Exception <a 'java/net/SocketTimeoutException': Receive timed out> (0x000000068204bb40) thrown at [/Users/java_re/workspace/8-2-build-macosx-x86_64/jdk8u152/9742/hotspot/src/share/vm/prims/jni.cpp, line 735]
Event: 149192.320 Thread 0x00007fb775213000 Exception <a 'java/net/SocketTimeoutException': Receive timed out> (0x000000068204b320) thrown at [/Users/java_re/workspace/8-2-build-macosx-x86_64/jdk8u152/9742/hotspot/src/share/vm/prims/jni.cpp, line 735]
Event: 149192.829 Thread 0x00007fb77f8b0800 Exception <a 'java/net/SocketTimeoutException': Receive timed out> (0x0000000682ca6d58) thrown at [/Users/java_re/workspace/8-2-build-macosx-x86_64/jdk8u152/9742/hotspot/src/share/vm/prims/jni.cpp, line 735]
Event: 149192.829 Thread 0x00007fb76b0a2000 Exception <a 'java/net/SocketTimeoutException': Receive timed out> (0x0000000682ca64b8) thrown at [/Users/java_re/workspace/8-2-build-macosx-x86_64/jdk8u152/9742/hotspot/src/share/vm/prims/jni.cpp, line 735]
Event: 149193.339 Thread 0x00007fb76b0a5000 Exception <a 'java/net/SocketTimeoutException': Receive timed out> (0x0000000683088090) thrown at [/Users/java_re/workspace/8-2-build-macosx-x86_64/jdk8u152/9742/hotspot/src/share/vm/prims/jni.cpp, line 735]
Event: 149193.339 Thread 0x00007fb775213000 Exception <a 'java/net/SocketTimeoutException': Receive timed out> (0x00000006830888b0) thrown at [/Users/java_re/workspace/8-2-build-macosx-x86_64/jdk8u152/9742/hotspot/src/share/vm/prims/jni.cpp, line 735]
Event: 149193.838 Thread 0x00007fb77f8b0800 Exception <a 'java/net/SocketTimeoutException': Receive timed out> (0x00000006836d42c8) thrown at [/Users/java_re/workspace/8-2-build-macosx-x86_64/jdk8u152/9742/hotspot/src/share/vm/prims/jni.cpp, line 735]
Event: 149193.838 Thread 0x00007fb76b0a2000 Exception <a 'java/net/SocketTimeoutException': Receive timed out> (0x00000006836d3a90) thrown at [/Users/java_re/workspace/8-2-build-macosx-x86_64/jdk8u152/9742/hotspot/src/share/vm/prims/jni.cpp, line 735]

Events (10 events):
Event: 149179.558 Executing VM operation: RevokeBias done
Event: 149179.558 Thread 0x00007fb77729b800 Thread exited: 0x00007fb77729b800
Event: 149184.028 Thread 0x00007fb77729b800 Thread added: 0x00007fb77729b800
Event: 149185.030 Executing VM operation: RevokeBias
Event: 149185.030 Executing VM operation: RevokeBias done
Event: 149185.030 Thread 0x00007fb77729b800 Thread exited: 0x00007fb77729b800
Event: 149189.502 Thread 0x00007fb778a4e000 Thread added: 0x00007fb778a4e000
Event: 149190.506 Executing VM operation: RevokeBias
Event: 149190.507 Executing VM operation: RevokeBias done
Event: 149190.507 Thread 0x00007fb778a4e000 Thread exited: 0x00007fb778a4e000


Dynamic libraries:
0x00000000366da000 	/System/Library/Frameworks/Cocoa.framework/Versions/A/Cocoa
0x00000000366da000 	/System/Library/Frameworks/Security.framework/Versions/A/Security
0x00000000366da000 	/System/Library/Frameworks/ApplicationServices.framework/Versions/A/ApplicationServices
0x00000000366da000 	/usr/lib/libz.1.dylib
0x00000000366da000 	/usr/lib/libSystem.B.dylib
0x00000000366da000 	/usr/lib/libobjc.A.dylib
0x00000000366da000 	/System/Library/Frameworks/CoreFoundation.framework/Versions/A/CoreFoundation
0x00000000366da000 	/System/Library/Frameworks/Foundation.framework/Versions/C/Foundation
0x00000000366da000 	/System/Library/Frameworks/AppKit.framework/Versions/C/AppKit
0x00000000366da000 	/System/Library/Frameworks/CoreData.framework/Versions/A/CoreData
0x00000000366da000 	/System/Library/PrivateFrameworks/RemoteViewServices.framework/Versions/A/RemoteViewServices
0x00000000366da000 	/System/Library/PrivateFrameworks/UIFoundation.framework/Versions/A/UIFoundation
0x00000000366da000 	/System/Library/PrivateFrameworks/DFRFoundation.framework/Versions/A/DFRFoundation
0x00000000366da000 	/usr/lib/libenergytrace.dylib
0x00000000366da000 	/System/Library/PrivateFrameworks/SkyLight.framework/Versions/A/SkyLight
0x00000000366da000 	/System/Library/Frameworks/CoreGraphics.framework/Versions/A/CoreGraphics
0x00000000366da000 	/usr/lib/libScreenReader.dylib
0x00000000366da000 	/System/Library/Frameworks/Accelerate.framework/Versions/A/Accelerate
0x00000000366da000 	/System/Library/Frameworks/IOSurface.framework/Versions/A/IOSurface
0x00000000366da000 	/System/Library/Frameworks/AudioToolbox.framework/Versions/A/AudioToolbox
0x00000000366da000 	/System/Library/Frameworks/AudioUnit.framework/Versions/A/AudioUnit
0x00000000366da000 	/System/Library/PrivateFrameworks/DataDetectorsCore.framework/Versions/A/DataDetectorsCore
0x00000000366da000 	/System/Library/PrivateFrameworks/DesktopServicesPriv.framework/Versions/A/DesktopServicesPriv
0x00000000366da000 	/System/Library/Frameworks/Carbon.framework/Versions/A/Frameworks/HIToolbox.framework/Versions/A/HIToolbox
0x00000000366da000 	/usr/lib/libicucore.A.dylib
0x00000000366da000 	/System/Library/Frameworks/QuartzCore.framework/Versions/A/QuartzCore
0x00000000366da000 	/System/Library/Frameworks/Carbon.framework/Versions/A/Frameworks/SpeechRecognition.framework/Versions/A/SpeechRecognition
0x00000000366da000 	/usr/lib/libauto.dylib
0x00000000366da000 	/usr/lib/libxml2.2.dylib
0x00000000366da000 	/System/Library/PrivateFrameworks/CoreUI.framework/Versions/A/CoreUI
0x00000000366da000 	/System/Library/Frameworks/CoreAudio.framework/Versions/A/CoreAudio
0x00000000366da000 	/System/Library/Frameworks/DiskArbitration.framework/Versions/A/DiskArbitration
0x00000000366da000 	/usr/lib/liblangid.dylib
0x00000000366da000 	/System/Library/PrivateFrameworks/MultitouchSupport.framework/Versions/A/MultitouchSupport
0x00000000366da000 	/System/Library/Frameworks/IOKit.framework/Versions/A/IOKit
0x00000000366da000 	/usr/lib/libDiagnosticMessagesClient.dylib
0x00000000366da000 	/System/Library/Frameworks/CoreServices.framework/Versions/A/CoreServices
0x00000000366da000 	/System/Library/PrivateFrameworks/PerformanceAnalysis.framework/Versions/A/PerformanceAnalysis
0x00000000366da000 	/System/Library/PrivateFrameworks/GenerationalStorage.framework/Versions/A/GenerationalStorage
0x00000000366da000 	/System/Library/Frameworks/OpenGL.framework/Versions/A/OpenGL
0x00000000366da000 	/System/Library/Frameworks/CoreImage.framework/Versions/A/CoreImage
0x00000000366da000 	/System/Library/Frameworks/CoreText.framework/Versions/A/CoreText
0x00000000366da000 	/System/Library/Frameworks/ImageIO.framework/Versions/A/ImageIO
0x00000000366da000 	/System/Library/PrivateFrameworks/Backup.framework/Versions/A/Backup
0x00000000366da000 	/usr/lib/libarchive.2.dylib
0x00000000366da000 	/System/Library/Frameworks/CFNetwork.framework/Versions/A/CFNetwork
0x00000000366da000 	/System/Library/Frameworks/SystemConfiguration.framework/Versions/A/SystemConfiguration
0x00000000366da000 	/usr/lib/libCRFSuite.dylib
0x00000000366da000 	/usr/lib/libc++.1.dylib
0x00000000366da000 	/usr/lib/libc++abi.dylib
0x00000000366da000 	/usr/lib/system/libcache.dylib
0x00000000366da000 	/usr/lib/system/libcommonCrypto.dylib
0x00000000366da000 	/usr/lib/system/libcompiler_rt.dylib
0x00000000366da000 	/usr/lib/system/libcopyfile.dylib
0x00000000366da000 	/usr/lib/system/libcorecrypto.dylib
0x00000000366da000 	/usr/lib/system/libdispatch.dylib
0x00000000366da000 	/usr/lib/system/libdyld.dylib
0x00000000366da000 	/usr/lib/system/libkeymgr.dylib
0x00000000366da000 	/usr/lib/system/liblaunch.dylib
0x00000000366da000 	/usr/lib/system/libmacho.dylib
0x00000000366da000 	/usr/lib/system/libquarantine.dylib
0x00000000366da000 	/usr/lib/system/libremovefile.dylib
0x00000000366da000 	/usr/lib/system/libsystem_asl.dylib
0x00000000366da000 	/usr/lib/system/libsystem_blocks.dylib
0x00000000366da000 	/usr/lib/system/libsystem_c.dylib
0x00000000366da000 	/usr/lib/system/libsystem_configuration.dylib
0x00000000366da000 	/usr/lib/system/libsystem_coreservices.dylib
0x00000000366da000 	/usr/lib/system/libsystem_coretls.dylib
0x00000000366da000 	/usr/lib/system/libsystem_dnssd.dylib
0x00000000366da000 	/usr/lib/system/libsystem_info.dylib
0x00000000366da000 	/usr/lib/system/libsystem_kernel.dylib
0x00000000366da000 	/usr/lib/system/libsystem_m.dylib
0x00000000366da000 	/usr/lib/system/libsystem_malloc.dylib
0x00000000366da000 	/usr/lib/system/libsystem_network.dylib
0x00000000366da000 	/usr/lib/system/libsystem_networkextension.dylib
0x00000000366da000 	/usr/lib/system/libsystem_notify.dylib
0x00000000366da000 	/usr/lib/system/libsystem_platform.dylib
0x00000000366da000 	/usr/lib/system/libsystem_pthread.dylib
0x00000000366da000 	/usr/lib/system/libsystem_sandbox.dylib
0x00000000366da000 	/usr/lib/system/libsystem_secinit.dylib
0x00000000366da000 	/usr/lib/system/libsystem_symptoms.dylib
0x00000000366da000 	/usr/lib/system/libsystem_trace.dylib
0x00000000366da000 	/usr/lib/system/libunwind.dylib
0x00000000366da000 	/usr/lib/system/libxpc.dylib
0x00000000366da000 	/usr/lib/libbsm.0.dylib
0x00000000366da000 	/usr/lib/system/libkxld.dylib
0x00000000366da000 	/usr/lib/libcoretls.dylib
0x00000000366da000 	/usr/lib/libcoretls_cfhelpers.dylib
0x00000000366da000 	/usr/lib/libOpenScriptingUtil.dylib
0x00000000366da000 	/usr/lib/libpam.2.dylib
0x00000000366da000 	/usr/lib/libsqlite3.dylib
0x00000000366da000 	/usr/lib/libxar.1.dylib
0x00000000366da000 	/usr/lib/libbz2.1.0.dylib
0x00000000366da000 	/usr/lib/liblzma.5.dylib
0x00000000366da000 	/usr/lib/libnetwork.dylib
0x00000000366da000 	/usr/lib/libpcap.A.dylib
0x00000000366da000 	/System/Library/Frameworks/CoreServices.framework/Versions/A/Frameworks/FSEvents.framework/Versions/A/FSEvents
0x00000000366da000 	/System/Library/Frameworks/CoreServices.framework/Versions/A/Frameworks/CarbonCore.framework/Versions/A/CarbonCore
0x00000000366da000 	/System/Library/Frameworks/CoreServices.framework/Versions/A/Frameworks/Metadata.framework/Versions/A/Metadata
0x00000000366da000 	/System/Library/Frameworks/CoreServices.framework/Versions/A/Frameworks/OSServices.framework/Versions/A/OSServices
0x00000000366da000 	/System/Library/Frameworks/CoreServices.framework/Versions/A/Frameworks/SearchKit.framework/Versions/A/SearchKit
0x00000000366da000 	/System/Library/Frameworks/CoreServices.framework/Versions/A/Frameworks/AE.framework/Versions/A/AE
0x00000000366da000 	/System/Library/Frameworks/CoreServices.framework/Versions/A/Frameworks/LaunchServices.framework/Versions/A/LaunchServices
0x00000000366da000 	/System/Library/Frameworks/CoreServices.framework/Versions/A/Frameworks/DictionaryServices.framework/Versions/A/DictionaryServices
0x00000000366da000 	/System/Library/Frameworks/CoreServices.framework/Versions/A/Frameworks/SharedFileList.framework/Versions/A/SharedFileList
0x00000000366da000 	/System/Library/Frameworks/NetFS.framework/Versions/A/NetFS
0x00000000366da000 	/System/Library/PrivateFrameworks/NetAuth.framework/Versions/A/NetAuth
0x00000000366da000 	/System/Library/PrivateFrameworks/login.framework/Versions/A/Frameworks/loginsupport.framework/Versions/A/loginsupport
0x00000000366da000 	/System/Library/PrivateFrameworks/TCC.framework/Versions/A/TCC
0x00000000366da000 	/usr/lib/libmecabra.dylib
0x00000000366da000 	/System/Library/Frameworks/ApplicationServices.framework/Versions/A/Frameworks/ATS.framework/Versions/A/ATS
0x00000000366da000 	/System/Library/Frameworks/ApplicationServices.framework/Versions/A/Frameworks/ColorSync.framework/Versions/A/ColorSync
0x00000000366da000 	/System/Library/Frameworks/ApplicationServices.framework/Versions/A/Frameworks/HIServices.framework/Versions/A/HIServices
0x00000000366da000 	/System/Library/Frameworks/ApplicationServices.framework/Versions/A/Frameworks/LangAnalysis.framework/Versions/A/LangAnalysis
0x00000000366da000 	/System/Library/Frameworks/ApplicationServices.framework/Versions/A/Frameworks/PrintCore.framework/Versions/A/PrintCore
0x00000000366da000 	/System/Library/Frameworks/ApplicationServices.framework/Versions/A/Frameworks/QD.framework/Versions/A/QD
0x00000000366da000 	/System/Library/Frameworks/ApplicationServices.framework/Versions/A/Frameworks/SpeechSynthesis.framework/Versions/A/SpeechSynthesis
0x00000000366da000 	/System/Library/Frameworks/Accelerate.framework/Versions/A/Frameworks/vImage.framework/Versions/A/vImage
0x00000000366da000 	/System/Library/Frameworks/Accelerate.framework/Versions/A/Frameworks/vecLib.framework/Versions/A/vecLib
0x00000000366da000 	/System/Library/Frameworks/Accelerate.framework/Versions/A/Frameworks/vecLib.framework/Versions/A/libvDSP.dylib
0x00000000366da000 	/System/Library/Frameworks/Accelerate.framework/Versions/A/Frameworks/vecLib.framework/Versions/A/libBNNS.dylib
0x00000000366da000 	/System/Library/Frameworks/Accelerate.framework/Versions/A/Frameworks/vecLib.framework/Versions/A/libQuadrature.dylib
0x00000000366da000 	/System/Library/Frameworks/Accelerate.framework/Versions/A/Frameworks/vecLib.framework/Versions/A/libvMisc.dylib
0x00000000366da000 	/System/Library/Frameworks/Accelerate.framework/Versions/A/Frameworks/vecLib.framework/Versions/A/libLAPACK.dylib
0x00000000366da000 	/System/Library/Frameworks/Accelerate.framework/Versions/A/Frameworks/vecLib.framework/Versions/A/libBLAS.dylib
0x00000000366da000 	/System/Library/Frameworks/Accelerate.framework/Versions/A/Frameworks/vecLib.framework/Versions/A/libLinearAlgebra.dylib
0x00000000366da000 	/System/Library/Frameworks/Accelerate.framework/Versions/A/Frameworks/vecLib.framework/Versions/A/libSparseBLAS.dylib
0x00000000366da000 	/System/Library/Frameworks/ApplicationServices.framework/Versions/A/Frameworks/ATS.framework/Versions/A/Resources/libFontParser.dylib
0x00000000366da000 	/System/Library/Frameworks/ApplicationServices.framework/Versions/A/Frameworks/ATS.framework/Versions/A/Resources/libFontRegistry.dylib
0x00000000366da000 	/System/Library/Frameworks/ImageIO.framework/Versions/A/Resources/libJPEG.dylib
0x00000000366da000 	/System/Library/Frameworks/ImageIO.framework/Versions/A/Resources/libTIFF.dylib
0x00000000366da000 	/System/Library/Frameworks/ImageIO.framework/Versions/A/Resources/libPng.dylib
0x00000000366da000 	/System/Library/Frameworks/ImageIO.framework/Versions/A/Resources/libGIF.dylib
0x00000000366da000 	/System/Library/Frameworks/ImageIO.framework/Versions/A/Resources/libJP2.dylib
0x00000000366da000 	/System/Library/Frameworks/ImageIO.framework/Versions/A/Resources/libRadiance.dylib
0x00000000366da000 	/usr/lib/libcompression.dylib
0x00000000366da000 	/System/Library/PrivateFrameworks/AppleJPEG.framework/Versions/A/AppleJPEG
0x00000000366da000 	/usr/lib/libcups.2.dylib
0x00000000366da000 	/System/Library/Frameworks/Kerberos.framework/Versions/A/Kerberos
0x00000000366da000 	/System/Library/Frameworks/GSS.framework/Versions/A/GSS
0x00000000366da000 	/usr/lib/libresolv.9.dylib
0x00000000366da000 	/usr/lib/libiconv.2.dylib
0x00000000366da000 	/System/Library/PrivateFrameworks/Heimdal.framework/Versions/A/Heimdal
0x00000000366da000 	/usr/lib/libheimdal-asn1.dylib
0x00000000366da000 	/System/Library/Frameworks/OpenDirectory.framework/Versions/A/OpenDirectory
0x00000000366da000 	/System/Library/PrivateFrameworks/CommonAuth.framework/Versions/A/CommonAuth
0x00000000366da000 	/System/Library/Frameworks/OpenDirectory.framework/Versions/A/Frameworks/CFOpenDirectory.framework/Versions/A/CFOpenDirectory
0x00000000366da000 	/System/Library/Frameworks/SecurityFoundation.framework/Versions/A/SecurityFoundation
0x00000000366da000 	/System/Library/PrivateFrameworks/LanguageModeling.framework/Versions/A/LanguageModeling
0x00000000366da000 	/usr/lib/libmarisa.dylib
0x00000000366da000 	/usr/lib/libChineseTokenizer.dylib
0x00000000366da000 	/usr/lib/libcmph.dylib
0x00000000366da000 	/System/Library/PrivateFrameworks/CoreEmoji.framework/Versions/A/CoreEmoji
0x00000000366da000 	/System/Library/Frameworks/ServiceManagement.framework/Versions/A/ServiceManagement
0x00000000366da000 	/usr/lib/libxslt.1.dylib
0x00000000366da000 	/System/Library/Frameworks/Carbon.framework/Versions/A/Frameworks/Ink.framework/Versions/A/Ink
0x00000000366da000 	/System/Library/PrivateFrameworks/TextureIO.framework/Versions/A/TextureIO
0x00000000366da000 	/System/Library/Frameworks/Metal.framework/Versions/A/Metal
0x00000000366da000 	/usr/lib/libate.dylib
0x00000000366da000 	/System/Library/PrivateFrameworks/GPUCompiler.framework/libmetal_timestamp.dylib
0x00000000366da000 	/System/Library/Frameworks/OpenGL.framework/Versions/A/Libraries/libCoreFSCache.dylib
0x00000000366da000 	/System/Library/PrivateFrameworks/IOAccelerator.framework/Versions/A/IOAccelerator
0x00000000366da000 	/System/Library/Frameworks/CoreVideo.framework/Versions/A/CoreVideo
0x00000000366da000 	/usr/lib/libFosl_dynamic.dylib
0x00000000366da000 	/System/Library/PrivateFrameworks/MetalPerformanceShaders.framework/Versions/A/MetalPerformanceShaders
0x00000000366da000 	/System/Library/PrivateFrameworks/FaceCore.framework/Versions/A/FaceCore
0x00000000366da000 	/System/Library/Frameworks/OpenCL.framework/Versions/A/OpenCL
0x00000000366da000 	/System/Library/Frameworks/OpenGL.framework/Versions/A/Libraries/libGLU.dylib
0x00000000366da000 	/System/Library/Frameworks/OpenGL.framework/Versions/A/Libraries/libGFXShared.dylib
0x00000000366da000 	/System/Library/Frameworks/OpenGL.framework/Versions/A/Libraries/libGL.dylib
0x00000000366da000 	/System/Library/Frameworks/OpenGL.framework/Versions/A/Libraries/libGLImage.dylib
0x00000000366da000 	/System/Library/Frameworks/OpenGL.framework/Versions/A/Libraries/libCVMSPluginSupport.dylib
0x00000000366da000 	/System/Library/Frameworks/OpenGL.framework/Versions/A/Libraries/libCoreVMClient.dylib
0x00000000366da000 	/System/Library/PrivateFrameworks/CrashReporterSupport.framework/Versions/A/CrashReporterSupport
0x00000000366da000 	/System/Library/PrivateFrameworks/Sharing.framework/Versions/A/Sharing
0x00000000366da000 	/System/Library/PrivateFrameworks/IconServices.framework/Versions/A/IconServices
0x00000000366da000 	/System/Library/PrivateFrameworks/ProtocolBuffer.framework/Versions/A/ProtocolBuffer
0x00000000366da000 	/System/Library/PrivateFrameworks/Apple80211.framework/Versions/A/Apple80211
0x00000000366da000 	/System/Library/Frameworks/CoreWLAN.framework/Versions/A/CoreWLAN
0x00000000366da000 	/System/Library/PrivateFrameworks/CoreUtils.framework/Versions/A/CoreUtils
0x00000000366da000 	/System/Library/Frameworks/IOBluetooth.framework/Versions/A/IOBluetooth
0x00000000366da000 	/System/Library/PrivateFrameworks/CoreWiFi.framework/Versions/A/CoreWiFi
0x00000000366da000 	/System/Library/Frameworks/CoreBluetooth.framework/Versions/A/CoreBluetooth
0x00000000366da000 	/System/Library/Frameworks/CoreDisplay.framework/Versions/A/CoreDisplay
0x00000000366da000 	/System/Library/PrivateFrameworks/IOPresentment.framework/Versions/A/IOPresentment
0x00000000366da000 	/System/Library/PrivateFrameworks/DSExternalDisplay.framework/Versions/A/DSExternalDisplay
0x00000000366da000 	/System/Library/PrivateFrameworks/DebugSymbols.framework/Versions/A/DebugSymbols
0x00000000366da000 	/System/Library/PrivateFrameworks/CoreSymbolication.framework/Versions/A/CoreSymbolication
0x00000000366da000 	/System/Library/PrivateFrameworks/Symbolication.framework/Versions/A/Symbolication
0x00000000366da000 	/System/Library/PrivateFrameworks/AppleFSCompression.framework/Versions/A/AppleFSCompression
0x00000000366da000 	/System/Library/PrivateFrameworks/SpeechRecognitionCore.framework/Versions/A/SpeechRecognitionCore
0x00000000366da000 	/System/Library/PrivateFrameworks/ChunkingLibrary.framework/Versions/A/ChunkingLibrary
0x0000000106715000 	/Library/Java/JavaVirtualMachines/jdk1.8.0_152.jdk/Contents/Home/jre/lib/server/libjvm.dylib
0x00000000366da000 	/usr/lib/libstdc++.6.dylib
0x00000001076c1000 	/Library/Java/JavaVirtualMachines/jdk1.8.0_152.jdk/Contents/Home/jre/lib/libverify.dylib
0x00000001076cf000 	/Library/Java/JavaVirtualMachines/jdk1.8.0_152.jdk/Contents/Home/jre/lib/libjava.dylib
0x000000010770f000 	/Library/Java/JavaVirtualMachines/jdk1.8.0_152.jdk/Contents/Home/jre/lib/libzip.dylib
0x0000000144143000 	/Library/Java/JavaVirtualMachines/jdk1.8.0_152.jdk/Contents/Home/jre/lib/libawt.dylib
0x00000001441ed000 	/Library/Java/JavaVirtualMachines/jdk1.8.0_152.jdk/Contents/Home/jre/lib/./libmlib_image.dylib
0x00000001442b9000 	/System/Library/Frameworks/JavaVM.framework/Versions/A/Frameworks/JavaNativeFoundation.framework/Versions/A/JavaNativeFoundation
0x00000001442ce000 	/System/Library/Frameworks/JavaVM.framework/Versions/A/Frameworks/JavaRuntimeSupport.framework/Versions/A/JavaRuntimeSupport
0x00000001442e8000 	/System/Library/Frameworks/JavaVM.framework/Versions/A/JavaVM
0x00000001442f5000 	/System/Library/PrivateFrameworks/JavaLaunching.framework/Versions/A/JavaLaunching
0x00000000366da000 	/System/Library/Frameworks/Carbon.framework/Versions/A/Carbon
0x00000000366da000 	/System/Library/Frameworks/Carbon.framework/Versions/A/Frameworks/CommonPanels.framework/Versions/A/CommonPanels
0x00000000366da000 	/System/Library/Frameworks/Carbon.framework/Versions/A/Frameworks/Help.framework/Versions/A/Help
0x00000000366da000 	/System/Library/Frameworks/Carbon.framework/Versions/A/Frameworks/ImageCapture.framework/Versions/A/ImageCapture
0x00000000366da000 	/System/Library/Frameworks/Carbon.framework/Versions/A/Frameworks/OpenScripting.framework/Versions/A/OpenScripting
0x00000000366da000 	/System/Library/Frameworks/Carbon.framework/Versions/A/Frameworks/Print.framework/Versions/A/Print
0x00000000366da000 	/System/Library/Frameworks/Carbon.framework/Versions/A/Frameworks/SecurityHI.framework/Versions/A/SecurityHI
0x0000000144301000 	/Library/Java/JavaVirtualMachines/jdk1.8.0_152.jdk/Contents/Home/jre/lib/libawt_lwawt.dylib
0x00000001443bb000 	/Library/Java/JavaVirtualMachines/jdk1.8.0_152.jdk/Contents/Home/jre/lib/./libosxapp.dylib
0x00000000366da000 	/System/Library/Frameworks/ExceptionHandling.framework/Versions/A/ExceptionHandling
0x00000000366da000 	/System/Library/PrivateFrameworks/CoreServicesInternal.framework/Versions/A/CoreServicesInternal
0x00000000366da000 	/System/Library/CoreServices/RawCamera.bundle/Contents/MacOS/RawCamera
0x00000000366da000 	/System/Library/Frameworks/Accelerate.framework/Versions/A/Frameworks/vImage.framework/Versions/A/Libraries/libCGInterfaces.dylib
0x00000000366da000 	/System/Library/Frameworks/ApplicationServices.framework/Versions/A/Frameworks/ATS.framework/Versions/A/Resources/libTrueTypeScaler.dylib
0x0000000145e54000 	/System/Library/Frameworks/OpenGL.framework/Resources/GLEngine.bundle/GLEngine
0x00000000366da000 	/System/Library/Frameworks/OpenGL.framework/Versions/A/Libraries/libGLProgrammability.dylib
0x0000000146039000 	/System/Library/Extensions/GeForceGLDriverWeb.bundle/Contents/MacOS/GeForceGLDriverWeb
0x00000000366da000 	/System/Library/Frameworks/OpenGL.framework/Versions/A/Libraries/libLLVMContainer.dylib
0x00000000366da000 	/System/Library/PrivateFrameworks/GPUSupport.framework/Versions/A/Libraries/libGPUSupportMercury.dylib
0x0000000147587000 	/System/Library/Extensions/GeForceGLDriverWeb.bundle/Contents/MacOS/libclhWeb.dylib
0x00000001488f4000 	/System/Library/Frameworks/OpenGL.framework/Resources//GLRendererFloat.bundle/GLRendererFloat
0x00000000366da000 	/System/Library/Frameworks/OpenCL.framework/Versions/A/Libraries/libcldcpuengine.dylib
0x00000000366da000 	/usr/lib/libcrypto.0.9.8.dylib
0x00000000366da000 	/System/Library/PrivateFrameworks/TrustEvaluationAgent.framework/Versions/A/TrustEvaluationAgent
0x0000000148928000 	/System/Library/Extensions/GeForceMTLDriverWeb.bundle/Contents/MacOS/GeForceMTLDriverWeb
0x00000000366da000 	/System/Library/PrivateFrameworks/FamilyControls.framework/Versions/A/FamilyControls
0x00000000366da000 	/System/Library/PrivateFrameworks/CommerceKit.framework/Versions/A/Frameworks/CommerceCore.framework/Versions/A/CommerceCore
0x00000000366da000 	/System/Library/PrivateFrameworks/SystemAdministration.framework/Versions/A/SystemAdministration
0x00000000366da000 	/System/Library/PrivateFrameworks/AppContainer.framework/Versions/A/AppContainer
0x00000000366da000 	/System/Library/PrivateFrameworks/SecCodeWrapper.framework/Versions/A/SecCodeWrapper
0x00000000366da000 	/System/Library/Frameworks/DirectoryService.framework/Versions/A/DirectoryService
0x00000000366da000 	/System/Library/PrivateFrameworks/DiskImages.framework/Versions/A/DiskImages
0x00000000366da000 	/System/Library/PrivateFrameworks/LoginUIKit.framework/Versions/A/Frameworks/LoginUICore.framework/Versions/A/LoginUICore
0x00000000366da000 	/usr/lib/libCoreStorage.dylib
0x00000000366da000 	/usr/lib/libcsfde.dylib
0x00000000366da000 	/usr/lib/libodfde.dylib
0x00000000366da000 	/System/Library/Frameworks/DiscRecording.framework/Versions/A/DiscRecording
0x00000000366da000 	/usr/lib/libcurl.4.dylib
0x00000000366da000 	/System/Library/PrivateFrameworks/MediaKit.framework/Versions/A/MediaKit
0x00000000366da000 	/System/Library/PrivateFrameworks/ProtectedCloudStorage.framework/Versions/A/ProtectedCloudStorage
0x00000000366da000 	/System/Library/PrivateFrameworks/EFILogin.framework/Versions/A/EFILogin
0x00000000366da000 	/usr/lib/libutil.dylib
0x00000000366da000 	/System/Library/Frameworks/LDAP.framework/Versions/A/LDAP
0x00000000366da000 	/usr/lib/libsasl2.2.dylib
0x00000000366da000 	/System/Library/PrivateFrameworks/CoreDaemon.framework/Versions/B/CoreDaemon
0x00000000366da000 	/System/Library/PrivateFrameworks/AppleSRP.framework/Versions/A/AppleSRP
0x00000000366da000 	/System/Library/PrivateFrameworks/APFS.framework/Versions/A/APFS
0x000000014e2e2000 	/Library/Java/JavaVirtualMachines/jdk1.8.0_152.jdk/Contents/Home/jre/lib/libfontmanager.dylib
0x000000014f2a5000 	/Library/Java/JavaVirtualMachines/jdk1.8.0_152.jdk/Contents/Home/jre/lib/libnet.dylib
0x000000014f304000 	/Library/Java/JavaVirtualMachines/jdk1.8.0_152.jdk/Contents/Home/jre/lib/libnio.dylib
0x000000014f314000 	/private/var/folders/l_/9_tfjykj2hb9yt6swc3p12_40000gp/T/jogamp_0000/file_cache/jln5728131360468650403/jln4525230633221118102/natives/macosx-universal/libgluegen-rt.jnilib
0x000000014f465000 	/private/var/folders/l_/9_tfjykj2hb9yt6swc3p12_40000gp/T/jogamp_0000/file_cache/jln5728131360468650403/jln4525230633221118102/natives/macosx-universal/libnativewindow_awt.jnilib
0x000000014f468000 	/Library/Java/JavaVirtualMachines/jdk1.8.0_152.jdk/Contents/Home/jre/lib/libjawt.dylib
0x000000014f4e9000 	/private/var/folders/l_/9_tfjykj2hb9yt6swc3p12_40000gp/T/jogamp_0000/file_cache/jln5728131360468650403/jln4525230633221118102/natives/macosx-universal/libnativewindow_macosx.jnilib
0x000000014f663000 	/private/var/folders/l_/9_tfjykj2hb9yt6swc3p12_40000gp/T/jogamp_0000/file_cache/jln5728131360468650403/jln4525230633221118102/natives/macosx-universal/libnewt.jnilib
0x00000000366da000 	/System/Library/PrivateFrameworks/ViewBridge.framework/Versions/A/ViewBridge
0x00000000366da000 	/System/Library/PrivateFrameworks/XPCService.framework/Versions/A/XPCService
0x00000000366da000 	/System/Library/PrivateFrameworks/AppSandbox.framework/Versions/A/AppSandbox
0x00000000366da000 	/usr/lib/libsandbox.1.dylib
0x00000000366da000 	/usr/lib/libMatch.1.dylib
0x000000014fb1c000 	/private/var/folders/l_/9_tfjykj2hb9yt6swc3p12_40000gp/T/jogamp_0000/file_cache/jln5728131360468650403/jln4525230633221118102/natives/macosx-universal/libjogl_desktop.jnilib
0x0000000144bbf000 	/private/var/folders/l_/9_tfjykj2hb9yt6swc3p12_40000gp/T/jogamp_0000/file_cache/jln5728131360468650403/jln4525230633221118102/natives/macosx-universal/libjogl_mobile.jnilib
0x000000014f393000 	/Library/Java/JavaVirtualMachines/jdk1.8.0_152.jdk/Contents/Home/jre/lib/libjsound.dylib
0x0000000150c62000 	/System/Library/Frameworks/CoreMIDI.framework/Versions/A/CoreMIDI
0x0000000150cc8000 	/usr/lib/libexpat.1.dylib
0x0000000145d86000 	/System/Library/Extensions/AppleHDA.kext/Contents/PlugIns/AppleHDAHALPlugIn.bundle/Contents/MacOS/AppleHDAHALPlugIn
0x0000000145e37000 	/private/var/folders/l_/9_tfjykj2hb9yt6swc3p12_40000gp/T/coreMidi4J1580290386667560404.tmp/libCoreMidi4J.dylib
0x0000000145a2f000 	/Library/Java/JavaVirtualMachines/jdk1.8.0_152.jdk/Contents/Home/jre/lib/libjpeg.dylib
0x000000014f679000 	/Library/Java/JavaVirtualMachines/jdk1.8.0_152.jdk/Contents/Home/jre/lib/liblcms.dylib
0x0000000150d0f000 	/private/var/folders/l_/9_tfjykj2hb9yt6swc3p12_40000gp/T/libaparapi_x86_642885378625089215556.dylib
0x0000000153024000 	/System/Library/Components/CoreAudio.component/Contents/MacOS/CoreAudio
0x000000014f4f3000 	/Library/Java/JavaVirtualMachines/jdk1.8.0_152.jdk/Contents/Home/jre/lib/libdcpr.dylib

VM Arguments:
jvm_args: -Dfile.encoding=UTF-8 -Duser.country=US -Duser.language=en -Duser.variant 
java_command: com.symmetrylabs.slstudio.SLStudio
java_class_path (initial): /Users/symmetrylabs/Documents/GitHub/Java_SLStudio/build/classes/java/main:/Users/symmetrylabs/Documents/GitHub/Java_SLStudio/build/classes/kotlin/main:/Users/symmetrylabs/Documents/GitHub/Java_SLStudio/build/resources/main:/Users/symmetrylabs/Documents/GitHub/Java_SLStudio/libs/gluegen-rt-natives-linux-aarch64.jar:/Users/symmetrylabs/Documents/GitHub/Java_SLStudio/libs/gluegen-rt-natives-linux-amd64.jar:/Users/symmetrylabs/Documents/GitHub/Java_SLStudio/libs/gluegen-rt-natives-linux-armv6hf.jar:/Users/symmetrylabs/Documents/GitHub/Java_SLStudio/libs/gluegen-rt-natives-linux-i586.jar:/Users/symmetrylabs/Documents/GitHub/Java_SLStudio/libs/gluegen-rt-natives-macosx-universal.jar:/Users/symmetrylabs/Documents/GitHub/Java_SLStudio/libs/gluegen-rt-natives-windows-amd64.jar:/Users/symmetrylabs/Documents/GitHub/Java_SLStudio/libs/gluegen-rt-natives-windows-i586.jar:/Users/symmetrylabs/Documents/GitHub/Java_SLStudio/libs/gluegen-rt.jar:/Users/symmetrylabs/Documents/GitHub/Java_SLStudio/libs/jogl-all-2.3.2-natives-linux-amd64.jar:/Users/symmetrylabs/Documents/GitHub/Java_SLStudio/libs/jogl-all-natives-linux-aarch64.jar:/Users/symmetrylabs/Documents/GitHub/Java_SLStudio/libs/jogl-all-natives-linux-amd64.jar:/Users/symmetrylabs/Documents/GitHub/Java_SLStudio/libs/jogl-all-natives-linux-armv6hf.jar:/Users/symmetrylabs/Documents/GitHub/Java_SLStudio/libs/jogl-all-natives-linux-i586.jar:/Users/symmetrylabs/Documents/GitHub/Java_SLStudio/libs/jogl-all-natives-macosx-universal.jar:/Users/symmetrylabs/Documents/GitHub/Java_SLStudio/libs/jogl-all-natives-windows-amd64.jar:/Users/symmetrylabs/Documents/GitHub/Java_SLStudio/libs/jogl-all-natives-windows-i586.jar:/Users/symmetrylabs/Documents/GitHub/Java_SLStudio/libs/jogl-all.jar:/Users/symmetrylabs/Documents/GitHub/Java_SLStudio/libs/P3LX.jar:/Users/symmetrylabs/.gradle/caches/modules-2/files-2.1/org.processing/core/3.3.6/f89688e748c841a79624ac2b68f92f9df3ea186a/core-3.3.6.jar:/Users/symmetrylabs/.gradle/
Launcher Type: SUN_STANDARD

Environment Variables:
PATH=/usr/local/bin:/usr/bin:/bin:/usr/sbin:/sbin
SHELL=/bin/bash

Signal Handlers:
SIGSEGV: [libjvm.dylib+0x5b494d], sa_mask[0]=11111111011111110111111111111111, sa_flags=SA_ONSTACK|SA_RESTART|SA_SIGINFO
SIGBUS: [libjvm.dylib+0x5b494d], sa_mask[0]=11111111011111110111111111111111, sa_flags=SA_RESTART|SA_SIGINFO
SIGFPE: [libjvm.dylib+0x48ab54], sa_mask[0]=11111111011111110111111111111111, sa_flags=SA_RESTART|SA_SIGINFO
SIGPIPE: [libjvm.dylib+0x48ab54], sa_mask[0]=11111111011111110111111111111111, sa_flags=SA_RESTART|SA_SIGINFO
SIGXFSZ: [libjvm.dylib+0x48ab54], sa_mask[0]=11111111011111110111111111111111, sa_flags=SA_RESTART|SA_SIGINFO
SIGILL: [libjvm.dylib+0x48ab54], sa_mask[0]=11111111011111110111111111111111, sa_flags=SA_RESTART|SA_SIGINFO
SIGUSR1: SIG_DFL, sa_mask[0]=11011111011111100000000111000110, sa_flags=none
SIGUSR2: [libjvm.dylib+0x48a672], sa_mask[0]=00100000000000000000000000000000, sa_flags=SA_RESTART|SA_SIGINFO
SIGHUP: [libjvm.dylib+0x488c49], sa_mask[0]=11111111011111110111111111111111, sa_flags=SA_RESTART|SA_SIGINFO
SIGINT: [libjvm.dylib+0x488c49], sa_mask[0]=11111111011111110111111111111111, sa_flags=SA_RESTART|SA_SIGINFO
SIGTERM: [libjvm.dylib+0x488c49], sa_mask[0]=11111111011111110111111111111111, sa_flags=SA_RESTART|SA_SIGINFO
SIGQUIT: [libjvm.dylib+0x488c49], sa_mask[0]=11111111011111110111111111111111, sa_flags=SA_RESTART|SA_SIGINFO


---------------  S Y S T E M  ---------------

OS:Bsduname:Darwin 16.6.0 Darwin Kernel Version 16.6.0: Fri Apr 14 16:21:16 PDT 2017; root:xnu-3789.60.24~6/RELEASE_X86_64 x86_64
rlimit: STACK 8192k, CORE 0k, NPROC 709, NOFILE 10240, AS infinity
load average:9.16 9.13 8.41

CPU:total 20 (initial active 20) (10 cores per cpu, 2 threads per core) family 6 model 79 stepping 1, cmov, cx8, fxsr, mmx, sse, sse2, sse3, ssse3, sse4.1, sse4.2, popcnt, avx, avx2, aes, clmul, erms, rtm, 3dnowpref, lzcnt, ht, tsc, tscinvbit, bmi1, bmi2, adx

Memory: 4k page, physical 67108864k(3356620k free)

/proc/meminfo:


vm_info: Java HotSpot(TM) 64-Bit Server VM (25.152-b16) for bsd-amd64 JRE (1.8.0_152-b16), built on Sep 14 2017 02:31:13 by "java_re" with gcc 4.2.1 (Based on Apple Inc. build 5658) (LLVM build 2336.11.00)

time: Mon Dec 25 12:37:44 2017
elapsed time: 149194 seconds (1d 17h 26m 34s)

