#
# A fatal error has been detected by the Java Runtime Environment:
#
#  SIGSEGV (0xb) at pc=0x00007fffd28f5d3a, pid=811, tid=0x0000000000023d2b
#
# JRE version: Java(TM) SE Runtime Environment (8.0_152-b16) (build 1.8.0_152-b16)
# Java VM: Java HotSpot(TM) 64-Bit Server VM (25.152-b16 mixed mode bsd-amd64 compressed oops)
# Problematic frame:
# C  [CoreFoundation+0x8ed3a]  -[NSSet isEqual:]+0x4a
#
# Failed to write core dump. Core dumps have been disabled. To enable core dumping, try "ulimit -c unlimited" before starting Java again
#
# If you would like to submit a bug report, please visit:
#   http://bugreport.java.com/bugreport/crash.jsp
#

---------------  T H R E A D  ---------------

Current thread is native thread

siginfo: si_signo: 11 (SIGSEGV), si_code: 1 (SEGV_MAPERR), si_addr: 0x0000000000000095

Registers:
RAX=0x00000000c3000001, RBX=0x0000000000000054, RCX=0x00007ff680039858, RDX=0x0000000000000200
RSP=0x0000700015085c20, RBP=0x0000700015085c30, RSI=0x00007fffd1007142, RDI=0x00007ff685103920
R8 =0x00000000000000ff, R9 =0x00007ff6800395c0, R10=0x00c2fc0100c2fc80, R11=0x00007fffd28f5cf0
R12=0x00007ff68512c620, R13=0x5583b5edcce30054, R14=0x00007ff685103920, R15=0x00007ff6800395c0
RIP=0x00007fffd28f5d3a, EFLAGS=0x0000000000010a02, ERR=0x0000000000000006
  TRAPNO=0x000000000000000e

Top of Stack: (sp=0x0000700015085c20)
0x0000700015085c20:   00007ff680039850 00007ff68512c658
0x0000700015085c30:   0000700015085cd0 00007fffe346d0e1
0x0000700015085c40:   0000000000000060 00000001043fca00
0x0000700015085c50:   00007ff67cf00000 0000000000000008
0x0000700015085c60:   00000001043fca00 0000000000000003
0x0000700015085c70:   00000001043f4000 00007ff67cf00000
0x0000700015085c80:   0000700015085cf0 00007fffe82020d5
0x0000700015085c90:   0000000000000014 0000000000000000
0x0000700015085ca0:   5583b5edcce30054 00007ff68512c620
0x0000700015085cb0:   0000000000000014 0000000000000000
0x0000700015085cc0:   0000000000000000 0000000106601400
0x0000700015085cd0:   0000700015085cf0 00007fffe803b524
0x0000700015085ce0:   0000000105602f00 00007ff6800396c0
0x0000700015085cf0:   0000700015085d10 00007fffe80328fc
0x0000700015085d00:   0000000105602f00 00007ff6800396c0
0x0000700015085d10:   0000700015085db0 00007fffe80489a0
0x0000700015085d20:   0000000000000000 0000700015085e00
0x0000700015085d30:   0020000000000000 00007ff680039720
0x0000700015085d40:   0000000000010000 0000700015085df8
0x0000700015085d50:   0000000000000004 0000000000000000
0x0000700015085d60:   00007ffff0f521c0 0000000000000000
0x0000700015085d70:   00007ffff0f521c0 0000000000000000
0x0000700015085d80:   0000000000000000 ffc0000800000000
0x0000700015085d90:   00007ff6800396f8 fffffff500000000
0x0000700015085da0:   0000000800000000 fffffffd00000001
0x0000700015085db0:   0000700015085e30 00007fffe803b306
0x0000700015085dc0:   0000000000000000 0000000000000000
0x0000700015085dd0:   00007ff6800396c0 00007ff68003971c
0x0000700015085de0:   00000000a40008ff 00000000a00010ff
0x0000700015085df0:   0003000200000002 0020002000000000
0x0000700015085e00:   0000000000000000 00007ff6800396c0
0x0000700015085e10:   ffffffff7fffffff 00007ffff0f50f10 

Instructions: (pc=0x00007fffd28f5d3a)
0x00007fffd28f5d1a:   c0 74 19 48 8b 35 44 1d 01 1b 4c 89 f7 48 89 da
0x00007fffd28f5d2a:   ff 15 e8 c4 ed 1a 46 88 46 88 eb 02 31 c0 0f be
0x00007fffd28f5d3a:   c0 5b 41 5e 5d c3 55 48 89 e5 53 50 48 89 fb e8
0x00007fffd28f5d4a:   e2 ed fe ff 84 c0 74 0c 31 ff 48 89 de e8 b4 a0 

Register to memory mapping:

RAX=0x00000000c3000001 is an unknown value
RBX=0x0000000000000054 is an unknown value
RCX=0x00007ff680039858 is an unknown value
RDX=0x0000000000000200 is an unknown value
RSP=0x0000700015085c20 is an unknown value
RBP=0x0000700015085c30 is an unknown value
RSI=0x00007fffd1007142: __NSStyleNameIndexTable+0x77d8a in /System/Library/Frameworks/AppKit.framework/Versions/C/AppKit at 0x00007fffd03a2000
RDI=0x00007ff685103920 is an unknown value
R8 =0x00000000000000ff is an unknown value
R9 =0x00007ff6800395c0 is an unknown value
R10=0x00c2fc0100c2fc80 is an unknown value
R11=0x00007fffd28f5cf0: -[NSSet isEqual:]+0 in /System/Library/Frameworks/CoreFoundation.framework/Versions/A/CoreFoundation at 0x00007fffd2867000
R12=0x00007ff68512c620 is an unknown value
R13=0x5583b5edcce30054 is an unknown value
R14=0x00007ff685103920 is an unknown value
R15=0x00007ff6800395c0 is an unknown value


Stack: [0x0000700015006000,0x0000700015086000],  sp=0x0000700015085c20,  free space=511k
Native frames: (J=compiled Java code, j=interpreted, Vv=VM code, C=native code)
C  [CoreFoundation+0x8ed3a]  -[NSSet isEqual:]+0x4a
C  [PlugInKit+0x80e1]  __60-[PKDiscoveryDriver performWithPreviousResults:forceNotify:]_block_invoke_3+0x80
C  [libdispatch.dylib+0xa524]  _dispatch_call_block_and_release+0xc
C  [libdispatch.dylib+0x18fc]  _dispatch_client_callout+0x8
C  [libdispatch.dylib+0x179a0]  _dispatch_queue_serial_drain+0x380
C  [libdispatch.dylib+0xa306]  _dispatch_queue_invoke+0x416
C  [libdispatch.dylib+0x10020]  _dispatch_queue_override_invoke+0x171
C  [libdispatch.dylib+0x36b5]  _dispatch_root_queue_drain+0x1dc
C  [libdispatch.dylib+0x348c]  _dispatch_worker_thread3+0x63
C  [libsystem_pthread.dylib+0x35a2]  _pthread_wqthread+0x513
C  [libsystem_pthread.dylib+0x307d]  start_wqthread+0xd


---------------  P R O C E S S  ---------------

VM state:not at safepoint (normal execution)

VM Mutex/Monitor currently owned by a thread: None

Heap:
 PSYoungGen      total 2786304K, used 795950K [0x000000066ab00000, 0x0000000769780000, 0x00000007c0000000)
  eden space 2645504K, 24% used [0x000000066ab00000,0x0000000692afb078,0x000000070c280000)
  from space 140800K, 99% used [0x0000000756f80000,0x000000075f8d0a40,0x000000075f900000)
  to   space 162304K, 0% used [0x000000075f900000,0x000000075f900000,0x0000000769780000)
 ParOldGen       total 1410048K, used 711074K [0x00000003c0000000, 0x0000000416100000, 0x000000066ab00000)
  object space 1410048K, 50% used [0x00000003c0000000,0x00000003eb668868,0x0000000416100000)
 Metaspace       used 27902K, capacity 28267K, committed 28544K, reserved 1075200K
  class space    used 3099K, capacity 3195K, committed 3200K, reserved 1048576K

Card table byte_map: [0x00000001189f5000,0x000000011a9f6000] byte_map_base: 0x0000000116bf5000

Marking Bits: (ParMarkBitMap*) 0x00000001076f66c0
 Begin Bits: [0x000000011a9f6000, 0x000000012a9f6000)
 End Bits:   [0x000000012a9f6000, 0x000000013a9f6000)

Polling page: 0x0000000104499000

CodeCache: size=245760Kb used=16480Kb max_used=17637Kb free=229279Kb
 bounds [0x00000001099f5000, 0x000000010ab95000, 0x00000001189f5000]
 total_blobs=5285 nmethods=4327 adapters=867
 compilation: enabled

Compilation events (10 events):
Event: 2148.424 Thread 0x00007ff68f804800 5986       3       javax.sound.sampled.LineEvent::<init> (16 bytes)
Event: 2148.424 Thread 0x00007ff690825800 5987       3       com.sun.media.sound.AbstractLine::sendEvents (13 bytes)
Event: 2148.424 Thread 0x00007ff691804000 5988   !   3       com.sun.media.sound.AbstractLine::getEventDispatcher (64 bytes)
Event: 2148.424 Thread 0x00007ff691848800 5989       3       com.sun.media.sound.EventDispatcher::sendAudioEvents (35 bytes)
Event: 2148.424 Thread 0x00007ff68f804800 nmethod 5986 0x000000010a1fbe50 code [0x000000010a1fbfe0, 0x000000010a1fc348]
Event: 2148.425 Thread 0x00007ff691804000 nmethod 5988 0x000000010a7f0290 code [0x000000010a7f0460, 0x000000010a7f0e78]
Event: 2148.425 Thread 0x00007ff690825800 nmethod 5987 0x000000010a8fa190 code [0x000000010a8fa3a0, 0x000000010a8fb4c8]
Event: 2148.425 Thread 0x00007ff691848800 nmethod 5989 0x0000000109fcad50 code [0x0000000109fcaf80, 0x0000000109fcbe28]
Event: 2155.315 Thread 0x00007ff68f804800 5990       1       heronarts.p3lx.ui.UI::access$000 (5 bytes)
Event: 2155.315 Thread 0x00007ff68f804800 nmethod 5990 0x000000010a1fbb50 code [0x000000010a1fbca0, 0x000000010a1fbd90]

GC Heap History (10 events):
Event: 1459.661 GC heap before
{Heap before GC invocations=31 (full 1):
 PSYoungGen      total 2876928K, used 2876567K [0x000000066ab00000, 0x0000000777e00000, 0x00000007c0000000)
  eden space 2752512K, 100% used [0x000000066ab00000,0x0000000712b00000,0x0000000712b00000)
  from space 124416K, 99% used [0x000000076d200000,0x0000000774b25d98,0x0000000774b80000)
  to   space 51712K, 0% used [0x0000000774b80000,0x0000000774b80000,0x0000000777e00000)
 ParOldGen       total 798208K, used 598721K [0x00000003c0000000, 0x00000003f0b80000, 0x000000066ab00000)
  object space 798208K, 75% used [0x00000003c0000000,0x00000003e48b0560,0x00000003f0b80000)
 Metaspace       used 27777K, capacity 28139K, committed 28288K, reserved 1075200K
  class space    used 3082K, capacity 3195K, committed 3200K, reserved 1048576K
Event: 1459.707 GC heap after
Heap after GC invocations=31 (full 1):
 PSYoungGen      total 2680320K, used 51702K [0x000000066ab00000, 0x0000000777e00000, 0x00000007c0000000)
  eden space 2628608K, 0% used [0x000000066ab00000,0x000000066ab00000,0x000000070b200000)
  from space 51712K, 99% used [0x0000000774b80000,0x0000000777dfd858,0x0000000777e00000)
  to   space 186880K, 0% used [0x0000000761100000,0x0000000761100000,0x000000076c780000)
 ParOldGen       total 798208K, used 707748K [0x00000003c0000000, 0x00000003f0b80000, 0x000000066ab00000)
  object space 798208K, 88% used [0x00000003c0000000,0x00000003eb329250,0x00000003f0b80000)
 Metaspace       used 27777K, capacity 28139K, committed 28288K, reserved 1075200K
  class space    used 3082K, capacity 3195K, committed 3200K, reserved 1048576K
}
Event: 1459.707 GC heap before
{Heap before GC invocations=32 (full 2):
 PSYoungGen      total 2680320K, used 51702K [0x000000066ab00000, 0x0000000777e00000, 0x00000007c0000000)
  eden space 2628608K, 0% used [0x000000066ab00000,0x000000066ab00000,0x000000070b200000)
  from space 51712K, 99% used [0x0000000774b80000,0x0000000777dfd858,0x0000000777e00000)
  to   space 186880K, 0% used [0x0000000761100000,0x0000000761100000,0x000000076c780000)
 ParOldGen       total 798208K, used 707748K [0x00000003c0000000, 0x00000003f0b80000, 0x000000066ab00000)
  object space 798208K, 88% used [0x00000003c0000000,0x00000003eb329250,0x00000003f0b80000)
 Metaspace       used 27777K, capacity 28139K, committed 28288K, reserved 1075200K
  class space    used 3082K, capacity 3195K, committed 3200K, reserved 1048576K
Event: 1459.926 GC heap after
Heap after GC invocations=32 (full 2):
 PSYoungGen      total 2680320K, used 0K [0x000000066ab00000, 0x0000000777e00000, 0x00000007c0000000)
  eden space 2628608K, 0% used [0x000000066ab00000,0x000000066ab00000,0x000000070b200000)
  from space 51712K, 0% used [0x0000000774b80000,0x0000000774b80000,0x0000000777e00000)
  to   space 186880K, 0% used [0x0000000761100000,0x0000000761100000,0x000000076c780000)
 ParOldGen       total 1410048K, used 711073K [0x00000003c0000000, 0x0000000416100000, 0x000000066ab00000)
  object space 1410048K, 50% used [0x00000003c0000000,0x00000003eb668700,0x0000000416100000)
 Metaspace       used 27777K, capacity 28139K, committed 28288K, reserved 1075200K
  class space    used 3082K, capacity 3195K, committed 3200K, reserved 1048576K
}
Event: 1674.548 GC heap before
{Heap before GC invocations=33 (full 2):
 PSYoungGen      total 2680320K, used 2628087K [0x000000066ab00000, 0x0000000777e00000, 0x00000007c0000000)
  eden space 2628608K, 99% used [0x000000066ab00000,0x000000070b17dc68,0x000000070b200000)
  from space 51712K, 0% used [0x0000000774b80000,0x0000000774b80000,0x0000000777e00000)
  to   space 186880K, 0% used [0x0000000761100000,0x0000000761100000,0x000000076c780000)
 ParOldGen       total 1410048K, used 711073K [0x00000003c0000000, 0x0000000416100000, 0x000000066ab00000)
  object space 1410048K, 50% used [0x00000003c0000000,0x00000003eb668700,0x0000000416100000)
 Metaspace       used 27785K, capacity 28139K, committed 28288K, reserved 1075200K
  class space    used 3082K, capacity 3195K, committed 3200K, reserved 1048576K
Event: 1674.559 GC heap after
Heap after GC invocations=33 (full 2):
 PSYoungGen      total 2772992K, used 136895K [0x000000066ab00000, 0x0000000774c00000, 0x00000007c0000000)
  eden space 2635776K, 0% used [0x000000066ab00000,0x000000066ab00000,0x000000070b900000)
  from space 137216K, 99% used [0x0000000761100000,0x00000007696affe0,0x0000000769700000)
  to   space 185344K, 0% used [0x0000000769700000,0x0000000769700000,0x0000000774c00000)
 ParOldGen       total 1410048K, used 711073K [0x00000003c0000000, 0x0000000416100000, 0x000000066ab00000)
  object space 1410048K, 50% used [0x00000003c0000000,0x00000003eb668700,0x0000000416100000)
 Metaspace       used 27785K, capacity 28139K, committed 28288K, reserved 1075200K
  class space    used 3082K, capacity 3195K, committed 3200K, reserved 1048576K
}
Event: 1893.713 GC heap before
{Heap before GC invocations=34 (full 2):
 PSYoungGen      total 2772992K, used 2772671K [0x000000066ab00000, 0x0000000774c00000, 0x00000007c0000000)
  eden space 2635776K, 100% used [0x000000066ab00000,0x000000070b900000,0x000000070b900000)
  from space 137216K, 99% used [0x0000000761100000,0x00000007696affe0,0x0000000769700000)
  to   space 185344K, 0% used [0x0000000769700000,0x0000000769700000,0x0000000774c00000)
 ParOldGen       total 1410048K, used 711073K [0x00000003c0000000, 0x0000000416100000, 0x000000066ab00000)
  object space 1410048K, 50% used [0x00000003c0000000,0x00000003eb668700,0x0000000416100000)
 Metaspace       used 27785K, capacity 28139K, committed 28288K, reserved 1075200K
  class space    used 3082K, capacity 3195K, committed 3200K, reserved 1048576K
Event: 1893.722 GC heap after
Heap after GC invocations=34 (full 2):
 PSYoungGen      total 2784256K, used 142451K [0x000000066ab00000, 0x0000000772280000, 0x00000007c0000000)
  eden space 2641408K, 0% used [0x000000066ab00000,0x000000066ab00000,0x000000070be80000)
  from space 142848K, 99% used [0x0000000769700000,0x000000077221cf70,0x0000000772280000)
  to   space 222720K, 0% used [0x0000000756f80000,0x0000000756f80000,0x0000000764900000)
 ParOldGen       total 1410048K, used 711073K [0x00000003c0000000, 0x0000000416100000, 0x000000066ab00000)
  object space 1410048K, 50% used [0x00000003c0000000,0x00000003eb668700,0x0000000416100000)
 Metaspace       used 27785K, capacity 28139K, committed 28288K, reserved 1075200K
  class space    used 3082K, capacity 3195K, committed 3200K, reserved 1048576K
}
Event: 2117.506 GC heap before
{Heap before GC invocations=35 (full 2):
 PSYoungGen      total 2784256K, used 2783859K [0x000000066ab00000, 0x0000000772280000, 0x00000007c0000000)
  eden space 2641408K, 100% used [0x000000066ab00000,0x000000070be80000,0x000000070be80000)
  from space 142848K, 99% used [0x0000000769700000,0x000000077221cf70,0x0000000772280000)
  to   space 222720K, 0% used [0x0000000756f80000,0x0000000756f80000,0x0000000764900000)
 ParOldGen       total 1410048K, used 711074K [0x00000003c0000000, 0x0000000416100000, 0x000000066ab00000)
  object space 1410048K, 50% used [0x00000003c0000000,0x00000003eb668868,0x0000000416100000)
 Metaspace       used 27785K, capacity 28139K, committed 28288K, reserved 1075200K
  class space    used 3082K, capacity 3195K, committed 3200K, reserved 1048576K
Event: 2117.520 GC heap after
Heap after GC invocations=35 (full 2):
 PSYoungGen      total 2786304K, used 140610K [0x000000066ab00000, 0x0000000769780000, 0x00000007c0000000)
  eden space 2645504K, 0% used [0x000000066ab00000,0x000000066ab00000,0x000000070c280000)
  from space 140800K, 99% used [0x0000000756f80000,0x000000075f8d0a40,0x000000075f900000)
  to   space 162304K, 0% used [0x000000075f900000,0x000000075f900000,0x0000000769780000)
 ParOldGen       total 1410048K, used 711074K [0x00000003c0000000, 0x0000000416100000, 0x000000066ab00000)
  object space 1410048K, 50% used [0x00000003c0000000,0x00000003eb668868,0x0000000416100000)
 Metaspace       used 27785K, capacity 28139K, committed 28288K, reserved 1075200K
  class space    used 3082K, capacity 3195K, committed 3200K, reserved 1048576K
}

Deoptimization events (10 events):
Event: 1459.943 Thread 0x00007ff6902ad000 Uncommon trap: reason=unstable_if action=reinterpret pc=0x000000010a95e878 method=com.symmetrylabs.slstudio.util.BlobFollower$Follower.advance(FLcom/symmetrylabs/slstudio/util/BlobTracker$Blob;)V @ 214
Event: 2121.949 Thread 0x00007ff691104000 Uncommon trap: reason=unstable_if action=reinterpret pc=0x000000010a6712dc method=jogamp.newt.WindowImpl.consumeEvent(Lcom/jogamp/newt/event/NEWTEvent;)Z @ 278
Event: 2122.467 Thread 0x00007ff691897800 Uncommon trap: reason=unstable_if action=reinterpret pc=0x0000000109fd6d48 method=jogamp.newt.WindowImpl.doPointerEvent(ZZ[Lcom/jogamp/newt/event/MouseEvent$PointerType;SII[SS[I[I[FF[FF)V @ 653
Event: 2122.469 Thread 0x00007ff691104000 Uncommon trap: reason=unstable_if action=reinterpret pc=0x000000010aa16950 method=jogamp.newt.WindowImpl.consumePointerEvent(Lcom/jogamp/newt/event/MouseEvent;)V @ 383
Event: 2163.381 Thread 0x00007ff67f84c000 Uncommon trap: reason=unstable_if action=reinterpret pc=0x000000010aa36060 method=sun.awt.AWTAutoShutdown.isReadyToShutdown()Z @ 28
Event: 2163.381 Thread 0x00007ff6908c9800 Uncommon trap: reason=unstable_if action=reinterpret pc=0x000000010a670ea4 method=java.util.concurrent.locks.ReentrantLock$Sync.tryRelease(I)Z @ 28
Event: 2163.382 Thread 0x00007ff691897800 Uncommon trap: reason=unstable_if action=reinterpret pc=0x000000010aa49c74 method=sun.awt.AWTAutoShutdown.isReadyToShutdown()Z @ 28
Event: 2163.384 Thread 0x00007ff682362000 Uncommon trap: reason=class_check action=maybe_recompile pc=0x000000010a4fda40 method=java.util.ArrayList.<init>(Ljava/util/Collection;)V @ 6
Event: 2163.384 Thread 0x00007ff682362000 Uncommon trap: reason=unstable_if action=reinterpret pc=0x000000010a957e38 method=java.util.Locale.equals(Ljava/lang/Object;)Z @ 2
Event: 2163.386 Thread 0x00007ff682362000 Uncommon trap: reason=class_check action=maybe_recompile pc=0x000000010a4fda40 method=java.util.ArrayList.<init>(Ljava/util/Collection;)V @ 6

Classes redefined (0 events):
No events

Internal exceptions (10 events):
Event: 2161.502 Thread 0x00007ff6830a3000 Exception <a 'java/net/SocketTimeoutException': Receive timed out> (0x0000000672f97ce0) thrown at [/Users/java_re/workspace/8-2-build-macosx-x86_64/jdk8u152/9742/hotspot/src/share/vm/prims/jni.cpp, line 735]
Event: 2162.009 Thread 0x00007ff682855000 Exception <a 'java/net/SocketTimeoutException': Receive timed out> (0x000000068d550e00) thrown at [/Users/java_re/workspace/8-2-build-macosx-x86_64/jdk8u152/9742/hotspot/src/share/vm/prims/jni.cpp, line 735]
Event: 2162.009 Thread 0x00007ff68fcea000 Exception <a 'java/net/SocketTimeoutException': Receive timed out> (0x000000068d552f00) thrown at [/Users/java_re/workspace/8-2-build-macosx-x86_64/jdk8u152/9742/hotspot/src/share/vm/prims/jni.cpp, line 735]
Event: 2162.009 Thread 0x00007ff682853000 Exception <a 'java/net/SocketTimeoutException': Receive timed out> (0x000000068d54ebe0) thrown at [/Users/java_re/workspace/8-2-build-macosx-x86_64/jdk8u152/9742/hotspot/src/share/vm/prims/jni.cpp, line 735]
Event: 2162.510 Thread 0x00007ff68d128000 Exception <a 'java/net/SocketTimeoutException': Receive timed out> (0x0000000672ee5550) thrown at [/Users/java_re/workspace/8-2-build-macosx-x86_64/jdk8u152/9742/hotspot/src/share/vm/prims/jni.cpp, line 735]
Event: 2162.510 Thread 0x00007ff68308f000 Exception <a 'java/net/SocketTimeoutException': Receive timed out> (0x0000000672e32928) thrown at [/Users/java_re/workspace/8-2-build-macosx-x86_64/jdk8u152/9742/hotspot/src/share/vm/prims/jni.cpp, line 735]
Event: 2162.510 Thread 0x00007ff6830a3000 Exception <a 'java/net/SocketTimeoutException': Receive timed out> (0x0000000672f98178) thrown at [/Users/java_re/workspace/8-2-build-macosx-x86_64/jdk8u152/9742/hotspot/src/share/vm/prims/jni.cpp, line 735]
Event: 2163.010 Thread 0x00007ff68fcea000 Exception <a 'java/net/SocketTimeoutException': Receive timed out> (0x000000068d553398) thrown at [/Users/java_re/workspace/8-2-build-macosx-x86_64/jdk8u152/9742/hotspot/src/share/vm/prims/jni.cpp, line 735]
Event: 2163.010 Thread 0x00007ff682853000 Exception <a 'java/net/SocketTimeoutException': Receive timed out> (0x000000068d54f078) thrown at [/Users/java_re/workspace/8-2-build-macosx-x86_64/jdk8u152/9742/hotspot/src/share/vm/prims/jni.cpp, line 735]
Event: 2163.010 Thread 0x00007ff682855000 Exception <a 'java/net/SocketTimeoutException': Receive timed out> (0x000000068d551298) thrown at [/Users/java_re/workspace/8-2-build-macosx-x86_64/jdk8u152/9742/hotspot/src/share/vm/prims/jni.cpp, line 735]

Events (10 events):
Event: 2163.389 loading class java/awt/WaitDispatchSupport$5
Event: 2163.389 loading class java/awt/WaitDispatchSupport$5 done
Event: 2163.389 loading class java/awt/WaitDispatchSupport$1
Event: 2163.389 loading class java/awt/WaitDispatchSupport$1 done
Event: 2163.389 loading class java/awt/WaitDispatchSupport$2
Event: 2163.389 loading class java/awt/WaitDispatchSupport$2 done
Event: 2163.389 loading class java/awt/SequencedEvent
Event: 2163.389 loading class java/awt/SequencedEvent done
Event: 2163.389 loading class java/awt/WaitDispatchSupport$4
Event: 2163.389 loading class java/awt/WaitDispatchSupport$4 done


Dynamic libraries:
0x000000005d4f1000 	/System/Library/Frameworks/Cocoa.framework/Versions/A/Cocoa
0x000000005d4f1000 	/System/Library/Frameworks/Security.framework/Versions/A/Security
0x000000005d4f1000 	/System/Library/Frameworks/ApplicationServices.framework/Versions/A/ApplicationServices
0x000000005d4f1000 	/usr/lib/libz.1.dylib
0x000000005d4f1000 	/usr/lib/libSystem.B.dylib
0x000000005d4f1000 	/usr/lib/libobjc.A.dylib
0x000000005d4f1000 	/System/Library/Frameworks/CoreFoundation.framework/Versions/A/CoreFoundation
0x000000005d4f1000 	/System/Library/Frameworks/Foundation.framework/Versions/C/Foundation
0x000000005d4f1000 	/System/Library/Frameworks/AppKit.framework/Versions/C/AppKit
0x000000005d4f1000 	/System/Library/Frameworks/CoreData.framework/Versions/A/CoreData
0x000000005d4f1000 	/System/Library/PrivateFrameworks/RemoteViewServices.framework/Versions/A/RemoteViewServices
0x000000005d4f1000 	/System/Library/PrivateFrameworks/UIFoundation.framework/Versions/A/UIFoundation
0x000000005d4f1000 	/System/Library/PrivateFrameworks/DFRFoundation.framework/Versions/A/DFRFoundation
0x000000005d4f1000 	/usr/lib/libenergytrace.dylib
0x000000005d4f1000 	/System/Library/PrivateFrameworks/SkyLight.framework/Versions/A/SkyLight
0x000000005d4f1000 	/System/Library/Frameworks/CoreGraphics.framework/Versions/A/CoreGraphics
0x000000005d4f1000 	/usr/lib/libScreenReader.dylib
0x000000005d4f1000 	/System/Library/Frameworks/Accelerate.framework/Versions/A/Accelerate
0x000000005d4f1000 	/System/Library/Frameworks/IOSurface.framework/Versions/A/IOSurface
0x000000005d4f1000 	/System/Library/Frameworks/AudioToolbox.framework/Versions/A/AudioToolbox
0x000000005d4f1000 	/System/Library/Frameworks/AudioUnit.framework/Versions/A/AudioUnit
0x000000005d4f1000 	/System/Library/PrivateFrameworks/DataDetectorsCore.framework/Versions/A/DataDetectorsCore
0x000000005d4f1000 	/System/Library/PrivateFrameworks/DesktopServicesPriv.framework/Versions/A/DesktopServicesPriv
0x000000005d4f1000 	/System/Library/Frameworks/Carbon.framework/Versions/A/Frameworks/HIToolbox.framework/Versions/A/HIToolbox
0x000000005d4f1000 	/usr/lib/libicucore.A.dylib
0x000000005d4f1000 	/System/Library/Frameworks/QuartzCore.framework/Versions/A/QuartzCore
0x000000005d4f1000 	/System/Library/Frameworks/Carbon.framework/Versions/A/Frameworks/SpeechRecognition.framework/Versions/A/SpeechRecognition
0x000000005d4f1000 	/usr/lib/libauto.dylib
0x000000005d4f1000 	/usr/lib/libxml2.2.dylib
0x000000005d4f1000 	/System/Library/PrivateFrameworks/CoreUI.framework/Versions/A/CoreUI
0x000000005d4f1000 	/System/Library/Frameworks/CoreAudio.framework/Versions/A/CoreAudio
0x000000005d4f1000 	/System/Library/Frameworks/DiskArbitration.framework/Versions/A/DiskArbitration
0x000000005d4f1000 	/usr/lib/liblangid.dylib
0x000000005d4f1000 	/System/Library/PrivateFrameworks/MultitouchSupport.framework/Versions/A/MultitouchSupport
0x000000005d4f1000 	/System/Library/Frameworks/IOKit.framework/Versions/A/IOKit
0x000000005d4f1000 	/usr/lib/libDiagnosticMessagesClient.dylib
0x000000005d4f1000 	/System/Library/Frameworks/CoreServices.framework/Versions/A/CoreServices
0x000000005d4f1000 	/System/Library/PrivateFrameworks/PerformanceAnalysis.framework/Versions/A/PerformanceAnalysis
0x000000005d4f1000 	/System/Library/PrivateFrameworks/GenerationalStorage.framework/Versions/A/GenerationalStorage
0x000000005d4f1000 	/System/Library/Frameworks/OpenGL.framework/Versions/A/OpenGL
0x000000005d4f1000 	/System/Library/Frameworks/CoreImage.framework/Versions/A/CoreImage
0x000000005d4f1000 	/System/Library/Frameworks/CoreText.framework/Versions/A/CoreText
0x000000005d4f1000 	/System/Library/Frameworks/ImageIO.framework/Versions/A/ImageIO
0x000000005d4f1000 	/System/Library/PrivateFrameworks/Backup.framework/Versions/A/Backup
0x000000005d4f1000 	/usr/lib/libarchive.2.dylib
0x000000005d4f1000 	/System/Library/Frameworks/CFNetwork.framework/Versions/A/CFNetwork
0x000000005d4f1000 	/System/Library/Frameworks/SystemConfiguration.framework/Versions/A/SystemConfiguration
0x000000005d4f1000 	/usr/lib/libCRFSuite.dylib
0x000000005d4f1000 	/usr/lib/libc++.1.dylib
0x000000005d4f1000 	/usr/lib/libc++abi.dylib
0x000000005d4f1000 	/usr/lib/system/libcache.dylib
0x000000005d4f1000 	/usr/lib/system/libcommonCrypto.dylib
0x000000005d4f1000 	/usr/lib/system/libcompiler_rt.dylib
0x000000005d4f1000 	/usr/lib/system/libcopyfile.dylib
0x000000005d4f1000 	/usr/lib/system/libcorecrypto.dylib
0x000000005d4f1000 	/usr/lib/system/libdispatch.dylib
0x000000005d4f1000 	/usr/lib/system/libdyld.dylib
0x000000005d4f1000 	/usr/lib/system/libkeymgr.dylib
0x000000005d4f1000 	/usr/lib/system/liblaunch.dylib
0x000000005d4f1000 	/usr/lib/system/libmacho.dylib
0x000000005d4f1000 	/usr/lib/system/libquarantine.dylib
0x000000005d4f1000 	/usr/lib/system/libremovefile.dylib
0x000000005d4f1000 	/usr/lib/system/libsystem_asl.dylib
0x000000005d4f1000 	/usr/lib/system/libsystem_blocks.dylib
0x000000005d4f1000 	/usr/lib/system/libsystem_c.dylib
0x000000005d4f1000 	/usr/lib/system/libsystem_configuration.dylib
0x000000005d4f1000 	/usr/lib/system/libsystem_coreservices.dylib
0x000000005d4f1000 	/usr/lib/system/libsystem_coretls.dylib
0x000000005d4f1000 	/usr/lib/system/libsystem_dnssd.dylib
0x000000005d4f1000 	/usr/lib/system/libsystem_info.dylib
0x000000005d4f1000 	/usr/lib/system/libsystem_kernel.dylib
0x000000005d4f1000 	/usr/lib/system/libsystem_m.dylib
0x000000005d4f1000 	/usr/lib/system/libsystem_malloc.dylib
0x000000005d4f1000 	/usr/lib/system/libsystem_network.dylib
0x000000005d4f1000 	/usr/lib/system/libsystem_networkextension.dylib
0x000000005d4f1000 	/usr/lib/system/libsystem_notify.dylib
0x000000005d4f1000 	/usr/lib/system/libsystem_platform.dylib
0x000000005d4f1000 	/usr/lib/system/libsystem_pthread.dylib
0x000000005d4f1000 	/usr/lib/system/libsystem_sandbox.dylib
0x000000005d4f1000 	/usr/lib/system/libsystem_secinit.dylib
0x000000005d4f1000 	/usr/lib/system/libsystem_symptoms.dylib
0x000000005d4f1000 	/usr/lib/system/libsystem_trace.dylib
0x000000005d4f1000 	/usr/lib/system/libunwind.dylib
0x000000005d4f1000 	/usr/lib/system/libxpc.dylib
0x000000005d4f1000 	/usr/lib/libbsm.0.dylib
0x000000005d4f1000 	/usr/lib/system/libkxld.dylib
0x000000005d4f1000 	/usr/lib/libcoretls.dylib
0x000000005d4f1000 	/usr/lib/libcoretls_cfhelpers.dylib
0x000000005d4f1000 	/usr/lib/libOpenScriptingUtil.dylib
0x000000005d4f1000 	/usr/lib/libpam.2.dylib
0x000000005d4f1000 	/usr/lib/libsqlite3.dylib
0x000000005d4f1000 	/usr/lib/libxar.1.dylib
0x000000005d4f1000 	/usr/lib/libbz2.1.0.dylib
0x000000005d4f1000 	/usr/lib/liblzma.5.dylib
0x000000005d4f1000 	/usr/lib/libnetwork.dylib
0x000000005d4f1000 	/usr/lib/libpcap.A.dylib
0x000000005d4f1000 	/System/Library/Frameworks/CoreServices.framework/Versions/A/Frameworks/FSEvents.framework/Versions/A/FSEvents
0x000000005d4f1000 	/System/Library/Frameworks/CoreServices.framework/Versions/A/Frameworks/CarbonCore.framework/Versions/A/CarbonCore
0x000000005d4f1000 	/System/Library/Frameworks/CoreServices.framework/Versions/A/Frameworks/Metadata.framework/Versions/A/Metadata
0x000000005d4f1000 	/System/Library/Frameworks/CoreServices.framework/Versions/A/Frameworks/OSServices.framework/Versions/A/OSServices
0x000000005d4f1000 	/System/Library/Frameworks/CoreServices.framework/Versions/A/Frameworks/SearchKit.framework/Versions/A/SearchKit
0x000000005d4f1000 	/System/Library/Frameworks/CoreServices.framework/Versions/A/Frameworks/AE.framework/Versions/A/AE
0x000000005d4f1000 	/System/Library/Frameworks/CoreServices.framework/Versions/A/Frameworks/LaunchServices.framework/Versions/A/LaunchServices
0x000000005d4f1000 	/System/Library/Frameworks/CoreServices.framework/Versions/A/Frameworks/DictionaryServices.framework/Versions/A/DictionaryServices
0x000000005d4f1000 	/System/Library/Frameworks/CoreServices.framework/Versions/A/Frameworks/SharedFileList.framework/Versions/A/SharedFileList
0x000000005d4f1000 	/System/Library/Frameworks/NetFS.framework/Versions/A/NetFS
0x000000005d4f1000 	/System/Library/PrivateFrameworks/NetAuth.framework/Versions/A/NetAuth
0x000000005d4f1000 	/System/Library/PrivateFrameworks/login.framework/Versions/A/Frameworks/loginsupport.framework/Versions/A/loginsupport
0x000000005d4f1000 	/System/Library/PrivateFrameworks/TCC.framework/Versions/A/TCC
0x000000005d4f1000 	/usr/lib/libmecabra.dylib
0x000000005d4f1000 	/System/Library/Frameworks/ApplicationServices.framework/Versions/A/Frameworks/ATS.framework/Versions/A/ATS
0x000000005d4f1000 	/System/Library/Frameworks/ApplicationServices.framework/Versions/A/Frameworks/ColorSync.framework/Versions/A/ColorSync
0x000000005d4f1000 	/System/Library/Frameworks/ApplicationServices.framework/Versions/A/Frameworks/HIServices.framework/Versions/A/HIServices
0x000000005d4f1000 	/System/Library/Frameworks/ApplicationServices.framework/Versions/A/Frameworks/LangAnalysis.framework/Versions/A/LangAnalysis
0x000000005d4f1000 	/System/Library/Frameworks/ApplicationServices.framework/Versions/A/Frameworks/PrintCore.framework/Versions/A/PrintCore
0x000000005d4f1000 	/System/Library/Frameworks/ApplicationServices.framework/Versions/A/Frameworks/QD.framework/Versions/A/QD
0x000000005d4f1000 	/System/Library/Frameworks/ApplicationServices.framework/Versions/A/Frameworks/SpeechSynthesis.framework/Versions/A/SpeechSynthesis
0x000000005d4f1000 	/System/Library/Frameworks/Accelerate.framework/Versions/A/Frameworks/vImage.framework/Versions/A/vImage
0x000000005d4f1000 	/System/Library/Frameworks/Accelerate.framework/Versions/A/Frameworks/vecLib.framework/Versions/A/vecLib
0x000000005d4f1000 	/System/Library/Frameworks/Accelerate.framework/Versions/A/Frameworks/vecLib.framework/Versions/A/libvDSP.dylib
0x000000005d4f1000 	/System/Library/Frameworks/Accelerate.framework/Versions/A/Frameworks/vecLib.framework/Versions/A/libBNNS.dylib
0x000000005d4f1000 	/System/Library/Frameworks/Accelerate.framework/Versions/A/Frameworks/vecLib.framework/Versions/A/libQuadrature.dylib
0x000000005d4f1000 	/System/Library/Frameworks/Accelerate.framework/Versions/A/Frameworks/vecLib.framework/Versions/A/libvMisc.dylib
0x000000005d4f1000 	/System/Library/Frameworks/Accelerate.framework/Versions/A/Frameworks/vecLib.framework/Versions/A/libLAPACK.dylib
0x000000005d4f1000 	/System/Library/Frameworks/Accelerate.framework/Versions/A/Frameworks/vecLib.framework/Versions/A/libBLAS.dylib
0x000000005d4f1000 	/System/Library/Frameworks/Accelerate.framework/Versions/A/Frameworks/vecLib.framework/Versions/A/libLinearAlgebra.dylib
0x000000005d4f1000 	/System/Library/Frameworks/Accelerate.framework/Versions/A/Frameworks/vecLib.framework/Versions/A/libSparseBLAS.dylib
0x000000005d4f1000 	/System/Library/Frameworks/ApplicationServices.framework/Versions/A/Frameworks/ATS.framework/Versions/A/Resources/libFontParser.dylib
0x000000005d4f1000 	/System/Library/Frameworks/ApplicationServices.framework/Versions/A/Frameworks/ATS.framework/Versions/A/Resources/libFontRegistry.dylib
0x000000005d4f1000 	/System/Library/Frameworks/ImageIO.framework/Versions/A/Resources/libJPEG.dylib
0x000000005d4f1000 	/System/Library/Frameworks/ImageIO.framework/Versions/A/Resources/libTIFF.dylib
0x000000005d4f1000 	/System/Library/Frameworks/ImageIO.framework/Versions/A/Resources/libPng.dylib
0x000000005d4f1000 	/System/Library/Frameworks/ImageIO.framework/Versions/A/Resources/libGIF.dylib
0x000000005d4f1000 	/System/Library/Frameworks/ImageIO.framework/Versions/A/Resources/libJP2.dylib
0x000000005d4f1000 	/System/Library/Frameworks/ImageIO.framework/Versions/A/Resources/libRadiance.dylib
0x000000005d4f1000 	/usr/lib/libcompression.dylib
0x000000005d4f1000 	/System/Library/PrivateFrameworks/AppleJPEG.framework/Versions/A/AppleJPEG
0x000000005d4f1000 	/usr/lib/libcups.2.dylib
0x000000005d4f1000 	/System/Library/Frameworks/Kerberos.framework/Versions/A/Kerberos
0x000000005d4f1000 	/System/Library/Frameworks/GSS.framework/Versions/A/GSS
0x000000005d4f1000 	/usr/lib/libresolv.9.dylib
0x000000005d4f1000 	/usr/lib/libiconv.2.dylib
0x000000005d4f1000 	/System/Library/PrivateFrameworks/Heimdal.framework/Versions/A/Heimdal
0x000000005d4f1000 	/usr/lib/libheimdal-asn1.dylib
0x000000005d4f1000 	/System/Library/Frameworks/OpenDirectory.framework/Versions/A/OpenDirectory
0x000000005d4f1000 	/System/Library/PrivateFrameworks/CommonAuth.framework/Versions/A/CommonAuth
0x000000005d4f1000 	/System/Library/Frameworks/OpenDirectory.framework/Versions/A/Frameworks/CFOpenDirectory.framework/Versions/A/CFOpenDirectory
0x000000005d4f1000 	/System/Library/Frameworks/SecurityFoundation.framework/Versions/A/SecurityFoundation
0x000000005d4f1000 	/System/Library/PrivateFrameworks/LanguageModeling.framework/Versions/A/LanguageModeling
0x000000005d4f1000 	/usr/lib/libmarisa.dylib
0x000000005d4f1000 	/usr/lib/libChineseTokenizer.dylib
0x000000005d4f1000 	/usr/lib/libcmph.dylib
0x000000005d4f1000 	/System/Library/PrivateFrameworks/CoreEmoji.framework/Versions/A/CoreEmoji
0x000000005d4f1000 	/System/Library/Frameworks/ServiceManagement.framework/Versions/A/ServiceManagement
0x000000005d4f1000 	/usr/lib/libxslt.1.dylib
0x000000005d4f1000 	/System/Library/Frameworks/Carbon.framework/Versions/A/Frameworks/Ink.framework/Versions/A/Ink
0x000000005d4f1000 	/System/Library/PrivateFrameworks/TextureIO.framework/Versions/A/TextureIO
0x000000005d4f1000 	/System/Library/Frameworks/Metal.framework/Versions/A/Metal
0x000000005d4f1000 	/usr/lib/libate.dylib
0x000000005d4f1000 	/System/Library/PrivateFrameworks/GPUCompiler.framework/libmetal_timestamp.dylib
0x000000005d4f1000 	/System/Library/Frameworks/OpenGL.framework/Versions/A/Libraries/libCoreFSCache.dylib
0x000000005d4f1000 	/System/Library/PrivateFrameworks/IOAccelerator.framework/Versions/A/IOAccelerator
0x000000005d4f1000 	/System/Library/Frameworks/CoreVideo.framework/Versions/A/CoreVideo
0x000000005d4f1000 	/usr/lib/libFosl_dynamic.dylib
0x000000005d4f1000 	/System/Library/PrivateFrameworks/MetalPerformanceShaders.framework/Versions/A/MetalPerformanceShaders
0x000000005d4f1000 	/System/Library/PrivateFrameworks/FaceCore.framework/Versions/A/FaceCore
0x000000005d4f1000 	/System/Library/Frameworks/OpenCL.framework/Versions/A/OpenCL
0x000000005d4f1000 	/System/Library/Frameworks/OpenGL.framework/Versions/A/Libraries/libGLU.dylib
0x000000005d4f1000 	/System/Library/Frameworks/OpenGL.framework/Versions/A/Libraries/libGFXShared.dylib
0x000000005d4f1000 	/System/Library/Frameworks/OpenGL.framework/Versions/A/Libraries/libGL.dylib
0x000000005d4f1000 	/System/Library/Frameworks/OpenGL.framework/Versions/A/Libraries/libGLImage.dylib
0x000000005d4f1000 	/System/Library/Frameworks/OpenGL.framework/Versions/A/Libraries/libCVMSPluginSupport.dylib
0x000000005d4f1000 	/System/Library/Frameworks/OpenGL.framework/Versions/A/Libraries/libCoreVMClient.dylib
0x000000005d4f1000 	/System/Library/PrivateFrameworks/CrashReporterSupport.framework/Versions/A/CrashReporterSupport
0x000000005d4f1000 	/System/Library/PrivateFrameworks/Sharing.framework/Versions/A/Sharing
0x000000005d4f1000 	/System/Library/PrivateFrameworks/IconServices.framework/Versions/A/IconServices
0x000000005d4f1000 	/System/Library/PrivateFrameworks/ProtocolBuffer.framework/Versions/A/ProtocolBuffer
0x000000005d4f1000 	/System/Library/PrivateFrameworks/Apple80211.framework/Versions/A/Apple80211
0x000000005d4f1000 	/System/Library/Frameworks/CoreWLAN.framework/Versions/A/CoreWLAN
0x000000005d4f1000 	/System/Library/PrivateFrameworks/CoreUtils.framework/Versions/A/CoreUtils
0x000000005d4f1000 	/System/Library/Frameworks/IOBluetooth.framework/Versions/A/IOBluetooth
0x000000005d4f1000 	/System/Library/PrivateFrameworks/CoreWiFi.framework/Versions/A/CoreWiFi
0x000000005d4f1000 	/System/Library/Frameworks/CoreBluetooth.framework/Versions/A/CoreBluetooth
0x000000005d4f1000 	/System/Library/Frameworks/CoreDisplay.framework/Versions/A/CoreDisplay
0x000000005d4f1000 	/System/Library/PrivateFrameworks/IOPresentment.framework/Versions/A/IOPresentment
0x000000005d4f1000 	/System/Library/PrivateFrameworks/DSExternalDisplay.framework/Versions/A/DSExternalDisplay
0x000000005d4f1000 	/System/Library/PrivateFrameworks/DebugSymbols.framework/Versions/A/DebugSymbols
0x000000005d4f1000 	/System/Library/PrivateFrameworks/CoreSymbolication.framework/Versions/A/CoreSymbolication
0x000000005d4f1000 	/System/Library/PrivateFrameworks/Symbolication.framework/Versions/A/Symbolication
0x000000005d4f1000 	/System/Library/PrivateFrameworks/AppleFSCompression.framework/Versions/A/AppleFSCompression
0x000000005d4f1000 	/System/Library/PrivateFrameworks/SpeechRecognitionCore.framework/Versions/A/SpeechRecognitionCore
0x000000005d4f1000 	/System/Library/PrivateFrameworks/ChunkingLibrary.framework/Versions/A/ChunkingLibrary
0x0000000106e00000 	/Library/Java/JavaVirtualMachines/jdk1.8.0_152.jdk/Contents/Home/jre/lib/server/libjvm.dylib
0x000000005d4f1000 	/usr/lib/libstdc++.6.dylib
0x0000000104455000 	/Library/Java/JavaVirtualMachines/jdk1.8.0_152.jdk/Contents/Home/jre/lib/libverify.dylib
0x0000000104463000 	/Library/Java/JavaVirtualMachines/jdk1.8.0_152.jdk/Contents/Home/jre/lib/libjava.dylib
0x00000001044a3000 	/Library/Java/JavaVirtualMachines/jdk1.8.0_152.jdk/Contents/Home/jre/lib/libzip.dylib
0x0000000141e8a000 	/Library/Java/JavaVirtualMachines/jdk1.8.0_152.jdk/Contents/Home/jre/lib/libawt.dylib
0x0000000141f34000 	/Library/Java/JavaVirtualMachines/jdk1.8.0_152.jdk/Contents/Home/jre/lib/./libmlib_image.dylib
0x0000000142000000 	/System/Library/Frameworks/JavaVM.framework/Versions/A/Frameworks/JavaNativeFoundation.framework/Versions/A/JavaNativeFoundation
0x0000000142015000 	/System/Library/Frameworks/JavaVM.framework/Versions/A/Frameworks/JavaRuntimeSupport.framework/Versions/A/JavaRuntimeSupport
0x000000014202f000 	/System/Library/Frameworks/JavaVM.framework/Versions/A/JavaVM
0x000000014203c000 	/System/Library/PrivateFrameworks/JavaLaunching.framework/Versions/A/JavaLaunching
0x000000005d4f1000 	/System/Library/Frameworks/Carbon.framework/Versions/A/Carbon
0x000000005d4f1000 	/System/Library/Frameworks/Carbon.framework/Versions/A/Frameworks/CommonPanels.framework/Versions/A/CommonPanels
0x000000005d4f1000 	/System/Library/Frameworks/Carbon.framework/Versions/A/Frameworks/Help.framework/Versions/A/Help
0x000000005d4f1000 	/System/Library/Frameworks/Carbon.framework/Versions/A/Frameworks/ImageCapture.framework/Versions/A/ImageCapture
0x000000005d4f1000 	/System/Library/Frameworks/Carbon.framework/Versions/A/Frameworks/OpenScripting.framework/Versions/A/OpenScripting
0x000000005d4f1000 	/System/Library/Frameworks/Carbon.framework/Versions/A/Frameworks/Print.framework/Versions/A/Print
0x000000005d4f1000 	/System/Library/Frameworks/Carbon.framework/Versions/A/Frameworks/SecurityHI.framework/Versions/A/SecurityHI
0x0000000142048000 	/Library/Java/JavaVirtualMachines/jdk1.8.0_152.jdk/Contents/Home/jre/lib/libawt_lwawt.dylib
0x0000000142102000 	/Library/Java/JavaVirtualMachines/jdk1.8.0_152.jdk/Contents/Home/jre/lib/./libosxapp.dylib
0x000000005d4f1000 	/System/Library/Frameworks/ExceptionHandling.framework/Versions/A/ExceptionHandling
0x000000005d4f1000 	/System/Library/PrivateFrameworks/CoreServicesInternal.framework/Versions/A/CoreServicesInternal
0x000000005d4f1000 	/System/Library/CoreServices/RawCamera.bundle/Contents/MacOS/RawCamera
0x000000005d4f1000 	/System/Library/Frameworks/Accelerate.framework/Versions/A/Frameworks/vImage.framework/Versions/A/Libraries/libCGInterfaces.dylib
0x000000005d4f1000 	/System/Library/Frameworks/ApplicationServices.framework/Versions/A/Frameworks/ATS.framework/Versions/A/Resources/libTrueTypeScaler.dylib
0x0000000143bad000 	/System/Library/Frameworks/OpenGL.framework/Resources/GLEngine.bundle/GLEngine
0x000000005d4f1000 	/System/Library/Frameworks/OpenGL.framework/Versions/A/Libraries/libGLProgrammability.dylib
0x0000000143d92000 	/System/Library/Extensions/GeForceGLDriverWeb.bundle/Contents/MacOS/GeForceGLDriverWeb
0x000000005d4f1000 	/System/Library/Frameworks/OpenGL.framework/Versions/A/Libraries/libLLVMContainer.dylib
0x000000005d4f1000 	/System/Library/PrivateFrameworks/GPUSupport.framework/Versions/A/Libraries/libGPUSupportMercury.dylib
0x00000001452e0000 	/System/Library/Extensions/GeForceGLDriverWeb.bundle/Contents/MacOS/libclhWeb.dylib
0x000000014664f000 	/System/Library/Frameworks/OpenGL.framework/Resources//GLRendererFloat.bundle/GLRendererFloat
0x000000005d4f1000 	/System/Library/Frameworks/OpenCL.framework/Versions/A/Libraries/libcldcpuengine.dylib
0x000000005d4f1000 	/usr/lib/libcrypto.0.9.8.dylib
0x000000005d4f1000 	/System/Library/PrivateFrameworks/TrustEvaluationAgent.framework/Versions/A/TrustEvaluationAgent
0x0000000146683000 	/System/Library/Extensions/GeForceMTLDriverWeb.bundle/Contents/MacOS/GeForceMTLDriverWeb
0x000000005d4f1000 	/System/Library/PrivateFrameworks/FamilyControls.framework/Versions/A/FamilyControls
0x000000005d4f1000 	/System/Library/PrivateFrameworks/CommerceKit.framework/Versions/A/Frameworks/CommerceCore.framework/Versions/A/CommerceCore
0x000000005d4f1000 	/System/Library/PrivateFrameworks/SystemAdministration.framework/Versions/A/SystemAdministration
0x000000005d4f1000 	/System/Library/PrivateFrameworks/AppContainer.framework/Versions/A/AppContainer
0x000000005d4f1000 	/System/Library/PrivateFrameworks/SecCodeWrapper.framework/Versions/A/SecCodeWrapper
0x000000005d4f1000 	/System/Library/Frameworks/DirectoryService.framework/Versions/A/DirectoryService
0x000000005d4f1000 	/System/Library/PrivateFrameworks/DiskImages.framework/Versions/A/DiskImages
0x000000005d4f1000 	/System/Library/PrivateFrameworks/LoginUIKit.framework/Versions/A/Frameworks/LoginUICore.framework/Versions/A/LoginUICore
0x000000005d4f1000 	/usr/lib/libCoreStorage.dylib
0x000000005d4f1000 	/usr/lib/libcsfde.dylib
0x000000005d4f1000 	/usr/lib/libodfde.dylib
0x000000005d4f1000 	/System/Library/Frameworks/DiscRecording.framework/Versions/A/DiscRecording
0x000000005d4f1000 	/usr/lib/libcurl.4.dylib
0x000000005d4f1000 	/System/Library/PrivateFrameworks/MediaKit.framework/Versions/A/MediaKit
0x000000005d4f1000 	/System/Library/PrivateFrameworks/ProtectedCloudStorage.framework/Versions/A/ProtectedCloudStorage
0x000000005d4f1000 	/System/Library/PrivateFrameworks/EFILogin.framework/Versions/A/EFILogin
0x000000005d4f1000 	/usr/lib/libutil.dylib
0x000000005d4f1000 	/System/Library/Frameworks/LDAP.framework/Versions/A/LDAP
0x000000005d4f1000 	/usr/lib/libsasl2.2.dylib
0x000000005d4f1000 	/System/Library/PrivateFrameworks/CoreDaemon.framework/Versions/B/CoreDaemon
0x000000005d4f1000 	/System/Library/PrivateFrameworks/AppleSRP.framework/Versions/A/AppleSRP
0x000000005d4f1000 	/System/Library/PrivateFrameworks/APFS.framework/Versions/A/APFS
0x000000014c03c000 	/Library/Java/JavaVirtualMachines/jdk1.8.0_152.jdk/Contents/Home/jre/lib/libfontmanager.dylib
0x000000014cfff000 	/Library/Java/JavaVirtualMachines/jdk1.8.0_152.jdk/Contents/Home/jre/lib/libnet.dylib
0x000000014d05e000 	/Library/Java/JavaVirtualMachines/jdk1.8.0_152.jdk/Contents/Home/jre/lib/libnio.dylib
0x000000014d06e000 	/private/var/folders/l_/9_tfjykj2hb9yt6swc3p12_40000gp/T/jogamp_0000/file_cache/jln3083006674109304733/jln861806318363028985/natives/macosx-universal/libgluegen-rt.jnilib
0x000000005d4f1000 	/System/Library/PrivateFrameworks/ViewBridge.framework/Versions/A/ViewBridge
0x000000005d4f1000 	/System/Library/PrivateFrameworks/XPCService.framework/Versions/A/XPCService
0x000000005d4f1000 	/System/Library/PrivateFrameworks/AppSandbox.framework/Versions/A/AppSandbox
0x000000005d4f1000 	/usr/lib/libsandbox.1.dylib
0x000000005d4f1000 	/usr/lib/libMatch.1.dylib
0x000000014d1c0000 	/private/var/folders/l_/9_tfjykj2hb9yt6swc3p12_40000gp/T/jogamp_0000/file_cache/jln3083006674109304733/jln861806318363028985/natives/macosx-universal/libnativewindow_awt.jnilib
0x000000014d1c3000 	/Library/Java/JavaVirtualMachines/jdk1.8.0_152.jdk/Contents/Home/jre/lib/libjawt.dylib
0x000000014d2cd000 	/private/var/folders/l_/9_tfjykj2hb9yt6swc3p12_40000gp/T/jogamp_0000/file_cache/jln3083006674109304733/jln861806318363028985/natives/macosx-universal/libnativewindow_macosx.jnilib
0x000000014d3be000 	/private/var/folders/l_/9_tfjykj2hb9yt6swc3p12_40000gp/T/jogamp_0000/file_cache/jln3083006674109304733/jln861806318363028985/natives/macosx-universal/libnewt.jnilib
0x000000014d877000 	/private/var/folders/l_/9_tfjykj2hb9yt6swc3p12_40000gp/T/jogamp_0000/file_cache/jln3083006674109304733/jln861806318363028985/natives/macosx-universal/libjogl_desktop.jnilib
0x0000000142d55000 	/private/var/folders/l_/9_tfjykj2hb9yt6swc3p12_40000gp/T/jogamp_0000/file_cache/jln3083006674109304733/jln861806318363028985/natives/macosx-universal/libjogl_mobile.jnilib
0x0000000142d33000 	/Library/Java/JavaVirtualMachines/jdk1.8.0_152.jdk/Contents/Home/jre/lib/libjsound.dylib
0x000000014ee01000 	/System/Library/Frameworks/CoreMIDI.framework/Versions/A/CoreMIDI
0x0000000143b0c000 	/usr/lib/libexpat.1.dylib
0x0000000142d46000 	/System/Library/Extensions/AppleHDA.kext/Contents/PlugIns/AppleHDAHALPlugIn.bundle/Contents/MacOS/AppleHDAHALPlugIn
0x0000000142de4000 	/private/var/folders/l_/9_tfjykj2hb9yt6swc3p12_40000gp/T/coreMidi4J4117609248498829584.tmp/libCoreMidi4J.dylib
0x0000000143768000 	/Library/Java/JavaVirtualMachines/jdk1.8.0_152.jdk/Contents/Home/jre/lib/libjpeg.dylib
0x0000000143a51000 	/Library/Java/JavaVirtualMachines/jdk1.8.0_152.jdk/Contents/Home/jre/lib/liblcms.dylib
0x000000014e2e2000 	/private/var/folders/l_/9_tfjykj2hb9yt6swc3p12_40000gp/T/libaparapi_x86_648072976733423508273.dylib
0x00000001515dc000 	/System/Library/Components/CoreAudio.component/Contents/MacOS/CoreAudio
0x000000014ed10000 	/Library/Java/JavaVirtualMachines/jdk1.8.0_152.jdk/Contents/Home/jre/lib/libdcpr.dylib
0x000000005d4f1000 	/System/Library/PrivateFrameworks/Shortcut.framework/Versions/A/Shortcut
0x000000005d4f1000 	/System/Library/PrivateFrameworks/HelpData.framework/Versions/A/HelpData
0x000000005d4f1000 	/System/Library/PrivateFrameworks/FinderKit.framework/Versions/A/FinderKit
0x000000005d4f1000 	/System/Library/Frameworks/Quartz.framework/Versions/A/Frameworks/QuickLookUI.framework/Versions/A/QuickLookUI
0x000000005d4f1000 	/System/Library/Frameworks/Quartz.framework/Versions/A/Frameworks/ImageKit.framework/Versions/A/ImageKit
0x000000005d4f1000 	/System/Library/PrivateFrameworks/Bom.framework/Versions/A/Bom
0x000000005d4f1000 	/System/Library/Frameworks/QuickLook.framework/Versions/A/QuickLook
0x000000005d4f1000 	/System/Library/PrivateFrameworks/Suggestions.framework/Versions/A/Suggestions
0x000000005d4f1000 	/System/Library/PrivateFrameworks/AppleSystemInfo.framework/Versions/A/AppleSystemInfo
0x000000005d4f1000 	/System/Library/Frameworks/ImageCaptureCore.framework/Versions/A/ImageCaptureCore
0x000000005d4f1000 	/System/Library/Frameworks/SafariServices.framework/Versions/A/SafariServices
0x000000005d4f1000 	/System/Library/Frameworks/QTKit.framework/Versions/A/QTKit
0x000000005d4f1000 	/System/Library/PrivateFrameworks/MobileKeyBag.framework/Versions/A/MobileKeyBag
0x000000005d4f1000 	/System/Library/Frameworks/AVFoundation.framework/Versions/A/AVFoundation
0x000000005d4f1000 	/System/Library/Frameworks/CoreMedia.framework/Versions/A/CoreMedia
0x000000005d4f1000 	/System/Library/Frameworks/MediaToolbox.framework/Versions/A/MediaToolbox
0x000000005d4f1000 	/System/Library/Frameworks/VideoToolbox.framework/Versions/A/VideoToolbox
0x000000005d4f1000 	/System/Library/PrivateFrameworks/CoreMediaAuthoring.framework/Versions/A/CoreMediaAuthoring
0x000000005d4f1000 	/System/Library/Frameworks/CoreMediaIO.framework/Versions/A/CoreMediaIO
0x000000005d4f1000 	/System/Library/Frameworks/AVFoundation.framework/Versions/A/Frameworks/AVFAudio.framework/Versions/A/AVFAudio
0x000000005d4f1000 	/System/Library/PrivateFrameworks/IntlPreferences.framework/Versions/A/IntlPreferences
0x000000005d4f1000 	/usr/lib/libspindump.dylib
0x000000005d4f1000 	/usr/lib/libdscsym.dylib
0x000000005d4f1000 	/System/Library/PrivateFrameworks/CoreAVCHD.framework/Versions/A/CoreAVCHD
0x000000005d4f1000 	/System/Library/Frameworks/MediaAccessibility.framework/Versions/A/MediaAccessibility
0x000000005d4f1000 	/System/Library/PrivateFrameworks/Mangrove.framework/Versions/A/Mangrove
0x000000005d4f1000 	/System/Library/PrivateFrameworks/CoreAUC.framework/Versions/A/CoreAUC
0x000000005d4f1000 	/System/Library/PrivateFrameworks/AppleVA.framework/Versions/A/AppleVA
0x000000005d4f1000 	/System/Library/PrivateFrameworks/QuickLookThumbnailing.framework/Versions/A/QuickLookThumbnailing
0x000000005d4f1000 	/System/Library/PrivateFrameworks/DisplayServices.framework/Versions/A/DisplayServices
0x000000005d4f1000 	/System/Library/Frameworks/Quartz.framework/Versions/A/Frameworks/PDFKit.framework/Versions/A/PDFKit
0x000000005d4f1000 	/System/Library/Frameworks/Quartz.framework/Versions/A/Frameworks/QuartzComposer.framework/Versions/A/QuartzComposer
0x000000005d4f1000 	/System/Library/Frameworks/Quartz.framework/Versions/A/Frameworks/QuartzFilters.framework/Versions/A/QuartzFilters
0x000000005d4f1000 	/System/Library/PrivateFrameworks/CorePDF.framework/Versions/A/CorePDF
0x000000005d4f1000 	/System/Library/Frameworks/JavaScriptCore.framework/Versions/A/JavaScriptCore
0x000000005d4f1000 	/System/Library/Frameworks/AddressBook.framework/Versions/A/AddressBook
0x000000005d4f1000 	/System/Library/PrivateFrameworks/ContactsPersistence.framework/Versions/A/ContactsPersistence
0x000000005d4f1000 	/System/Library/PrivateFrameworks/CalendarAgentLink.framework/Versions/A/CalendarAgentLink
0x000000005d4f1000 	/System/Library/PrivateFrameworks/ContactsFoundation.framework/Versions/A/ContactsFoundation
0x000000005d4f1000 	/System/Library/PrivateFrameworks/vCard.framework/Versions/A/vCard
0x000000005d4f1000 	/System/Library/PrivateFrameworks/ToneLibrary.framework/Versions/A/ToneLibrary
0x000000005d4f1000 	/System/Library/PrivateFrameworks/ToneKit.framework/Versions/A/ToneKit
0x000000005d4f1000 	/System/Library/PrivateFrameworks/ApplePushService.framework/Versions/A/ApplePushService
0x000000005d4f1000 	/System/Library/Frameworks/SecurityInterface.framework/Versions/A/SecurityInterface
0x000000005d4f1000 	/System/Library/PrivateFrameworks/PhoneNumbers.framework/Versions/A/PhoneNumbers
0x000000005d4f1000 	/System/Library/Frameworks/Quartz.framework/Versions/A/Quartz
0x000000005d4f1000 	/System/Library/Frameworks/Accounts.framework/Versions/A/Accounts
0x000000005d4f1000 	/System/Library/PrivateFrameworks/OAuth.framework/Versions/A/OAuth
0x000000005d4f1000 	/System/Library/PrivateFrameworks/CacheDelete.framework/Versions/A/CacheDelete
0x000000005d4f1000 	/System/Library/PrivateFrameworks/CloudDocs.framework/Versions/A/CloudDocs
0x000000005d4f1000 	/System/Library/Frameworks/CloudKit.framework/Versions/A/CloudKit
0x000000005d4f1000 	/System/Library/PrivateFrameworks/MMCS.framework/Versions/A/MMCS
0x000000005d4f1000 	/System/Library/Frameworks/CoreLocation.framework/Versions/A/CoreLocation
0x000000005d4f1000 	/System/Library/PrivateFrameworks/AssetCacheServices.framework/Versions/A/AssetCacheServices
0x000000005d4f1000 	/System/Library/PrivateFrameworks/GeoServices.framework/Versions/A/GeoServices
0x000000005d4f1000 	/System/Library/PrivateFrameworks/PlugInKit.framework/Versions/A/PlugInKit

VM Arguments:
jvm_args: -Dfile.encoding=UTF-8 -Duser.country=US -Duser.language=en -Duser.variant 
java_command: com.symmetrylabs.slstudio.SLStudio
java_class_path (initial): /Users/symmetrylabs/Documents/GitHub/Java_SLStudio/build/classes/java/main:/Users/symmetrylabs/Documents/GitHub/Java_SLStudio/build/classes/kotlin/main:/Users/symmetrylabs/Documents/GitHub/Java_SLStudio/build/resources/main:/Users/symmetrylabs/Documents/GitHub/Java_SLStudio/libs/gluegen-rt-natives-linux-aarch64.jar:/Users/symmetrylabs/Documents/GitHub/Java_SLStudio/libs/gluegen-rt-natives-linux-amd64.jar:/Users/symmetrylabs/Documents/GitHub/Java_SLStudio/libs/gluegen-rt-natives-linux-armv6hf.jar:/Users/symmetrylabs/Documents/GitHub/Java_SLStudio/libs/gluegen-rt-natives-linux-i586.jar:/Users/symmetrylabs/Documents/GitHub/Java_SLStudio/libs/gluegen-rt-natives-macosx-universal.jar:/Users/symmetrylabs/Documents/GitHub/Java_SLStudio/libs/gluegen-rt-natives-windows-amd64.jar:/Users/symmetrylabs/Documents/GitHub/Java_SLStudio/libs/gluegen-rt-natives-windows-i586.jar:/Users/symmetrylabs/Documents/GitHub/Java_SLStudio/libs/gluegen-rt.jar:/Users/symmetrylabs/Documents/GitHub/Java_SLStudio/libs/jogl-all-2.3.2-natives-linux-amd64.jar:/Users/symmetrylabs/Documents/GitHub/Java_SLStudio/libs/jogl-all-natives-linux-aarch64.jar:/Users/symmetrylabs/Documents/GitHub/Java_SLStudio/libs/jogl-all-natives-linux-amd64.jar:/Users/symmetrylabs/Documents/GitHub/Java_SLStudio/libs/jogl-all-natives-linux-armv6hf.jar:/Users/symmetrylabs/Documents/GitHub/Java_SLStudio/libs/jogl-all-natives-linux-i586.jar:/Users/symmetrylabs/Documents/GitHub/Java_SLStudio/libs/jogl-all-natives-macosx-universal.jar:/Users/symmetrylabs/Documents/GitHub/Java_SLStudio/libs/jogl-all-natives-windows-amd64.jar:/Users/symmetrylabs/Documents/GitHub/Java_SLStudio/libs/jogl-all-natives-windows-i586.jar:/Users/symmetrylabs/Documents/GitHub/Java_SLStudio/libs/jogl-all.jar:/Users/symmetrylabs/Documents/GitHub/Java_SLStudio/libs/P3LX.jar:/Users/symmetrylabs/.gradle/caches/modules-2/files-2.1/org.processing/core/3.3.6/f89688e748c841a79624ac2b68f92f9df3ea186a/core-3.3.6.jar:/Users/symmetrylabs/.gradle/
Launcher Type: SUN_STANDARD

Environment Variables:
PATH=/usr/local/bin:/usr/bin:/bin:/usr/sbin:/sbin
SHELL=/bin/bash

Signal Handlers:
SIGSEGV: [libjvm.dylib+0x5b494d], sa_mask[0]=11111111011111110111111111111111, sa_flags=SA_ONSTACK|SA_RESTART|SA_SIGINFO
SIGBUS: [libjvm.dylib+0x5b494d], sa_mask[0]=11111111011111110111111111111111, sa_flags=SA_RESTART|SA_SIGINFO
SIGFPE: [libjvm.dylib+0x48ab54], sa_mask[0]=11111111011111110111111111111111, sa_flags=SA_RESTART|SA_SIGINFO
SIGPIPE: [libjvm.dylib+0x48ab54], sa_mask[0]=11111111011111110111111111111111, sa_flags=SA_RESTART|SA_SIGINFO
SIGXFSZ: [libjvm.dylib+0x48ab54], sa_mask[0]=11111111011111110111111111111111, sa_flags=SA_RESTART|SA_SIGINFO
SIGILL: [libjvm.dylib+0x48ab54], sa_mask[0]=11111111011111110111111111111111, sa_flags=SA_RESTART|SA_SIGINFO
SIGUSR1: SIG_DFL, sa_mask[0]=11011111011111100000000111000110, sa_flags=none
SIGUSR2: [libjvm.dylib+0x48a672], sa_mask[0]=00100000000000000000000000000000, sa_flags=SA_RESTART|SA_SIGINFO
SIGHUP: [libjvm.dylib+0x488c49], sa_mask[0]=11111111011111110111111111111111, sa_flags=SA_RESTART|SA_SIGINFO
SIGINT: [libjvm.dylib+0x488c49], sa_mask[0]=11111111011111110111111111111111, sa_flags=SA_RESTART|SA_SIGINFO
SIGTERM: [libjvm.dylib+0x488c49], sa_mask[0]=11111111011111110111111111111111, sa_flags=SA_RESTART|SA_SIGINFO
SIGQUIT: [libjvm.dylib+0x488c49], sa_mask[0]=11111111011111110111111111111111, sa_flags=SA_RESTART|SA_SIGINFO


---------------  S Y S T E M  ---------------

OS:Bsduname:Darwin 16.6.0 Darwin Kernel Version 16.6.0: Fri Apr 14 16:21:16 PDT 2017; root:xnu-3789.60.24~6/RELEASE_X86_64 x86_64
rlimit: STACK 8192k, CORE 0k, NPROC 709, NOFILE 10240, AS infinity
load average:6.03 6.42 5.69

CPU:total 20 (initial active 20) (10 cores per cpu, 2 threads per core) family 6 model 79 stepping 1, cmov, cx8, fxsr, mmx, sse, sse2, sse3, ssse3, sse4.1, sse4.2, popcnt, avx, avx2, aes, clmul, erms, rtm, 3dnowpref, lzcnt, ht, tsc, tscinvbit, bmi1, bmi2, adx

Memory: 4k page, physical 67108864k(3835540k free)

/proc/meminfo:


vm_info: Java HotSpot(TM) 64-Bit Server VM (25.152-b16) for bsd-amd64 JRE (1.8.0_152-b16), built on Sep 14 2017 02:31:13 by "java_re" with gcc 4.2.1 (Based on Apple Inc. build 5658) (LLVM build 2336.11.00)

time: Fri Dec 29 18:07:36 2017
elapsed time: 2163 seconds (0d 0h 36m 3s)

