#
# A fatal error has been detected by the Java Runtime Environment:
#
#  SIGBUS (0xa) at pc=0x0000000107ea4291, pid=834, tid=9987
#
# JRE version: Java(TM) SE Runtime Environment (8.0_45-b14) (build 1.8.0_45-b14)
# Java VM: Java HotSpot(TM) 64-Bit Server VM (25.45-b02 mixed mode bsd-amd64 compressed oops)
# Problematic frame:
# V  [libjvm.dylib+0x4a4291]  UpdateOnlyClosure::do_addr(HeapWord*, unsigned long)+0x4f
#
# Failed to write core dump. Core dumps have been disabled. To enable core dumping, try "ulimit -c unlimited" before starting Java again
#
# If you would like to submit a bug report, please visit:
#   http://bugreport.java.com/bugreport/crash.jsp
#

---------------  T H R E A D  ---------------

Current thread (0x00007faa1c800000):  GCTaskThread [stack: 0x000070000c561000,0x000070000c661000] [id=9987]

siginfo: si_signo: 10 (SIGBUS), si_code: 2 (BUS_ADRERR), si_addr: 0x00000007f8000008

Registers:
RAX=0x00007faa1b816a10, RBX=0x0000000000030400, RCX=0x0000000003600903, RDX=0x0000000108215520
RSP=0x000070000c660c80, RBP=0x000070000c660c80, RSI=0x00000006c012bb10, RDI=0x00000007f8000000
R8 =0x00000006c012bb10, R9 =0x000000002700003f, R10=0x0000000027000000, R11=0x000000011be02000
R12=0x000070000c660d50, R13=0x0000000000025764, R14=0x0000000000001800, R15=0x00000001082c27a0
RIP=0x0000000107ea4291, EFLAGS=0x0000000000010206, ERR=0x0000000000000004
  TRAPNO=0x000000000000000e

Top of Stack: (sp=0x000070000c660c80)
0x000070000c660c80:   000070000c660cf0 0000000107e7b979
0x000070000c660c90:   00000000000019a3 000070000c660d20
0x000070000c660ca0:   0000000000c0ffff 000070000c660d50
0x000070000c660cb0:   0000000000060000 0000000000060000
0x000070000c660cc0:   0000000000c10000 0000000000060000
0x000070000c660cd0:   0000000000000000 0000000107fedec0
0x000070000c660ce0:   0000000000000006 0000000000000000
0x000070000c660cf0:   000070000c660db0 0000000107ea4fa3
0x000070000c660d00:   000070000c660d40 0000000000000000
0x000070000c660d10:   00007faa1b816a10 0000000000000000
0x000070000c660d20:   000000010820ce10 00000001082c27a0
0x000070000c660d30:   00007faa1b816a10 ffffffffffffffff
0x000070000c660d40:   0000000000000000 00007faa1b809670
0x000070000c660d50:   00000001082ac1d0 00000001082c27a0
0x000070000c660d60:   00007faa1b816a10 ffffffffffffffff
0x000070000c660d70:   0000000000000000 0000000000000000
0x000070000c660d80:   00007faa1b809670 00007faa1c800000
0x000070000c660d90:   0000000000000000 0000000107fedec0
0x000070000c660da0:   00007faa23941240 0000000000000001
0x000070000c660db0:   000070000c660e90 0000000107c6c111
0x000070000c660dc0:   000070000c660df0 00007faa1a400220
0x000070000c660dd0:   00007faa1a400360 00007faa1a400370
0x000070000c660de0:   00007faa1a400748 00000000000003d8
0x000070000c660df0:   00007faa1c800000 00007faa1a400250
0x000070000c660e00:   00007faa1a400750 00007faa1a400760
0x000070000c660e10:   00007faa1a400838 00000000000000d8
0x000070000c660e20:   000070000c660e30 0000000000000000
0x000070000c660e30:   00007faa1c800000 00007faa1a400250
0x000070000c660e40:   00007faa1a400750 00007faa1a400760
0x000070000c660e50:   00007faa1a400838 00000000000000d8
0x000070000c660e60:   00007faa1a400930 00007faa1c800000
0x000070000c660e70:   0000000000001dd2 0000000000002703 

Instructions: (pc=0x0000000107ea4291)
0x0000000107ea4271:   10 49 89 f0 74 16 48 8d 15 a2 12 37 00 8a 4a 08
0x0000000107ea4281:   41 8b 78 08 48 d3 e7 48 03 3a eb 04 49 8b 78 08
0x0000000107ea4291:   81 7f 08 ff ff ff bf 77 0f 48 8b 0f 48 89 c6 4c
0x0000000107ea42a1:   89 c2 ff 91 28 01 00 00 31 c0 5d c3 90 55 48 89 

Register to memory mapping:

RAX=0x00007faa1b816a10 is an unknown value
RBX=0x0000000000030400 is an unknown value
RCX=0x0000000003600903 is an unknown value
RDX=0x0000000108215520: _ZN8Universe13_narrow_klassE+0 in /Library/Java/JavaVirtualMachines/jdk1.8.0_45.jdk/Contents/Home/jre/lib/server/libjvm.dylib at 0x0000000107a00000
RSP=0x000070000c660c80 is an unknown value
RBP=0x000070000c660c80 is an unknown value
RSI=
[error occurred during error reporting (printing register info), id 0xa]

Stack: [0x000070000c561000,0x000070000c661000],  sp=0x000070000c660c80,  free space=1023k
Native frames: (J=compiled Java code, j=interpreted, Vv=VM code, C=native code)
V  [libjvm.dylib+0x4a4291]  UpdateOnlyClosure::do_addr(HeapWord*, unsigned long)+0x4f
V  [libjvm.dylib+0x47b979]  ParMarkBitMap::iterate(ParMarkBitMapClosure*, ParMarkBitMapClosure*, unsigned long, unsigned long, unsigned long) const+0x24f
V  [libjvm.dylib+0x4a4fa3]  PSParallelCompact::update_and_deadwood_in_dense_prefix(ParCompactionManager*, PSParallelCompact::SpaceId, unsigned long, unsigned long)+0x15d
V  [libjvm.dylib+0x26c111]  GCTaskThread::run()+0x1a1
V  [libjvm.dylib+0x46ea7e]  java_start(Thread*)+0xf6
C  [libsystem_pthread.dylib+0x393b]  _pthread_body+0xb4
C  [libsystem_pthread.dylib+0x3887]  _pthread_body+0x0
C  [libsystem_pthread.dylib+0x308d]  thread_start+0xd


---------------  P R O C E S S  ---------------

Java Threads: ( => current thread )
  0x00007faa1e807800 