#
# A fatal error has been detected by the Java Runtime Environment:
#
#  SIGBUS (0xa) at pc=0x000000010471e791, pid=5282, tid=11779
#
# JRE version: Java(TM) SE Runtime Environment (8.0_45-b14) (build 1.8.0_45-b14)
# Java VM: Java HotSpot(TM) 64-Bit Server VM (25.45-b02 mixed mode bsd-amd64 compressed oops)
# Problematic frame:
# V  [libjvm.dylib+0x1a3791]  oopDesc::size()+0x2d
#
# Failed to write core dump. Core dumps have been disabled. To enable core dumping, try "ulimit -c unlimited" before starting Java again
#
# If you would like to submit a bug report, please visit:
#   http://bugreport.java.com/bugreport/crash.jsp
#

---------------  T H R E A D  ---------------

Current thread (0x00007fbf6d016000):  GCTaskThread [stack: 0x00007000080dc000,0x00007000081dc000] [id=11779]

siginfo: si_signo: 10 (SIGBUS), si_code: 2 (BUS_ADRERR), si_addr: 0x00000007f8000008

Registers:
RAX=0x0000000104d90520, RBX=0x00000006c00afff8, RCX=0x000000000000a603, RDX=0x000000080000a601
RSP=0x00007000081dbc90, RBP=0x00007000081dbc90, RSI=0x00000006c00aa318, RDI=0x00000007f8000000
R8 =0x00007fbf6d0322c0, R9 =0xfffffffeeb6f3a16, R10=0x00000000036685e9, R11=0x000000011490c5e9
R12=0x00000001148a4182, R13=0x00000006c0030000, R14=0x00000006c00aa318, R15=0x00000001150a5550
RIP=0x000000010471e791, EFLAGS=0x0000000000010206, ERR=0x0000000000000004
  TRAPNO=0x000000000000000e

Top of Stack: (sp=0x00007000081dbc90)
0x00007000081dbc90:   00007000081dbcc0 00000001046cdb55
0x00007000081dbca0:   00000001148a4118 00000006c00a27a0
0x00007000081dbcb0:   00000001148a4580 00000001148a4513
0x00007000081dbcc0:   00007000081dbd80 00000001046cd17a
0x00007000081dbcd0:   0000000000000000 0000000000000400
0x00007000081dbce0:   fffffffeeb6f3a16 0000000000000100
0x00007000081dbcf0:   000000011490c5e8 00000001112a4100
0x00007000081dbd00:   000000011490c5e9 0000000003600400
0x00007000081dbd10:   fffffffeeb75ba7f 00000000036685e9
0x00007000081dbd20:   00000001148a4180 00000006c00a0000
0x00007000081dbd30:   00000006cd0bd0d8 00000006c00b0000
0x00007000081dbd40:   00007fbf6ac0dc90 00007fbf6d0322c0
0x00007000081dbd50:   00007fbf6ac0da20 00007fbf6af040a0
0x00007000081dbd60:   0000000000000000 0000000104b6ae90
0x00007000081dbd70:   00007fbf6d0322c0 0000000000000001
0x00007000081dbd80:   00007000081dbdb0 0000000104a2712f
0x00007000081dbd90:   0000000000000008 00007fbf6ac10eb0
0x00007000081dbda0:   00007fbf6d016000 00007fbf6af040a0
0x00007000081dbdb0:   00007000081dbe90 00000001047e7111
0x00007000081dbdc0:   00007000081dbdf0 00007fbf6ae0b3a0
0x00007000081dbdd0:   00007fbf6ae0b3d0 00007fbf6ae0b3e0
0x00007000081dbde0:   00007fbf6ae0b7b8 00000000000003d8
0x00007000081dbdf0:   00007fbf6d016000 00007fbf6ae0b7c0
0x00007000081dbe00:   00007fbf6ae0b800 00007fbf6ae0b810
0x00007000081dbe10:   00007fbf6ae0b8e8 00000000000000d8
0x00007000081dbe20:   00007000081dbe30 0000000000000000
0x00007000081dbe30:   00007fbf6d016000 00007fbf6ae0b7c0
0x00007000081dbe40:   00007fbf6ae0b800 00007fbf6ae0b810
0x00007000081dbe50:   00007fbf6ae0b8e8 00000000000000d8
0x00007000081dbe60:   00007fbf6ae0ba00 00007fbf6d016000
0x00007000081dbe70:   00000000000a6b61 0000000000002e03
0x00007000081dbe80:   00007fbf6ae0c2c0 00007fbf6ae0c330 

Instructions: (pc=0x000000010471e791)
0x000000010471e771:   84 d2 48 89 fe 74 15 48 8d 05 a1 1d 67 00 8a 48
0x000000010471e781:   08 8b 7e 08 48 d3 e7 48 03 38 eb 04 48 8b 7e 08
0x000000010471e791:   8b 47 08 85 c0 7e 09 a8 01 75 4e c1 f8 03 eb 47
0x000000010471e7a1:   85 c0 7f 43 85 c0 79 41 84 d2 0f 94 c1 0f b6 c9 

Register to memory mapping:

RAX=0x0000000104d90520: _ZN8Universe13_narrow_klassE+0 in /Library/Java/JavaVirtualMachines/jdk1.8.0_45.jdk/Contents/Home/jre/lib/server/libjvm.dylib at 0x000000010457b000
RBX=
[error occurred during error reporting (printing register info), id 0xa]

Stack: [0x00007000080dc000,0x00007000081dc000],  sp=0x00007000081dbc90,  free space=1023k
Native frames: (J=compiled Java code, j=interpreted, Vv=VM code, C=native code)
V  [libjvm.dylib+0x1a3791]  oopDesc::size()+0x2d
V  [libjvm.dylib+0x152b55]  ObjectStartArray::object_start(HeapWord*) const+0x5d
V  [libjvm.dylib+0x15217a]  CardTableExtension::scavenge_contents_parallel(ObjectStartArray*, MutableSpace*, HeapWord*, PSPromotionManager*, unsigned int, unsigned int)+0x152
V  [libjvm.dylib+0x4ac12f]  OldToYoungRootsTask::do_it(GCTaskManager*, unsigned int)+0x4b
V  [libjvm.dylib+0x26c111]  GCTaskThread::run()+0x1a1
V  [libjvm.dylib+0x46ea7e]  java_start(Thread*)+0xf6
C  [libsystem_pthread.dylib+0x393b]  _pthread_body+0xb4
C  [libsystem_pthread.dylib+0x3887]  _pthread_body+0x0
C  [libsystem_pthread.dylib+0x308d]  thread_start+0xd


---------------  P R O C E S S  ---------------

Java Threads: ( => current thread )
  0x00007fbf738cb800 JavaThread "AWT-Shutdown" [_thread_blocked, id=151387, stack(0x000070000aa66000,0x000070000ab66000)]
  0x00007fbf6e84b800 JavaThread "Thread-34" daemon [_thread_in_native, id=153003, stack(0x000070000900c000,0x000070000908c000)]
  0x00007fbf74348000 JavaThread "pool-1-thread-8" [_thread_in_native, id=135235, stack(0x00007000079c4000,0x0000700007ac4000)]
  0x00007fbf76015000 JavaThread "pool-1-thread-7" [_thread_blocked, id=139179, stack(0x000070000908f000,0x000070000918f000)]
  0x00007fbf73b2c800 JavaThread "LXChannel thread #25" [_thread_blocked, id=46507, stack(0x000070000ae72000,0x000070000af72000)]
  0x00007fbf742e9800 JavaThread "Thread-33" [_thread_blocked, id=29535, stack(0x000070000ab69000,0x000070000ac69000)]
  0x00007fbf6e0e1800 JavaThread "LXChannel thread #24" [_thread_blocked, id=4135, stack(0x000070000a963000,0x000070000aa63000)]
  0x00007fbf74052000 JavaThread "LXChannel thread #23" [_thread_blocked, id=46139, stack(0x000070000a860000,0x000070000a960000)]
  0x00007fbf7416b000 JavaThread "LXChannel thread #22" [_thread_blocked, id=36911, stack(0x000070000a2ce000,0x000070000a3ce000)]
  0x00007fbf6e839800 JavaThread "Thread-32" [_thread_blocked, id=73707, stack(0x0000700009bb9000,0x0000700009cb9000)]
  0x00007fbf7420a800 JavaThread "Thread-13" [_thread_in_native, id=145671, stack(0x000070000a75d000,0x000070000a85d000)]
  0x00007fbf731a5000 JavaThread "LXAudioEngine Input Thread" [_thread_blocked, id=145927, stack(0x000070000a454000,0x000070000a554000)]
  0x00007fbf6c352800 JavaThread "LXEngine Render Thread" [_thread_blocked, id=148791, stack(0x000070000a65a000,0x000070000a75a000)]
  0x00007fbf6d6a1800 JavaThread "Thread-7" [_thread_in_native, id=147459, stack(0x000070000a557000,0x000070000a657000)]
  0x00007fbf73119800 JavaThread "Java Sound Event Dispatcher" daemon [_thread_blocked, id=144899, stack(0x000070000a1cb000,0x000070000a2cb000)]
  0x00007fbf7384e800 JavaThread "LXEngine Network Thread" [_thread_blocked, id=142347, stack(0x000070000a0c8000,0x000070000a1c8000)]
  0x00007fbf73921800 JavaThread "pool-1-thread-6" [_thread_in_native, id=32035, stack(0x000070000941e000,0x000070000951e000)]
  0x00007fbf7384f800 JavaThread "pool-1-thread-5" [_thread_blocked, id=62999, stack(0x0000700008f09000,0x0000700009009000)]
  0x00007fbf6d681800 JavaThread "pool-1-thread-4" [_thread_blocked, id=143623, stack(0x0000700009fc5000,0x000070000a0c5000)]
  0x00007fbf73115800 JavaThread "pool-1-thread-3" [_thread_blocked, id=143367, stack(0x0000700009ec2000,0x0000700009fc2000)]
  0x00007fbf6d4a3000 JavaThread "Timer-0" [_thread_blocked, id=142855, stack(0x0000700009930000,0x0000700009a30000)]
  0x00007fbf6d00b000 JavaThread "DestroyJavaVM" [_thread_blocked, id=6915, stack(0x0000700007aca000,0x0000700007bca000)]
  0x00007fbf6d32d000 JavaThread "main-FPSAWTAnimator#00-Timer0" [_thread_blocked, id=71439, stack(0x0000700009727000,0x0000700009827000)]
  0x00007fbf6d229800 JavaThread "Thread-2" [_thread_blocked, id=69139, stack(0x0000700009624000,0x0000700009724000)]
  0x00007fbf6c9c9800 JavaThread "main-Display-.macosx_nil-1-EDT-1" daemon [_thread_blocked, id=68611, stack(0x0000700009521000,0x0000700009621000)]
  0x00007fbf6c930000 JavaThread "Java2D Disposer" daemon [_thread_blocked, id=62223, stack(0x000070000931b000,0x000070000941b000)]
  0x00007fbf6b1fb000 JavaThread "Java2D Queue Flusher" daemon [_thread_blocked, id=59911, stack(0x0000700009218000,0x0000700009318000)]
  0x00007fbf6b05c800 JavaThread "AWT-AppKit" daemon [_thread_in_native, id=775, stack(0x00007fff5c107000,0x00007fff5c907000)]
  0x00007fbf6b025800 JavaThread "Service Thread" daemon [_thread_blocked, id=20995, stack(0x0000700008c80000,0x0000700008d80000)]
  0x00007fbf6d037000 JavaThread "C1 CompilerThread3" daemon [_thread_blocked, id=20483, stack(0x0000700008b7d000,0x0000700008c7d000)]
  0x00007fbf6e800000 JavaThread "C2 CompilerThread2" daemon [_thread_blocked, id=19971, stack(0x0000700008a7a000,0x0000700008b7a000)]
  0x00007fbf6c85d800 JavaThread "C2 CompilerThread1" daemon [_thread_blocked, id=19459, stack(0x0000700008977000,0x0000700008a77000)]
  0x00007fbf6c853800 JavaThread "C2 CompilerThread0" daemon [_thread_blocked, id=18947, stack(0x0000700008874000,0x0000700008974000)]
  0x00007fbf6c853000 JavaThread "Signal Dispatcher" daemon [_thread_blocked, id=18435, stack(0x0000700008771000,0x0000700008871000)]
  0x00007fbf6c002000 JavaThread "Finalizer" daemon [_thread_blocked, id=14339, stack(0x00007000085eb000,0x00007000086eb000)]
  0x00007fbf6d035800 JavaThread "Reference Handler" daemon [_thread_blocked, id=13827, stack(0x00007000084e8000,0x00007000085e8000)]

Other Threads:
  0x00007fbf6d033000 VMThread [stack: 0x00007000083e5000,0x00007000084e5000] [id=13315]
  0x00007fbf6d039000 WatcherThread [stack: 0x0000700008d83000,0x0000700008e83000] [id=21507]

=>0x00007fbf6d016000 (exited) GCTaskThread [stack: 0x00007000080dc000,0x00007000081dc000] [id=11779]

VM state:at safepoint (normal execution)

VM Mutex/Monitor currently owned by a thread:  ([mutex/lock_event])
[0x00007fbf6ae029f0] Threads_lock - owner thread: 0x00007fbf6d033000
[0x00007fbf6ae02ef0] Heap_lock - owner thread: 0x00007fbf6e0e1800

Heap:
 PSYoungGen      total 38912K, used 37664K [0x000000076ab00000, 0x000000076d380000, 0x00000007c0000000)
  eden space 37376K, 100% used [0x000000076ab00000,0x000000076cf80000,0x000000076cf80000)
  from space 1536K, 18% used [0x000000076d200000,0x000000076d248000,0x000000076d380000)
  to   space 2048K, 9% used [0x000000076cf80000,0x000000076cfb0000,0x000000076d180000)
 ParOldGen       total 229376K, used 213748K [0x00000006c0000000, 0x00000006ce000000, 0x000000076ab00000)
  object space 229376K, 93% used [0x00000006c0000000,0x00000006cd0bd0d8,0x00000006ce000000)
 Metaspace       used 27368K, capacity 27700K, committed 28160K, reserved 1075200K
  class space    used 3139K, capacity 3219K, committed 3328K, reserved 1048576K

Card table byte_map: [0x00000001148a4000,0x00000001150a5000] byte_map_base: 0x00000001112a4000

Marking Bits: (ParMarkBitMap*) 0x0000000104e3d7a0
 Begin Bits: [0x00000001155fb000, 0x00000001195fb000)
 End Bits:   [0x00000001195fb000, 0x000000011d5fb000)

Polling page: 0x00000001033b9000

CodeCache: size=245760Kb used=13740Kb max_used=14296Kb free=232019Kb
 bounds [0x00000001054e4000, 0x0000000106304000, 0x00000001144e4000]
 total_blobs=5092 nmethods=4140 adapters=864
 compilation: enabled

Compilation events (10 events):
Event: 1033.177 Thread 0x00007fbf6d037000 5544       3       sun.misc.FloatingDecimal$BinaryToASCIIBuffer::dtoa (1509 bytes)
Event: 1033.180 Thread 0x00007fbf6d037000 nmethod 5544 0x000000010628d190 code [0x000000010628d5c0, 0x000000010628fcd8]
Event: 1033.523 Thread 0x00007fbf6d037000 5545       3       heronarts.lx.LXSerializable$Utils::toArray (50 bytes)
Event: 1033.523 Thread 0x00007fbf6d037000 nmethod 5545 0x0000000105c90c90 code [0x0000000105c90ee0, 0x0000000105c91d18]
Event: 1033.524 Thread 0x00007fbf6d037000 5546       3       heronarts.lx.LXSerializable$Utils::toObject (18 bytes)
Event: 1033.524 Thread 0x00007fbf6d037000 nmethod 5546 0x0000000105990a50 code [0x0000000105990c00, 0x00000001059910b8]
Event: 1034.594 Thread 0x00007fbf6d037000 5547       3       java.lang.Thread::exit (51 bytes)
Event: 1034.594 Thread 0x00007fbf6d037000 nmethod 5547 0x0000000105c90310 code [0x0000000105c90480, 0x0000000105c90728]
Event: 1034.595 Thread 0x00007fbf6d037000 5548   !   3       java.lang.ThreadGroup::threadTerminated (63 bytes)
Event: 1034.595 Thread 0x00007fbf6d037000 nmethod 5548 0x0000000105d4a890 code [0x0000000105d4aa20, 0x0000000105d4afe8]

GC Heap History (10 events):
Event: 1010.993 GC heap after
Heap after GC invocations=114 (full 2):
 PSYoungGen      total 40448K, used 256K [0x000000076ab00000, 0x000000076d580000, 0x00000007c0000000)
  eden space 37376K, 0% used [0x000000076ab00000,0x000000076ab00000,0x000000076cf80000)
  from space 3072K, 8% used [0x000000076d280000,0x000000076d2c0000,0x000000076d580000)
  to   space 3072K, 0% used [0x000000076cf80000,0x000000076cf80000,0x000000076d280000)
 ParOldGen       total 229376K, used 213732K [0x00000006c0000000, 0x00000006ce000000, 0x000000076ab00000)
  object space 229376K, 93% used [0x00000006c0000000,0x00000006cd0b90d8,0x00000006ce000000)
 Metaspace       used 27363K, capacity 27700K, committed 28160K, reserved 1075200K
  class space    used 3139K, capacity 3219K, committed 3328K, reserved 1048576K
}
Event: 1016.761 GC heap before
{Heap before GC invocations=115 (full 2):
 PSYoungGen      total 40448K, used 37632K [0x000000076ab00000, 0x000000076d580000, 0x00000007c0000000)
  eden space 37376K, 100% used [0x000000076ab00000,0x000000076cf80000,0x000000076cf80000)
  from space 3072K, 8% used [0x000000076d280000,0x000000076d2c0000,0x000000076d580000)
  to   space 3072K, 0% used [0x000000076cf80000,0x000000076cf80000,0x000000076d280000)
 ParOldGen       total 229376K, used 213732K [0x00000006c0000000, 0x00000006ce000000, 0x000000076ab00000)
  object space 229376K, 93% used [0x00000006c0000000,0x00000006cd0b90d8,0x00000006ce000000)
 Metaspace       used 27363K, capacity 27700K, committed 28160K, reserved 1075200K
  class space    used 3139K, capacity 3219K, committed 3328K, reserved 1048576K
Event: 1016.762 GC heap after
Heap after GC invocations=115 (full 2):
 PSYoungGen      total 37888K, used 256K [0x000000076ab00000, 0x000000076d480000, 0x00000007c0000000)
  eden space 37376K, 0% used [0x000000076ab00000,0x000000076ab00000,0x000000076cf80000)
  from space 512K, 50% used [0x000000076cf80000,0x000000076cfc0000,0x000000076d000000)
  to   space 2560K, 0% used [0x000000076d200000,0x000000076d200000,0x000000076d480000)
 ParOldGen       total 229376K, used 213732K [0x00000006c0000000, 0x00000006ce000000, 0x000000076ab00000)
  object space 229376K, 93% used [0x00000006c0000000,0x00000006cd0b90d8,0x00000006ce000000)
 Metaspace       used 27363K, capacity 27700K, committed 28160K, reserved 1075200K
  class space    used 3139K, capacity 3219K, committed 3328K, reserved 1048576K
}
Event: 1022.449 GC heap before
{Heap before GC invocations=116 (full 2):
 PSYoungGen      total 37888K, used 37632K [0x000000076ab00000, 0x000000076d480000, 0x00000007c0000000)
  eden space 37376K, 100% used [0x000000076ab00000,0x000000076cf80000,0x000000076cf80000)
  from space 512K, 50% used [0x000000076cf80000,0x000000076cfc0000,0x000000076d000000)
  to   space 2560K, 0% used [0x000000076d200000,0x000000076d200000,0x000000076d480000)
 ParOldGen       total 229376K, used 213732K [0x00000006c0000000, 0x00000006ce000000, 0x000000076ab00000)
  object space 229376K, 93% used [0x00000006c0000000,0x00000006cd0b90d8,0x00000006ce000000)
 Metaspace       used 27363K, capacity 27700K, committed 28160K, reserved 1075200K
  class space    used 3139K, capacity 3219K, committed 3328K, reserved 1048576K
Event: 1022.450 GC heap after
Heap after GC invocations=116 (full 2):
 PSYoungGen      total 39936K, used 288K [0x000000076ab00000, 0x000000076d480000, 0x00000007c0000000)
  eden space 37376K, 0% used [0x000000076ab00000,0x000000076ab00000,0x000000076cf80000)
  from space 2560K, 11% used [0x000000076d200000,0x000000076d248000,0x000000076d480000)
  to   space 2560K, 0% used [0x000000076cf80000,0x000000076cf80000,0x000000076d200000)
 ParOldGen       total 229376K, used 213748K [0x00000006c0000000, 0x00000006ce000000, 0x000000076ab00000)
  object space 229376K, 93% used [0x00000006c0000000,0x00000006cd0bd0d8,0x00000006ce000000)
 Metaspace       used 27363K, capacity 27700K, committed 28160K, reserved 1075200K
  class space    used 3139K, capacity 3219K, committed 3328K, reserved 1048576K
}
Event: 1028.270 GC heap before
{Heap before GC invocations=117 (full 2):
 PSYoungGen      total 39936K, used 37664K [0x000000076ab00000, 0x000000076d480000, 0x00000007c0000000)
  eden space 37376K, 100% used [0x000000076ab00000,0x000000076cf80000,0x000000076cf80000)
  from space 2560K, 11% used [0x000000076d200000,0x000000076d248000,0x000000076d480000)
  to   space 2560K, 0% used [0x000000076cf80000,0x000000076cf80000,0x000000076d200000)
 ParOldGen       total 229376K, used 213748K [0x00000006c0000000, 0x00000006ce000000, 0x000000076ab00000)
  object space 229376K, 93% used [0x00000006c0000000,0x00000006cd0bd0d8,0x00000006ce000000)
 Metaspace       used 27363K, capacity 27700K, committed 28160K, reserved 1075200K
  class space    used 3139K, capacity 3219K, committed 3328K, reserved 1048576K
Event: 1028.272 GC heap after
Heap after GC invocations=117 (full 2):
 PSYoungGen      total 39936K, used 288K [0x000000076ab00000, 0x000000076d480000, 0x00000007c0000000)
  eden space 37376K, 0% used [0x000000076ab00000,0x000000076ab00000,0x000000076cf80000)
  from space 2560K, 11% used [0x000000076cf80000,0x000000076cfc8000,0x000000076d200000)
  to   space 2560K, 0% used [0x000000076d200000,0x000000076d200000,0x000000076d480000)
 ParOldGen       total 229376K, used 213748K [0x00000006c0000000, 0x00000006ce000000, 0x000000076ab00000)
  object space 229376K, 93% used [0x00000006c0000000,0x00000006cd0bd0d8,0x00000006ce000000)
 Metaspace       used 27363K, capacity 27700K, committed 28160K, reserved 1075200K
  class space    used 3139K, capacity 3219K, committed 3328K, reserved 1048576K
}
Event: 1033.787 GC heap before
{Heap before GC invocations=118 (full 2):
 PSYoungGen      total 39936K, used 37664K [0x000000076ab00000, 0x000000076d480000, 0x00000007c0000000)
  eden space 37376K, 100% used [0x000000076ab00000,0x000000076cf80000,0x000000076cf80000)
  from space 2560K, 11% used [0x000000076cf80000,0x000000076cfc8000,0x000000076d200000)
  to   space 2560K, 0% used [0x000000076d200000,0x000000076d200000,0x000000076d480000)
 ParOldGen       total 229376K, used 213748K [0x00000006c0000000, 0x00000006ce000000, 0x000000076ab00000)
  object space 229376K, 93% used [0x00000006c0000000,0x00000006cd0bd0d8,0x00000006ce000000)
 Metaspace       used 27365K, capacity 27700K, committed 28160K, reserved 1075200K
  class space    used 3139K, capacity 3219K, committed 3328K, reserved 1048576K
Event: 1033.789 GC heap after
Heap after GC invocations=118 (full 2):
 PSYoungGen      total 38912K, used 288K [0x000000076ab00000, 0x000000076d380000, 0x00000007c0000000)
  eden space 37376K, 0% used [0x000000076ab00000,0x000000076ab00000,0x000000076cf80000)
  from space 1536K, 18% used [0x000000076d200000,0x000000076d248000,0x000000076d380000)
  to   space 2048K, 0% used [0x000000076cf80000,0x000000076cf80000,0x000000076d180000)
 ParOldGen       total 229376K, used 213748K [0x00000006c0000000, 0x00000006ce000000, 0x000000076ab00000)
  object space 229376K, 93% used [0x00000006c0000000,0x00000006cd0bd0d8,0x00000006ce000000)
 Metaspace       used 27365K, capacity 27700K, committed 28160K, reserved 1075200K
  class space    used 3139K, capacity 3219K, committed 3328K, reserved 1048576K
}
Event: 1040.709 GC heap before
{Heap before GC invocations=119 (full 2):
 PSYoungGen      total 38912K, used 37664K [0x000000076ab00000, 0x000000076d380000, 0x00000007c0000000)
  eden space 37376K, 100% used [0x000000076ab00000,0x000000076cf80000,0x000000076cf80000)
  from space 1536K, 18% used [0x000000076d200000,0x000000076d248000,0x000000076d380000)
  to   space 2048K, 0% used [0x000000076cf80000,0x000000076cf80000,0x000000076d180000)
 ParOldGen       total 229376K, used 213748K [0x00000006c0000000, 0x00000006ce000000, 0x000000076ab00000)
  object space 229376K, 93% used [0x00000006c0000000,0x00000006cd0bd0d8,0x00000006ce000000)
 Metaspace       used 27368K, capacity 27700K, committed 28160K, reserved 1075200K
  class space    used 3139K, capacity 3219K, committed 3328K, reserved 1048576K

Deoptimization events (10 events):
Event: 593.691 Thread 0x00007fbf6d32d000 Uncommon trap: reason=unstable_if action=reinterpret pc=0x000000010578e434 method=sun.misc.FloatingDecimal$BinaryToASCIIBuffer.dtoa(IJIZ)V @ 88
Event: 684.079 Thread 0x00007fbf6d4a3000 Uncommon trap: reason=predicate action=maybe_recompile pc=0x000000010570cd10 method=java.util.concurrent.SynchronousQueue$TransferStack.transfer(Ljava/lang/Object;ZJ)Ljava/lang/Object; @ 14
Event: 974.257 Thread 0x00007fbf6cdb4000 Uncommon trap: reason=unstable_if action=reinterpret pc=0x0000000105ff6954 method=java.util.concurrent.SynchronousQueue$TransferStack.awaitFulfill(Ljava/util/concurrent/SynchronousQueue$TransferStack$SNode;ZJ)Ljava/util/concurrent/SynchronousQueue$Transfe
Event: 974.257 Thread 0x00007fbf6ce7c000 Uncommon trap: reason=unstable_if action=reinterpret pc=0x0000000105ff6954 method=java.util.concurrent.SynchronousQueue$TransferStack.awaitFulfill(Ljava/util/concurrent/SynchronousQueue$TransferStack$SNode;ZJ)Ljava/util/concurrent/SynchronousQueue$Transfe
Event: 974.257 Thread 0x00007fbf6cdb4000 Uncommon trap: reason=unstable_if action=reinterpret pc=0x0000000105e44870 method=java.util.concurrent.locks.ReentrantLock$NonfairSync.lock()V @ 6
Event: 1024.734 Thread 0x00007fbf6d32d000 Uncommon trap: reason=unstable_if action=reinterpret pc=0x0000000105c10340 method=java.text.DigitList.shouldRoundUp(IZZ)Z @ 283
Event: 1033.121 Thread 0x00007fbf6c352800 Uncommon trap: reason=unstable_if action=reinterpret pc=0x0000000105e0a3f4 method=sun.misc.FloatingDecimal$BinaryToASCIIBuffer.dtoa(IJIZ)V @ 978
Event: 1036.740 Thread 0x00007fbf6b05c800 Uncommon trap: reason=class_check action=maybe_recompile pc=0x0000000105f5ba0c method=java.util.AbstractCollection.toArray([Ljava/lang/Object;)[Ljava/lang/Object; @ 1
Event: 1036.760 Thread 0x00007fbf6b05c800 Uncommon trap: reason=class_check action=maybe_recompile pc=0x0000000105f5ba0c method=java.util.AbstractCollection.toArray([Ljava/lang/Object;)[Ljava/lang/Object; @ 1
Event: 1036.774 Thread 0x00007fbf6c9c9800 Uncommon trap: reason=unstable_if action=reinterpret pc=0x000000010593db48 method=jogamp.newt.DisplayImpl.dispatchMessage(Lcom/jogamp/newt/event/NEWTEvent;)V @ 24

Internal exceptions (10 events):
Event: 1038.197 Thread 0x00007fbf73921800 Exception <a 'java/net/SocketTimeoutException': Receive timed out> (0x000000076b7fb7c8) thrown at [/Users/java_re/workspace/8-2-build-macosx-x86_64/jdk8u45/3457/hotspot/src/share/vm/prims/jni.cpp, line 735]
Event: 1038.197 Thread 0x00007fbf74348000 Exception <a 'java/net/SocketTimeoutException': Receive timed out> (0x000000076b7fbfd8) thrown at [/Users/java_re/workspace/8-2-build-macosx-x86_64/jdk8u45/3457/hotspot/src/share/vm/prims/jni.cpp, line 735]
Event: 1038.702 Thread 0x00007fbf6d681800 Exception <a 'java/net/SocketTimeoutException': Receive timed out> (0x000000076bdd4bd8) thrown at [/Users/java_re/workspace/8-2-build-macosx-x86_64/jdk8u45/3457/hotspot/src/share/vm/prims/jni.cpp, line 735]
Event: 1038.702 Thread 0x00007fbf76015000 Exception <a 'java/net/SocketTimeoutException': Receive timed out> (0x000000076b0c45d0) thrown at [/Users/java_re/workspace/8-2-build-macosx-x86_64/jdk8u45/3457/hotspot/src/share/vm/prims/jni.cpp, line 735]
Event: 1039.206 Thread 0x00007fbf74348000 Exception <a 'java/net/SocketTimeoutException': Receive timed out> (0x000000076b7fc458) thrown at [/Users/java_re/workspace/8-2-build-macosx-x86_64/jdk8u45/3457/hotspot/src/share/vm/prims/jni.cpp, line 735]
Event: 1039.206 Thread 0x00007fbf73921800 Exception <a 'java/net/SocketTimeoutException': Receive timed out> (0x000000076c171d30) thrown at [/Users/java_re/workspace/8-2-build-macosx-x86_64/jdk8u45/3457/hotspot/src/share/vm/prims/jni.cpp, line 735]
Event: 1039.707 Thread 0x00007fbf6d681800 Exception <a 'java/net/SocketTimeoutException': Receive timed out> (0x000000076bdd5058) thrown at [/Users/java_re/workspace/8-2-build-macosx-x86_64/jdk8u45/3457/hotspot/src/share/vm/prims/jni.cpp, line 735]
Event: 1039.707 Thread 0x00007fbf76015000 Exception <a 'java/net/SocketTimeoutException': Receive timed out> (0x000000076b0c4a50) thrown at [/Users/java_re/workspace/8-2-build-macosx-x86_64/jdk8u45/3457/hotspot/src/share/vm/prims/jni.cpp, line 735]
Event: 1040.211 Thread 0x00007fbf74348000 Exception <a 'java/net/SocketTimeoutException': Receive timed out> (0x000000076b7fc8d8) thrown at [/Users/java_re/workspace/8-2-build-macosx-x86_64/jdk8u45/3457/hotspot/src/share/vm/prims/jni.cpp, line 735]
Event: 1040.211 Thread 0x00007fbf73921800 Exception <a 'java/net/SocketTimeoutException': Receive timed out> (0x000000076c1721b0) thrown at [/Users/java_re/workspace/8-2-build-macosx-x86_64/jdk8u45/3457/hotspot/src/share/vm/prims/jni.cpp, line 735]

Events (10 events):
Event: 1036.760 Thread 0x00007fbf6b05c800 DEOPT UNPACKING pc=0x00000001054e9229 sp=0x00007fff5c8fea28 mode 2
Event: 1036.764 Thread 0x00007fbf6e84b800 Thread added: 0x00007fbf6e84b800
Event: 1036.774 Thread 0x00007fbf6c9c9800 Uncommon trap: trap_request=0xffffff65 fr.pc=0x000000010593db48
Event: 1036.774 Thread 0x00007fbf6c9c9800 DEOPT PACKING pc=0x000000010593db48 sp=0x00007000096206d0
Event: 1036.774 Thread 0x00007fbf6c9c9800 DEOPT UNPACKING pc=0x00000001054e9229 sp=0x0000700009620610 mode 2
Event: 1037.799 Executing VM operation: RevokeBias
Event: 1037.799 Executing VM operation: RevokeBias done
Event: 1037.799 Thread 0x00007fbf6b059800 Thread exited: 0x00007fbf6b059800
Event: 1040.271 Thread 0x00007fbf738cb800 Thread added: 0x00007fbf738cb800
Event: 1040.709 Executing VM operation: ParallelGCFailedAllocation


Dynamic libraries:
0x0000000007deb000 	/System/Library/Frameworks/Cocoa.framework/Versions/A/Cocoa
0x0000000007deb000 	/System/Library/Frameworks/Security.framework/Versions/A/Security
0x0000000007deb000 	/System/Library/Frameworks/ApplicationServices.framework/Versions/A/ApplicationServices
0x0000000007deb000 	/usr/lib/libz.1.dylib
0x0000000007deb000 	/usr/lib/libSystem.B.dylib
0x0000000007deb000 	/usr/lib/libobjc.A.dylib
0x0000000007deb000 	/System/Library/Frameworks/CoreFoundation.framework/Versions/A/CoreFoundation
0x0000000007deb000 	/System/Library/Frameworks/Foundation.framework/Versions/C/Foundation
0x0000000007deb000 	/System/Library/Frameworks/AppKit.framework/Versions/C/AppKit
0x0000000007deb000 	/System/Library/Frameworks/CoreData.framework/Versions/A/CoreData
0x0000000007deb000 	/System/Library/PrivateFrameworks/RemoteViewServices.framework/Versions/A/RemoteViewServices
0x0000000007deb000 	/System/Library/PrivateFrameworks/UIFoundation.framework/Versions/A/UIFoundation
0x0000000007deb000 	/System/Library/PrivateFrameworks/DFRFoundation.framework/Versions/A/DFRFoundation
0x0000000007deb000 	/usr/lib/libenergytrace.dylib
0x0000000007deb000 	/System/Library/PrivateFrameworks/SkyLight.framework/Versions/A/SkyLight
0x0000000007deb000 	/System/Library/Frameworks/CoreGraphics.framework/Versions/A/CoreGraphics
0x0000000007deb000 	/usr/lib/libScreenReader.dylib
0x0000000007deb000 	/System/Library/Frameworks/Accelerate.framework/Versions/A/Accelerate
0x0000000007deb000 	/System/Library/Frameworks/IOSurface.framework/Versions/A/IOSurface
0x0000000007deb000 	/System/Library/Frameworks/AudioToolbox.framework/Versions/A/AudioToolbox
0x0000000007deb000 	/System/Library/Frameworks/AudioUnit.framework/Versions/A/AudioUnit
0x0000000007deb000 	/System/Library/PrivateFrameworks/DataDetectorsCore.framework/Versions/A/DataDetectorsCore
0x0000000007deb000 	/System/Library/PrivateFrameworks/DesktopServicesPriv.framework/Versions/A/DesktopServicesPriv
0x0000000007deb000 	/System/Library/Frameworks/Carbon.framework/Versions/A/Frameworks/HIToolbox.framework/Versions/A/HIToolbox
0x0000000007deb000 	/usr/lib/libicucore.A.dylib
0x0000000007deb000 	/System/Library/Frameworks/QuartzCore.framework/Versions/A/QuartzCore
0x0000000007deb000 	/System/Library/Frameworks/Carbon.framework/Versions/A/Frameworks/SpeechRecognition.framework/Versions/A/SpeechRecognition
0x0000000007deb000 	/usr/lib/libauto.dylib
0x0000000007deb000 	/usr/lib/libxml2.2.dylib
0x0000000007deb000 	/System/Library/PrivateFrameworks/CoreUI.framework/Versions/A/CoreUI
0x0000000007deb000 	/System/Library/Frameworks/CoreAudio.framework/Versions/A/CoreAudio
0x0000000007deb000 	/System/Library/Frameworks/DiskArbitration.framework/Versions/A/DiskArbitration
0x0000000007deb000 	/usr/lib/liblangid.dylib
0x0000000007deb000 	/System/Library/PrivateFrameworks/MultitouchSupport.framework/Versions/A/MultitouchSupport
0x0000000007deb000 	/System/Library/Frameworks/IOKit.framework/Versions/A/IOKit
0x0000000007deb000 	/usr/lib/libDiagnosticMessagesClient.dylib
0x0000000007deb000 	/System/Library/Frameworks/CoreServices.framework/Versions/A/CoreServices
0x0000000007deb000 	/System/Library/PrivateFrameworks/PerformanceAnalysis.framework/Versions/A/PerformanceAnalysis
0x0000000007deb000 	/System/Library/PrivateFrameworks/GenerationalStorage.framework/Versions/A/GenerationalStorage
0x0000000007deb000 	/System/Library/Frameworks/OpenGL.framework/Versions/A/OpenGL
0x0000000007deb000 	/System/Library/Frameworks/CoreImage.framework/Versions/A/CoreImage
0x0000000007deb000 	/System/Library/Frameworks/CoreText.framework/Versions/A/CoreText
0x0000000007deb000 	/System/Library/Frameworks/ImageIO.framework/Versions/A/ImageIO
0x0000000007deb000 	/System/Library/PrivateFrameworks/Backup.framework/Versions/A/Backup
0x0000000007deb000 	/usr/lib/libarchive.2.dylib
0x0000000007deb000 	/System/Library/Frameworks/CFNetwork.framework/Versions/A/CFNetwork
0x0000000007deb000 	/System/Library/Frameworks/SystemConfiguration.framework/Versions/A/SystemConfiguration
0x0000000007deb000 	/usr/lib/libCRFSuite.dylib
0x0000000007deb000 	/usr/lib/libc++.1.dylib
0x0000000007deb000 	/usr/lib/libc++abi.dylib
0x0000000007deb000 	/usr/lib/system/libcache.dylib
0x0000000007deb000 	/usr/lib/system/libcommonCrypto.dylib
0x0000000007deb000 	/usr/lib/system/libcompiler_rt.dylib
0x0000000007deb000 	/usr/lib/system/libcopyfile.dylib
0x0000000007deb000 	/usr/lib/system/libcorecrypto.dylib
0x0000000007deb000 	/usr/lib/system/libdispatch.dylib
0x0000000007deb000 	/usr/lib/system/libdyld.dylib
0x0000000007deb000 	/usr/lib/system/libkeymgr.dylib
0x0000000007deb000 	/usr/lib/system/liblaunch.dylib
0x0000000007deb000 	/usr/lib/system/libmacho.dylib
0x0000000007deb000 	/usr/lib/system/libquarantine.dylib
0x0000000007deb000 	/usr/lib/system/libremovefile.dylib
0x0000000007deb000 	/usr/lib/system/libsystem_asl.dylib
0x0000000007deb000 	/usr/lib/system/libsystem_blocks.dylib
0x0000000007deb000 	/usr/lib/system/libsystem_c.dylib
0x0000000007deb000 	/usr/lib/system/libsystem_configuration.dylib
0x0000000007deb000 	/usr/lib/system/libsystem_coreservices.dylib
0x0000000007deb000 	/usr/lib/system/libsystem_coretls.dylib
0x0000000007deb000 	/usr/lib/system/libsystem_dnssd.dylib
0x0000000007deb000 	/usr/lib/system/libsystem_info.dylib
0x0000000007deb000 	/usr/lib/system/libsystem_kernel.dylib
0x0000000007deb000 	/usr/lib/system/libsystem_m.dylib
0x0000000007deb000 	/usr/lib/system/libsystem_malloc.dylib
0x0000000007deb000 	/usr/lib/system/libsystem_network.dylib
0x0000000007deb000 	/usr/lib/system/libsystem_networkextension.dylib
0x0000000007deb000 	/usr/lib/system/libsystem_notify.dylib
0x0000000007deb000 	/usr/lib/system/libsystem_platform.dylib
0x0000000007deb000 	/usr/lib/system/libsystem_pthread.dylib
0x0000000007deb000 	/usr/lib/system/libsystem_sandbox.dylib
0x0000000007deb000 	/usr/lib/system/libsystem_secinit.dylib
0x0000000007deb000 	/usr/lib/system/libsystem_symptoms.dylib
0x0000000007deb000 	/usr/lib/system/libsystem_trace.dylib
0x0000000007deb000 	/usr/lib/system/libunwind.dylib
0x0000000007deb000 	/usr/lib/system/libxpc.dylib
0x0000000007deb000 	/usr/lib/libbsm.0.dylib
0x0000000007deb000 	/usr/lib/system/libkxld.dylib
0x0000000007deb000 	/usr/lib/libcoretls.dylib
0x0000000007deb000 	/usr/lib/libcoretls_cfhelpers.dylib
0x0000000007deb000 	/usr/lib/libOpenScriptingUtil.dylib
0x0000000007deb000 	/usr/lib/libpam.2.dylib
0x0000000007deb000 	/usr/lib/libsqlite3.dylib
0x0000000007deb000 	/usr/lib/libxar.1.dylib
0x0000000007deb000 	/usr/lib/libbz2.1.0.dylib
0x0000000007deb000 	/usr/lib/liblzma.5.dylib
0x0000000007deb000 	/usr/lib/libnetwork.dylib
0x0000000007deb000 	/usr/lib/libpcap.A.dylib
0x0000000007deb000 	/System/Library/Frameworks/CoreServices.framework/Versions/A/Frameworks/FSEvents.framework/Versions/A/FSEvents
0x0000000007deb000 	/System/Library/Frameworks/CoreServices.framework/Versions/A/Frameworks/CarbonCore.framework/Versions/A/CarbonCore
0x0000000007deb000 	/System/Library/Frameworks/CoreServices.framework/Versions/A/Frameworks/Metadata.framework/Versions/A/Metadata
0x0000000007deb000 	/System/Library/Frameworks/CoreServices.framework/Versions/A/Frameworks/OSServices.framework/Versions/A/OSServices
0x0000000007deb000 	/System/Library/Frameworks/CoreServices.framework/Versions/A/Frameworks/SearchKit.framework/Versions/A/SearchKit
0x0000000007deb000 	/System/Library/Frameworks/CoreServices.framework/Versions/A/Frameworks/AE.framework/Versions/A/AE
0x0000000007deb000 	/System/Library/Frameworks/CoreServices.framework/Versions/A/Frameworks/LaunchServices.framework/Versions/A/LaunchServices
0x0000000007deb000 	/System/Library/Frameworks/CoreServices.framework/Versions/A/Frameworks/DictionaryServices.framework/Versions/A/DictionaryServices
0x0000000007deb000 	/System/Library/Frameworks/CoreServices.framework/Versions/A/Frameworks/SharedFileList.framework/Versions/A/SharedFileList
0x0000000007deb000 	/System/Library/Frameworks/NetFS.framework/Versions/A/NetFS
0x0000000007deb000 	/System/Library/PrivateFrameworks/NetAuth.framework/Versions/A/NetAuth
0x0000000007deb000 	/System/Library/PrivateFrameworks/login.framework/Versions/A/Frameworks/loginsupport.framework/Versions/A/loginsupport
0x0000000007deb000 	/System/Library/PrivateFrameworks/TCC.framework/Versions/A/TCC
0x0000000007deb000 	/usr/lib/libmecabra.dylib
0x0000000007deb000 	/System/Library/Frameworks/ApplicationServices.framework/Versions/A/Frameworks/ATS.framework/Versions/A/ATS
0x0000000007deb000 	/System/Library/Frameworks/ApplicationServices.framework/Versions/A/Frameworks/ColorSync.framework/Versions/A/ColorSync
0x0000000007deb000 	/System/Library/Frameworks/ApplicationServices.framework/Versions/A/Frameworks/HIServices.framework/Versions/A/HIServices
0x0000000007deb000 	/System/Library/Frameworks/ApplicationServices.framework/Versions/A/Frameworks/LangAnalysis.framework/Versions/A/LangAnalysis
0x0000000007deb000 	/System/Library/Frameworks/ApplicationServices.framework/Versions/A/Frameworks/PrintCore.framework/Versions/A/PrintCore
0x0000000007deb000 	/System/Library/Frameworks/ApplicationServices.framework/Versions/A/Frameworks/QD.framework/Versions/A/QD
0x0000000007deb000 	/System/Library/Frameworks/ApplicationServices.framework/Versions/A/Frameworks/SpeechSynthesis.framework/Versions/A/SpeechSynthesis
0x0000000007deb000 	/System/Library/Frameworks/Accelerate.framework/Versions/A/Frameworks/vImage.framework/Versions/A/vImage
0x0000000007deb000 	/System/Library/Frameworks/Accelerate.framework/Versions/A/Frameworks/vecLib.framework/Versions/A/vecLib
0x0000000007deb000 	/System/Library/Frameworks/Accelerate.framework/Versions/A/Frameworks/vecLib.framework/Versions/A/libvDSP.dylib
0x0000000007deb000 	/System/Library/Frameworks/Accelerate.framework/Versions/A/Frameworks/vecLib.framework/Versions/A/libBNNS.dylib
0x0000000007deb000 	/System/Library/Frameworks/Accelerate.framework/Versions/A/Frameworks/vecLib.framework/Versions/A/libQuadrature.dylib
0x0000000007deb000 	/System/Library/Frameworks/Accelerate.framework/Versions/A/Frameworks/vecLib.framework/Versions/A/libvMisc.dylib
0x0000000007deb000 	/System/Library/Frameworks/Accelerate.framework/Versions/A/Frameworks/vecLib.framework/Versions/A/libLAPACK.dylib
0x0000000007deb000 	/System/Library/Frameworks/Accelerate.framework/Versions/A/Frameworks/vecLib.framework/Versions/A/libBLAS.dylib
0x0000000007deb000 	/System/Library/Frameworks/Accelerate.framework/Versions/A/Frameworks/vecLib.framework/Versions/A/libLinearAlgebra.dylib
0x0000000007deb000 	/System/Library/Frameworks/Accelerate.framework/Versions/A/Frameworks/vecLib.framework/Versions/A/libSparseBLAS.dylib
0x0000000007deb000 	/System/Library/Frameworks/ApplicationServices.framework/Versions/A/Frameworks/ATS.framework/Versions/A/Resources/libFontParser.dylib
0x0000000007deb000 	/System/Library/Frameworks/ApplicationServices.framework/Versions/A/Frameworks/ATS.framework/Versions/A/Resources/libFontRegistry.dylib
0x0000000007deb000 	/System/Library/Frameworks/ImageIO.framework/Versions/A/Resources/libJPEG.dylib
0x0000000007deb000 	/System/Library/Frameworks/ImageIO.framework/Versions/A/Resources/libTIFF.dylib
0x0000000007deb000 	/System/Library/Frameworks/ImageIO.framework/Versions/A/Resources/libPng.dylib
0x0000000007deb000 	/System/Library/Frameworks/ImageIO.framework/Versions/A/Resources/libGIF.dylib
0x0000000007deb000 	/System/Library/Frameworks/ImageIO.framework/Versions/A/Resources/libJP2.dylib
0x0000000007deb000 	/System/Library/Frameworks/ImageIO.framework/Versions/A/Resources/libRadiance.dylib
0x0000000007deb000 	/usr/lib/libcompression.dylib
0x0000000007deb000 	/System/Library/PrivateFrameworks/AppleJPEG.framework/Versions/A/AppleJPEG
0x0000000007deb000 	/usr/lib/libcups.2.dylib
0x0000000007deb000 	/System/Library/Frameworks/Kerberos.framework/Versions/A/Kerberos
0x0000000007deb000 	/System/Library/Frameworks/GSS.framework/Versions/A/GSS
0x0000000007deb000 	/usr/lib/libresolv.9.dylib
0x0000000007deb000 	/usr/lib/libiconv.2.dylib
0x0000000007deb000 	/System/Library/PrivateFrameworks/Heimdal.framework/Versions/A/Heimdal
0x0000000007deb000 	/usr/lib/libheimdal-asn1.dylib
0x0000000007deb000 	/System/Library/Frameworks/OpenDirectory.framework/Versions/A/OpenDirectory
0x0000000007deb000 	/System/Library/PrivateFrameworks/CommonAuth.framework/Versions/A/CommonAuth
0x0000000007deb000 	/System/Library/Frameworks/OpenDirectory.framework/Versions/A/Frameworks/CFOpenDirectory.framework/Versions/A/CFOpenDirectory
0x0000000007deb000 	/System/Library/Frameworks/SecurityFoundation.framework/Versions/A/SecurityFoundation
0x0000000007deb000 	/System/Library/PrivateFrameworks/LanguageModeling.framework/Versions/A/LanguageModeling
0x0000000007deb000 	/usr/lib/libmarisa.dylib
0x0000000007deb000 	/usr/lib/libChineseTokenizer.dylib
0x0000000007deb000 	/usr/lib/libcmph.dylib
0x0000000007deb000 	/System/Library/PrivateFrameworks/CoreEmoji.framework/Versions/A/CoreEmoji
0x0000000007deb000 	/System/Library/Frameworks/ServiceManagement.framework/Versions/A/ServiceManagement
0x0000000007deb000 	/usr/lib/libxslt.1.dylib
0x0000000007deb000 	/System/Library/Frameworks/Carbon.framework/Versions/A/Frameworks/Ink.framework/Versions/A/Ink
0x0000000007deb000 	/System/Library/PrivateFrameworks/TextureIO.framework/Versions/A/TextureIO
0x0000000007deb000 	/System/Library/Frameworks/Metal.framework/Versions/A/Metal
0x0000000007deb000 	/usr/lib/libate.dylib
0x0000000007deb000 	/System/Library/PrivateFrameworks/GPUCompiler.framework/libmetal_timestamp.dylib
0x0000000007deb000 	/System/Library/Frameworks/OpenGL.framework/Versions/A/Libraries/libCoreFSCache.dylib
0x0000000007deb000 	/System/Library/PrivateFrameworks/IOAccelerator.framework/Versions/A/IOAccelerator
0x0000000007deb000 	/System/Library/Frameworks/CoreVideo.framework/Versions/A/CoreVideo
0x0000000007deb000 	/usr/lib/libFosl_dynamic.dylib
0x0000000007deb000 	/System/Library/PrivateFrameworks/MetalPerformanceShaders.framework/Versions/A/MetalPerformanceShaders
0x0000000007deb000 	/System/Library/PrivateFrameworks/FaceCore.framework/Versions/A/FaceCore
0x0000000007deb000 	/System/Library/Frameworks/OpenCL.framework/Versions/A/OpenCL
0x0000000007deb000 	/System/Library/Frameworks/OpenGL.framework/Versions/A/Libraries/libGLU.dylib
0x0000000007deb000 	/System/Library/Frameworks/OpenGL.framework/Versions/A/Libraries/libGFXShared.dylib
0x0000000007deb000 	/System/Library/Frameworks/OpenGL.framework/Versions/A/Libraries/libGL.dylib
0x0000000007deb000 	/System/Library/Frameworks/OpenGL.framework/Versions/A/Libraries/libGLImage.dylib
0x0000000007deb000 	/System/Library/Frameworks/OpenGL.framework/Versions/A/Libraries/libCVMSPluginSupport.dylib
0x0000000007deb000 	/System/Library/Frameworks/OpenGL.framework/Versions/A/Libraries/libCoreVMClient.dylib
0x0000000007deb000 	/System/Library/PrivateFrameworks/CrashReporterSupport.framework/Versions/A/CrashReporterSupport
0x0000000007deb000 	/System/Library/PrivateFrameworks/Sharing.framework/Versions/A/Sharing
0x0000000007deb000 	/System/Library/PrivateFrameworks/IconServices.framework/Versions/A/IconServices
0x0000000007deb000 	/System/Library/PrivateFrameworks/ProtocolBuffer.framework/Versions/A/ProtocolBuffer
0x0000000007deb000 	/System/Library/PrivateFrameworks/Apple80211.framework/Versions/A/Apple80211
0x0000000007deb000 	/System/Library/Frameworks/CoreWLAN.framework/Versions/A/CoreWLAN
0x0000000007deb000 	/System/Library/PrivateFrameworks/CoreUtils.framework/Versions/A/CoreUtils
0x0000000007deb000 	/System/Library/Frameworks/IOBluetooth.framework/Versions/A/IOBluetooth
0x0000000007deb000 	/System/Library/PrivateFrameworks/CoreWiFi.framework/Versions/A/CoreWiFi
0x0000000007deb000 	/System/Library/Frameworks/CoreBluetooth.framework/Versions/A/CoreBluetooth
0x0000000007deb000 	/System/Library/Frameworks/CoreDisplay.framework/Versions/A/CoreDisplay
0x0000000007deb000 	/System/Library/PrivateFrameworks/IOPresentment.framework/Versions/A/IOPresentment
0x0000000007deb000 	/System/Library/PrivateFrameworks/DSExternalDisplay.framework/Versions/A/DSExternalDisplay
0x0000000007deb000 	/System/Library/PrivateFrameworks/DebugSymbols.framework/Versions/A/DebugSymbols
0x0000000007deb000 	/System/Library/PrivateFrameworks/CoreSymbolication.framework/Versions/A/CoreSymbolication
0x0000000007deb000 	/System/Library/PrivateFrameworks/Symbolication.framework/Versions/A/Symbolication
0x0000000007deb000 	/System/Library/PrivateFrameworks/AppleFSCompression.framework/Versions/A/AppleFSCompression
0x0000000007deb000 	/System/Library/PrivateFrameworks/SpeechRecognitionCore.framework/Versions/A/SpeechRecognitionCore
0x0000000007deb000 	/System/Library/PrivateFrameworks/ChunkingLibrary.framework/Versions/A/ChunkingLibrary
0x000000010457b000 	/Library/Java/JavaVirtualMachines/jdk1.8.0_45.jdk/Contents/Home/jre/lib/server/libjvm.dylib
0x0000000007deb000 	/usr/lib/libstdc++.6.dylib
0x0000000103376000 	/Library/Java/JavaVirtualMachines/jdk1.8.0_45.jdk/Contents/Home/jre/lib/libverify.dylib
0x0000000103384000 	/Library/Java/JavaVirtualMachines/jdk1.8.0_45.jdk/Contents/Home/jre/lib/libjava.dylib
0x00000001033c3000 	/Library/Java/JavaVirtualMachines/jdk1.8.0_45.jdk/Contents/Home/jre/lib/libzip.dylib
0x0000000120486000 	/System/Library/Frameworks/JavaVM.framework/Frameworks/JavaRuntimeSupport.framework/JavaRuntimeSupport
0x00000001204a0000 	/System/Library/Frameworks/JavaVM.framework/Versions/A/Frameworks/JavaNativeFoundation.framework/Versions/A/JavaNativeFoundation
0x00000001204b5000 	/System/Library/Frameworks/JavaVM.framework/Versions/A/JavaVM
0x0000000007deb000 	/System/Library/Frameworks/Carbon.framework/Versions/A/Carbon
0x00000001204c2000 	/System/Library/PrivateFrameworks/JavaLaunching.framework/Versions/A/JavaLaunching
0x0000000007deb000 	/System/Library/Frameworks/Carbon.framework/Versions/A/Frameworks/CommonPanels.framework/Versions/A/CommonPanels
0x0000000007deb000 	/System/Library/Frameworks/Carbon.framework/Versions/A/Frameworks/Help.framework/Versions/A/Help
0x0000000007deb000 	/System/Library/Frameworks/Carbon.framework/Versions/A/Frameworks/ImageCapture.framework/Versions/A/ImageCapture
0x0000000007deb000 	/System/Library/Frameworks/Carbon.framework/Versions/A/Frameworks/OpenScripting.framework/Versions/A/OpenScripting
0x0000000007deb000 	/System/Library/Frameworks/Carbon.framework/Versions/A/Frameworks/Print.framework/Versions/A/Print
0x0000000007deb000 	/System/Library/Frameworks/Carbon.framework/Versions/A/Frameworks/SecurityHI.framework/Versions/A/SecurityHI
0x0000000121e42000 	/Library/Java/JavaVirtualMachines/jdk1.8.0_45.jdk/Contents/Home/jre/lib/libawt.dylib
0x0000000121eea000 	/Library/Java/JavaVirtualMachines/jdk1.8.0_45.jdk/Contents/Home/jre/lib/./libmlib_image.dylib
0x0000000121fb6000 	/Library/Java/JavaVirtualMachines/jdk1.8.0_45.jdk/Contents/Home/jre/lib/libawt_lwawt.dylib
0x000000012206a000 	/Library/Java/JavaVirtualMachines/jdk1.8.0_45.jdk/Contents/Home/jre/lib/./libosxapp.dylib
0x0000000007deb000 	/System/Library/Frameworks/ExceptionHandling.framework/Versions/A/ExceptionHandling
0x0000000007deb000 	/System/Library/PrivateFrameworks/CoreServicesInternal.framework/Versions/A/CoreServicesInternal
0x0000000007deb000 	/System/Library/CoreServices/RawCamera.bundle/Contents/MacOS/RawCamera
0x0000000007deb000 	/System/Library/Frameworks/Accelerate.framework/Versions/A/Frameworks/vImage.framework/Versions/A/Libraries/libCGInterfaces.dylib
0x0000000007deb000 	/System/Library/Frameworks/ApplicationServices.framework/Versions/A/Frameworks/ATS.framework/Versions/A/Resources/libTrueTypeScaler.dylib
0x0000000123f39000 	/System/Library/Frameworks/OpenGL.framework/Resources/GLEngine.bundle/GLEngine
0x0000000007deb000 	/System/Library/Frameworks/OpenGL.framework/Versions/A/Libraries/libGLProgrammability.dylib
0x000000012411e000 	/System/Library/Extensions/AppleIntelHD5000GraphicsGLDriver.bundle/Contents/MacOS/AppleIntelHD5000GraphicsGLDriver
0x0000000007deb000 	/System/Library/PrivateFrameworks/GPUSupport.framework/Versions/A/Libraries/libGPUSupportMercury.dylib
0x000000012488c000 	/System/Library/Extensions/AMDRadeonX4000GLDriver.bundle/Contents/MacOS/AMDRadeonX4000GLDriver
0x000000012496c000 	/System/Library/Extensions/AMDRadeonX4000GLDriver.bundle/Contents/MacOS/ATIRadeonX4000SCLib.dylib
0x0000000124f49000 	/System/Library/Frameworks/OpenGL.framework/Resources//GLRendererFloat.bundle/GLRendererFloat
0x0000000007deb000 	/System/Library/Frameworks/OpenCL.framework/Versions/A/Libraries/libcldcpuengine.dylib
0x0000000007deb000 	/usr/lib/libcrypto.0.9.8.dylib
0x0000000007deb000 	/System/Library/PrivateFrameworks/TrustEvaluationAgent.framework/Versions/A/TrustEvaluationAgent
0x0000000007deb000 	/System/Library/Extensions/AMDMTLBronzeDriver.bundle/Contents/MacOS/AMDMTLBronzeDriver
0x0000000007deb000 	/System/Library/PrivateFrameworks/IOAccelMemoryInfo.framework/Versions/A/IOAccelMemoryInfo
0x0000000124f91000 	/System/Library/Extensions/AppleIntelHD5000GraphicsMTLDriver.bundle/Contents/MacOS/AppleIntelHD5000GraphicsMTLDriver
0x0000000007deb000 	/System/Library/PrivateFrameworks/FamilyControls.framework/Versions/A/FamilyControls
0x0000000007deb000 	/System/Library/PrivateFrameworks/CommerceKit.framework/Versions/A/Frameworks/CommerceCore.framework/Versions/A/CommerceCore
0x0000000007deb000 	/System/Library/PrivateFrameworks/SystemAdministration.framework/Versions/A/SystemAdministration
0x0000000007deb000 	/System/Library/PrivateFrameworks/AppContainer.framework/Versions/A/AppContainer
0x0000000007deb000 	/System/Library/PrivateFrameworks/SecCodeWrapper.framework/Versions/A/SecCodeWrapper
0x0000000007deb000 	/System/Library/Frameworks/DirectoryService.framework/Versions/A/DirectoryService
0x0000000007deb000 	/System/Library/PrivateFrameworks/DiskImages.framework/Versions/A/DiskImages
0x0000000007deb000 	/System/Library/PrivateFrameworks/LoginUIKit.framework/Versions/A/Frameworks/LoginUICore.framework/Versions/A/LoginUICore
0x0000000007deb000 	/usr/lib/libCoreStorage.dylib
0x0000000007deb000 	/usr/lib/libcsfde.dylib
0x0000000007deb000 	/usr/lib/libodfde.dylib
0x0000000007deb000 	/System/Library/Frameworks/DiscRecording.framework/Versions/A/DiscRecording
0x0000000007deb000 	/usr/lib/libcurl.4.dylib
0x0000000007deb000 	/System/Library/PrivateFrameworks/MediaKit.framework/Versions/A/MediaKit
0x0000000007deb000 	/System/Library/PrivateFrameworks/ProtectedCloudStorage.framework/Versions/A/ProtectedCloudStorage
0x0000000007deb000 	/System/Library/PrivateFrameworks/EFILogin.framework/Versions/A/EFILogin
0x0000000007deb000 	/usr/lib/libutil.dylib
0x0000000007deb000 	/System/Library/Frameworks/LDAP.framework/Versions/A/LDAP
0x0000000007deb000 	/usr/lib/libsasl2.2.dylib
0x0000000007deb000 	/System/Library/PrivateFrameworks/CoreDaemon.framework/Versions/B/CoreDaemon
0x0000000007deb000 	/System/Library/PrivateFrameworks/AppleSRP.framework/Versions/A/AppleSRP
0x0000000007deb000 	/System/Library/PrivateFrameworks/APFS.framework/Versions/A/APFS
0x00000001264bd000 	/Library/Java/JavaVirtualMachines/jdk1.8.0_45.jdk/Contents/Home/jre/lib/libfontmanager.dylib
0x000000012690b000 	/Library/Java/JavaVirtualMachines/jdk1.8.0_45.jdk/Contents/Home/jre/lib/libnet.dylib
0x0000000126922000 	/Library/Java/JavaVirtualMachines/jdk1.8.0_45.jdk/Contents/Home/jre/lib/libnio.dylib
0x0000000126932000 	/private/var/folders/zg/hfr96y0s0797p430mx5rs1hw0000gr/T/jogamp_0000/file_cache/jln7589032886406037790/jln1746542987358915132/natives/macosx-universal/libgluegen-rt.jnilib
0x00000001269de000 	/private/var/folders/zg/hfr96y0s0797p430mx5rs1hw0000gr/T/jogamp_0000/file_cache/jln7589032886406037790/jln1746542987358915132/natives/macosx-universal/libnativewindow_awt.jnilib
0x00000001269e1000 	/Library/Java/JavaVirtualMachines/jdk1.8.0_45.jdk/Contents/Home/jre/lib/libjawt.dylib
0x0000000007deb000 	/System/Library/PrivateFrameworks/ViewBridge.framework/Versions/A/ViewBridge
0x0000000007deb000 	/System/Library/PrivateFrameworks/XPCService.framework/Versions/A/XPCService
0x0000000007deb000 	/System/Library/PrivateFrameworks/AppSandbox.framework/Versions/A/AppSandbox
0x0000000007deb000 	/usr/lib/libsandbox.1.dylib
0x0000000007deb000 	/usr/lib/libMatch.1.dylib
0x0000000126a19000 	/private/var/folders/zg/hfr96y0s0797p430mx5rs1hw0000gr/T/jogamp_0000/file_cache/jln7589032886406037790/jln1746542987358915132/natives/macosx-universal/libnativewindow_macosx.jnilib
0x0000000126b29000 	/private/var/folders/zg/hfr96y0s0797p430mx5rs1hw0000gr/T/jogamp_0000/file_cache/jln7589032886406037790/jln1746542987358915132/natives/macosx-universal/libnewt.jnilib
0x0000000122b8b000 	/private/var/folders/zg/hfr96y0s0797p430mx5rs1hw0000gr/T/jogamp_0000/file_cache/jln7589032886406037790/jln1746542987358915132/natives/macosx-universal/libjogl_desktop.jnilib
0x0000000122c5f000 	/private/var/folders/zg/hfr96y0s0797p430mx5rs1hw0000gr/T/jogamp_0000/file_cache/jln7589032886406037790/jln1746542987358915132/natives/macosx-universal/libjogl_mobile.jnilib
0x0000000123d0c000 	/Library/Java/JavaVirtualMachines/jdk1.8.0_45.jdk/Contents/Home/jre/lib/libjsound.dylib
0x000000012806b000 	/System/Library/Frameworks/CoreMIDI.framework/Versions/A/CoreMIDI
0x0000000123f0f000 	/usr/lib/libexpat.1.dylib
0x0000000123cc4000 	/System/Library/Extensions/AppleHDA.kext/Contents/PlugIns/AppleHDAHALPlugIn.bundle/Contents/MacOS/AppleHDAHALPlugIn
0x000000012696a000 	/Library/Audio/Plug-Ins/HAL/JackRouter.plugin/Contents/MacOS/JackRouter
0x00000001298e6000 	/usr/local/lib/libjack.0.dylib
0x0000000123d1f000 	/private/var/folders/zg/hfr96y0s0797p430mx5rs1hw0000gr/T/coreMidi4J425117201058316352.tmp/libCoreMidi4J.dylib
0x0000000123b01000 	/Library/Java/JavaVirtualMachines/jdk1.8.0_45.jdk/Contents/Home/jre/lib/libjpeg.dylib
0x0000000123dc8000 	/Library/Java/JavaVirtualMachines/jdk1.8.0_45.jdk/Contents/Home/jre/lib/liblcms.dylib
0x000000012a053000 	/System/Library/Components/CoreAudio.component/Contents/MacOS/CoreAudio
0x00000001297e7000 	/Library/Java/JavaVirtualMachines/jdk1.8.0_45.jdk/Contents/Home/jre/lib/libdcpr.dylib
0x0000000129815000 	/private/var/folders/zg/hfr96y0s0797p430mx5rs1hw0000gr/T/libaparapi_x86_642392992341089388654.dylib

VM Arguments:
jvm_args: -Dfile.encoding=UTF-8 -Duser.country=US -Duser.language=en -Duser.variant 
java_command: com.symmetrylabs.slstudio.SLStudio
java_class_path (initial): /Users/jake/SymmetryLabs/Code/SLStudio/build/classes/java/main:/Users/jake/SymmetryLabs/Code/SLStudio/build/classes/kotlin/main:/Users/jake/SymmetryLabs/Code/SLStudio/build/resources/main:/Users/jake/SymmetryLabs/Code/SLStudio/libs/gluegen-rt-natives-linux-aarch64.jar:/Users/jake/SymmetryLabs/Code/SLStudio/libs/gluegen-rt-natives-linux-amd64.jar:/Users/jake/SymmetryLabs/Code/SLStudio/libs/gluegen-rt-natives-linux-armv6hf.jar:/Users/jake/SymmetryLabs/Code/SLStudio/libs/gluegen-rt-natives-linux-i586.jar:/Users/jake/SymmetryLabs/Code/SLStudio/libs/gluegen-rt-natives-macosx-universal.jar:/Users/jake/SymmetryLabs/Code/SLStudio/libs/gluegen-rt-natives-windows-amd64.jar:/Users/jake/SymmetryLabs/Code/SLStudio/libs/gluegen-rt-natives-windows-i586.jar:/Users/jake/SymmetryLabs/Code/SLStudio/libs/gluegen-rt.jar:/Users/jake/SymmetryLabs/Code/SLStudio/libs/jogl-all-2.3.2-natives-linux-amd64.jar:/Users/jake/SymmetryLabs/Code/SLStudio/libs/jogl-all-natives-linux-aarch64.jar:/Users/jake/SymmetryLabs/Code/SLStudio/libs/jogl-all-natives-linux-amd64.jar:/Users/jake/SymmetryLabs/Code/SLStudio/libs/jogl-all-natives-linux-armv6hf.jar:/Users/jake/SymmetryLabs/Code/SLStudio/libs/jogl-all-natives-linux-i586.jar:/Users/jake/SymmetryLabs/Code/SLStudio/libs/jogl-all-natives-macosx-universal.jar:/Users/jake/SymmetryLabs/Code/SLStudio/libs/jogl-all-natives-windows-amd64.jar:/Users/jake/SymmetryLabs/Code/SLStudio/libs/jogl-all-natives-windows-i586.jar:/Users/jake/SymmetryLabs/Code/SLStudio/libs/jogl-all.jar:/Users/jake/SymmetryLabs/Code/SLStudio/libs/minim.jar:/Users/jake/SymmetryLabs/Code/SLStudio/libs/P3LX.jar:/Users/jake/.gradle/caches/modules-2/files-2.1/org.processing/core/3.3.6/f89688e748c841a79624ac2b68f92f9df3ea186a/core-3.3.6.jar:/Users/jake/.gradle/caches/modules-2/files-2.1/com.harium/kdtree/1.0.0/672b9c3f7f966d31baa1a1c36c186ec0d74b85c9/kdtree-1.0.0.jar:/Users/jake/.gradle/caches/modules-2/files-2.1/org.javassist/javassist/3.22.0-GA/3e83394258ae2089be7219b9
Launcher Type: SUN_STANDARD

Environment Variables:
PATH=/Users/jake/.npm-global/bin:/Library/Frameworks/Python.framework/Versions/3.6/bin:/usr/local/bin:/usr/bin:/bin:/usr/sbin:/sbin:/Applications/Server.app/Contents/ServerRoot/usr/bin:/Applications/Server.app/Contents/ServerRoot/usr/sbin:/Applications/Wireshark.app/Contents/MacOS:/Users/jake/.rvm/bin
SHELL=/bin/zsh

Signal Handlers:
SIGSEGV: [libjvm.dylib+0x58ef95], sa_mask[0]=11111111011111110111111111111111, sa_flags=SA_ONSTACK|SA_RESTART|SA_SIGINFO
SIGBUS: [libjvm.dylib+0x58ef95], sa_mask[0]=11111111011111110111111111111111, sa_flags=SA_RESTART|SA_SIGINFO
SIGFPE: [libjvm.dylib+0x46c108], sa_mask[0]=11111111011111110111111111111111, sa_flags=SA_RESTART|SA_SIGINFO
SIGPIPE: [libjvm.dylib+0x46c108], sa_mask[0]=11111111011111110111111111111111, sa_flags=SA_RESTART|SA_SIGINFO
SIGXFSZ: [libjvm.dylib+0x46c108], sa_mask[0]=11111111011111110111111111111111, sa_flags=SA_RESTART|SA_SIGINFO
SIGILL: [libjvm.dylib+0x46c108], sa_mask[0]=11111111011111110111111111111111, sa_flags=SA_RESTART|SA_SIGINFO
SIGUSR1: SIG_DFL, sa_mask[0]=00000000000000000000000000000000, sa_flags=SA_RESTART
SIGUSR2: [libjvm.dylib+0x46bc26], sa_mask[0]=00100000000000000000000000000000, sa_flags=SA_RESTART|SA_SIGINFO
SIGHUP: [libjvm.dylib+0x46a1f9], sa_mask[0]=11111111011111110111111111111111, sa_flags=SA_RESTART|SA_SIGINFO
SIGINT: [libjvm.dylib+0x46a1f9], sa_mask[0]=11111111011111110111111111111111, sa_flags=SA_RESTART|SA_SIGINFO
SIGTERM: [libjvm.dylib+0x46a1f9], sa_mask[0]=11111111011111110111111111111111, sa_flags=SA_RESTART|SA_SIGINFO
SIGQUIT: [libjvm.dylib+0x46a1f9], sa_mask[0]=11111111011111110111111111111111, sa_flags=SA_RESTART|SA_SIGINFO


---------------  S Y S T E M  ---------------

OS:Bsduname:Darwin 16.7.0 Darwin Kernel Version 16.7.0: Thu Jun 15 17:36:27 PDT 2017; root:xnu-3789.70.16~2/RELEASE_X86_64 x86_64
rlimit: STACK 8192k, CORE 0k, NPROC 709, NOFILE 10240, AS infinity
load average:2.35 1.95 1.99

CPU:total 8 (4 cores per cpu, 2 threads per core) family 6 model 70 stepping 1, cmov, cx8, fxsr, mmx, sse, sse2, sse3, ssse3, sse4.1, sse4.2, popcnt, avx, avx2, aes, clmul, erms, lzcnt, ht, tsc, tscinvbit, bmi1, bmi2

Memory: 4k page, physical 16777216k(3050368k free)

/proc/meminfo:


vm_info: Java HotSpot(TM) 64-Bit Server VM (25.45-b02) for bsd-amd64 JRE (1.8.0_45-b14), built on Apr 10 2015 10:46:38 by "java_re" with gcc 4.2.1 (Based on Apple Inc. build 5658) (LLVM build 2336.11.00)

time: Tue Feb 13 14:58:02 2018
elapsed time: 1040 seconds (0d 0h 17m 20s)

