#
# A fatal error has been detected by the Java Runtime Environment:
#
#  Internal Error (synchronizer.cpp:1431), pid=2550, tid=0x0000000000003003
#  guarantee(obj->mark() == markOopDesc::encode(mid)) failed: invariant
#
# JRE version: Java(TM) SE Runtime Environment (8.0_152-b16) (build 1.8.0_152-b16)
# Java VM: Java HotSpot(TM) 64-Bit Server VM (25.152-b16 mixed mode bsd-amd64 compressed oops)
# Failed to write core dump. Core dumps have been disabled. To enable core dumping, try "ulimit -c unlimited" before starting Java again
#
# If you would like to submit a bug report, please visit:
#   http://bugreport.java.com/bugreport/crash.jsp
#

---------------  T H R E A D  ---------------

Current thread (0x00007fb9a0013800):  VMThread [stack: 0x0000700003bed000,0x0000700003ced000] [id=12291]

Stack: [0x0000700003bed000,0x0000700003ced000],  sp=0x0000700003cec710,  free space=1021k
Native frames: (J=compiled Java code, j=interpreted, Vv=VM code, C=native code)
V  [libjvm.dylib+0x5b413e]  VMError::report_and_die()+0x3f8
V  [libjvm.dylib+0x1e8c75]  report_vm_error(char const*, int, char const*, char const*)+0x54
V  [libjvm.dylib+0x539256]  ObjectSynchronizer::deflate_monitor(ObjectMonitor*, oopDesc*, ObjectMonitor**, ObjectMonitor**)+0x46
V  [libjvm.dylib+0x539572]  ObjectSynchronizer::deflate_idle_monitors()+0xd6
V  [libjvm.dylib+0x4e4752]  SafepointSynchronize::do_cleanup_tasks()+0x30
V  [libjvm.dylib+0x4e4ddc]  SafepointSynchronize::begin()+0x3fe
V  [libjvm.dylib+0x5ba77b]  VMThread::loop()+0x319
V  [libjvm.dylib+0x5ba0a9]  VMThread::run()+0x79
V  [libjvm.dylib+0x48d542]  java_start(Thread*)+0xf6
C  [libsystem_pthread.dylib+0x36c1]  _pthread_body+0x154
C  [libsystem_pthread.dylib+0x356d]  _pthread_body+0x0
C  [libsystem_pthread.dylib+0x2c5d]  thread_start+0xd

VM_Operation (0x000070000739d688): ParallelGCFailedAllocation, mode: safepoint, requested by thread 0x00007fb9a5444000


---------------  P R O C E S S  ---------------

Java Threads: ( => current thread )
  0x00007fb99d89a000 JavaThread "AWT-Shutdown" [_thread_blocked, id=30031, stack(0x0000700005747000,0x0000700005847000)]
  0x00007fb9a5096000 JavaThread "pool-1-thread-19" [_thread_blocked, id=122655, stack(0x0000700005644000,0x0000700005744000)]
  0x00007fb9a5d45800 JavaThread "pool-1-thread-18" [_thread_blocked, id=122383, stack(0x0000700005541000,0x0000700005641000)]
  0x00007fb9a5d55800 JavaThread "pool-1-thread-17" [_thread_blocked, id=98603, stack(0x0000700005032000,0x0000700005132000)]
  0x00007fb99e82b000 JavaThread "pool-1-thread-14" [_thread_in_native, id=122155, stack(0x000070000543e000,0x000070000553e000)]
  0x00007fb99f662000 JavaThread "pool-1-thread-13" [_thread_in_native, id=121375, stack(0x000070000533b000,0x000070000543b000)]
  0x00007fb9a5442800 JavaThread "ForkJoinPool.commonPool-worker-6" daemon [_thread_blocked, id=118275, stack(0x00007000073a1000,0x00007000074a1000)]
  0x00007fb9a5444000 JavaThread "ForkJoinPool.commonPool-worker-7" daemon [_thread_blocked, id=118531, stack(0x000070000729e000,0x000070000739e000)]
  0x00007fb9a5998800 JavaThread "ForkJoinPool.commonPool-worker-5" daemon [_thread_blocked, id=103171, stack(0x000070000719b000,0x000070000729b000)]
  0x00007fb9a0a8e000 JavaThread "ForkJoinPool.commonPool-worker-4" daemon [_thread_blocked, id=119043, stack(0x0000700007098000,0x0000700007198000)]
  0x00007fb9a0a45000 JavaThread "ForkJoinPool.commonPool-worker-3" daemon [_thread_blocked, id=119299, stack(0x0000700006f95000,0x0000700007095000)]
  0x00007fb99e836800 JavaThread "ForkJoinPool.commonPool-worker-2" daemon [_thread_blocked, id=102147, stack(0x0000700006e92000,0x0000700006f92000)]
  0x00007fb99d11a000 JavaThread "ForkJoinPool.commonPool-worker-1" daemon [_thread_blocked, id=119811, stack(0x0000700006d8f000,0x0000700006e8f000)]
  0x00007fb9a5442000 JavaThread "LXChannel thread #5" [_thread_blocked, id=120067, stack(0x0000700006c8c000,0x0000700006d8c000)]
  0x00007fb9a5441000 JavaThread "LXChannel thread #4" [_thread_blocked, id=101379, stack(0x0000700006b89000,0x0000700006c89000)]
  0x00007fb9a5001000 JavaThread "LXChannel thread #3" [_thread_blocked, id=100867, stack(0x0000700006a86000,0x0000700006b86000)]
  0x00007fb99cfa9800 JavaThread "LXChannel thread #2" [_thread_blocked, id=120355, stack(0x0000700006983000,0x0000700006a83000)]
  0x00007fb99dad5000 JavaThread "LXEngine Render Thread" [_thread_blocked, id=100103, stack(0x0000700006880000,0x0000700006980000)]
  0x00007fb99d15f800 JavaThread "LXEngine Network Thread" [_thread_blocked, id=45831, stack(0x0000700005238000,0x0000700005338000)]
  0x00007fb9a5de3800 JavaThread "LXAudioEngine Input Thread" [_thread_blocked, id=30727, stack(0x0000700005135000,0x0000700005235000)]
  0x00007fb9a5ad9800 JavaThread "Java Sound Event Dispatcher" daemon [_thread_blocked, id=70159, stack(0x0000700004c26000,0x0000700004d26000)]
  0x00007fb9a5234800 JavaThread "Thread-18" [_thread_blocked, id=3851, stack(0x00007000031cc000,0x00007000032cc000)]
  0x00007fb9a486a000 JavaThread "pool-1-thread-8" [_thread_in_native, id=121859, stack(0x0000700006574000,0x0000700006674000)]
  0x00007fb99cf6a800 JavaThread "pool-1-thread-7" [_thread_in_native, id=99331, stack(0x0000700006471000,0x0000700006571000)]
  0x00007fb99f661000 JavaThread "pool-1-thread-5" [_thread_in_native, id=98823, stack(0x000070000626b000,0x000070000636b000)]
  0x00007fb99fc4c800 JavaThread "pool-1-thread-2" [_thread_in_native, id=98311, stack(0x0000700005f62000,0x0000700006062000)]
  0x00007fb99f5e6000 JavaThread "Timer-0" [_thread_blocked, id=96775, stack(0x0000700005d5c000,0x0000700005e5c000)]
  0x00007fb99f2fa000 JavaThread "DestroyJavaVM" [_thread_blocked, id=9731, stack(0x00007000032d2000,0x00007000033d2000)]
  0x00007fb99cca4800 JavaThread "main-FPSAWTAnimator#00-Timer0" [_thread_blocked, id=61339, stack(0x0000700004f2f000,0x000070000502f000)]
  0x00007fb99cc2d000 JavaThread "Thread-2" [_thread_blocked, id=67431, stack(0x0000700004e2c000,0x0000700004f2c000)]
  0x00007fb9a01b5000 JavaThread "main-Display-.macosx_nil-1-EDT-1" daemon [_thread_blocked, id=60699, stack(0x0000700004d29000,0x0000700004e29000)]
  0x00007fb9a00aa800 JavaThread "Java2D Disposer" daemon [_thread_blocked, id=73735, stack(0x0000700004b23000,0x0000700004c23000)]
  0x00007fb99c940800 JavaThread "Java2D Queue Flusher" daemon [_thread_blocked, id=55055, stack(0x0000700004a20000,0x0000700004b20000)]
  0x00007fb99fa22000 JavaThread "AWT-AppKit" daemon [_thread_in_native, id=775, stack(0x00007ffee4b76000,0x00007ffee5376000)]
  0x00007fb99c827800 JavaThread "Service Thread" daemon [_thread_blocked, id=15363, stack(0x0000700004405000,0x0000700004505000)]
  0x00007fb9a080a800 JavaThread "C1 CompilerThread3" daemon [_thread_blocked, id=15619, stack(0x0000700004302000,0x0000700004402000)]
  0x00007fb99e802000 JavaThread "C2 CompilerThread2" daemon [_thread_blocked, id=16131, stack(0x00007000041ff000,0x00007000042ff000)]
  0x00007fb99e800000 JavaThread "C2 CompilerThread1" daemon [_thread_blocked, id=16643, stack(0x00007000040fc000,0x00007000041fc000)]
  0x00007fb99f01f000 JavaThread "C2 CompilerThread0" daemon [_thread_blocked, id=17155, stack(0x0000700003ff9000,0x00007000040f9000)]
  0x00007fb99f01e000 JavaThread "Signal Dispatcher" daemon [_thread_blocked, id=17675, stack(0x0000700003ef6000,0x0000700003ff6000)]
  0x00007fb99c826800 JavaThread "Finalizer" daemon [_thread_blocked, id=12803, stack(0x0000700003df3000,0x0000700003ef3000)]
  0x00007fb99c803800 JavaThread "Reference Handler" daemon [_thread_blocked, id=19715, stack(0x0000700003cf0000,0x0000700003df0000)]

Other Threads:
=>0x00007fb9a0013800 VMThread [stack: 0x0000700003bed000,0x0000700003ced000] [id=12291]
  0x00007fb99d029000 WatcherThread [stack: 0x0000700004508000,0x0000700004608000] [id=15107]

VM state:at safepoint (normal execution)

VM Mutex/Monitor currently owned by a thread:  ([mutex/lock_event])
[0x00007fb99e102320] Safepoint_lock - owner thread: 0x00007fb9a0013800
[0x00007fb99e1023a0] Threads_lock - owner thread: 0x00007fb9a0013800
[0x00007fb99e1028a0] Heap_lock - owner thread: 0x00007fb9a5444000

Heap:
 PSYoungGen      total 1133056K, used 1133042K [0x000000076ab00000, 0x00000007b9f00000, 0x00000007c0000000)
  eden space 1112576K, 100% used [0x000000076ab00000,0x00000007ae980000,0x00000007ae980000)
  from space 20480K, 99% used [0x00000007b8b00000,0x00000007b9efc880,0x00000007b9f00000)
  to   space 29184K, 0% used [0x00000007b6600000,0x00000007b6600000,0x00000007b8280000)
 ParOldGen       total 2204160K, used 1379342K [0x00000006c0000000, 0x0000000746880000, 0x000000076ab00000)
  object space 2204160K, 62% used [0x00000006c0000000,0x0000000714303840,0x0000000746880000)
 Metaspace       used 28323K, capacity 28819K, committed 28976K, reserved 1075200K
  class space    used 3182K, capacity 3299K, committed 3376K, reserved 1048576K

Card table byte_map: [0x000000010cd6c000,0x000000010d56d000] byte_map_base: 0x000000010976c000

Marking Bits: (ParMarkBitMap*) 0x000000010c2f66c0
 Begin Bits: [0x00000001217c0000, 0x00000001257c0000)
 End Bits:   [0x00000001257c0000, 0x00000001297c0000)

Polling page: 0x000000010a913000

CodeCache: size=245760Kb used=14231Kb max_used=15025Kb free=231528Kb
 bounds [0x00000001127c0000, 0x00000001136b0000, 0x00000001217c0000]
 total_blobs=5220 nmethods=4267 adapters=866
 compilation: enabled

Compilation events (10 events):
Event: 2043.411 Thread 0x00007fb99f01f000 nmethod 5942 0x00000001134b4610 code [0x00000001134b4760, 0x00000001134b47f8]
Event: 2043.412 Thread 0x00007fb9a080a800 nmethod 5941 0x0000000112b9a9d0 code [0x0000000112b9ac40, 0x0000000112b9bdf8]
Event: 2084.381 Thread 0x00007fb9a080a800 5943   !   3       java.awt.EventQueue::postEventPrivate (104 bytes)
Event: 2084.382 Thread 0x00007fb9a080a800 nmethod 5943 0x0000000112c32d10 code [0x0000000112c32f60, 0x0000000112c33d88]
Event: 2111.373 Thread 0x00007fb9a080a800 5944       3       java.util.IdentityHashMap$IdentityHashMapIterator::<init> (63 bytes)
Event: 2111.374 Thread 0x00007fb9a080a800 nmethod 5944 0x00000001132a09d0 code [0x00000001132a0b40, 0x00000001132a0dd0]
Event: 2116.126 Thread 0x00007fb99e800000 5945       4       com.symmetrylabs.slstudio.pattern.raven.RKPattern04::updateParameters (490 bytes)
Event: 2116.137 Thread 0x00007fb99e800000 nmethod 5945 0x000000011334b910 code [0x000000011334bba0, 0x000000011334c3e8]
Event: 2124.740 Thread 0x00007fb99e802000 5946 % !   4       heronarts.lx.LXEngine$EngineThread::run @ 8 (155 bytes)
Event: 2124.748 Thread 0x00007fb99e802000 nmethod 5946% 0x0000000112d21d90 code [0x0000000112d21fa0, 0x0000000112d22410]

GC Heap History (10 events):
Event: 2131.557 GC heap before
{Heap before GC invocations=2434 (full 14):
 PSYoungGen      total 1259008K, used 1258909K [0x000000076ab00000, 0x00000007bd380000, 0x00000007c0000000)
  eden space 1242112K, 100% used [0x000000076ab00000,0x00000007b6800000,0x00000007b6800000)
  from space 16896K, 99% used [0x00000007ba000000,0x00000007bb067580,0x00000007bb080000)
  to   space 32768K, 0% used [0x00000007bb380000,0x00000007bb380000,0x00000007bd380000)
 ParOldGen       total 2204160K, used 1359162K [0x00000006c0000000, 0x0000000746880000, 0x000000076ab00000)
  object space 2204160K, 61% used [0x00000006c0000000,0x0000000712f4e890,0x0000000746880000)
 Metaspace       used 28323K, capacity 28819K, committed 28976K, reserved 1075200K
  class space    used 3182K, capacity 3299K, committed 3376K, reserved 1048576K
Event: 2131.562 GC heap after
Heap after GC invocations=2434 (full 14):
 PSYoungGen      total 1236992K, used 22300K [0x000000076ab00000, 0x00000007bc980000, 0x00000007c0000000)
  eden space 1214464K, 0% used [0x000000076ab00000,0x000000076ab00000,0x00000007b4d00000)
  from space 22528K, 98% used [0x00000007bb380000,0x00000007bc947200,0x00000007bc980000)
  to   space 31744K, 0% used [0x00000007b8b80000,0x00000007b8b80000,0x00000007baa80000)
 ParOldGen       total 2204160K, used 1359162K [0x00000006c0000000, 0x0000000746880000, 0x000000076ab00000)
  object space 2204160K, 61% used [0x00000006c0000000,0x0000000712f4e890,0x0000000746880000)
 Metaspace       used 28323K, capacity 28819K, committed 28976K, reserved 1075200K
  class space    used 3182K, capacity 3299K, committed 3376K, reserved 1048576K
}
Event: 2133.934 GC heap before
{Heap before GC invocations=2435 (full 14):
 PSYoungGen      total 1236992K, used 1236106K [0x000000076ab00000, 0x00000007bc980000, 0x00000007c0000000)
  eden space 1214464K, 99% used [0x000000076ab00000,0x00000007b4c5b800,0x00000007b4d00000)
  from space 22528K, 98% used [0x00000007bb380000,0x00000007bc947200,0x00000007bc980000)
  to   space 31744K, 0% used [0x00000007b8b80000,0x00000007b8b80000,0x00000007baa80000)
 ParOldGen       total 2204160K, used 1359162K [0x00000006c0000000, 0x0000000746880000, 0x000000076ab00000)
  object space 2204160K, 61% used [0x00000006c0000000,0x0000000712f4e890,0x0000000746880000)
 Metaspace       used 28323K, capacity 28819K, committed 28976K, reserved 1075200K
  class space    used 3182K, capacity 3299K, committed 3376K, reserved 1048576K
Event: 2133.940 GC heap after
Heap after GC invocations=2435 (full 14):
 PSYoungGen      total 1208320K, used 20466K [0x000000076ab00000, 0x00000007bb400000, 0x00000007c0000000)
  eden space 1187840K, 0% used [0x000000076ab00000,0x000000076ab00000,0x00000007b3300000)
  from space 20480K, 99% used [0x00000007b8b80000,0x00000007b9f7c880,0x00000007b9f80000)
  to   space 20992K, 0% used [0x00000007b9f80000,0x00000007b9f80000,0x00000007bb400000)
 ParOldGen       total 2204160K, used 1359162K [0x00000006c0000000, 0x0000000746880000, 0x000000076ab00000)
  object space 2204160K, 61% used [0x00000006c0000000,0x0000000712f4e890,0x0000000746880000)
 Metaspace       used 28323K, capacity 28819K, committed 28976K, reserved 1075200K
  class space    used 3182K, capacity 3299K, committed 3376K, reserved 1048576K
}
Event: 2136.246 GC heap before
{Heap before GC invocations=2436 (full 14):
 PSYoungGen      total 1208320K, used 1208093K [0x000000076ab00000, 0x00000007bb400000, 0x00000007c0000000)
  eden space 1187840K, 99% used [0x000000076ab00000,0x00000007b32cae30,0x00000007b3300000)
  from space 20480K, 99% used [0x00000007b8b80000,0x00000007b9f7c880,0x00000007b9f80000)
  to   space 20992K, 0% used [0x00000007b9f80000,0x00000007b9f80000,0x00000007bb400000)
 ParOldGen       total 2204160K, used 1359162K [0x00000006c0000000, 0x0000000746880000, 0x000000076ab00000)
  object space 2204160K, 61% used [0x00000006c0000000,0x0000000712f4e890,0x0000000746880000)
 Metaspace       used 28323K, capacity 28819K, committed 28976K, reserved 1075200K
  class space    used 3182K, capacity 3299K, committed 3376K, reserved 1048576K
Event: 2136.251 GC heap after
Heap after GC invocations=2436 (full 14):
 PSYoungGen      total 1182208K, used 20466K [0x000000076ab00000, 0x00000007bb380000, 0x00000007c0000000)
  eden space 1161728K, 0% used [0x000000076ab00000,0x000000076ab00000,0x00000007b1980000)
  from space 20480K, 99% used [0x00000007b9f80000,0x00000007bb37c880,0x00000007bb380000)
  to   space 30208K, 0% used [0x00000007b7880000,0x00000007b7880000,0x00000007b9600000)
 ParOldGen       total 2204160K, used 1360996K [0x00000006c0000000, 0x0000000746880000, 0x000000076ab00000)
  object space 2204160K, 61% used [0x00000006c0000000,0x0000000713119210,0x0000000746880000)
 Metaspace       used 28323K, capacity 28819K, committed 28976K, reserved 1075200K
  class space    used 3182K, capacity 3299K, committed 3376K, reserved 1048576K
}
Event: 2138.526 GC heap before
{Heap before GC invocations=2437 (full 14):
 PSYoungGen      total 1182208K, used 1182078K [0x000000076ab00000, 0x00000007bb380000, 0x00000007c0000000)
  eden space 1161728K, 99% used [0x000000076ab00000,0x00000007b1963198,0x00000007b1980000)
  from space 20480K, 99% used [0x00000007b9f80000,0x00000007bb37c880,0x00000007bb380000)
  to   space 30208K, 0% used [0x00000007b7880000,0x00000007b7880000,0x00000007b9600000)
 ParOldGen       total 2204160K, used 1360996K [0x00000006c0000000, 0x0000000746880000, 0x000000076ab00000)
  object space 2204160K, 61% used [0x00000006c0000000,0x0000000713119210,0x0000000746880000)
 Metaspace       used 28323K, capacity 28819K, committed 28976K, reserved 1075200K
  class space    used 3182K, capacity 3299K, committed 3376K, reserved 1048576K
Event: 2138.531 GC heap after
Heap after GC invocations=2437 (full 14):
 PSYoungGen      total 1155584K, used 18631K [0x000000076ab00000, 0x00000007ba000000, 0x00000007c0000000)
  eden space 1136640K, 0% used [0x000000076ab00000,0x000000076ab00000,0x00000007b0100000)
  from space 18944K, 98% used [0x00000007b7880000,0x00000007b8ab1f00,0x00000007b8b00000)
  to   space 21504K, 0% used [0x00000007b8b00000,0x00000007b8b00000,0x00000007ba000000)
 ParOldGen       total 2204160K, used 1360996K [0x00000006c0000000, 0x0000000746880000, 0x000000076ab00000)
  object space 2204160K, 61% used [0x00000006c0000000,0x0000000713119210,0x0000000746880000)
 Metaspace       used 28323K, capacity 28819K, committed 28976K, reserved 1075200K
  class space    used 3182K, capacity 3299K, committed 3376K, reserved 1048576K
}
Event: 2140.681 GC heap before
{Heap before GC invocations=2438 (full 14):
 PSYoungGen      total 1155584K, used 1155271K [0x000000076ab00000, 0x00000007ba000000, 0x00000007c0000000)
  eden space 1136640K, 100% used [0x000000076ab00000,0x00000007b0100000,0x00000007b0100000)
  from space 18944K, 98% used [0x00000007b7880000,0x00000007b8ab1f00,0x00000007b8b00000)
  to   space 21504K, 0% used [0x00000007b8b00000,0x00000007b8b00000,0x00000007ba000000)
 ParOldGen       total 2204160K, used 1360996K [0x00000006c0000000, 0x0000000746880000, 0x000000076ab00000)
  object space 2204160K, 61% used [0x00000006c0000000,0x0000000713119260,0x0000000746880000)
 Metaspace       used 28323K, capacity 28819K, committed 28976K, reserved 1075200K
  class space    used 3182K, capacity 3299K, committed 3376K, reserved 1048576K
Event: 2140.686 GC heap after
Heap after GC invocations=2438 (full 14):
 PSYoungGen      total 1133056K, used 20466K [0x000000076ab00000, 0x00000007b9f00000, 0x00000007c0000000)
  eden space 1112576K, 0% used [0x000000076ab00000,0x000000076ab00000,0x00000007ae980000)
  from space 20480K, 99% used [0x00000007b8b00000,0x00000007b9efc880,0x00000007b9f00000)
  to   space 29184K, 0% used [0x00000007b6600000,0x00000007b6600000,0x00000007b8280000)
 ParOldGen       total 2204160K, used 1360996K [0x00000006c0000000, 0x0000000746880000, 0x000000076ab00000)
  object space 2204160K, 61% used [0x00000006c0000000,0x0000000713119260,0x0000000746880000)
 Metaspace       used 28323K, capacity 28819K, committed 28976K, reserved 1075200K
  class space    used 3182K, capacity 3299K, committed 3376K, reserved 1048576K
}

Deoptimization events (10 events):
Event: 1130.805 Thread 0x00007fb99f662000 Uncommon trap: reason=unstable_if action=reinterpret pc=0x0000000112b80764 method=java.util.concurrent.SynchronousQueue$TransferStack.awaitFulfill(Ljava/util/concurrent/SynchronousQueue$TransferStack$SNode;ZJ)Ljava/util/concurrent/SynchronousQueue$Transfe
Event: 1130.805 Thread 0x00007fb99f662000 Uncommon trap: reason=unstable_if action=reinterpret pc=0x0000000112e648c8 method=java.util.concurrent.SynchronousQueue.poll(JLjava/util/concurrent/TimeUnit;)Ljava/lang/Object; @ 18
Event: 1145.384 Thread 0x00007fb99f5e6000 Uncommon trap: reason=unstable_if action=reinterpret pc=0x0000000113053bdc method=java.util.concurrent.SynchronousQueue.offer(Ljava/lang/Object;)Z @ 22
Event: 1145.385 Thread 0x00007fb99f5e6000 Uncommon trap: reason=unstable_if action=reinterpret pc=0x00000001131cf920 method=java.util.concurrent.SynchronousQueue.offer(Ljava/lang/Object;)Z @ 22
Event: 1177.766 Thread 0x00007fb99cca4800 Uncommon trap: reason=unstable_if action=reinterpret pc=0x000000011323abd0 method=com.symmetrylabs.slstudio.util.NoiseUtils.noise(FFF)F @ 27
Event: 1296.110 Thread 0x00007fb99cca4800 Uncommon trap: reason=unstable_if action=reinterpret pc=0x0000000113645884 method=processing.core.PVector.angleBetween(Lprocessing/core/PVector;Lprocessing/core/PVector;)F @ 184
Event: 1296.125 Thread 0x00007fb99cca4800 Uncommon trap: reason=unstable_if action=reinterpret pc=0x00000001129fb64c method=processing.core.PVector.angleBetween(Lprocessing/core/PVector;Lprocessing/core/PVector;)F @ 184
Event: 1776.710 Thread 0x00007fb99cc98800 Uncommon trap: reason=unstable_if action=reinterpret pc=0x00000001128d7b30 method=java.util.concurrent.locks.ReentrantLock$NonfairSync.lock()V @ 6
Event: 1776.710 Thread 0x00007fb9a0b86800 Uncommon trap: reason=unstable_if action=reinterpret pc=0x00000001128d7b30 method=java.util.concurrent.locks.ReentrantLock$NonfairSync.lock()V @ 6
Event: 1952.397 Thread 0x00007fb99cca4800 Uncommon trap: reason=unstable_if action=reinterpret pc=0x0000000113639c14 method=processing.opengl.Texture.releasePixelBuffer()V @ 26

Classes redefined (0 events):
No events

Internal exceptions (10 events):
Event: 2141.403 Thread 0x00007fb9a5d45800 Exception <a 'java/net/SocketTimeoutException': Receive timed out> (0x000000078280d208) thrown at [/Users/java_re/workspace/8-2-build-macosx-x86_64/jdk8u152/9742/hotspot/src/share/vm/prims/jni.cpp, line 735]
Event: 2141.909 Thread 0x00007fb99f662000 Exception <a 'java/net/SocketTimeoutException': Receive timed out> (0x0000000771b22f08) thrown at [/Users/java_re/workspace/8-2-build-macosx-x86_64/jdk8u152/9742/hotspot/src/share/vm/prims/jni.cpp, line 735]
Event: 2141.909 Thread 0x00007fb99f661000 Exception <a 'java/net/SocketTimeoutException': Receive timed out> (0x0000000771b23730) thrown at [/Users/java_re/workspace/8-2-build-macosx-x86_64/jdk8u152/9742/hotspot/src/share/vm/prims/jni.cpp, line 735]
Event: 2141.909 Thread 0x00007fb99fc4c800 Exception <a 'java/net/SocketTimeoutException': Receive timed out> (0x0000000771b226e0) thrown at [/Users/java_re/workspace/8-2-build-macosx-x86_64/jdk8u152/9742/hotspot/src/share/vm/prims/jni.cpp, line 735]
Event: 2142.420 Thread 0x00007fb9a5d55800 Exception <a 'java/net/SocketTimeoutException': Receive timed out> (0x000000078280e6f0) thrown at [/Users/java_re/workspace/8-2-build-macosx-x86_64/jdk8u152/9742/hotspot/src/share/vm/prims/jni.cpp, line 735]
Event: 2142.420 Thread 0x00007fb9a5d45800 Exception <a 'java/net/SocketTimeoutException': Receive timed out> (0x000000078280d6a0) thrown at [/Users/java_re/workspace/8-2-build-macosx-x86_64/jdk8u152/9742/hotspot/src/share/vm/prims/jni.cpp, line 735]
Event: 2142.420 Thread 0x00007fb9a5096000 Exception <a 'java/net/SocketTimeoutException': Receive timed out> (0x000000078280dec8) thrown at [/Users/java_re/workspace/8-2-build-macosx-x86_64/jdk8u152/9742/hotspot/src/share/vm/prims/jni.cpp, line 735]
Event: 2142.921 Thread 0x00007fb99f662000 Exception <a 'java/net/SocketTimeoutException': Receive timed out> (0x00000007934748e0) thrown at [/Users/java_re/workspace/8-2-build-macosx-x86_64/jdk8u152/9742/hotspot/src/share/vm/prims/jni.cpp, line 735]
Event: 2142.921 Thread 0x00007fb99fc4c800 Exception <a 'java/net/SocketTimeoutException': Receive timed out> (0x00000007934740b8) thrown at [/Users/java_re/workspace/8-2-build-macosx-x86_64/jdk8u152/9742/hotspot/src/share/vm/prims/jni.cpp, line 735]
Event: 2142.921 Thread 0x00007fb99f661000 Exception <a 'java/net/SocketTimeoutException': Receive timed out> (0x0000000793475108) thrown at [/Users/java_re/workspace/8-2-build-macosx-x86_64/jdk8u152/9742/hotspot/src/share/vm/prims/jni.cpp, line 735]

Events (10 events):
Event: 2138.377 Executing VM operation: RevokeBias done
Event: 2138.377 Thread 0x00007fb99d89a000 Thread exited: 0x00007fb99d89a000
Event: 2138.526 Executing VM operation: ParallelGCFailedAllocation
Event: 2138.531 Executing VM operation: ParallelGCFailedAllocation done
Event: 2140.676 Executing VM operation: ParallelGCFailedAllocation
Event: 2140.678 Executing VM operation: ParallelGCFailedAllocation done
Event: 2140.679 Executing VM operation: ParallelGCSystemGC
Event: 2140.686 Executing VM operation: ParallelGCSystemGC done
Event: 2142.451 Thread 0x00007fb99d89a000 Thread added: 0x00007fb99d89a000
Event: 2143.017 Executing VM operation: ParallelGCFailedAllocation


Dynamic libraries:
0x0000000011c2b000 	/System/Library/Frameworks/Cocoa.framework/Versions/A/Cocoa
0x0000000011c2b000 	/System/Library/Frameworks/Security.framework/Versions/A/Security
0x0000000011c2b000 	/System/Library/Frameworks/ApplicationServices.framework/Versions/A/ApplicationServices
0x0000000011c2b000 	/usr/lib/libz.1.dylib
0x0000000011c2b000 	/usr/lib/libSystem.B.dylib
0x0000000011c2b000 	/usr/lib/libobjc.A.dylib
0x0000000011c2b000 	/System/Library/Frameworks/CoreFoundation.framework/Versions/A/CoreFoundation
0x0000000011c2b000 	/System/Library/Frameworks/Foundation.framework/Versions/C/Foundation
0x0000000011c2b000 	/System/Library/Frameworks/AppKit.framework/Versions/C/AppKit
0x0000000011c2b000 	/System/Library/Frameworks/CoreData.framework/Versions/A/CoreData
0x0000000011c2b000 	/System/Library/PrivateFrameworks/RemoteViewServices.framework/Versions/A/RemoteViewServices
0x0000000011c2b000 	/System/Library/PrivateFrameworks/UIFoundation.framework/Versions/A/UIFoundation
0x0000000011c2b000 	/System/Library/PrivateFrameworks/DFRFoundation.framework/Versions/A/DFRFoundation
0x0000000011c2b000 	/System/Library/Frameworks/Metal.framework/Versions/A/Metal
0x0000000011c2b000 	/System/Library/PrivateFrameworks/DesktopServicesPriv.framework/Versions/A/DesktopServicesPriv
0x0000000011c2b000 	/usr/lib/libenergytrace.dylib
0x0000000011c2b000 	/System/Library/PrivateFrameworks/SkyLight.framework/Versions/A/SkyLight
0x0000000011c2b000 	/System/Library/Frameworks/CoreGraphics.framework/Versions/A/CoreGraphics
0x0000000011c2b000 	/usr/lib/libScreenReader.dylib
0x0000000011c2b000 	/System/Library/Frameworks/Accelerate.framework/Versions/A/Accelerate
0x0000000011c2b000 	/System/Library/Frameworks/IOSurface.framework/Versions/A/IOSurface
0x0000000011c2b000 	/System/Library/Frameworks/AudioToolbox.framework/Versions/A/AudioToolbox
0x0000000011c2b000 	/System/Library/Frameworks/AudioUnit.framework/Versions/A/AudioUnit
0x0000000011c2b000 	/System/Library/PrivateFrameworks/DataDetectorsCore.framework/Versions/A/DataDetectorsCore
0x0000000011c2b000 	/System/Library/Frameworks/Carbon.framework/Versions/A/Frameworks/HIToolbox.framework/Versions/A/HIToolbox
0x0000000011c2b000 	/usr/lib/libicucore.A.dylib
0x0000000011c2b000 	/System/Library/Frameworks/QuartzCore.framework/Versions/A/QuartzCore
0x0000000011c2b000 	/System/Library/Frameworks/Carbon.framework/Versions/A/Frameworks/SpeechRecognition.framework/Versions/A/SpeechRecognition
0x0000000011c2b000 	/usr/lib/libauto.dylib
0x0000000011c2b000 	/usr/lib/libxml2.2.dylib
0x0000000011c2b000 	/System/Library/PrivateFrameworks/CoreUI.framework/Versions/A/CoreUI
0x0000000011c2b000 	/System/Library/Frameworks/CoreAudio.framework/Versions/A/CoreAudio
0x0000000011c2b000 	/System/Library/Frameworks/DiskArbitration.framework/Versions/A/DiskArbitration
0x0000000011c2b000 	/usr/lib/liblangid.dylib
0x0000000011c2b000 	/System/Library/PrivateFrameworks/MultitouchSupport.framework/Versions/A/MultitouchSupport
0x0000000011c2b000 	/System/Library/Frameworks/IOKit.framework/Versions/A/IOKit
0x0000000011c2b000 	/usr/lib/libDiagnosticMessagesClient.dylib
0x0000000011c2b000 	/System/Library/Frameworks/CoreServices.framework/Versions/A/CoreServices
0x0000000011c2b000 	/System/Library/PrivateFrameworks/PerformanceAnalysis.framework/Versions/A/PerformanceAnalysis
0x0000000011c2b000 	/System/Library/Frameworks/OpenGL.framework/Versions/A/OpenGL
0x0000000011c2b000 	/System/Library/Frameworks/ColorSync.framework/Versions/A/ColorSync
0x0000000011c2b000 	/System/Library/Frameworks/CoreImage.framework/Versions/A/CoreImage
0x0000000011c2b000 	/System/Library/Frameworks/CoreText.framework/Versions/A/CoreText
0x0000000011c2b000 	/System/Library/Frameworks/ImageIO.framework/Versions/A/ImageIO
0x0000000011c2b000 	/System/Library/PrivateFrameworks/Backup.framework/Versions/A/Backup
0x0000000011c2b000 	/usr/lib/libarchive.2.dylib
0x0000000011c2b000 	/System/Library/Frameworks/CFNetwork.framework/Versions/A/CFNetwork
0x0000000011c2b000 	/System/Library/Frameworks/SystemConfiguration.framework/Versions/A/SystemConfiguration
0x0000000011c2b000 	/usr/lib/libCRFSuite.dylib
0x0000000011c2b000 	/usr/lib/libc++.1.dylib
0x0000000011c2b000 	/usr/lib/libc++abi.dylib
0x0000000011c2b000 	/usr/lib/system/libcache.dylib
0x0000000011c2b000 	/usr/lib/system/libcommonCrypto.dylib
0x0000000011c2b000 	/usr/lib/system/libcompiler_rt.dylib
0x0000000011c2b000 	/usr/lib/system/libcopyfile.dylib
0x0000000011c2b000 	/usr/lib/system/libcorecrypto.dylib
0x0000000011c2b000 	/usr/lib/system/libdispatch.dylib
0x0000000011c2b000 	/usr/lib/system/libdyld.dylib
0x0000000011c2b000 	/usr/lib/system/libkeymgr.dylib
0x0000000011c2b000 	/usr/lib/system/liblaunch.dylib
0x0000000011c2b000 	/usr/lib/system/libmacho.dylib
0x0000000011c2b000 	/usr/lib/system/libquarantine.dylib
0x0000000011c2b000 	/usr/lib/system/libremovefile.dylib
0x0000000011c2b000 	/usr/lib/system/libsystem_asl.dylib
0x0000000011c2b000 	/usr/lib/system/libsystem_blocks.dylib
0x0000000011c2b000 	/usr/lib/system/libsystem_c.dylib
0x0000000011c2b000 	/usr/lib/system/libsystem_configuration.dylib
0x0000000011c2b000 	/usr/lib/system/libsystem_coreservices.dylib
0x0000000011c2b000 	/usr/lib/system/libsystem_darwin.dylib
0x0000000011c2b000 	/usr/lib/system/libsystem_dnssd.dylib
0x0000000011c2b000 	/usr/lib/system/libsystem_info.dylib
0x0000000011c2b000 	/usr/lib/system/libsystem_m.dylib
0x0000000011c2b000 	/usr/lib/system/libsystem_malloc.dylib
0x0000000011c2b000 	/usr/lib/system/libsystem_network.dylib
0x0000000011c2b000 	/usr/lib/system/libsystem_networkextension.dylib
0x0000000011c2b000 	/usr/lib/system/libsystem_notify.dylib
0x0000000011c2b000 	/usr/lib/system/libsystem_sandbox.dylib
0x0000000011c2b000 	/usr/lib/system/libsystem_secinit.dylib
0x0000000011c2b000 	/usr/lib/system/libsystem_kernel.dylib
0x0000000011c2b000 	/usr/lib/system/libsystem_platform.dylib
0x0000000011c2b000 	/usr/lib/system/libsystem_pthread.dylib
0x0000000011c2b000 	/usr/lib/system/libsystem_symptoms.dylib
0x0000000011c2b000 	/usr/lib/system/libsystem_trace.dylib
0x0000000011c2b000 	/usr/lib/system/libunwind.dylib
0x0000000011c2b000 	/usr/lib/system/libxpc.dylib
0x0000000011c2b000 	/usr/lib/closure/libclosured.dylib
0x0000000011c2b000 	/usr/lib/libbsm.0.dylib
0x0000000011c2b000 	/usr/lib/system/libkxld.dylib
0x0000000011c2b000 	/usr/lib/libOpenScriptingUtil.dylib
0x0000000011c2b000 	/usr/lib/libcoretls.dylib
0x0000000011c2b000 	/usr/lib/libcoretls_cfhelpers.dylib
0x0000000011c2b000 	/usr/lib/libpam.2.dylib
0x0000000011c2b000 	/usr/lib/libsqlite3.dylib
0x0000000011c2b000 	/usr/lib/libxar.1.dylib
0x0000000011c2b000 	/usr/lib/libbz2.1.0.dylib
0x0000000011c2b000 	/usr/lib/liblzma.5.dylib
0x0000000011c2b000 	/usr/lib/libnetwork.dylib
0x0000000011c2b000 	/usr/lib/libapple_nghttp2.dylib
0x0000000011c2b000 	/usr/lib/libpcap.A.dylib
0x0000000011c2b000 	/usr/lib/libboringssl.dylib
0x0000000011c2b000 	/usr/lib/libusrtcp.dylib
0x0000000011c2b000 	/usr/lib/libapple_crypto.dylib
0x0000000011c2b000 	/System/Library/Frameworks/CoreServices.framework/Versions/A/Frameworks/FSEvents.framework/Versions/A/FSEvents
0x0000000011c2b000 	/System/Library/Frameworks/CoreServices.framework/Versions/A/Frameworks/CarbonCore.framework/Versions/A/CarbonCore
0x0000000011c2b000 	/System/Library/Frameworks/CoreServices.framework/Versions/A/Frameworks/Metadata.framework/Versions/A/Metadata
0x0000000011c2b000 	/System/Library/Frameworks/CoreServices.framework/Versions/A/Frameworks/OSServices.framework/Versions/A/OSServices
0x0000000011c2b000 	/System/Library/Frameworks/CoreServices.framework/Versions/A/Frameworks/SearchKit.framework/Versions/A/SearchKit
0x0000000011c2b000 	/System/Library/Frameworks/CoreServices.framework/Versions/A/Frameworks/AE.framework/Versions/A/AE
0x0000000011c2b000 	/System/Library/Frameworks/CoreServices.framework/Versions/A/Frameworks/LaunchServices.framework/Versions/A/LaunchServices
0x0000000011c2b000 	/System/Library/Frameworks/CoreServices.framework/Versions/A/Frameworks/DictionaryServices.framework/Versions/A/DictionaryServices
0x0000000011c2b000 	/System/Library/Frameworks/CoreServices.framework/Versions/A/Frameworks/SharedFileList.framework/Versions/A/SharedFileList
0x0000000011c2b000 	/System/Library/Frameworks/NetFS.framework/Versions/A/NetFS
0x0000000011c2b000 	/System/Library/PrivateFrameworks/NetAuth.framework/Versions/A/NetAuth
0x0000000011c2b000 	/System/Library/PrivateFrameworks/login.framework/Versions/A/Frameworks/loginsupport.framework/Versions/A/loginsupport
0x0000000011c2b000 	/System/Library/PrivateFrameworks/TCC.framework/Versions/A/TCC
0x0000000011c2b000 	/usr/lib/libmecabra.dylib
0x0000000011c2b000 	/System/Library/Frameworks/ApplicationServices.framework/Versions/A/Frameworks/ATS.framework/Versions/A/ATS
0x0000000011c2b000 	/System/Library/Frameworks/ApplicationServices.framework/Versions/A/Frameworks/ColorSyncLegacy.framework/Versions/A/ColorSyncLegacy
0x0000000011c2b000 	/System/Library/Frameworks/ApplicationServices.framework/Versions/A/Frameworks/HIServices.framework/Versions/A/HIServices
0x0000000011c2b000 	/System/Library/Frameworks/ApplicationServices.framework/Versions/A/Frameworks/LangAnalysis.framework/Versions/A/LangAnalysis
0x0000000011c2b000 	/System/Library/Frameworks/ApplicationServices.framework/Versions/A/Frameworks/PrintCore.framework/Versions/A/PrintCore
0x0000000011c2b000 	/System/Library/Frameworks/ApplicationServices.framework/Versions/A/Frameworks/QD.framework/Versions/A/QD
0x0000000011c2b000 	/System/Library/Frameworks/ApplicationServices.framework/Versions/A/Frameworks/SpeechSynthesis.framework/Versions/A/SpeechSynthesis
0x0000000011c2b000 	/System/Library/Frameworks/CoreDisplay.framework/Versions/A/CoreDisplay
0x0000000011c2b000 	/System/Library/Frameworks/Accelerate.framework/Versions/A/Frameworks/vImage.framework/Versions/A/vImage
0x0000000011c2b000 	/System/Library/Frameworks/Accelerate.framework/Versions/A/Frameworks/vecLib.framework/Versions/A/vecLib
0x0000000011c2b000 	/System/Library/Frameworks/Accelerate.framework/Versions/A/Frameworks/vecLib.framework/Versions/A/libvDSP.dylib
0x0000000011c2b000 	/System/Library/Frameworks/Accelerate.framework/Versions/A/Frameworks/vecLib.framework/Versions/A/libBNNS.dylib
0x0000000011c2b000 	/System/Library/Frameworks/Accelerate.framework/Versions/A/Frameworks/vecLib.framework/Versions/A/libQuadrature.dylib
0x0000000011c2b000 	/System/Library/Frameworks/Accelerate.framework/Versions/A/Frameworks/vecLib.framework/Versions/A/libvMisc.dylib
0x0000000011c2b000 	/System/Library/Frameworks/Accelerate.framework/Versions/A/Frameworks/vecLib.framework/Versions/A/libLAPACK.dylib
0x0000000011c2b000 	/System/Library/Frameworks/Accelerate.framework/Versions/A/Frameworks/vecLib.framework/Versions/A/libBLAS.dylib
0x0000000011c2b000 	/System/Library/Frameworks/Accelerate.framework/Versions/A/Frameworks/vecLib.framework/Versions/A/libLinearAlgebra.dylib
0x0000000011c2b000 	/System/Library/Frameworks/Accelerate.framework/Versions/A/Frameworks/vecLib.framework/Versions/A/libSparse.dylib
0x0000000011c2b000 	/System/Library/Frameworks/Accelerate.framework/Versions/A/Frameworks/vecLib.framework/Versions/A/libSparseBLAS.dylib
0x0000000011c2b000 	/System/Library/PrivateFrameworks/IOAccelerator.framework/Versions/A/IOAccelerator
0x0000000011c2b000 	/System/Library/PrivateFrameworks/IOPresentment.framework/Versions/A/IOPresentment
0x0000000011c2b000 	/System/Library/PrivateFrameworks/DSExternalDisplay.framework/Versions/A/DSExternalDisplay
0x0000000011c2b000 	/System/Library/Frameworks/OpenGL.framework/Versions/A/Libraries/libCoreFSCache.dylib
0x0000000011c2b000 	/System/Library/Frameworks/CoreVideo.framework/Versions/A/CoreVideo
0x0000000011c2b000 	/System/Library/PrivateFrameworks/GraphVisualizer.framework/Versions/A/GraphVisualizer
0x0000000011c2b000 	/System/Library/Frameworks/MetalPerformanceShaders.framework/Versions/A/MetalPerformanceShaders
0x0000000011c2b000 	/usr/lib/libFosl_dynamic.dylib
0x0000000011c2b000 	/System/Library/PrivateFrameworks/FaceCore.framework/Versions/A/FaceCore
0x0000000011c2b000 	/System/Library/Frameworks/OpenCL.framework/Versions/A/OpenCL
0x0000000011c2b000 	/usr/lib/libcompression.dylib
0x0000000011c2b000 	/System/Library/Frameworks/ApplicationServices.framework/Versions/A/Frameworks/ATS.framework/Versions/A/Resources/libFontParser.dylib
0x0000000011c2b000 	/System/Library/Frameworks/ApplicationServices.framework/Versions/A/Frameworks/ATS.framework/Versions/A/Resources/libFontRegistry.dylib
0x0000000011c2b000 	/System/Library/Frameworks/ImageIO.framework/Versions/A/Resources/libJPEG.dylib
0x0000000011c2b000 	/System/Library/Frameworks/ImageIO.framework/Versions/A/Resources/libTIFF.dylib
0x0000000011c2b000 	/System/Library/Frameworks/ImageIO.framework/Versions/A/Resources/libPng.dylib
0x0000000011c2b000 	/System/Library/Frameworks/ImageIO.framework/Versions/A/Resources/libGIF.dylib
0x0000000011c2b000 	/System/Library/Frameworks/ImageIO.framework/Versions/A/Resources/libJP2.dylib
0x0000000011c2b000 	/System/Library/Frameworks/ImageIO.framework/Versions/A/Resources/libRadiance.dylib
0x0000000011c2b000 	/System/Library/PrivateFrameworks/AppleJPEG.framework/Versions/A/AppleJPEG
0x0000000011c2b000 	/System/Library/PrivateFrameworks/MetalTools.framework/Versions/A/MetalTools
0x0000000011c2b000 	/System/Library/Frameworks/MetalPerformanceShaders.framework/Frameworks/MPSCore.framework/Versions/A/MPSCore
0x0000000011c2b000 	/System/Library/Frameworks/MetalPerformanceShaders.framework/Frameworks/MPSImage.framework/Versions/A/MPSImage
0x0000000011c2b000 	/System/Library/Frameworks/MetalPerformanceShaders.framework/Frameworks/MPSMatrix.framework/Versions/A/MPSMatrix
0x0000000011c2b000 	/System/Library/Frameworks/MetalPerformanceShaders.framework/Frameworks/MPSNeuralNetwork.framework/Versions/A/MPSNeuralNetwork
0x0000000011c2b000 	/System/Library/Frameworks/OpenGL.framework/Versions/A/Libraries/libGLU.dylib
0x0000000011c2b000 	/System/Library/Frameworks/OpenGL.framework/Versions/A/Libraries/libGFXShared.dylib
0x0000000011c2b000 	/System/Library/Frameworks/OpenGL.framework/Versions/A/Libraries/libGL.dylib
0x0000000011c2b000 	/System/Library/Frameworks/OpenGL.framework/Versions/A/Libraries/libGLImage.dylib
0x0000000011c2b000 	/System/Library/Frameworks/OpenGL.framework/Versions/A/Libraries/libCVMSPluginSupport.dylib
0x0000000011c2b000 	/System/Library/Frameworks/OpenGL.framework/Versions/A/Libraries/libCoreVMClient.dylib
0x0000000011c2b000 	/usr/lib/libcups.2.dylib
0x0000000011c2b000 	/System/Library/Frameworks/Kerberos.framework/Versions/A/Kerberos
0x0000000011c2b000 	/System/Library/Frameworks/GSS.framework/Versions/A/GSS
0x0000000011c2b000 	/usr/lib/libresolv.9.dylib
0x0000000011c2b000 	/usr/lib/libiconv.2.dylib
0x0000000011c2b000 	/System/Library/PrivateFrameworks/Heimdal.framework/Versions/A/Heimdal
0x0000000011c2b000 	/usr/lib/libheimdal-asn1.dylib
0x0000000011c2b000 	/System/Library/Frameworks/OpenDirectory.framework/Versions/A/OpenDirectory
0x0000000011c2b000 	/System/Library/PrivateFrameworks/CommonAuth.framework/Versions/A/CommonAuth
0x0000000011c2b000 	/System/Library/Frameworks/OpenDirectory.framework/Versions/A/Frameworks/CFOpenDirectory.framework/Versions/A/CFOpenDirectory
0x0000000011c2b000 	/System/Library/Frameworks/SecurityFoundation.framework/Versions/A/SecurityFoundation
0x0000000011c2b000 	/System/Library/PrivateFrameworks/APFS.framework/Versions/A/APFS
0x0000000011c2b000 	/usr/lib/libutil.dylib
0x0000000011c2b000 	/System/Library/PrivateFrameworks/AppleSauce.framework/Versions/A/AppleSauce
0x0000000011c2b000 	/System/Library/PrivateFrameworks/LinguisticData.framework/Versions/A/LinguisticData
0x0000000011c2b000 	/usr/lib/libmarisa.dylib
0x0000000011c2b000 	/System/Library/PrivateFrameworks/Lexicon.framework/Versions/A/Lexicon
0x0000000011c2b000 	/usr/lib/libChineseTokenizer.dylib
0x0000000011c2b000 	/usr/lib/libcmph.dylib
0x0000000011c2b000 	/System/Library/PrivateFrameworks/LanguageModeling.framework/Versions/A/LanguageModeling
0x0000000011c2b000 	/System/Library/PrivateFrameworks/CoreEmoji.framework/Versions/A/CoreEmoji
0x0000000011c2b000 	/System/Library/Frameworks/ServiceManagement.framework/Versions/A/ServiceManagement
0x0000000011c2b000 	/System/Library/PrivateFrameworks/BackgroundTaskManagement.framework/Versions/A/BackgroundTaskManagement
0x0000000011c2b000 	/usr/lib/libxslt.1.dylib
0x0000000011c2b000 	/System/Library/Frameworks/Carbon.framework/Versions/A/Frameworks/Ink.framework/Versions/A/Ink
0x0000000011c2b000 	/System/Library/PrivateFrameworks/TextureIO.framework/Versions/A/TextureIO
0x0000000011c2b000 	/usr/lib/libate.dylib
0x0000000011c2b000 	/System/Library/PrivateFrameworks/CrashReporterSupport.framework/Versions/A/CrashReporterSupport
0x0000000011c2b000 	/System/Library/PrivateFrameworks/Sharing.framework/Versions/A/Sharing
0x0000000011c2b000 	/System/Library/PrivateFrameworks/IconServices.framework/Versions/A/IconServices
0x0000000011c2b000 	/System/Library/PrivateFrameworks/ProtocolBuffer.framework/Versions/A/ProtocolBuffer
0x0000000011c2b000 	/System/Library/PrivateFrameworks/Apple80211.framework/Versions/A/Apple80211
0x0000000011c2b000 	/System/Library/Frameworks/CoreWLAN.framework/Versions/A/CoreWLAN
0x0000000011c2b000 	/System/Library/PrivateFrameworks/CoreUtils.framework/Versions/A/CoreUtils
0x0000000011c2b000 	/System/Library/Frameworks/IOBluetooth.framework/Versions/A/IOBluetooth
0x0000000011c2b000 	/System/Library/PrivateFrameworks/CoreWiFi.framework/Versions/A/CoreWiFi
0x0000000011c2b000 	/System/Library/Frameworks/CoreBluetooth.framework/Versions/A/CoreBluetooth
0x0000000011c2b000 	/System/Library/PrivateFrameworks/SignpostNotification.framework/Versions/A/SignpostNotification
0x0000000011c2b000 	/System/Library/PrivateFrameworks/DebugSymbols.framework/Versions/A/DebugSymbols
0x0000000011c2b000 	/System/Library/PrivateFrameworks/CoreSymbolication.framework/Versions/A/CoreSymbolication
0x0000000011c2b000 	/System/Library/PrivateFrameworks/Symbolication.framework/Versions/A/Symbolication
0x0000000011c2b000 	/System/Library/PrivateFrameworks/AppleFSCompression.framework/Versions/A/AppleFSCompression
0x0000000011c2b000 	/System/Library/PrivateFrameworks/SpeechRecognitionCore.framework/Versions/A/SpeechRecognitionCore
0x000000010ba00000 	/Library/Java/JavaVirtualMachines/jdk1.8.0_152.jdk/Contents/Home/jre/lib/server/libjvm.dylib
0x0000000011c2b000 	/usr/lib/libstdc++.6.0.9.dylib
0x000000010a8cf000 	/Library/Java/JavaVirtualMachines/jdk1.8.0_152.jdk/Contents/Home/jre/lib/libverify.dylib
0x000000010a8dd000 	/Library/Java/JavaVirtualMachines/jdk1.8.0_152.jdk/Contents/Home/jre/lib/libjava.dylib
0x000000010a95d000 	/Library/Java/JavaVirtualMachines/jdk1.8.0_152.jdk/Contents/Home/jre/lib/libzip.dylib
0x00000001124a9000 	/Library/Java/JavaVirtualMachines/jdk1.8.0_152.jdk/Contents/Home/jre/lib/libawt.dylib
0x0000000112553000 	/Library/Java/JavaVirtualMachines/jdk1.8.0_152.jdk/Contents/Home/jre/lib/./libmlib_image.dylib
0x0000000011c2b000 	/System/Library/Frameworks/JavaVM.framework/Versions/A/Frameworks/JavaNativeFoundation.framework/Versions/A/JavaNativeFoundation
0x0000000011c2b000 	/System/Library/Frameworks/JavaVM.framework/Versions/A/Frameworks/JavaRuntimeSupport.framework/Versions/A/JavaRuntimeSupport
0x0000000011c2b000 	/System/Library/Frameworks/JavaVM.framework/Versions/A/JavaVM
0x0000000011c2b000 	/System/Library/PrivateFrameworks/JavaLaunching.framework/Versions/A/JavaLaunching
0x0000000011c2b000 	/System/Library/Frameworks/Carbon.framework/Versions/A/Carbon
0x0000000011c2b000 	/System/Library/Frameworks/Carbon.framework/Versions/A/Frameworks/CommonPanels.framework/Versions/A/CommonPanels
0x0000000011c2b000 	/System/Library/Frameworks/Carbon.framework/Versions/A/Frameworks/Help.framework/Versions/A/Help
0x0000000011c2b000 	/System/Library/Frameworks/Carbon.framework/Versions/A/Frameworks/ImageCapture.framework/Versions/A/ImageCapture
0x0000000011c2b000 	/System/Library/Frameworks/Carbon.framework/Versions/A/Frameworks/OpenScripting.framework/Versions/A/OpenScripting
0x0000000011c2b000 	/System/Library/Frameworks/Carbon.framework/Versions/A/Frameworks/Print.framework/Versions/A/Print
0x0000000011c2b000 	/System/Library/Frameworks/Carbon.framework/Versions/A/Frameworks/SecurityHI.framework/Versions/A/SecurityHI
0x000000011261f000 	/Library/Java/JavaVirtualMachines/jdk1.8.0_152.jdk/Contents/Home/jre/lib/libawt_lwawt.dylib
0x00000001126d9000 	/Library/Java/JavaVirtualMachines/jdk1.8.0_152.jdk/Contents/Home/jre/lib/./libosxapp.dylib
0x0000000011c2b000 	/System/Library/Frameworks/ExceptionHandling.framework/Versions/A/ExceptionHandling
0x0000000011c2b000 	/System/Library/PrivateFrameworks/CoreServicesInternal.framework/Versions/A/CoreServicesInternal
0x0000000011c2b000 	/System/Library/CoreServices/RawCamera.bundle/Contents/MacOS/RawCamera
0x0000000011c2b000 	/System/Library/PrivateFrameworks/MobileAsset.framework/Versions/A/MobileAsset
0x0000000011c2b000 	/System/Library/PrivateFrameworks/StreamingZip.framework/Versions/A/StreamingZip
0x0000000011c2b000 	/System/Library/Frameworks/MediaToolbox.framework/Versions/A/MediaToolbox
0x0000000011c2b000 	/System/Library/PrivateFrameworks/CoreAVCHD.framework/Versions/A/CoreAVCHD
0x0000000011c2b000 	/System/Library/Frameworks/MediaAccessibility.framework/Versions/A/MediaAccessibility
0x0000000011c2b000 	/System/Library/PrivateFrameworks/Mangrove.framework/Versions/A/Mangrove
0x0000000011c2b000 	/System/Library/Frameworks/CoreMedia.framework/Versions/A/CoreMedia
0x0000000011c2b000 	/System/Library/Frameworks/VideoToolbox.framework/Versions/A/VideoToolbox
0x0000000011c2b000 	/System/Library/PrivateFrameworks/CoreAUC.framework/Versions/A/CoreAUC
0x0000000011c2b000 	/usr/lib/libspindump.dylib
0x0000000011c2b000 	/usr/lib/libdscsym.dylib
0x0000000011c2b000 	/System/Library/PrivateFrameworks/AppleVA.framework/Versions/A/AppleVA
0x0000000011c2b000 	/System/Library/Frameworks/Accelerate.framework/Versions/A/Frameworks/vImage.framework/Versions/A/Libraries/libCGInterfaces.dylib
0x0000000011c2b000 	/System/Library/Frameworks/ApplicationServices.framework/Versions/A/Frameworks/ATS.framework/Versions/A/Resources/libTrueTypeScaler.dylib
0x0000000011c2b000 	/System/Library/Frameworks/OpenGL.framework/Versions/A/Resources/GLEngine.bundle/GLEngine
0x0000000011c2b000 	/System/Library/Frameworks/OpenGL.framework/Versions/A/Libraries/libGLProgrammability.dylib
0x000000012b855000 	/System/Library/Extensions/AppleIntelKBLGraphicsGLDriver.bundle/Contents/MacOS/AppleIntelKBLGraphicsGLDriver
0x0000000011c2b000 	/System/Library/PrivateFrameworks/GPUSupport.framework/Versions/A/Libraries/libGPUSupportMercury.dylib
0x000000012c882000 	/System/Library/Extensions/AMDRadeonX4000GLDriver.bundle/Contents/MacOS/AMDRadeonX4000GLDriver
0x0000000011c2b000 	/System/Library/Extensions/AMDRadeonX4000GLDriver.bundle/Contents/MacOS/ATIRadeonX4000SCLib.dylib
0x0000000011c2b000 	/System/Library/Frameworks/OpenGL.framework/Versions/A/Resources/GLRendererFloat.bundle/GLRendererFloat
0x0000000011c2b000 	/System/Library/Frameworks/OpenCL.framework/Versions/A/Libraries/libcldcpuengine.dylib
0x0000000011c2b000 	/usr/lib/libcrypto.35.dylib
0x0000000011c2b000 	/System/Library/PrivateFrameworks/TrustEvaluationAgent.framework/Versions/A/TrustEvaluationAgent
0x0000000011c2b000 	/System/Library/Extensions/AppleIntelKBLGraphicsMTLDriver.bundle/Contents/MacOS/AppleIntelKBLGraphicsMTLDriver
0x000000012c9b7000 	/System/Library/Extensions/AMDMTLBronzeDriver.bundle/Contents/MacOS/AMDMTLBronzeDriver
0x0000000011c2b000 	/System/Library/PrivateFrameworks/IOAccelMemoryInfo.framework/Versions/A/IOAccelMemoryInfo
0x0000000011c2b000 	/System/Library/PrivateFrameworks/GPUCompiler.framework/Versions/3802/Libraries/libmetal_timestamp.dylib
0x0000000011c2b000 	/System/Library/PrivateFrameworks/FamilyControls.framework/Versions/A/FamilyControls
0x0000000011c2b000 	/System/Library/PrivateFrameworks/CommerceKit.framework/Versions/A/Frameworks/CommerceCore.framework/Versions/A/CommerceCore
0x0000000011c2b000 	/System/Library/PrivateFrameworks/SystemAdministration.framework/Versions/A/SystemAdministration
0x0000000011c2b000 	/System/Library/PrivateFrameworks/AppContainer.framework/Versions/A/AppContainer
0x0000000011c2b000 	/System/Library/PrivateFrameworks/SecCodeWrapper.framework/Versions/A/SecCodeWrapper
0x0000000011c2b000 	/System/Library/PrivateFrameworks/DiskManagement.framework/Versions/A/DiskManagement
0x0000000011c2b000 	/System/Library/Frameworks/DirectoryService.framework/Versions/A/DirectoryService
0x0000000011c2b000 	/System/Library/PrivateFrameworks/DiskImages.framework/Versions/A/DiskImages
0x0000000011c2b000 	/System/Library/PrivateFrameworks/LoginUIKit.framework/Versions/A/Frameworks/LoginUICore.framework/Versions/A/LoginUICore
0x0000000011c2b000 	/usr/lib/libCoreStorage.dylib
0x0000000011c2b000 	/usr/lib/libcsfde.dylib
0x0000000011c2b000 	/usr/lib/libodfde.dylib
0x0000000011c2b000 	/System/Library/PrivateFrameworks/MediaKit.framework/Versions/A/MediaKit
0x0000000011c2b000 	/System/Library/Frameworks/DiscRecording.framework/Versions/A/DiscRecording
0x0000000011c2b000 	/System/Library/PrivateFrameworks/EFILogin.framework/Versions/A/EFILogin
0x0000000011c2b000 	/System/Library/PrivateFrameworks/ProtectedCloudStorage.framework/Versions/A/ProtectedCloudStorage
0x0000000011c2b000 	/usr/lib/libcurl.4.dylib
0x0000000011c2b000 	/usr/lib/libssl.35.dylib
0x0000000011c2b000 	/System/Library/Frameworks/LDAP.framework/Versions/A/LDAP
0x0000000011c2b000 	/usr/lib/libsasl2.2.dylib
0x0000000011c2b000 	/System/Library/PrivateFrameworks/CoreDaemon.framework/Versions/B/CoreDaemon
0x0000000011c2b000 	/System/Library/PrivateFrameworks/AppleSRP.framework/Versions/A/AppleSRP
0x000000012e562000 	/Library/Java/JavaVirtualMachines/jdk1.8.0_152.jdk/Contents/Home/jre/lib/libfontmanager.dylib
0x0000000011c2b000 	/System/Library/PrivateFrameworks/ViewBridge.framework/Versions/A/ViewBridge
0x000000012e9bb000 	/Library/Java/JavaVirtualMachines/jdk1.8.0_152.jdk/Contents/Home/jre/lib/libnet.dylib
0x000000012ea1a000 	/Library/Java/JavaVirtualMachines/jdk1.8.0_152.jdk/Contents/Home/jre/lib/libnio.dylib
0x000000012ea2a000 	/private/var/folders/mj/1pdw36pj541_wvpn7pd486600000gn/T/jogamp_0000/file_cache/jln7145922435055150521/jln6415437737098762689/natives/macosx-universal/libgluegen-rt.jnilib
0x000000012ebe3000 	/private/var/folders/mj/1pdw36pj541_wvpn7pd486600000gn/T/jogamp_0000/file_cache/jln7145922435055150521/jln6415437737098762689/natives/macosx-universal/libnativewindow_awt.jnilib
0x000000012ebe6000 	/Library/Java/JavaVirtualMachines/jdk1.8.0_152.jdk/Contents/Home/jre/lib/libjawt.dylib
0x000000012b463000 	/private/var/folders/mj/1pdw36pj541_wvpn7pd486600000gn/T/jogamp_0000/file_cache/jln7145922435055150521/jln6415437737098762689/natives/macosx-universal/libnativewindow_macosx.jnilib
0x000000012b21d000 	/private/var/folders/mj/1pdw36pj541_wvpn7pd486600000gn/T/jogamp_0000/file_cache/jln7145922435055150521/jln6415437737098762689/natives/macosx-universal/libnewt.jnilib
0x000000012a5e9000 	/private/var/folders/mj/1pdw36pj541_wvpn7pd486600000gn/T/jogamp_0000/file_cache/jln7145922435055150521/jln6415437737098762689/natives/macosx-universal/libjogl_desktop.jnilib
0x000000012b745000 	/private/var/folders/mj/1pdw36pj541_wvpn7pd486600000gn/T/jogamp_0000/file_cache/jln7145922435055150521/jln6415437737098762689/natives/macosx-universal/libjogl_mobile.jnilib
0x000000012b3ab000 	/Library/Java/JavaVirtualMachines/jdk1.8.0_152.jdk/Contents/Home/jre/lib/libjsound.dylib
0x0000000011c2b000 	/System/Library/Frameworks/CoreMIDI.framework/Versions/A/CoreMIDI
0x0000000011c2b000 	/usr/lib/libexpat.1.dylib
0x000000012a3dd000 	/System/Library/Extensions/AppleHDA.kext/Contents/PlugIns/AppleHDAHALPlugIn.bundle/Contents/MacOS/AppleHDAHALPlugIn
0x000000012a77f000 	/private/var/folders/mj/1pdw36pj541_wvpn7pd486600000gn/T/coreMidi4J3691938994715369937.tmp/libCoreMidi4J.dylib
0x000000012a787000 	/Library/Java/JavaVirtualMachines/jdk1.8.0_152.jdk/Contents/Home/jre/lib/libjpeg.dylib
0x000000012a36e000 	/Library/Java/JavaVirtualMachines/jdk1.8.0_152.jdk/Contents/Home/jre/lib/liblcms.dylib
0x000000012b46d000 	/private/var/folders/mj/1pdw36pj541_wvpn7pd486600000gn/T/libaparapi_x86_646106663281184758384.dylib
0x0000000137d54000 	/System/Library/Components/CoreAudio.component/Contents/MacOS/CoreAudio
0x000000012b510000 	/Library/Java/JavaVirtualMachines/jdk1.8.0_152.jdk/Contents/Home/jre/lib/libdcpr.dylib

VM Arguments:
jvm_args: -Dfile.encoding=UTF-8 -Duser.country=US -Duser.language=en -Duser.variant 
java_command: com.symmetrylabs.slstudio.SLStudio
java_class_path (initial): /Applications/SLStudio/build/classes/java/main:/Applications/SLStudio/build/classes/kotlin/main:/Applications/SLStudio/build/resources/main:/Applications/SLStudio/libs/gluegen-rt-natives-linux-aarch64.jar:/Applications/SLStudio/libs/gluegen-rt-natives-linux-amd64.jar:/Applications/SLStudio/libs/gluegen-rt-natives-linux-armv6hf.jar:/Applications/SLStudio/libs/gluegen-rt-natives-linux-i586.jar:/Applications/SLStudio/libs/gluegen-rt-natives-macosx-universal.jar:/Applications/SLStudio/libs/gluegen-rt-natives-windows-amd64.jar:/Applications/SLStudio/libs/gluegen-rt-natives-windows-i586.jar:/Applications/SLStudio/libs/gluegen-rt.jar:/Applications/SLStudio/libs/jogl-all-2.3.2-natives-linux-amd64.jar:/Applications/SLStudio/libs/jogl-all-natives-linux-aarch64.jar:/Applications/SLStudio/libs/jogl-all-natives-linux-amd64.jar:/Applications/SLStudio/libs/jogl-all-natives-linux-armv6hf.jar:/Applications/SLStudio/libs/jogl-all-natives-linux-i586.jar:/Applications/SLStudio/libs/jogl-all-natives-macosx-universal.jar:/Applications/SLStudio/libs/jogl-all-natives-windows-amd64.jar:/Applications/SLStudio/libs/jogl-all-natives-windows-i586.jar:/Applications/SLStudio/libs/jogl-all.jar:/Applications/SLStudio/libs/P3LX.jar:/Users/alexandergreen/.gradle/caches/modules-2/files-2.1/org.processing/core/3.3.6/f89688e748c841a79624ac2b68f92f9df3ea186a/core-3.3.6.jar:/Users/alexandergreen/.gradle/caches/modules-2/files-2.1/com.harium/kdtree/1.0.0/672b9c3f7f966d31baa1a1c36c186ec0d74b85c9/kdtree-1.0.0.jar:/Users/alexandergreen/.gradle/caches/modules-2/files-2.1/org.javassist/javassist/3.22.0-GA/3e83394258ae2089be7219b971ec21a8288528ad/javassist-3.22.0-GA.jar:/Users/alexandergreen/.gradle/caches/modules-2/files-2.1/com.google.guava/guava/23.5-jre/e9ce4989adf6092a3dab6152860e93d989e8cf88/guava-23.5-jre.jar:/Users/alexandergreen/.gradle/caches/modules-2/files-2.1/org.apache.commons/commons-math3/3.6.1/e4ba98f1d4b3c80ec46392f25e094a6a2e58fcbf/commons-math3-3.6.1.jar:/Users/al
Launcher Type: SUN_STANDARD

Environment Variables:
PATH=/usr/local/bin:/usr/bin:/bin:/usr/sbin:/sbin
SHELL=/bin/zsh

Signal Handlers:
SIGSEGV: [libjvm.dylib+0x5b494d], sa_mask[0]=11111111011111110111111111111111, sa_flags=SA_ONSTACK|SA_RESTART|SA_SIGINFO
SIGBUS: [libjvm.dylib+0x5b494d], sa_mask[0]=11111111011111110111111111111111, sa_flags=SA_RESTART|SA_SIGINFO
SIGFPE: [libjvm.dylib+0x48ab54], sa_mask[0]=11111111011111110111111111111111, sa_flags=SA_RESTART|SA_SIGINFO
SIGPIPE: [libjvm.dylib+0x48ab54], sa_mask[0]=11111111011111110111111111111111, sa_flags=SA_RESTART|SA_SIGINFO
SIGXFSZ: [libjvm.dylib+0x48ab54], sa_mask[0]=11111111011111110111111111111111, sa_flags=SA_RESTART|SA_SIGINFO
SIGILL: [libjvm.dylib+0x48ab54], sa_mask[0]=11111111011111110111111111111111, sa_flags=SA_RESTART|SA_SIGINFO
SIGUSR1: SIG_DFL, sa_mask[0]=00000000000000000000000000000000, sa_flags=SA_RESTART
SIGUSR2: [libjvm.dylib+0x48a672], sa_mask[0]=00100000000000000000000000000000, sa_flags=SA_RESTART|SA_SIGINFO
SIGHUP: [libjvm.dylib+0x488c49], sa_mask[0]=11111111011111110111111111111111, sa_flags=SA_RESTART|SA_SIGINFO
SIGINT: [libjvm.dylib+0x488c49], sa_mask[0]=11111111011111110111111111111111, sa_flags=SA_RESTART|SA_SIGINFO
SIGTERM: [libjvm.dylib+0x488c49], sa_mask[0]=11111111011111110111111111111111, sa_flags=SA_RESTART|SA_SIGINFO
SIGQUIT: [libjvm.dylib+0x488c49], sa_mask[0]=11111111011111110111111111111111, sa_flags=SA_RESTART|SA_SIGINFO


---------------  S Y S T E M  ---------------

OS:Bsduname:Darwin 17.4.0 Darwin Kernel Version 17.4.0: Mon Dec 11 21:15:27 PST 2017; root:xnu-4570.40.9~4/RELEASE_X86_64 x86_64
rlimit: STACK 8192k, CORE 0k, NPROC 1418, NOFILE 10240, AS infinity
load average:6.53 5.52 4.99

CPU:total 8 (initial active 8) (4 cores per cpu, 2 threads per core) family 6 model 158 stepping 9, cmov, cx8, fxsr, mmx, sse, sse2, sse3, ssse3, sse4.1, sse4.2, popcnt, avx, avx2, aes, clmul, erms, 3dnowpref, lzcnt, ht, tsc, tscinvbit, bmi1, bmi2, adx

Memory: 4k page, physical 16777216k(386900k free)

/proc/meminfo:


vm_info: Java HotSpot(TM) 64-Bit Server VM (25.152-b16) for bsd-amd64 JRE (1.8.0_152-b16), built on Sep 14 2017 02:31:13 by "java_re" with gcc 4.2.1 (Based on Apple Inc. build 5658) (LLVM build 2336.11.00)

time: Sat Dec 30 20:06:47 2017
elapsed time: 2143 seconds (0d 0h 35m 43s)

