#
# A fatal error has been detected by the Java Runtime Environment:
#
#  Internal Error (synchronizer.cpp:1431), pid=1084, tid=0x0000000000005003
#  guarantee(obj->mark() == markOopDesc::encode(mid)) failed: invariant
#
# JRE version: Java(TM) SE Runtime Environment (8.0_152-b16) (build 1.8.0_152-b16)
# Java VM: Java HotSpot(TM) 64-Bit Server VM (25.152-b16 mixed mode bsd-amd64 compressed oops)
# Failed to write core dump. Core dumps have been disabled. To enable core dumping, try "ulimit -c unlimited" before starting Java again
#
# If you would like to submit a bug report, please visit:
#   http://bugreport.java.com/bugreport/crash.jsp
#

---------------  T H R E A D  ---------------

Current thread (0x00007fb9d500b000):  VMThread [stack: 0x0000700005de3000,0x0000700005ee3000] [id=20483]

Stack: [0x0000700005de3000,0x0000700005ee3000],  sp=0x0000700005ee2710,  free space=1021k
Native frames: (J=compiled Java code, j=interpreted, Vv=VM code, C=native code)
V  [libjvm.dylib+0x5b413e]  VMError::report_and_die()+0x3f8
V  [libjvm.dylib+0x1e8c75]  report_vm_error(char const*, int, char const*, char const*)+0x54
V  [libjvm.dylib+0x539256]  ObjectSynchronizer::deflate_monitor(ObjectMonitor*, oopDesc*, ObjectMonitor**, ObjectMonitor**)+0x46
V  [libjvm.dylib+0x539572]  ObjectSynchronizer::deflate_idle_monitors()+0xd6
V  [libjvm.dylib+0x4e4752]  SafepointSynchronize::do_cleanup_tasks()+0x30
V  [libjvm.dylib+0x4e4ddc]  SafepointSynchronize::begin()+0x3fe
V  [libjvm.dylib+0x5ba77b]  VMThread::loop()+0x319
V  [libjvm.dylib+0x5ba0a9]  VMThread::run()+0x79
V  [libjvm.dylib+0x48d542]  java_start(Thread*)+0xf6
C  [libsystem_pthread.dylib+0x36c1]  _pthread_body+0x154
C  [libsystem_pthread.dylib+0x356d]  _pthread_body+0x0
C  [libsystem_pthread.dylib+0x2c5d]  thread_start+0xd

VM_Operation (0x00007000073aaa38): RevokeBias, mode: safepoint, requested by thread 0x00007fb9d715d000


---------------  P R O C E S S  ---------------

Java Threads: ( => current thread )
  0x00007fb9d715d000 JavaThread "AWT-Shutdown" [_thread_blocked, id=103951, stack(0x00007000072ab000,0x00007000073ab000)]
  0x00007fb9de017000 JavaThread "Thread-24" daemon [_thread_in_native, id=66335, stack(0x0000700007228000,0x00007000072a8000)]
  0x00007fb9d7b0f800 JavaThread "Thread-23" daemon [_thread_in_native, id=44087, stack(0x0000700005445000,0x00007000054c5000)]
  0x00007fb9de00d800 JavaThread "Thread-22" daemon [_thread_in_native, id=115471, stack(0x000070000971d000,0x000070000979d000)]
  0x00007fb9d7b0f000 JavaThread "Thread-21" daemon [_thread_in_native, id=64263, stack(0x0000700007d4c000,0x0000700007dcc000)]
  0x00007fb9d60de800 JavaThread "ForkJoinPool.commonPool-worker-7" daemon [_thread_blocked, id=102147, stack(0x0000700009597000,0x0000700009697000)]
  0x00007fb9d7b13800 JavaThread "ForkJoinPool.commonPool-worker-6" daemon [_thread_blocked, id=101635, stack(0x0000700009494000,0x0000700009594000)]
  0x00007fb9de5a1000 JavaThread "ForkJoinPool.commonPool-worker-5" daemon [_thread_blocked, id=101379, stack(0x0000700009391000,0x0000700009491000)]
  0x00007fb9d60de000 JavaThread "ForkJoinPool.commonPool-worker-4" daemon [_thread_blocked, id=101123, stack(0x000070000928e000,0x000070000938e000)]
  0x00007fb9d78c5000 JavaThread "ForkJoinPool.commonPool-worker-3" daemon [_thread_blocked, id=119299, stack(0x000070000918b000,0x000070000928b000)]
  0x00007fb9d5017800 JavaThread "ForkJoinPool.commonPool-worker-2" daemon [_thread_blocked, id=119811, stack(0x0000700009088000,0x0000700009188000)]
  0x00007fb9d401b000 JavaThread "ForkJoinPool.commonPool-worker-1" daemon [_thread_blocked, id=120071, stack(0x0000700008f85000,0x0000700009085000)]
  0x00007fb9d49ec800 JavaThread "LXChannel thread #5" [_thread_blocked, id=100355, stack(0x0000700008e82000,0x0000700008f82000)]
  0x00007fb9d78c2800 JavaThread "LXChannel thread #4" [_thread_blocked, id=120591, stack(0x0000700008d7f000,0x0000700008e7f000)]
  0x00007fb9d6187000 JavaThread "LXChannel thread #3" [_thread_blocked, id=124683, stack(0x0000700008c7c000,0x0000700008d7c000)]
  0x00007fb9d4d3e000 JavaThread "LXChannel thread #2" [_thread_blocked, id=26707, stack(0x0000700008b79000,0x0000700008c79000)]
  0x00007fb9d70d2000 JavaThread "LXEngine Render Thread" [_thread_blocked, id=69955, stack(0x0000700008a76000,0x0000700008b76000)]
  0x00007fb9d6fc9000 JavaThread "LXEngine Network Thread" [_thread_blocked, id=18951, stack(0x00007000074b1000,0x00007000075b1000)]
  0x00007fb9d60d2800 JavaThread "LXAudioEngine Input Thread" [_thread_blocked, id=3079, stack(0x00007000073ae000,0x00007000074ae000)]
  0x00007fb9d6c70800 JavaThread "Java Sound Event Dispatcher" daemon [_thread_blocked, id=84999, stack(0x0000700006e1c000,0x0000700006f1c000)]
  0x00007fb9d50fa000 JavaThread "Thread-19" [_thread_blocked, id=49163, stack(0x0000700006a0a000,0x0000700006b0a000)]
  0x00007fb9d600b000 JavaThread "Thread-18" [_thread_blocked, id=89607, stack(0x0000700006801000,0x0000700006901000)]
  0x00007fb9d4ff4800 JavaThread "pool-1-thread-9" [_thread_blocked, id=121347, stack(0x00007000088f0000,0x00007000089f0000)]
  0x00007fb9dd916800 JavaThread "pool-1-thread-8" [_thread_in_native, id=121603, stack(0x00007000087ed000,0x00007000088ed000)]
  0x00007fb9d4f49000 JavaThread "pool-1-thread-7" [_thread_blocked, id=99331, stack(0x00007000086ea000,0x00007000087ea000)]
  0x00007fb9d78b6800 JavaThread "pool-1-thread-6" [_thread_in_native, id=121859, stack(0x00007000085e7000,0x00007000086e7000)]
  0x00007fb9d78b5800 JavaThread "pool-1-thread-5" [_thread_in_native, id=123143, stack(0x00007000084e4000,0x00007000085e4000)]
  0x00007fb9d53aa000 JavaThread "pool-1-thread-4" [_thread_blocked, id=98567, stack(0x00007000083e1000,0x00007000084e1000)]
  0x00007fb9d554a000 JavaThread "pool-1-thread-3" [_thread_in_native, id=122631, stack(0x00007000082de000,0x00007000083de000)]
  0x00007fb9d8088800 JavaThread "pool-1-thread-2" [_thread_in_native, id=98823, stack(0x00007000081db000,0x00007000082db000)]
  0x00007fb9d53af800 JavaThread "pool-1-thread-1" [_thread_in_native, id=98055, stack(0x00007000080d8000,0x00007000081d8000)]
  0x00007fb9dd013800 JavaThread "Timer-0" [_thread_blocked, id=97799, stack(0x0000700007fd5000,0x00007000080d5000)]
  0x00007fb9d536c800 JavaThread "DestroyJavaVM" [_thread_blocked, id=9731, stack(0x00007000054c8000,0x00007000055c8000)]
  0x00007fb9d6c1e000 JavaThread "main-FPSAWTAnimator#00-Timer0" [_thread_blocked, id=70675, stack(0x0000700007125000,0x0000700007225000)]
  0x00007fb9d6cb6800 JavaThread "Thread-2" [_thread_blocked, id=57883, stack(0x0000700007022000,0x0000700007122000)]
  0x00007fb9d6be2000 JavaThread "main-Display-.macosx_nil-1-EDT-1" daemon [_thread_blocked, id=59403, stack(0x0000700006f1f000,0x000070000701f000)]
  0x00007fb9d6a91800 JavaThread "Java2D Disposer" daemon [_thread_blocked, id=74247, stack(0x0000700006d19000,0x0000700006e19000)]
  0x00007fb9d6a5f000 JavaThread "Java2D Queue Flusher" daemon [_thread_blocked, id=74503, stack(0x0000700006c16000,0x0000700006d16000)]
  0x00007fb9d4868000 JavaThread "AWT-AppKit" daemon [_thread_in_native, id=775, stack(0x00007ffee63ea000,0x00007ffee6bea000)]
  0x00007fb9d4014000 JavaThread "Service Thread" daemon [_thread_blocked, id=15875, stack(0x00007000065fb000,0x00007000066fb000)]
  0x00007fb9d4003800 JavaThread "C1 CompilerThread3" daemon [_thread_blocked, id=16899, stack(0x00007000064f8000,0x00007000065f8000)]
  0x00007fb9d6872000 JavaThread "C2 CompilerThread2" daemon [_thread_blocked, id=17411, stack(0x00007000063f5000,0x00007000064f5000)]
  0x00007fb9d6869000 JavaThread "C2 CompilerThread1" daemon [_thread_blocked, id=15619, stack(0x00007000062f2000,0x00007000063f2000)]
  0x00007fb9d6867000 JavaThread "C2 CompilerThread0" daemon [_thread_blocked, id=17923, stack(0x00007000061ef000,0x00007000062ef000)]
  0x00007fb9d6844000 JavaThread "Signal Dispatcher" daemon [_thread_blocked, id=18187, stack(0x00007000060ec000,0x00007000061ec000)]
  0x00007fb9d5012800 JavaThread "Finalizer" daemon [_thread_blocked, id=19715, stack(0x0000700005fe9000,0x00007000060e9000)]
  0x00007fb9d500f800 JavaThread "Reference Handler" daemon [_thread_blocked, id=20227, stack(0x0000700005ee6000,0x0000700005fe6000)]

Other Threads:
=>0x00007fb9d500b000 VMThread [stack: 0x0000700005de3000,0x0000700005ee3000] [id=20483]
  0x00007fb9d4000800 WatcherThread [stack: 0x00007000066fe000,0x00007000067fe000] [id=16387]

VM state:at safepoint (normal execution)

VM Mutex/Monitor currently owned by a thread:  ([mutex/lock_event])
[0x00007fb9d3d03360] Safepoint_lock - owner thread: 0x00007fb9d500b000
[0x00007fb9d3d033e0] Threads_lock - owner thread: 0x00007fb9d500b000

Heap:
 PSYoungGen      total 1061888K, used 994832K [0x000000076ab00000, 0x00000007af300000, 0x00000007c0000000)
  eden space 1013760K, 95% used [0x000000076ab00000,0x00000007a5a51900,0x00000007a8900000)
  from space 48128K, 59% used [0x00000007a8900000,0x00000007aa532820,0x00000007ab800000)
  to   space 47104K, 0% used [0x00000007ac500000,0x00000007ac500000,0x00000007af300000)
 ParOldGen       total 1267200K, used 789537K [0x00000006c0000000, 0x000000070d580000, 0x000000076ab00000)
  object space 1267200K, 62% used [0x00000006c0000000,0x00000006f03087b8,0x000000070d580000)
 Metaspace       used 27829K, capacity 28331K, committed 28464K, reserved 1075200K
  class space    used 3150K, capacity 3265K, committed 3376K, reserved 1048576K

Card table byte_map: [0x000000010b56c000,0x000000010bd6d000] byte_map_base: 0x0000000107f6c000

Marking Bits: (ParMarkBitMap*) 0x000000010aaf66c0
 Begin Bits: [0x0000000122d93000, 0x0000000126d93000)
 End Bits:   [0x0000000126d93000, 0x000000012ad93000)

Polling page: 0x000000010909f000

CodeCache: size=245760Kb used=13181Kb max_used=14160Kb free=232578Kb
 bounds [0x0000000113d93000, 0x0000000114c13000, 0x0000000122d93000]
 total_blobs=4809 nmethods=3860 adapters=862
 compilation: enabled

Compilation events (10 events):
Event: 471.821 Thread 0x00007fb9d6872000 5102       4       com.symmetrylabs.slstudio.util.BlobFollower$Follower::advance (252 bytes)
Event: 471.832 Thread 0x00007fb9d6872000 nmethod 5102 0x0000000113f53e10 code [0x0000000113f53fa0, 0x0000000113f54268]
Event: 473.681 Thread 0x00007fb9d6869000 5103       4       com.symmetrylabs.slstudio.ping.FlockWave$Bird::run (117 bytes)
Event: 473.699 Thread 0x00007fb9d6869000 nmethod 5103 0x000000011441a950 code [0x000000011441ab60, 0x000000011441b238]
Event: 474.471 Thread 0x00007fb9d6867000 5104       4       java.net.InetSocketAddress$InetSocketAddressHolder::<init> (8 bytes)
Event: 474.472 Thread 0x00007fb9d6867000 nmethod 5104 0x00000001147cb2d0 code [0x00000001147cb420, 0x00000001147cb4b8]
Event: 482.165 Thread 0x00007fb9d6872000 5105       4       com.symmetrylabs.slstudio.util.BlobFollower::advance (170 bytes)
Event: 482.364 Thread 0x00007fb9d6872000 nmethod 5105 0x0000000114785310 code [0x0000000114785640, 0x0000000114787a28]
Event: 484.550 Thread 0x00007fb9d6869000 5106       4       com.symmetrylabs.slstudio.kernel.SLKernel::getRangeForSize (40 bytes)
Event: 484.558 Thread 0x00007fb9d6869000 nmethod 5106 0x00000001147bca90 code [0x00000001147bcca0, 0x00000001147bd108]

GC Heap History (10 events):
Event: 102.933 GC heap before
{Heap before GC invocations=111 (full 6):
 PSYoungGen      total 1019392K, used 1000856K [0x000000076ab00000, 0x00000007ac100000, 0x00000007c0000000)
  eden space 970752K, 99% used [0x000000076ab00000,0x00000007a5e417d8,0x00000007a5f00000)
  from space 48640K, 63% used [0x00000007a9180000,0x00000007aafa4ad0,0x00000007ac100000)
  to   space 50176K, 0% used [0x00000007a5f00000,0x00000007a5f00000,0x00000007a9000000)
 ParOldGen       total 1267200K, used 789501K [0x00000006c0000000, 0x000000070d580000, 0x000000076ab00000)
  object space 1267200K, 62% used [0x00000006c0000000,0x00000006f02ff4a8,0x000000070d580000)
 Metaspace       used 27759K, capacity 28267K, committed 28464K, reserved 1075200K
  class space    used 3148K, capacity 3265K, committed 3376K, reserved 1048576K
Event: 102.940 GC heap after
Heap after GC invocations=111 (full 6):
 PSYoungGen      total 1020928K, used 36918K [0x000000076ab00000, 0x00000007ada00000, 0x00000007c0000000)
  eden space 970752K, 0% used [0x000000076ab00000,0x000000076ab00000,0x00000007a5f00000)
  from space 50176K, 73% used [0x00000007a5f00000,0x00000007a830dbd8,0x00000007a9000000)
  to   space 50176K, 0% used [0x00000007aa900000,0x00000007aa900000,0x00000007ada00000)
 ParOldGen       total 1267200K, used 789501K [0x00000006c0000000, 0x000000070d580000, 0x000000076ab00000)
  object space 1267200K, 62% used [0x00000006c0000000,0x00000006f02ff4a8,0x000000070d580000)
 Metaspace       used 27759K, capacity 28267K, committed 28464K, reserved 1075200K
  class space    used 3148K, capacity 3265K, committed 3376K, reserved 1048576K
}
Event: 104.701 GC heap before
{Heap before GC invocations=112 (full 6):
 PSYoungGen      total 1020928K, used 1005953K [0x000000076ab00000, 0x00000007ada00000, 0x00000007c0000000)
  eden space 970752K, 99% used [0x000000076ab00000,0x00000007a5d52b58,0x00000007a5f00000)
  from space 50176K, 73% used [0x00000007a5f00000,0x00000007a830dbd8,0x00000007a9000000)
  to   space 50176K, 0% used [0x00000007aa900000,0x00000007aa900000,0x00000007ada00000)
 ParOldGen       total 1267200K, used 789501K [0x00000006c0000000, 0x000000070d580000, 0x000000076ab00000)
  object space 1267200K, 62% used [0x00000006c0000000,0x00000006f02ff4a8,0x000000070d580000)
 Metaspace       used 27761K, capacity 28267K, committed 28464K, reserved 1075200K
  class space    used 3148K, capacity 3265K, committed 3376K, reserved 1048576K
Event: 104.711 GC heap after
Heap after GC invocations=112 (full 6):
 PSYoungGen      total 1041408K, used 32073K [0x000000076ab00000, 0x00000007ad600000, 0x00000007c0000000)
  eden space 995328K, 0% used [0x000000076ab00000,0x000000076ab00000,0x00000007a7700000)
  from space 46080K, 69% used [0x00000007aa900000,0x00000007ac852660,0x00000007ad600000)
  to   space 48640K, 0% used [0x00000007a7700000,0x00000007a7700000,0x00000007aa680000)
 ParOldGen       total 1267200K, used 789517K [0x00000006c0000000, 0x000000070d580000, 0x000000076ab00000)
  object space 1267200K, 62% used [0x00000006c0000000,0x00000006f03034a8,0x000000070d580000)
 Metaspace       used 27761K, capacity 28267K, committed 28464K, reserved 1075200K
  class space    used 3148K, capacity 3265K, committed 3376K, reserved 1048576K
}
Event: 106.201 GC heap before
{Heap before GC invocations=113 (full 6):
 PSYoungGen      total 1041408K, used 1027013K [0x000000076ab00000, 0x00000007ad600000, 0x00000007c0000000)
  eden space 995328K, 99% used [0x000000076ab00000,0x00000007a769ee98,0x00000007a7700000)
  from space 46080K, 69% used [0x00000007aa900000,0x00000007ac852660,0x00000007ad600000)
  to   space 48640K, 0% used [0x00000007a7700000,0x00000007a7700000,0x00000007aa680000)
 ParOldGen       total 1267200K, used 789517K [0x00000006c0000000, 0x000000070d580000, 0x000000076ab00000)
  object space 1267200K, 62% used [0x00000006c0000000,0x00000006f03034a8,0x000000070d580000)
 Metaspace       used 27762K, capacity 28267K, committed 28464K, reserved 1075200K
  class space    used 3148K, capacity 3265K, committed 3376K, reserved 1048576K
Event: 106.208 GC heap after
Heap after GC invocations=113 (full 6):
 PSYoungGen      total 1043968K, used 37576K [0x000000076ab00000, 0x00000007aed00000, 0x00000007c0000000)
  eden space 995328K, 0% used [0x000000076ab00000,0x000000076ab00000,0x00000007a7700000)
  from space 48640K, 77% used [0x00000007a7700000,0x00000007a9bb2358,0x00000007aa680000)
  to   space 48640K, 0% used [0x00000007abd80000,0x00000007abd80000,0x00000007aed00000)
 ParOldGen       total 1267200K, used 789525K [0x00000006c0000000, 0x000000070d580000, 0x000000076ab00000)
  object space 1267200K, 62% used [0x00000006c0000000,0x00000006f03054a8,0x000000070d580000)
 Metaspace       used 27762K, capacity 28267K, committed 28464K, reserved 1075200K
  class space    used 3148K, capacity 3265K, committed 3376K, reserved 1048576K
}
Event: 155.417 GC heap before
{Heap before GC invocations=114 (full 6):
 PSYoungGen      total 1043968K, used 1032904K [0x000000076ab00000, 0x00000007aed00000, 0x00000007c0000000)
  eden space 995328K, 100% used [0x000000076ab00000,0x00000007a7700000,0x00000007a7700000)
  from space 48640K, 77% used [0x00000007a7700000,0x00000007a9bb2358,0x00000007aa680000)
  to   space 48640K, 0% used [0x00000007abd80000,0x00000007abd80000,0x00000007aed00000)
 ParOldGen       total 1267200K, used 789525K [0x00000006c0000000, 0x000000070d580000, 0x000000076ab00000)
  object space 1267200K, 62% used [0x00000006c0000000,0x00000006f0305718,0x000000070d580000)
 Metaspace       used 27774K, capacity 28331K, committed 28464K, reserved 1075200K
  class space    used 3149K, capacity 3265K, committed 3376K, reserved 1048576K
Event: 155.425 GC heap after
Heap after GC invocations=114 (full 6):
 PSYoungGen      total 1056256K, used 27700K [0x000000076ab00000, 0x00000007ae700000, 0x00000007c0000000)
  eden space 1013760K, 0% used [0x000000076ab00000,0x000000076ab00000,0x00000007a8900000)
  from space 42496K, 65% used [0x00000007abd80000,0x00000007ad88d188,0x00000007ae700000)
  to   space 48128K, 0% used [0x00000007a8900000,0x00000007a8900000,0x00000007ab800000)
 ParOldGen       total 1267200K, used 789525K [0x00000006c0000000, 0x000000070d580000, 0x000000076ab00000)
  object space 1267200K, 62% used [0x00000006c0000000,0x00000006f0305718,0x000000070d580000)
 Metaspace       used 27774K, capacity 28331K, committed 28464K, reserved 1075200K
  class space    used 3149K, capacity 3265K, committed 3376K, reserved 1048576K
}
Event: 322.982 GC heap before
{Heap before GC invocations=115 (full 6):
 PSYoungGen      total 1056256K, used 1041460K [0x000000076ab00000, 0x00000007ae700000, 0x00000007c0000000)
  eden space 1013760K, 100% used [0x000000076ab00000,0x00000007a8900000,0x00000007a8900000)
  from space 42496K, 65% used [0x00000007abd80000,0x00000007ad88d188,0x00000007ae700000)
  to   space 48128K, 0% used [0x00000007a8900000,0x00000007a8900000,0x00000007ab800000)
 ParOldGen       total 1267200K, used 789529K [0x00000006c0000000, 0x000000070d580000, 0x000000076ab00000)
  object space 1267200K, 62% used [0x00000006c0000000,0x00000006f03067b8,0x000000070d580000)
 Metaspace       used 27778K, capacity 28331K, committed 28464K, reserved 1075200K
  class space    used 3149K, capacity 3265K, committed 3376K, reserved 1048576K
Event: 322.991 GC heap after
Heap after GC invocations=115 (full 6):
 PSYoungGen      total 1061888K, used 28874K [0x000000076ab00000, 0x00000007af300000, 0x00000007c0000000)
  eden space 1013760K, 0% used [0x000000076ab00000,0x000000076ab00000,0x00000007a8900000)
  from space 48128K, 59% used [0x00000007a8900000,0x00000007aa532820,0x00000007ab800000)
  to   space 47104K, 0% used [0x00000007ac500000,0x00000007ac500000,0x00000007af300000)
 ParOldGen       total 1267200K, used 789537K [0x00000006c0000000, 0x000000070d580000, 0x000000076ab00000)
  object space 1267200K, 62% used [0x00000006c0000000,0x00000006f03087b8,0x000000070d580000)
 Metaspace       used 27778K, capacity 28331K, committed 28464K, reserved 1075200K
  class space    used 3149K, capacity 3265K, committed 3376K, reserved 1048576K
}

Deoptimization events (10 events):
Event: 370.497 Thread 0x00007fb9d70d2000 Uncommon trap: reason=unstable_if action=reinterpret pc=0x00000001148ec1c4 method=com.symmetrylabs.slstudio.util.BlobTracker.estimateNewBlobVelocity(Lcom/symmetrylabs/slstudio/util/BlobTracker$Blob;Ljava/util/List;FF)Lprocessing/core/PVector; @ 17
Event: 448.774 Thread 0x00007fb9d70d2000 Uncommon trap: reason=intrinsic action=make_not_entrant pc=0x00000001145e8604 method=heronarts.lx.audio.DecibelMeter.computeValue(D)D @ 19
Event: 448.775 Thread 0x00007fb9d6fc9000 Uncommon trap: reason=unloaded action=reinterpret pc=0x00000001145d9bb4 method=heronarts.lx.output.LXDatagramOutput.onSend([I)V @ 191
Event: 448.779 Thread 0x00007fb9d4d3e000 Uncommon trap: reason=unstable_if action=reinterpret pc=0x00000001144dafc0 method=com.symmetrylabs.slstudio.ping.FlockWave$Bird.turn(FLprocessing/core/PVector;)V @ 114
Event: 448.779 Thread 0x00007fb9d4d3e000 Uncommon trap: reason=unstable_if action=reinterpret pc=0x0000000114aabe44 method=com.symmetrylabs.slstudio.ping.FlockWave$Bird.turn(FLprocessing/core/PVector;)V @ 114
Event: 448.779 Thread 0x00007fb9d4d3e000 Uncommon trap: reason=unstable_if action=reinterpret pc=0x00000001146f0798 method=com.symmetrylabs.slstudio.ping.FlockWave.renderPlasma(Ljava/util/Collection;)V @ 6
Event: 448.881 Thread 0x00007fb9d6c1e000 Uncommon trap: reason=unstable_if action=reinterpret pc=0x000000011436acbc method=java.text.DigitList.getDataChars(I)[C @ 13
Event: 455.539 Thread 0x00007fb9d4d3e000 Uncommon trap: reason=unstable_if action=reinterpret pc=0x0000000114153058 method=com.symmetrylabs.slstudio.util.BlobFollower$Follower.advance(FLcom/symmetrylabs/slstudio/util/BlobTracker$Blob;)V @ 214
Event: 455.539 Thread 0x00007fb9d4d3e000 Uncommon trap: reason=unstable_if action=reinterpret pc=0x0000000114b6022c method=com.symmetrylabs.slstudio.util.BlobFollower$Follower.advance(FLcom/symmetrylabs/slstudio/util/BlobTracker$Blob;)V @ 214
Event: 455.837 Thread 0x00007fb9d6c1e000 Uncommon trap: reason=unstable_if action=reinterpret pc=0x000000011480ceac method=com.symmetrylabs.slstudio.ui.UIFramerate.onDraw(Lheronarts/p3lx/ui/UI;Lprocessing/core/PGraphics;)V @ 191

Classes redefined (0 events):
No events

Internal exceptions (10 events):
Event: 491.040 Thread 0x00007fb9dd916800 Exception <a 'java/net/SocketTimeoutException': Receive timed out> (0x00000007a42d1550) thrown at [/Users/java_re/workspace/8-2-build-macosx-x86_64/jdk8u152/9742/hotspot/src/share/vm/prims/jni.cpp, line 735]
Event: 491.541 Thread 0x00007fb9d78b6800 Exception <a 'java/net/SocketTimeoutException': Receive timed out> (0x00000007a58d3a98) thrown at [/Users/java_re/workspace/8-2-build-macosx-x86_64/jdk8u152/9742/hotspot/src/share/vm/prims/jni.cpp, line 735]
Event: 491.541 Thread 0x00007fb9d8088800 Exception <a 'java/net/SocketTimeoutException': Receive timed out> (0x00000007a5594e68) thrown at [/Users/java_re/workspace/8-2-build-macosx-x86_64/jdk8u152/9742/hotspot/src/share/vm/prims/jni.cpp, line 735]
Event: 491.541 Thread 0x00007fb9d554a000 Exception <a 'java/net/SocketTimeoutException': Receive timed out> (0x00000007a5595678) thrown at [/Users/java_re/workspace/8-2-build-macosx-x86_64/jdk8u152/9742/hotspot/src/share/vm/prims/jni.cpp, line 735]
Event: 492.051 Thread 0x00007fb9d53af800 Exception <a 'java/net/SocketTimeoutException': Receive timed out> (0x00000007a42d5ca8) thrown at [/Users/java_re/workspace/8-2-build-macosx-x86_64/jdk8u152/9742/hotspot/src/share/vm/prims/jni.cpp, line 735]
Event: 492.052 Thread 0x00007fb9d78b5800 Exception <a 'java/net/SocketTimeoutException': Receive timed out> (0x00000007a42d5470) thrown at [/Users/java_re/workspace/8-2-build-macosx-x86_64/jdk8u152/9742/hotspot/src/share/vm/prims/jni.cpp, line 735]
Event: 492.052 Thread 0x00007fb9dd916800 Exception <a 'java/net/SocketTimeoutException': Receive timed out> (0x00000007a42d1a10) thrown at [/Users/java_re/workspace/8-2-build-macosx-x86_64/jdk8u152/9742/hotspot/src/share/vm/prims/jni.cpp, line 735]
Event: 492.552 Thread 0x00007fb9d8088800 Exception <a 'java/net/SocketTimeoutException': Receive timed out> (0x00000007a5595328) thrown at [/Users/java_re/workspace/8-2-build-macosx-x86_64/jdk8u152/9742/hotspot/src/share/vm/prims/jni.cpp, line 735]
Event: 492.552 Thread 0x00007fb9d78b6800 Exception <a 'java/net/SocketTimeoutException': Receive timed out> (0x00000007a58d3f58) thrown at [/Users/java_re/workspace/8-2-build-macosx-x86_64/jdk8u152/9742/hotspot/src/share/vm/prims/jni.cpp, line 735]
Event: 492.552 Thread 0x00007fb9d554a000 Exception <a 'java/net/SocketTimeoutException': Receive timed out> (0x00000007a5595b38) thrown at [/Users/java_re/workspace/8-2-build-macosx-x86_64/jdk8u152/9742/hotspot/src/share/vm/prims/jni.cpp, line 735]

Events (10 events):
Event: 488.354 Thread 0x00007fb9d715d000 Thread added: 0x00007fb9d715d000
Event: 489.771 Executing VM operation: RevokeBias
Event: 489.772 Executing VM operation: RevokeBias done
Event: 489.772 Thread 0x00007fb9d715d000 Thread exited: 0x00007fb9d715d000
Event: 490.310 Thread 0x00007fb9d612e800 Thread added: 0x00007fb9d612e800
Event: 491.320 Executing VM operation: RevokeBias
Event: 491.321 Executing VM operation: RevokeBias done
Event: 491.321 Thread 0x00007fb9d612e800 Thread exited: 0x00007fb9d612e800
Event: 491.945 Thread 0x00007fb9d715d000 Thread added: 0x00007fb9d715d000
Event: 492.993 Executing VM operation: RevokeBias


Dynamic libraries:
0x0000000023463000 	/System/Library/Frameworks/Cocoa.framework/Versions/A/Cocoa
0x0000000023463000 	/System/Library/Frameworks/Security.framework/Versions/A/Security
0x0000000023463000 	/System/Library/Frameworks/ApplicationServices.framework/Versions/A/ApplicationServices
0x0000000023463000 	/usr/lib/libz.1.dylib
0x0000000023463000 	/usr/lib/libSystem.B.dylib
0x0000000023463000 	/usr/lib/libobjc.A.dylib
0x0000000023463000 	/System/Library/Frameworks/CoreFoundation.framework/Versions/A/CoreFoundation
0x0000000023463000 	/System/Library/Frameworks/Foundation.framework/Versions/C/Foundation
0x0000000023463000 	/System/Library/Frameworks/AppKit.framework/Versions/C/AppKit
0x0000000023463000 	/System/Library/Frameworks/CoreData.framework/Versions/A/CoreData
0x0000000023463000 	/System/Library/PrivateFrameworks/RemoteViewServices.framework/Versions/A/RemoteViewServices
0x0000000023463000 	/System/Library/PrivateFrameworks/UIFoundation.framework/Versions/A/UIFoundation
0x0000000023463000 	/System/Library/PrivateFrameworks/DFRFoundation.framework/Versions/A/DFRFoundation
0x0000000023463000 	/System/Library/Frameworks/Metal.framework/Versions/A/Metal
0x0000000023463000 	/System/Library/PrivateFrameworks/DesktopServicesPriv.framework/Versions/A/DesktopServicesPriv
0x0000000023463000 	/usr/lib/libenergytrace.dylib
0x0000000023463000 	/System/Library/PrivateFrameworks/SkyLight.framework/Versions/A/SkyLight
0x0000000023463000 	/System/Library/Frameworks/CoreGraphics.framework/Versions/A/CoreGraphics
0x0000000023463000 	/usr/lib/libScreenReader.dylib
0x0000000023463000 	/System/Library/Frameworks/Accelerate.framework/Versions/A/Accelerate
0x0000000023463000 	/System/Library/Frameworks/IOSurface.framework/Versions/A/IOSurface
0x0000000023463000 	/System/Library/Frameworks/AudioToolbox.framework/Versions/A/AudioToolbox
0x0000000023463000 	/System/Library/Frameworks/AudioUnit.framework/Versions/A/AudioUnit
0x0000000023463000 	/System/Library/PrivateFrameworks/DataDetectorsCore.framework/Versions/A/DataDetectorsCore
0x0000000023463000 	/System/Library/Frameworks/Carbon.framework/Versions/A/Frameworks/HIToolbox.framework/Versions/A/HIToolbox
0x0000000023463000 	/usr/lib/libicucore.A.dylib
0x0000000023463000 	/System/Library/Frameworks/QuartzCore.framework/Versions/A/QuartzCore
0x0000000023463000 	/System/Library/Frameworks/Carbon.framework/Versions/A/Frameworks/SpeechRecognition.framework/Versions/A/SpeechRecognition
0x0000000023463000 	/usr/lib/libauto.dylib
0x0000000023463000 	/usr/lib/libxml2.2.dylib
0x0000000023463000 	/System/Library/PrivateFrameworks/CoreUI.framework/Versions/A/CoreUI
0x0000000023463000 	/System/Library/Frameworks/CoreAudio.framework/Versions/A/CoreAudio
0x0000000023463000 	/System/Library/Frameworks/DiskArbitration.framework/Versions/A/DiskArbitration
0x0000000023463000 	/usr/lib/liblangid.dylib
0x0000000023463000 	/System/Library/PrivateFrameworks/MultitouchSupport.framework/Versions/A/MultitouchSupport
0x0000000023463000 	/System/Library/Frameworks/IOKit.framework/Versions/A/IOKit
0x0000000023463000 	/usr/lib/libDiagnosticMessagesClient.dylib
0x0000000023463000 	/System/Library/Frameworks/CoreServices.framework/Versions/A/CoreServices
0x0000000023463000 	/System/Library/PrivateFrameworks/PerformanceAnalysis.framework/Versions/A/PerformanceAnalysis
0x0000000023463000 	/System/Library/Frameworks/OpenGL.framework/Versions/A/OpenGL
0x0000000023463000 	/System/Library/Frameworks/ColorSync.framework/Versions/A/ColorSync
0x0000000023463000 	/System/Library/Frameworks/CoreImage.framework/Versions/A/CoreImage
0x0000000023463000 	/System/Library/Frameworks/CoreText.framework/Versions/A/CoreText
0x0000000023463000 	/System/Library/Frameworks/ImageIO.framework/Versions/A/ImageIO
0x0000000023463000 	/System/Library/PrivateFrameworks/Backup.framework/Versions/A/Backup
0x0000000023463000 	/usr/lib/libarchive.2.dylib
0x0000000023463000 	/System/Library/Frameworks/CFNetwork.framework/Versions/A/CFNetwork
0x0000000023463000 	/System/Library/Frameworks/SystemConfiguration.framework/Versions/A/SystemConfiguration
0x0000000023463000 	/usr/lib/libCRFSuite.dylib
0x0000000023463000 	/usr/lib/libc++.1.dylib
0x0000000023463000 	/usr/lib/libc++abi.dylib
0x0000000023463000 	/usr/lib/system/libcache.dylib
0x0000000023463000 	/usr/lib/system/libcommonCrypto.dylib
0x0000000023463000 	/usr/lib/system/libcompiler_rt.dylib
0x0000000023463000 	/usr/lib/system/libcopyfile.dylib
0x0000000023463000 	/usr/lib/system/libcorecrypto.dylib
0x0000000023463000 	/usr/lib/system/libdispatch.dylib
0x0000000023463000 	/usr/lib/system/libdyld.dylib
0x0000000023463000 	/usr/lib/system/libkeymgr.dylib
0x0000000023463000 	/usr/lib/system/liblaunch.dylib
0x0000000023463000 	/usr/lib/system/libmacho.dylib
0x0000000023463000 	/usr/lib/system/libquarantine.dylib
0x0000000023463000 	/usr/lib/system/libremovefile.dylib
0x0000000023463000 	/usr/lib/system/libsystem_asl.dylib
0x0000000023463000 	/usr/lib/system/libsystem_blocks.dylib
0x0000000023463000 	/usr/lib/system/libsystem_c.dylib
0x0000000023463000 	/usr/lib/system/libsystem_configuration.dylib
0x0000000023463000 	/usr/lib/system/libsystem_coreservices.dylib
0x0000000023463000 	/usr/lib/system/libsystem_darwin.dylib
0x0000000023463000 	/usr/lib/system/libsystem_dnssd.dylib
0x0000000023463000 	/usr/lib/system/libsystem_info.dylib
0x0000000023463000 	/usr/lib/system/libsystem_m.dylib
0x0000000023463000 	/usr/lib/system/libsystem_malloc.dylib
0x0000000023463000 	/usr/lib/system/libsystem_network.dylib
0x0000000023463000 	/usr/lib/system/libsystem_networkextension.dylib
0x0000000023463000 	/usr/lib/system/libsystem_notify.dylib
0x0000000023463000 	/usr/lib/system/libsystem_sandbox.dylib
0x0000000023463000 	/usr/lib/system/libsystem_secinit.dylib
0x0000000023463000 	/usr/lib/system/libsystem_kernel.dylib
0x0000000023463000 	/usr/lib/system/libsystem_platform.dylib
0x0000000023463000 	/usr/lib/system/libsystem_pthread.dylib
0x0000000023463000 	/usr/lib/system/libsystem_symptoms.dylib
0x0000000023463000 	/usr/lib/system/libsystem_trace.dylib
0x0000000023463000 	/usr/lib/system/libunwind.dylib
0x0000000023463000 	/usr/lib/system/libxpc.dylib
0x0000000023463000 	/usr/lib/closure/libclosured.dylib
0x0000000023463000 	/usr/lib/libbsm.0.dylib
0x0000000023463000 	/usr/lib/system/libkxld.dylib
0x0000000023463000 	/usr/lib/libOpenScriptingUtil.dylib
0x0000000023463000 	/usr/lib/libcoretls.dylib
0x0000000023463000 	/usr/lib/libcoretls_cfhelpers.dylib
0x0000000023463000 	/usr/lib/libpam.2.dylib
0x0000000023463000 	/usr/lib/libsqlite3.dylib
0x0000000023463000 	/usr/lib/libxar.1.dylib
0x0000000023463000 	/usr/lib/libbz2.1.0.dylib
0x0000000023463000 	/usr/lib/liblzma.5.dylib
0x0000000023463000 	/usr/lib/libnetwork.dylib
0x0000000023463000 	/usr/lib/libapple_nghttp2.dylib
0x0000000023463000 	/usr/lib/libpcap.A.dylib
0x0000000023463000 	/usr/lib/libboringssl.dylib
0x0000000023463000 	/usr/lib/libusrtcp.dylib
0x0000000023463000 	/usr/lib/libapple_crypto.dylib
0x0000000023463000 	/System/Library/Frameworks/CoreServices.framework/Versions/A/Frameworks/FSEvents.framework/Versions/A/FSEvents
0x0000000023463000 	/System/Library/Frameworks/CoreServices.framework/Versions/A/Frameworks/CarbonCore.framework/Versions/A/CarbonCore
0x0000000023463000 	/System/Library/Frameworks/CoreServices.framework/Versions/A/Frameworks/Metadata.framework/Versions/A/Metadata
0x0000000023463000 	/System/Library/Frameworks/CoreServices.framework/Versions/A/Frameworks/OSServices.framework/Versions/A/OSServices
0x0000000023463000 	/System/Library/Frameworks/CoreServices.framework/Versions/A/Frameworks/SearchKit.framework/Versions/A/SearchKit
0x0000000023463000 	/System/Library/Frameworks/CoreServices.framework/Versions/A/Frameworks/AE.framework/Versions/A/AE
0x0000000023463000 	/System/Library/Frameworks/CoreServices.framework/Versions/A/Frameworks/LaunchServices.framework/Versions/A/LaunchServices
0x0000000023463000 	/System/Library/Frameworks/CoreServices.framework/Versions/A/Frameworks/DictionaryServices.framework/Versions/A/DictionaryServices
0x0000000023463000 	/System/Library/Frameworks/CoreServices.framework/Versions/A/Frameworks/SharedFileList.framework/Versions/A/SharedFileList
0x0000000023463000 	/System/Library/Frameworks/NetFS.framework/Versions/A/NetFS
0x0000000023463000 	/System/Library/PrivateFrameworks/NetAuth.framework/Versions/A/NetAuth
0x0000000023463000 	/System/Library/PrivateFrameworks/login.framework/Versions/A/Frameworks/loginsupport.framework/Versions/A/loginsupport
0x0000000023463000 	/System/Library/PrivateFrameworks/TCC.framework/Versions/A/TCC
0x0000000023463000 	/usr/lib/libmecabra.dylib
0x0000000023463000 	/System/Library/Frameworks/ApplicationServices.framework/Versions/A/Frameworks/ATS.framework/Versions/A/ATS
0x0000000023463000 	/System/Library/Frameworks/ApplicationServices.framework/Versions/A/Frameworks/ColorSyncLegacy.framework/Versions/A/ColorSyncLegacy
0x0000000023463000 	/System/Library/Frameworks/ApplicationServices.framework/Versions/A/Frameworks/HIServices.framework/Versions/A/HIServices
0x0000000023463000 	/System/Library/Frameworks/ApplicationServices.framework/Versions/A/Frameworks/LangAnalysis.framework/Versions/A/LangAnalysis
0x0000000023463000 	/System/Library/Frameworks/ApplicationServices.framework/Versions/A/Frameworks/PrintCore.framework/Versions/A/PrintCore
0x0000000023463000 	/System/Library/Frameworks/ApplicationServices.framework/Versions/A/Frameworks/QD.framework/Versions/A/QD
0x0000000023463000 	/System/Library/Frameworks/ApplicationServices.framework/Versions/A/Frameworks/SpeechSynthesis.framework/Versions/A/SpeechSynthesis
0x0000000023463000 	/System/Library/Frameworks/CoreDisplay.framework/Versions/A/CoreDisplay
0x0000000023463000 	/System/Library/Frameworks/Accelerate.framework/Versions/A/Frameworks/vImage.framework/Versions/A/vImage
0x0000000023463000 	/System/Library/Frameworks/Accelerate.framework/Versions/A/Frameworks/vecLib.framework/Versions/A/vecLib
0x0000000023463000 	/System/Library/Frameworks/Accelerate.framework/Versions/A/Frameworks/vecLib.framework/Versions/A/libvDSP.dylib
0x0000000023463000 	/System/Library/Frameworks/Accelerate.framework/Versions/A/Frameworks/vecLib.framework/Versions/A/libBNNS.dylib
0x0000000023463000 	/System/Library/Frameworks/Accelerate.framework/Versions/A/Frameworks/vecLib.framework/Versions/A/libQuadrature.dylib
0x0000000023463000 	/System/Library/Frameworks/Accelerate.framework/Versions/A/Frameworks/vecLib.framework/Versions/A/libvMisc.dylib
0x0000000023463000 	/System/Library/Frameworks/Accelerate.framework/Versions/A/Frameworks/vecLib.framework/Versions/A/libLAPACK.dylib
0x0000000023463000 	/System/Library/Frameworks/Accelerate.framework/Versions/A/Frameworks/vecLib.framework/Versions/A/libBLAS.dylib
0x0000000023463000 	/System/Library/Frameworks/Accelerate.framework/Versions/A/Frameworks/vecLib.framework/Versions/A/libLinearAlgebra.dylib
0x0000000023463000 	/System/Library/Frameworks/Accelerate.framework/Versions/A/Frameworks/vecLib.framework/Versions/A/libSparse.dylib
0x0000000023463000 	/System/Library/Frameworks/Accelerate.framework/Versions/A/Frameworks/vecLib.framework/Versions/A/libSparseBLAS.dylib
0x0000000023463000 	/System/Library/PrivateFrameworks/IOAccelerator.framework/Versions/A/IOAccelerator
0x0000000023463000 	/System/Library/PrivateFrameworks/IOPresentment.framework/Versions/A/IOPresentment
0x0000000023463000 	/System/Library/PrivateFrameworks/DSExternalDisplay.framework/Versions/A/DSExternalDisplay
0x0000000023463000 	/System/Library/Frameworks/OpenGL.framework/Versions/A/Libraries/libCoreFSCache.dylib
0x0000000023463000 	/System/Library/Frameworks/CoreVideo.framework/Versions/A/CoreVideo
0x0000000023463000 	/System/Library/PrivateFrameworks/GraphVisualizer.framework/Versions/A/GraphVisualizer
0x0000000023463000 	/System/Library/Frameworks/MetalPerformanceShaders.framework/Versions/A/MetalPerformanceShaders
0x0000000023463000 	/usr/lib/libFosl_dynamic.dylib
0x0000000023463000 	/System/Library/PrivateFrameworks/FaceCore.framework/Versions/A/FaceCore
0x0000000023463000 	/System/Library/Frameworks/OpenCL.framework/Versions/A/OpenCL
0x0000000023463000 	/usr/lib/libcompression.dylib
0x0000000023463000 	/System/Library/Frameworks/ApplicationServices.framework/Versions/A/Frameworks/ATS.framework/Versions/A/Resources/libFontParser.dylib
0x0000000023463000 	/System/Library/Frameworks/ApplicationServices.framework/Versions/A/Frameworks/ATS.framework/Versions/A/Resources/libFontRegistry.dylib
0x0000000023463000 	/System/Library/Frameworks/ImageIO.framework/Versions/A/Resources/libJPEG.dylib
0x0000000023463000 	/System/Library/Frameworks/ImageIO.framework/Versions/A/Resources/libTIFF.dylib
0x0000000023463000 	/System/Library/Frameworks/ImageIO.framework/Versions/A/Resources/libPng.dylib
0x0000000023463000 	/System/Library/Frameworks/ImageIO.framework/Versions/A/Resources/libGIF.dylib
0x0000000023463000 	/System/Library/Frameworks/ImageIO.framework/Versions/A/Resources/libJP2.dylib
0x0000000023463000 	/System/Library/Frameworks/ImageIO.framework/Versions/A/Resources/libRadiance.dylib
0x0000000023463000 	/System/Library/PrivateFrameworks/AppleJPEG.framework/Versions/A/AppleJPEG
0x0000000023463000 	/System/Library/PrivateFrameworks/MetalTools.framework/Versions/A/MetalTools
0x0000000023463000 	/System/Library/Frameworks/MetalPerformanceShaders.framework/Frameworks/MPSCore.framework/Versions/A/MPSCore
0x0000000023463000 	/System/Library/Frameworks/MetalPerformanceShaders.framework/Frameworks/MPSImage.framework/Versions/A/MPSImage
0x0000000023463000 	/System/Library/Frameworks/MetalPerformanceShaders.framework/Frameworks/MPSMatrix.framework/Versions/A/MPSMatrix
0x0000000023463000 	/System/Library/Frameworks/MetalPerformanceShaders.framework/Frameworks/MPSNeuralNetwork.framework/Versions/A/MPSNeuralNetwork
0x0000000023463000 	/System/Library/Frameworks/OpenGL.framework/Versions/A/Libraries/libGLU.dylib
0x0000000023463000 	/System/Library/Frameworks/OpenGL.framework/Versions/A/Libraries/libGFXShared.dylib
0x0000000023463000 	/System/Library/Frameworks/OpenGL.framework/Versions/A/Libraries/libGL.dylib
0x0000000023463000 	/System/Library/Frameworks/OpenGL.framework/Versions/A/Libraries/libGLImage.dylib
0x0000000023463000 	/System/Library/Frameworks/OpenGL.framework/Versions/A/Libraries/libCVMSPluginSupport.dylib
0x0000000023463000 	/System/Library/Frameworks/OpenGL.framework/Versions/A/Libraries/libCoreVMClient.dylib
0x0000000023463000 	/usr/lib/libcups.2.dylib
0x0000000023463000 	/System/Library/Frameworks/Kerberos.framework/Versions/A/Kerberos
0x0000000023463000 	/System/Library/Frameworks/GSS.framework/Versions/A/GSS
0x0000000023463000 	/usr/lib/libresolv.9.dylib
0x0000000023463000 	/usr/lib/libiconv.2.dylib
0x0000000023463000 	/System/Library/PrivateFrameworks/Heimdal.framework/Versions/A/Heimdal
0x0000000023463000 	/usr/lib/libheimdal-asn1.dylib
0x0000000023463000 	/System/Library/Frameworks/OpenDirectory.framework/Versions/A/OpenDirectory
0x0000000023463000 	/System/Library/PrivateFrameworks/CommonAuth.framework/Versions/A/CommonAuth
0x0000000023463000 	/System/Library/Frameworks/OpenDirectory.framework/Versions/A/Frameworks/CFOpenDirectory.framework/Versions/A/CFOpenDirectory
0x0000000023463000 	/System/Library/Frameworks/SecurityFoundation.framework/Versions/A/SecurityFoundation
0x0000000023463000 	/System/Library/PrivateFrameworks/APFS.framework/Versions/A/APFS
0x0000000023463000 	/usr/lib/libutil.dylib
0x0000000023463000 	/System/Library/PrivateFrameworks/AppleSauce.framework/Versions/A/AppleSauce
0x0000000023463000 	/System/Library/PrivateFrameworks/LinguisticData.framework/Versions/A/LinguisticData
0x0000000023463000 	/usr/lib/libmarisa.dylib
0x0000000023463000 	/System/Library/PrivateFrameworks/Lexicon.framework/Versions/A/Lexicon
0x0000000023463000 	/usr/lib/libChineseTokenizer.dylib
0x0000000023463000 	/usr/lib/libcmph.dylib
0x0000000023463000 	/System/Library/PrivateFrameworks/LanguageModeling.framework/Versions/A/LanguageModeling
0x0000000023463000 	/System/Library/PrivateFrameworks/CoreEmoji.framework/Versions/A/CoreEmoji
0x0000000023463000 	/System/Library/Frameworks/ServiceManagement.framework/Versions/A/ServiceManagement
0x0000000023463000 	/System/Library/PrivateFrameworks/BackgroundTaskManagement.framework/Versions/A/BackgroundTaskManagement
0x0000000023463000 	/usr/lib/libxslt.1.dylib
0x0000000023463000 	/System/Library/Frameworks/Carbon.framework/Versions/A/Frameworks/Ink.framework/Versions/A/Ink
0x0000000023463000 	/System/Library/PrivateFrameworks/TextureIO.framework/Versions/A/TextureIO
0x0000000023463000 	/usr/lib/libate.dylib
0x0000000023463000 	/System/Library/PrivateFrameworks/CrashReporterSupport.framework/Versions/A/CrashReporterSupport
0x0000000023463000 	/System/Library/PrivateFrameworks/Sharing.framework/Versions/A/Sharing
0x0000000023463000 	/System/Library/PrivateFrameworks/IconServices.framework/Versions/A/IconServices
0x0000000023463000 	/System/Library/PrivateFrameworks/ProtocolBuffer.framework/Versions/A/ProtocolBuffer
0x0000000023463000 	/System/Library/PrivateFrameworks/Apple80211.framework/Versions/A/Apple80211
0x0000000023463000 	/System/Library/Frameworks/CoreWLAN.framework/Versions/A/CoreWLAN
0x0000000023463000 	/System/Library/PrivateFrameworks/CoreUtils.framework/Versions/A/CoreUtils
0x0000000023463000 	/System/Library/Frameworks/IOBluetooth.framework/Versions/A/IOBluetooth
0x0000000023463000 	/System/Library/PrivateFrameworks/CoreWiFi.framework/Versions/A/CoreWiFi
0x0000000023463000 	/System/Library/Frameworks/CoreBluetooth.framework/Versions/A/CoreBluetooth
0x0000000023463000 	/System/Library/PrivateFrameworks/SignpostNotification.framework/Versions/A/SignpostNotification
0x0000000023463000 	/System/Library/PrivateFrameworks/DebugSymbols.framework/Versions/A/DebugSymbols
0x0000000023463000 	/System/Library/PrivateFrameworks/CoreSymbolication.framework/Versions/A/CoreSymbolication
0x0000000023463000 	/System/Library/PrivateFrameworks/Symbolication.framework/Versions/A/Symbolication
0x0000000023463000 	/System/Library/PrivateFrameworks/AppleFSCompression.framework/Versions/A/AppleFSCompression
0x0000000023463000 	/System/Library/PrivateFrameworks/SpeechRecognitionCore.framework/Versions/A/SpeechRecognitionCore
0x000000010a200000 	/Library/Java/JavaVirtualMachines/jdk1.8.0_152.jdk/Contents/Home/jre/lib/server/libjvm.dylib
0x0000000023463000 	/usr/lib/libstdc++.6.0.9.dylib
0x000000010905b000 	/Library/Java/JavaVirtualMachines/jdk1.8.0_152.jdk/Contents/Home/jre/lib/libverify.dylib
0x0000000109069000 	/Library/Java/JavaVirtualMachines/jdk1.8.0_152.jdk/Contents/Home/jre/lib/libjava.dylib
0x00000001090e9000 	/Library/Java/JavaVirtualMachines/jdk1.8.0_152.jdk/Contents/Home/jre/lib/libzip.dylib
0x0000000110c35000 	/Library/Java/JavaVirtualMachines/jdk1.8.0_152.jdk/Contents/Home/jre/lib/libawt.dylib
0x0000000110cdf000 	/Library/Java/JavaVirtualMachines/jdk1.8.0_152.jdk/Contents/Home/jre/lib/./libmlib_image.dylib
0x0000000023463000 	/System/Library/Frameworks/JavaVM.framework/Versions/A/Frameworks/JavaNativeFoundation.framework/Versions/A/JavaNativeFoundation
0x0000000023463000 	/System/Library/Frameworks/JavaVM.framework/Versions/A/Frameworks/JavaRuntimeSupport.framework/Versions/A/JavaRuntimeSupport
0x0000000023463000 	/System/Library/Frameworks/JavaVM.framework/Versions/A/JavaVM
0x0000000023463000 	/System/Library/PrivateFrameworks/JavaLaunching.framework/Versions/A/JavaLaunching
0x0000000023463000 	/System/Library/Frameworks/Carbon.framework/Versions/A/Carbon
0x0000000023463000 	/System/Library/Frameworks/Carbon.framework/Versions/A/Frameworks/CommonPanels.framework/Versions/A/CommonPanels
0x0000000023463000 	/System/Library/Frameworks/Carbon.framework/Versions/A/Frameworks/Help.framework/Versions/A/Help
0x0000000023463000 	/System/Library/Frameworks/Carbon.framework/Versions/A/Frameworks/ImageCapture.framework/Versions/A/ImageCapture
0x0000000023463000 	/System/Library/Frameworks/Carbon.framework/Versions/A/Frameworks/OpenScripting.framework/Versions/A/OpenScripting
0x0000000023463000 	/System/Library/Frameworks/Carbon.framework/Versions/A/Frameworks/Print.framework/Versions/A/Print
0x0000000023463000 	/System/Library/Frameworks/Carbon.framework/Versions/A/Frameworks/SecurityHI.framework/Versions/A/SecurityHI
0x0000000110dab000 	/Library/Java/JavaVirtualMachines/jdk1.8.0_152.jdk/Contents/Home/jre/lib/libawt_lwawt.dylib
0x0000000110e65000 	/Library/Java/JavaVirtualMachines/jdk1.8.0_152.jdk/Contents/Home/jre/lib/./libosxapp.dylib
0x0000000023463000 	/System/Library/Frameworks/ExceptionHandling.framework/Versions/A/ExceptionHandling
0x0000000023463000 	/System/Library/PrivateFrameworks/CoreServicesInternal.framework/Versions/A/CoreServicesInternal
0x0000000023463000 	/System/Library/CoreServices/RawCamera.bundle/Contents/MacOS/RawCamera
0x0000000023463000 	/System/Library/PrivateFrameworks/MobileAsset.framework/Versions/A/MobileAsset
0x0000000023463000 	/System/Library/PrivateFrameworks/StreamingZip.framework/Versions/A/StreamingZip
0x0000000023463000 	/System/Library/Frameworks/MediaToolbox.framework/Versions/A/MediaToolbox
0x0000000023463000 	/System/Library/PrivateFrameworks/CoreAVCHD.framework/Versions/A/CoreAVCHD
0x0000000023463000 	/System/Library/Frameworks/MediaAccessibility.framework/Versions/A/MediaAccessibility
0x0000000023463000 	/System/Library/PrivateFrameworks/Mangrove.framework/Versions/A/Mangrove
0x0000000023463000 	/System/Library/Frameworks/CoreMedia.framework/Versions/A/CoreMedia
0x0000000023463000 	/System/Library/Frameworks/VideoToolbox.framework/Versions/A/VideoToolbox
0x0000000023463000 	/System/Library/PrivateFrameworks/CoreAUC.framework/Versions/A/CoreAUC
0x0000000023463000 	/usr/lib/libspindump.dylib
0x0000000023463000 	/usr/lib/libdscsym.dylib
0x0000000023463000 	/System/Library/PrivateFrameworks/AppleVA.framework/Versions/A/AppleVA
0x0000000023463000 	/System/Library/Frameworks/Accelerate.framework/Versions/A/Frameworks/vImage.framework/Versions/A/Libraries/libCGInterfaces.dylib
0x0000000023463000 	/System/Library/Frameworks/ApplicationServices.framework/Versions/A/Frameworks/ATS.framework/Versions/A/Resources/libTrueTypeScaler.dylib
0x0000000023463000 	/System/Library/Frameworks/OpenGL.framework/Versions/A/Resources/GLEngine.bundle/GLEngine
0x0000000023463000 	/System/Library/Frameworks/OpenGL.framework/Versions/A/Libraries/libGLProgrammability.dylib
0x000000012ad93000 	/System/Library/Extensions/AppleIntelKBLGraphicsGLDriver.bundle/Contents/MacOS/AppleIntelKBLGraphicsGLDriver
0x0000000023463000 	/System/Library/PrivateFrameworks/GPUSupport.framework/Versions/A/Libraries/libGPUSupportMercury.dylib
0x0000000112f68000 	/System/Library/Extensions/AMDRadeonX4000GLDriver.bundle/Contents/MacOS/AMDRadeonX4000GLDriver
0x0000000023463000 	/System/Library/Extensions/AMDRadeonX4000GLDriver.bundle/Contents/MacOS/ATIRadeonX4000SCLib.dylib
0x0000000023463000 	/System/Library/Frameworks/OpenGL.framework/Versions/A/Resources/GLRendererFloat.bundle/GLRendererFloat
0x0000000023463000 	/System/Library/Frameworks/OpenCL.framework/Versions/A/Libraries/libcldcpuengine.dylib
0x0000000023463000 	/usr/lib/libcrypto.35.dylib
0x0000000023463000 	/System/Library/PrivateFrameworks/TrustEvaluationAgent.framework/Versions/A/TrustEvaluationAgent
0x0000000023463000 	/System/Library/Extensions/AppleIntelKBLGraphicsMTLDriver.bundle/Contents/MacOS/AppleIntelKBLGraphicsMTLDriver
0x000000011309d000 	/System/Library/Extensions/AMDMTLBronzeDriver.bundle/Contents/MacOS/AMDMTLBronzeDriver
0x0000000023463000 	/System/Library/PrivateFrameworks/IOAccelMemoryInfo.framework/Versions/A/IOAccelMemoryInfo
0x0000000023463000 	/System/Library/PrivateFrameworks/GPUCompiler.framework/Versions/3802/Libraries/libmetal_timestamp.dylib
0x0000000023463000 	/System/Library/PrivateFrameworks/FamilyControls.framework/Versions/A/FamilyControls
0x0000000023463000 	/System/Library/PrivateFrameworks/CommerceKit.framework/Versions/A/Frameworks/CommerceCore.framework/Versions/A/CommerceCore
0x0000000023463000 	/System/Library/PrivateFrameworks/SystemAdministration.framework/Versions/A/SystemAdministration
0x0000000023463000 	/System/Library/PrivateFrameworks/AppContainer.framework/Versions/A/AppContainer
0x0000000023463000 	/System/Library/PrivateFrameworks/SecCodeWrapper.framework/Versions/A/SecCodeWrapper
0x0000000023463000 	/System/Library/PrivateFrameworks/DiskManagement.framework/Versions/A/DiskManagement
0x0000000023463000 	/System/Library/Frameworks/DirectoryService.framework/Versions/A/DirectoryService
0x0000000023463000 	/System/Library/PrivateFrameworks/DiskImages.framework/Versions/A/DiskImages
0x0000000023463000 	/System/Library/PrivateFrameworks/LoginUIKit.framework/Versions/A/Frameworks/LoginUICore.framework/Versions/A/LoginUICore
0x0000000023463000 	/usr/lib/libCoreStorage.dylib
0x0000000023463000 	/usr/lib/libcsfde.dylib
0x0000000023463000 	/usr/lib/libodfde.dylib
0x0000000023463000 	/System/Library/PrivateFrameworks/MediaKit.framework/Versions/A/MediaKit
0x0000000023463000 	/System/Library/Frameworks/DiscRecording.framework/Versions/A/DiscRecording
0x0000000023463000 	/System/Library/PrivateFrameworks/EFILogin.framework/Versions/A/EFILogin
0x0000000023463000 	/System/Library/PrivateFrameworks/ProtectedCloudStorage.framework/Versions/A/ProtectedCloudStorage
0x0000000023463000 	/usr/lib/libcurl.4.dylib
0x0000000023463000 	/usr/lib/libssl.35.dylib
0x0000000023463000 	/System/Library/Frameworks/LDAP.framework/Versions/A/LDAP
0x0000000023463000 	/usr/lib/libsasl2.2.dylib
0x0000000023463000 	/System/Library/PrivateFrameworks/CoreDaemon.framework/Versions/B/CoreDaemon
0x0000000023463000 	/System/Library/PrivateFrameworks/AppleSRP.framework/Versions/A/AppleSRP
0x000000012cd3e000 	/Library/Java/JavaVirtualMachines/jdk1.8.0_152.jdk/Contents/Home/jre/lib/libfontmanager.dylib
0x0000000023463000 	/System/Library/PrivateFrameworks/ViewBridge.framework/Versions/A/ViewBridge
0x000000012d168000 	/Library/Java/JavaVirtualMachines/jdk1.8.0_152.jdk/Contents/Home/jre/lib/libnet.dylib
0x000000012d1c7000 	/Library/Java/JavaVirtualMachines/jdk1.8.0_152.jdk/Contents/Home/jre/lib/libnio.dylib
0x000000012d1d7000 	/private/var/folders/mj/1pdw36pj541_wvpn7pd486600000gn/T/jogamp_0000/file_cache/jln961864024858676690/jln2749071600377143321/natives/macosx-universal/libgluegen-rt.jnilib
0x000000012d319000 	/private/var/folders/mj/1pdw36pj541_wvpn7pd486600000gn/T/jogamp_0000/file_cache/jln961864024858676690/jln2749071600377143321/natives/macosx-universal/libnativewindow_awt.jnilib
0x000000012d31c000 	/Library/Java/JavaVirtualMachines/jdk1.8.0_152.jdk/Contents/Home/jre/lib/libjawt.dylib
0x0000000112d3a000 	/private/var/folders/mj/1pdw36pj541_wvpn7pd486600000gn/T/jogamp_0000/file_cache/jln961864024858676690/jln2749071600377143321/natives/macosx-universal/libnativewindow_macosx.jnilib
0x00000001128e0000 	/private/var/folders/mj/1pdw36pj541_wvpn7pd486600000gn/T/jogamp_0000/file_cache/jln961864024858676690/jln2749071600377143321/natives/macosx-universal/libnewt.jnilib
0x0000000112ddf000 	/private/var/folders/mj/1pdw36pj541_wvpn7pd486600000gn/T/jogamp_0000/file_cache/jln961864024858676690/jln2749071600377143321/natives/macosx-universal/libjogl_desktop.jnilib
0x0000000111d92000 	/private/var/folders/mj/1pdw36pj541_wvpn7pd486600000gn/T/jogamp_0000/file_cache/jln961864024858676690/jln2749071600377143321/natives/macosx-universal/libjogl_mobile.jnilib
0x00000001120c7000 	/Library/Java/JavaVirtualMachines/jdk1.8.0_152.jdk/Contents/Home/jre/lib/libjsound.dylib
0x0000000023463000 	/System/Library/Frameworks/CoreMIDI.framework/Versions/A/CoreMIDI
0x0000000023463000 	/usr/lib/libexpat.1.dylib
0x0000000111b1d000 	/System/Library/Extensions/AppleHDA.kext/Contents/PlugIns/AppleHDAHALPlugIn.bundle/Contents/MacOS/AppleHDAHALPlugIn
0x0000000111f52000 	/private/var/folders/mj/1pdw36pj541_wvpn7pd486600000gn/T/coreMidi4J1997418782602923145.tmp/libCoreMidi4J.dylib
0x0000000111a62000 	/Library/Java/JavaVirtualMachines/jdk1.8.0_152.jdk/Contents/Home/jre/lib/libjpeg.dylib
0x0000000111a90000 	/Library/Java/JavaVirtualMachines/jdk1.8.0_152.jdk/Contents/Home/jre/lib/liblcms.dylib
0x000000012d2c6000 	/private/var/folders/mj/1pdw36pj541_wvpn7pd486600000gn/T/libaparapi_x86_648423794338365930502.dylib
0x000000013625e000 	/System/Library/Components/CoreAudio.component/Contents/MacOS/CoreAudio
0x0000000131341000 	/Library/Java/JavaVirtualMachines/jdk1.8.0_152.jdk/Contents/Home/jre/lib/libdcpr.dylib

VM Arguments:
jvm_args: -Dfile.encoding=UTF-8 -Duser.country=US -Duser.language=en -Duser.variant 
java_command: com.symmetrylabs.slstudio.SLStudio
java_class_path (initial): /Applications/SLStudio/build/classes/java/main:/Applications/SLStudio/build/classes/kotlin/main:/Applications/SLStudio/build/resources/main:/Applications/SLStudio/libs/gluegen-rt-natives-linux-aarch64.jar:/Applications/SLStudio/libs/gluegen-rt-natives-linux-amd64.jar:/Applications/SLStudio/libs/gluegen-rt-natives-linux-armv6hf.jar:/Applications/SLStudio/libs/gluegen-rt-natives-linux-i586.jar:/Applications/SLStudio/libs/gluegen-rt-natives-macosx-universal.jar:/Applications/SLStudio/libs/gluegen-rt-natives-windows-amd64.jar:/Applications/SLStudio/libs/gluegen-rt-natives-windows-i586.jar:/Applications/SLStudio/libs/gluegen-rt.jar:/Applications/SLStudio/libs/jogl-all-2.3.2-natives-linux-amd64.jar:/Applications/SLStudio/libs/jogl-all-natives-linux-aarch64.jar:/Applications/SLStudio/libs/jogl-all-natives-linux-amd64.jar:/Applications/SLStudio/libs/jogl-all-natives-linux-armv6hf.jar:/Applications/SLStudio/libs/jogl-all-natives-linux-i586.jar:/Applications/SLStudio/libs/jogl-all-natives-macosx-universal.jar:/Applications/SLStudio/libs/jogl-all-natives-windows-amd64.jar:/Applications/SLStudio/libs/jogl-all-natives-windows-i586.jar:/Applications/SLStudio/libs/jogl-all.jar:/Applications/SLStudio/libs/P3LX.jar:/Users/alexandergreen/.gradle/caches/modules-2/files-2.1/org.processing/core/3.3.6/f89688e748c841a79624ac2b68f92f9df3ea186a/core-3.3.6.jar:/Users/alexandergreen/.gradle/caches/modules-2/files-2.1/com.harium/kdtree/1.0.0/672b9c3f7f966d31baa1a1c36c186ec0d74b85c9/kdtree-1.0.0.jar:/Users/alexandergreen/.gradle/caches/modules-2/files-2.1/org.javassist/javassist/3.22.0-GA/3e83394258ae2089be7219b971ec21a8288528ad/javassist-3.22.0-GA.jar:/Users/alexandergreen/.gradle/caches/modules-2/files-2.1/com.google.guava/guava/23.5-jre/e9ce4989adf6092a3dab6152860e93d989e8cf88/guava-23.5-jre.jar:/Users/alexandergreen/.gradle/caches/modules-2/files-2.1/org.apache.commons/commons-math3/3.6.1/e4ba98f1d4b3c80ec46392f25e094a6a2e58fcbf/commons-math3-3.6.1.jar:/Users/al
Launcher Type: SUN_STANDARD

Environment Variables:
PATH=/usr/local/bin:/usr/bin:/bin:/usr/sbin:/sbin
SHELL=/bin/zsh

Signal Handlers:
SIGSEGV: [libjvm.dylib+0x5b494d], sa_mask[0]=11111111011111110111111111111111, sa_flags=SA_ONSTACK|SA_RESTART|SA_SIGINFO
SIGBUS: [libjvm.dylib+0x5b494d], sa_mask[0]=11111111011111110111111111111111, sa_flags=SA_RESTART|SA_SIGINFO
SIGFPE: [libjvm.dylib+0x48ab54], sa_mask[0]=11111111011111110111111111111111, sa_flags=SA_RESTART|SA_SIGINFO
SIGPIPE: [libjvm.dylib+0x48ab54], sa_mask[0]=11111111011111110111111111111111, sa_flags=SA_RESTART|SA_SIGINFO
SIGXFSZ: [libjvm.dylib+0x48ab54], sa_mask[0]=11111111011111110111111111111111, sa_flags=SA_RESTART|SA_SIGINFO
SIGILL: [libjvm.dylib+0x48ab54], sa_mask[0]=11111111011111110111111111111111, sa_flags=SA_RESTART|SA_SIGINFO
SIGUSR1: SIG_DFL, sa_mask[0]=00000000000000000000000000000000, sa_flags=SA_RESTART
SIGUSR2: [libjvm.dylib+0x48a672], sa_mask[0]=00100000000000000000000000000000, sa_flags=SA_RESTART|SA_SIGINFO
SIGHUP: [libjvm.dylib+0x488c49], sa_mask[0]=11111111011111110111111111111111, sa_flags=SA_RESTART|SA_SIGINFO
SIGINT: [libjvm.dylib+0x488c49], sa_mask[0]=11111111011111110111111111111111, sa_flags=SA_RESTART|SA_SIGINFO
SIGTERM: [libjvm.dylib+0x488c49], sa_mask[0]=11111111011111110111111111111111, sa_flags=SA_RESTART|SA_SIGINFO
SIGQUIT: [libjvm.dylib+0x488c49], sa_mask[0]=11111111011111110111111111111111, sa_flags=SA_RESTART|SA_SIGINFO


---------------  S Y S T E M  ---------------

OS:Bsduname:Darwin 17.4.0 Darwin Kernel Version 17.4.0: Mon Dec 11 21:15:27 PST 2017; root:xnu-4570.40.9~4/RELEASE_X86_64 x86_64
rlimit: STACK 8192k, CORE 0k, NPROC 1418, NOFILE 10240, AS infinity
load average:73.68 28.32 13.71

CPU:total 8 (initial active 8) (4 cores per cpu, 2 threads per core) family 6 model 158 stepping 9, cmov, cx8, fxsr, mmx, sse, sse2, sse3, ssse3, sse4.1, sse4.2, popcnt, avx, avx2, aes, clmul, erms, 3dnowpref, lzcnt, ht, tsc, tscinvbit, bmi1, bmi2, adx

Memory: 4k page, physical 16777216k(4091140k free)

/proc/meminfo:


vm_info: Java HotSpot(TM) 64-Bit Server VM (25.152-b16) for bsd-amd64 JRE (1.8.0_152-b16), built on Sep 14 2017 02:31:13 by "java_re" with gcc 4.2.1 (Based on Apple Inc. build 5658) (LLVM build 2336.11.00)

time: Sat Dec 30 12:35:27 2017
elapsed time: 493 seconds (0d 0h 8m 13s)

