#
# A fatal error has been detected by the Java Runtime Environment:
#
#  SIGBUS (0xa) at pc=0x00000001103a3791, pid=43860, tid=11779
#
# JRE version: Java(TM) SE Runtime Environment (8.0_45-b14) (build 1.8.0_45-b14)
# Java VM: Java HotSpot(TM) 64-Bit Server VM (25.45-b02 mixed mode bsd-amd64 compressed oops)
# Problematic frame:
# V  [libjvm.dylib+0x1a3791]  oopDesc::size()+0x2d
#
# Failed to write core dump. Core dumps have been disabled. To enable core dumping, try "ulimit -c unlimited" before starting Java again
#
# If you would like to submit a bug report, please visit:
#   http://bugreport.java.com/bugreport/crash.jsp
#

---------------  T H R E A D  ---------------

Current thread (0x00007f8e35819800):  GCTaskThread [stack: 0x00007000038ec000,0x00007000039ec000] [id=11779]

siginfo: si_signo: 10 (SIGBUS), si_code: 2 (BUS_ADRERR), si_addr: 0x00000007f8000008

Registers:
RAX=0x0000000110a15520, RBX=0x00000006c012fff8, RCX=0x000000000000cd03, RDX=0x000000080000cd01
RSP=0x00007000039ebc90, RBP=0x00007000039ebc90, RSI=0x00000006c012ffe0, RDI=0x00000007f8000000
R8 =0x00007f8e358560c0, R9 =0xfffffffeeea8653d, R10=0x0000000003650ac2, R11=0x0000000111579ac2
R12=0x0000000111529582, R13=0x00000006c002a200, R14=0x00000006c012ffe0, R15=0x000000010e72a000
RIP=0x00000001103a3791, EFLAGS=0x0000000000010206, ERR=0x0000000000000004
  TRAPNO=0x000000000000000e

Top of Stack: (sp=0x00007000039ebc90)
0x00007000039ebc90:   00007000039ebcc0 0000000110352b55
0x00007000039ebca0:   0000000111529151 00000006c0128d28
0x00007000039ebcb0:   0000000111529980 0000000111529946
0x00007000039ebcc0:   00007000039ebd80 000000011035217a
0x00007000039ebcd0:   0000000000000000 0000000000000400
0x00007000039ebce0:   fffffffeeea8653d 0000000000000100
0x00007000039ebcf0:   0000000111579ac1 000000010df29100
0x00007000039ebd00:   0000000111579ac2 0000000003600800
0x00007000039ebd10:   fffffffeeead667f 0000000003650ac2
0x00007000039ebd20:   0000000111529580 00000006c0120000
0x00007000039ebd30:   00000006ca158330 00000006c0130000
0x00007000039ebd40:   00007f8e35501c60 00007f8e358560c0
0x00007000039ebd50:   00007f8e355016c0 00007f8e354174a0
0x00007000039ebd60:   0000000000000000 00000001107efe90
0x00007000039ebd70:   00007f8e358560c0 0000000000000001
0x00007000039ebd80:   00007000039ebdb0 00000001106ac12f
0x00007000039ebd90:   0000000000000008 00007f8e35504ed0
0x00007000039ebda0:   00007f8e35819800 00007f8e354174a0
0x00007000039ebdb0:   00007000039ebe90 000000011046c111
0x00007000039ebdc0:   00007000039ebdf0 00007f8e354136b0
0x00007000039ebdd0:   00007f8e354136e0 00007f8e354136f0
0x00007000039ebde0:   00007f8e35413ac8 00000000000003d8
0x00007000039ebdf0:   00007f8e35819800 00007f8e35413ad0
0x00007000039ebe00:   00007f8e35413b10 00007f8e35413b20
0x00007000039ebe10:   00007f8e35413bf8 00000000000000d8
0x00007000039ebe20:   00007000039ebe30 0000000000000000
0x00007000039ebe30:   00007f8e35819800 00007f8e35413ad0
0x00007000039ebe40:   00007f8e35413b10 00007f8e35413b20
0x00007000039ebe50:   00007f8e35413bf8 00000000000000d8
0x00007000039ebe60:   00007f8e35413cf0 00007f8e35819800
0x00007000039ebe70:   0000000000566968 0000000000002e03
0x00007000039ebe80:   00007f8e354145b0 00007f8e35414620 

Instructions: (pc=0x00000001103a3791)
0x00000001103a3771:   84 d2 48 89 fe 74 15 48 8d 05 a1 1d 67 00 8a 48
0x00000001103a3781:   08 8b 7e 08 48 d3 e7 48 03 38 eb 04 48 8b 7e 08
0x00000001103a3791:   8b 47 08 85 c0 7e 09 a8 01 75 4e c1 f8 03 eb 47
0x00000001103a37a1:   85 c0 7f 43 85 c0 79 41 84 d2 0f 94 c1 0f b6 c9 

Register to memory mapping:

RAX=0x0000000110a15520: _ZN8Universe13_narrow_klassE+0 in /Library/Java/JavaVirtualMachines/jdk1.8.0_45.jdk/Contents/Home/jre/lib/server/libjvm.dylib at 0x0000000110200000
RBX=
[error occurred during error reporting (printing register info), id 0xa]

Stack: [0x00007000038ec000,0x00007000039ec000],  sp=0x00007000039ebc90,  free space=1023k
Native frames: (J=compiled Java code, j=interpreted, Vv=VM code, C=native code)
V  [libjvm.dylib+0x1a3791]  oopDesc::size()+0x2d
V  [libjvm.dylib+0x152b55]  ObjectStartArray::object_start(HeapWord*) const+0x5d
V  [libjvm.dylib+0x15217a]  CardTableExtension::scavenge_contents_parallel(ObjectStartArray*, MutableSpace*, HeapWord*, PSPromotionManager*, unsigned int, unsigned int)+0x152
V  [libjvm.dylib+0x4ac12f]  OldToYoungRootsTask::do_it(GCTaskManager*, unsigned int)+0x4b
V  [libjvm.dylib+0x26c111]  GCTaskThread::run()+0x1a1
V  [libjvm.dylib+0x46ea7e]  java_start(Thread*)+0xf6
C  [libsystem_pthread.dylib+0x393b]  _pthread_body+0xb4
C  [libsystem_pthread.dylib+0x3887]  _pthread_body+0x0
C  [libsystem_pthread.dylib+0x308d]  thread_start+0xd


---------------  P R O C E S S  ---------------

Java Threads: ( => current thread )
  0x00007f8e36caa800 JavaThread "ForkJoinPool.commonPool-worker-7" daemon [_thread_blocked, id=132727, stack(0x00007000053c9000,0x00007000054c9000)]
  0x00007f8e3d0df800 JavaThread "LXChannel thread #31" [_thread_blocked, id=171559, stack(0x00007000058d8000,0x00007000059d8000)]
  0x00007f8e402ec000 JavaThread "LXAudioEngine Input Thread" [_thread_blocked, id=138075, stack(0x00007000057d5000,0x00007000058d5000)]
  0x00007f8e3d99c800 JavaThread "Thread-1206" [_thread_blocked, id=141103, stack(0x000070000503a000,0x000070000513a000)]
  0x00007f8e3900b800 JavaThread "ForkJoinPool.commonPool-worker-6" daemon [_thread_blocked, id=172587, stack(0x000070000657f000,0x000070000667f000)]
  0x00007f8e39039000 JavaThread "ForkJoinPool.commonPool-worker-3" daemon [_thread_blocked, id=176999, stack(0x000070000647c000,0x000070000657c000)]
  0x00007f8e3982c000 JavaThread "ForkJoinPool.commonPool-worker-4" daemon [_thread_blocked, id=170331, stack(0x0000700006276000,0x0000700006376000)]
  0x00007f8e3903b000 JavaThread "ForkJoinPool.commonPool-worker-2" daemon [_thread_blocked, id=182627, stack(0x0000700006173000,0x0000700006273000)]
  0x00007f8e389d7800 JavaThread "ForkJoinPool.commonPool-worker-1" daemon [_thread_blocked, id=170891, stack(0x0000700006070000,0x0000700006170000)]
  0x00007f8e3fcd8800 JavaThread "ForkJoinPool.commonPool-worker-0" daemon [_thread_blocked, id=179151, stack(0x0000700005f6d000,0x000070000606d000)]
  0x00007f8e35990000 JavaThread "pool-1-thread-75" [_thread_blocked, id=137135, stack(0x000070000489f000,0x000070000499f000)]
  0x00007f8e35e98800 JavaThread "pool-1-thread-72" [_thread_blocked, id=178435, stack(0x000070000a130000,0x000070000a230000)]
  0x00007f8e36f2b800 JavaThread "LXEngine Render Thread" [_thread_blocked, id=143159, stack(0x0000700005b61000,0x0000700005c61000)]
  0x00007f8e35e98000 JavaThread "Thread-8" [_thread_in_native, id=140547, stack(0x0000700005a5e000,0x0000700005b5e000)]
  0x00007f8e38af5800 JavaThread "Java Sound Event Dispatcher" daemon [_thread_blocked, id=137735, stack(0x00007000056d2000,0x00007000057d2000)]
  0x00007f8e36e6c000 JavaThread "LXEngine Network Thread" [_thread_blocked, id=138763, stack(0x00007000055cf000,0x00007000056cf000)]
  0x00007f8e36525800 JavaThread "Thread-6" [_thread_in_native, id=32291, stack(0x0000700004c2e000,0x0000700004d2e000)]
  0x00007f8e3751c800 JavaThread "pool-1-thread-3" [_thread_blocked, id=66319, stack(0x0000700004719000,0x0000700004819000)]
  0x00007f8e36c60000 JavaThread "Timer-0" [_thread_blocked, id=136715, stack(0x0000700005140000,0x0000700005240000)]
  0x00007f8e35a79800 JavaThread "DestroyJavaVM" [_thread_blocked, id=6915, stack(0x00007000032da000,0x00007000033da000)]
  0x00007f8e36361800 JavaThread "main-FPSAWTAnimator#00-Timer0" [_thread_blocked, id=68867, stack(0x0000700004f37000,0x0000700005037000)]
  0x00007f8e36358000 JavaThread "Thread-2" [_thread_blocked, id=68375, stack(0x0000700004e34000,0x0000700004f34000)]
  0x00007f8e3719d000 JavaThread "main-Display-.macosx_nil-1-EDT-1" daemon [_thread_blocked, id=67843, stack(0x0000700004d31000,0x0000700004e31000)]
  0x00007f8e36216000 JavaThread "Java2D Disposer" daemon [_thread_blocked, id=61711, stack(0x0000700004b2b000,0x0000700004c2b000)]
  0x00007f8e358ba000 JavaThread "Java2D Queue Flusher" daemon [_thread_blocked, id=58631, stack(0x0000700004a28000,0x0000700004b28000)]
  0x00007f8e3586d000 JavaThread "AWT-AppKit" daemon [_thread_in_native, id=775, stack(0x00007fff5038a000,0x00007fff50b8a000)]
  0x00007f8e35841800 JavaThread "Service Thread" daemon [_thread_blocked, id=21251, stack(0x0000700004490000,0x0000700004590000)]
  0x00007f8e35864800 JavaThread "C1 CompilerThread3" daemon [_thread_blocked, id=20739, stack(0x000070000438d000,0x000070000448d000)]
  0x00007f8e37018000 JavaThread "C2 CompilerThread2" daemon [_thread_blocked, id=20227, stack(0x000070000428a000,0x000070000438a000)]
  0x00007f8e37017800 JavaThread "C2 CompilerThread1" daemon [_thread_blocked, id=19715, stack(0x0000700004187000,0x0000700004287000)]
  0x00007f8e35863800 JavaThread "C2 CompilerThread0" daemon [_thread_blocked, id=19203, stack(0x0000700004084000,0x0000700004184000)]
  0x00007f8e35863000 JavaThread "Signal Dispatcher" daemon [_thread_blocked, id=18691, stack(0x0000700003f81000,0x0000700004081000)]
  0x00007f8e3585a000 JavaThread "Finalizer" daemon [_thread_blocked, id=14339, stack(0x0000700003dfb000,0x0000700003efb000)]
  0x00007f8e35859800 JavaThread "Reference Handler" daemon [_thread_blocked, id=13827, stack(0x0000700003cf8000,0x0000700003df8000)]

Other Threads:
  0x00007f8e35856800 VMThread [stack: 0x0000700003bf5000,0x0000700003cf5000] [id=13315]
  0x00007f8e37015000 WatcherThread [stack: 0x0000700004593000,0x0000700004693000] [id=21763]

=>0x00007f8e35819800 (exited) GCTaskThread [stack: 0x00007000038ec000,0x00007000039ec000] [id=11779]

VM state:at safepoint (normal execution)

VM Mutex/Monitor currently owned by a thread:  ([mutex/lock_event])
[0x00007f8e35411090] Threads_lock - owner thread: 0x00007f8e35856800
[0x00007f8e35411590] Heap_lock - owner thread: 0x00007f8e36e6c000

Heap:
 PSYoungGen      total 45568K, used 44320K [0x000000076ab00000, 0x000000076d900000, 0x00000007c0000000)
  eden space 44032K, 100% used [0x000000076ab00000,0x000000076d600000,0x000000076d600000)
  from space 1536K, 18% used [0x000000076d780000,0x000000076d7c8000,0x000000076d900000)
  to   space 1536K, 33% used [0x000000076d600000,0x000000076d680010,0x000000076d780000)
 ParOldGen       total 323584K, used 165240K [0x00000006c0000000, 0x00000006d3c00000, 0x000000076ab00000)
  object space 323584K, 51% used [0x00000006c0000000,0x00000006ca15e330,0x00000006d3c00000)
 Metaspace       used 28006K, capacity 28355K, committed 28672K, reserved 1075200K
  class space    used 3169K, capacity 3264K, committed 3328K, reserved 1048576K

Card table byte_map: [0x0000000111529000,0x0000000111d2a000] byte_map_base: 0x000000010df29000

Marking Bits: (ParMarkBitMap*) 0x0000000110ac27a0
 Begin Bits: [0x0000000121531000, 0x0000000125531000)
 End Bits:   [0x0000000125531000, 0x0000000129531000)

Polling page: 0x000000010f136000

CodeCache: size=245760Kb used=14817Kb max_used=14850Kb free=230942Kb
 bounds [0x0000000112531000, 0x0000000113431000, 0x0000000121531000]
 total_blobs=5438 nmethods=4487 adapters=864
 compilation: enabled

Compilation events (10 events):
Event: 5994.449 Thread 0x00007f8e37017800 6199       4       java.net.Inet4Address::getHostAddress (8 bytes)
Event: 5994.449 Thread 0x00007f8e37018000 6200  s!   4       java.net.DatagramSocket::connectInternal (251 bytes)
Event: 5994.452 Thread 0x00007f8e37018000 nmethod 6200 0x0000000112d08fd0 code [0x0000000112d09140, 0x0000000112d096b8]
Event: 5994.454 Thread 0x00007f8e37017800 nmethod 6199 0x00000001132d5650 code [0x00000001132d57c0, 0x00000001132d5c78]
Event: 5994.470 Thread 0x00007f8e35863800 6201       4       java.lang.String::<init> (10 bytes)
Event: 5994.471 Thread 0x00007f8e35863800 nmethod 6201 0x0000000112d08c90 code [0x0000000112d08de0, 0x0000000112d08ec8]
Event: 5994.680 Thread 0x00007f8e37018000 6202       4       heronarts.lx.audio.GraphicMeter::computeValue (71 bytes)
Event: 5994.727 Thread 0x00007f8e37018000 nmethod 6202 0x0000000112ff0d90 code [0x0000000112ff1020, 0x0000000112ff1e08]
Event: 5995.105 Thread 0x00007f8e37017800 6203  s    4       java.lang.reflect.Field::declaredAnnotations (59 bytes)
Event: 5995.108 Thread 0x00007f8e37017800 nmethod 6203 0x0000000112fef050 code [0x0000000112fef1a0, 0x0000000112fef3b8]

GC Heap History (10 events):
Event: 5964.653 GC heap after
Heap after GC invocations=2629 (full 3):
 PSYoungGen      total 45056K, used 637K [0x000000076ab00000, 0x000000076d900000, 0x00000007c0000000)
  eden space 44032K, 0% used [0x000000076ab00000,0x000000076ab00000,0x000000076d600000)
  from space 1024K, 62% used [0x000000076d800000,0x000000076d89f540,0x000000076d900000)
  to   space 1536K, 0% used [0x000000076d600000,0x000000076d600000,0x000000076d780000)
 ParOldGen       total 323584K, used 164750K [0x00000006c0000000, 0x00000006d3c00000, 0x000000076ab00000)
  object space 323584K, 50% used [0x00000006c0000000,0x00000006ca0e3b50,0x00000006d3c00000)
 Metaspace       used 28000K, capacity 28355K, committed 28672K, reserved 1075200K
  class space    used 3169K, capacity 3264K, committed 3328K, reserved 1048576K
}
Event: 5970.667 GC heap before
{Heap before GC invocations=2630 (full 3):
 PSYoungGen      total 45056K, used 44669K [0x000000076ab00000, 0x000000076d900000, 0x00000007c0000000)
  eden space 44032K, 100% used [0x000000076ab00000,0x000000076d600000,0x000000076d600000)
  from space 1024K, 62% used [0x000000076d800000,0x000000076d89f540,0x000000076d900000)
  to   space 1536K, 0% used [0x000000076d600000,0x000000076d600000,0x000000076d780000)
 ParOldGen       total 323584K, used 164750K [0x00000006c0000000, 0x00000006d3c00000, 0x000000076ab00000)
  object space 323584K, 50% used [0x00000006c0000000,0x00000006ca0e3b50,0x00000006d3c00000)
 Metaspace       used 28000K, capacity 28355K, committed 28672K, reserved 1075200K
  class space    used 3169K, capacity 3264K, committed 3328K, reserved 1048576K
Event: 5970.668 GC heap after
Heap after GC invocations=2630 (full 3):
 PSYoungGen      total 45568K, used 617K [0x000000076ab00000, 0x000000076d900000, 0x00000007c0000000)
  eden space 44032K, 0% used [0x000000076ab00000,0x000000076ab00000,0x000000076d600000)
  from space 1536K, 40% used [0x000000076d600000,0x000000076d69a7e0,0x000000076d780000)
  to   space 1536K, 0% used [0x000000076d780000,0x000000076d780000,0x000000076d900000)
 ParOldGen       total 323584K, used 164758K [0x00000006c0000000, 0x00000006d3c00000, 0x000000076ab00000)
  object space 323584K, 50% used [0x00000006c0000000,0x00000006ca0e5b50,0x00000006d3c00000)
 Metaspace       used 28000K, capacity 28355K, committed 28672K, reserved 1075200K
  class space    used 3169K, capacity 3264K, committed 3328K, reserved 1048576K
}
Event: 5976.721 GC heap before
{Heap before GC invocations=2631 (full 3):
 PSYoungGen      total 45568K, used 44649K [0x000000076ab00000, 0x000000076d900000, 0x00000007c0000000)
  eden space 44032K, 100% used [0x000000076ab00000,0x000000076d600000,0x000000076d600000)
  from space 1536K, 40% used [0x000000076d600000,0x000000076d69a7e0,0x000000076d780000)
  to   space 1536K, 0% used [0x000000076d780000,0x000000076d780000,0x000000076d900000)
 ParOldGen       total 323584K, used 164758K [0x00000006c0000000, 0x00000006d3c00000, 0x000000076ab00000)
  object space 323584K, 50% used [0x00000006c0000000,0x00000006ca0e5b50,0x00000006d3c00000)
 Metaspace       used 28000K, capacity 28355K, committed 28672K, reserved 1075200K
  class space    used 3169K, capacity 3264K, committed 3328K, reserved 1048576K
Event: 5976.723 GC heap after
Heap after GC invocations=2631 (full 3):
 PSYoungGen      total 45568K, used 637K [0x000000076ab00000, 0x000000076d900000, 0x00000007c0000000)
  eden space 44032K, 0% used [0x000000076ab00000,0x000000076ab00000,0x000000076d600000)
  from space 1536K, 41% used [0x000000076d780000,0x000000076d81f540,0x000000076d900000)
  to   space 1536K, 0% used [0x000000076d600000,0x000000076d600000,0x000000076d780000)
 ParOldGen       total 323584K, used 164766K [0x00000006c0000000, 0x00000006d3c00000, 0x000000076ab00000)
  object space 323584K, 50% used [0x00000006c0000000,0x00000006ca0e7b50,0x00000006d3c00000)
 Metaspace       used 28000K, capacity 28355K, committed 28672K, reserved 1075200K
  class space    used 3169K, capacity 3264K, committed 3328K, reserved 1048576K
}
Event: 5982.668 GC heap before
{Heap before GC invocations=2632 (full 3):
 PSYoungGen      total 45568K, used 44669K [0x000000076ab00000, 0x000000076d900000, 0x00000007c0000000)
  eden space 44032K, 100% used [0x000000076ab00000,0x000000076d600000,0x000000076d600000)
  from space 1536K, 41% used [0x000000076d780000,0x000000076d81f540,0x000000076d900000)
  to   space 1536K, 0% used [0x000000076d600000,0x000000076d600000,0x000000076d780000)
 ParOldGen       total 323584K, used 164766K [0x00000006c0000000, 0x00000006d3c00000, 0x000000076ab00000)
  object space 323584K, 50% used [0x00000006c0000000,0x00000006ca0e7b50,0x00000006d3c00000)
 Metaspace       used 28000K, capacity 28355K, committed 28672K, reserved 1075200K
  class space    used 3169K, capacity 3264K, committed 3328K, reserved 1048576K
Event: 5982.670 GC heap after
Heap after GC invocations=2632 (full 3):
 PSYoungGen      total 45568K, used 256K [0x000000076ab00000, 0x000000076d900000, 0x00000007c0000000)
  eden space 44032K, 0% used [0x000000076ab00000,0x000000076ab00000,0x000000076d600000)
  from space 1536K, 16% used [0x000000076d600000,0x000000076d640000,0x000000076d780000)
  to   space 1536K, 0% used [0x000000076d780000,0x000000076d780000,0x000000076d900000)
 ParOldGen       total 323584K, used 165184K [0x00000006c0000000, 0x00000006d3c00000, 0x000000076ab00000)
  object space 323584K, 51% used [0x00000006c0000000,0x00000006ca150330,0x00000006d3c00000)
 Metaspace       used 28000K, capacity 28355K, committed 28672K, reserved 1075200K
  class space    used 3169K, capacity 3264K, committed 3328K, reserved 1048576K
}
Event: 5988.663 GC heap before
{Heap before GC invocations=2633 (full 3):
 PSYoungGen      total 45568K, used 44288K [0x000000076ab00000, 0x000000076d900000, 0x00000007c0000000)
  eden space 44032K, 100% used [0x000000076ab00000,0x000000076d600000,0x000000076d600000)
  from space 1536K, 16% used [0x000000076d600000,0x000000076d640000,0x000000076d780000)
  to   space 1536K, 0% used [0x000000076d780000,0x000000076d780000,0x000000076d900000)
 ParOldGen       total 323584K, used 165184K [0x00000006c0000000, 0x00000006d3c00000, 0x000000076ab00000)
  object space 323584K, 51% used [0x00000006c0000000,0x00000006ca150330,0x00000006d3c00000)
 Metaspace       used 28000K, capacity 28355K, committed 28672K, reserved 1075200K
  class space    used 3169K, capacity 3264K, committed 3328K, reserved 1048576K
Event: 5988.664 GC heap after
Heap after GC invocations=2633 (full 3):
 PSYoungGen      total 45568K, used 288K [0x000000076ab00000, 0x000000076d900000, 0x00000007c0000000)
  eden space 44032K, 0% used [0x000000076ab00000,0x000000076ab00000,0x000000076d600000)
  from space 1536K, 18% used [0x000000076d780000,0x000000076d7c8000,0x000000076d900000)
  to   space 1536K, 0% used [0x000000076d600000,0x000000076d600000,0x000000076d780000)
 ParOldGen       total 323584K, used 165216K [0x00000006c0000000, 0x00000006d3c00000, 0x000000076ab00000)
  object space 323584K, 51% used [0x00000006c0000000,0x00000006ca158330,0x00000006d3c00000)
 Metaspace       used 28000K, capacity 28355K, committed 28672K, reserved 1075200K
  class space    used 3169K, capacity 3264K, committed 3328K, reserved 1048576K
}
Event: 5995.770 GC heap before
{Heap before GC invocations=2634 (full 3):
 PSYoungGen      total 45568K, used 44320K [0x000000076ab00000, 0x000000076d900000, 0x00000007c0000000)
  eden space 44032K, 100% used [0x000000076ab00000,0x000000076d600000,0x000000076d600000)
  from space 1536K, 18% used [0x000000076d780000,0x000000076d7c8000,0x000000076d900000)
  to   space 1536K, 0% used [0x000000076d600000,0x000000076d600000,0x000000076d780000)
 ParOldGen       total 323584K, used 165216K [0x00000006c0000000, 0x00000006d3c00000, 0x000000076ab00000)
  object space 323584K, 51% used [0x00000006c0000000,0x00000006ca158330,0x00000006d3c00000)
 Metaspace       used 28006K, capacity 28355K, committed 28672K, reserved 1075200K
  class space    used 3169K, capacity 3264K, committed 3328K, reserved 1048576K

Deoptimization events (10 events):
Event: 5895.094 Thread 0x00007f8e3900b800 Uncommon trap: reason=unstable_if action=reinterpret pc=0x00000001128dacf8 method=processing.core.PApplet.abs(F)F @ 3
Event: 5895.094 Thread 0x00007f8e3d0df800 Uncommon trap: reason=unstable_if action=reinterpret pc=0x00000001128dacf8 method=processing.core.PApplet.abs(F)F @ 3
Event: 5895.094 Thread 0x00007f8e3903b000 Uncommon trap: reason=unstable_if action=reinterpret pc=0x00000001128dacf8 method=processing.core.PApplet.abs(F)F @ 3
Event: 5895.094 Thread 0x00007f8e3982c000 Uncommon trap: reason=unstable_if action=reinterpret pc=0x00000001128dacf8 method=processing.core.PApplet.abs(F)F @ 3
Event: 5895.094 Thread 0x00007f8e3fcd8800 Uncommon trap: reason=unstable_if action=reinterpret pc=0x00000001128dacf8 method=processing.core.PApplet.abs(F)F @ 3
Event: 5895.094 Thread 0x00007f8e39039000 Uncommon trap: reason=unstable_if action=reinterpret pc=0x00000001128dacf8 method=processing.core.PApplet.abs(F)F @ 3
Event: 5895.094 Thread 0x00007f8e389d7800 Uncommon trap: reason=unstable_if action=reinterpret pc=0x00000001128dacf8 method=processing.core.PApplet.abs(F)F @ 3
Event: 5895.095 Thread 0x00007f8e3d0df800 Uncommon trap: reason=unstable_if action=reinterpret pc=0x0000000112e00cbc method=processing.core.PApplet.constrain(FFF)F @ 13
Event: 5895.223 Thread 0x00007f8e36f2b800 Uncommon trap: reason=unstable_if action=reinterpret pc=0x0000000112c640b4 method=heronarts.lx.audio.DecibelMeter.computeValue(D)D @ 104
Event: 5993.001 Thread 0x00007f8e36e6c000 Uncommon trap: reason=unstable_if action=reinterpret pc=0x00000001130afc2c method=com.symmetrylabs.slstudio.output.SLController.onSend([I)V @ 24

Internal exceptions (10 events):
Event: 5995.768 Thread 0x00007f8e36e6c000 Exception <a 'java/io/IOException'> (0x000000076d5b9b90) thrown at [/Users/java_re/workspace/8-2-build-macosx-x86_64/jdk8u45/3457/hotspot/src/share/vm/prims/jni.cpp, line 709]
Event: 5995.768 Thread 0x00007f8e36e6c000 Exception <a 'java/io/IOException'> (0x000000076d5ba508) thrown at [/Users/java_re/workspace/8-2-build-macosx-x86_64/jdk8u45/3457/hotspot/src/share/vm/prims/jni.cpp, line 709]
Event: 5995.768 Thread 0x00007f8e36e6c000 Exception <a 'java/io/IOException'> (0x000000076d5bae80) thrown at [/Users/java_re/workspace/8-2-build-macosx-x86_64/jdk8u45/3457/hotspot/src/share/vm/prims/jni.cpp, line 709]
Event: 5995.768 Thread 0x00007f8e36e6c000 Exception <a 'java/io/IOException'> (0x000000076d5bb7f8) thrown at [/Users/java_re/workspace/8-2-build-macosx-x86_64/jdk8u45/3457/hotspot/src/share/vm/prims/jni.cpp, line 709]
Event: 5995.769 Thread 0x00007f8e36e6c000 Exception <a 'java/io/IOException'> (0x000000076d5bc170) thrown at [/Users/java_re/workspace/8-2-build-macosx-x86_64/jdk8u45/3457/hotspot/src/share/vm/prims/jni.cpp, line 709]
Event: 5995.769 Thread 0x00007f8e36e6c000 Exception <a 'java/io/IOException'> (0x000000076d5bcae8) thrown at [/Users/java_re/workspace/8-2-build-macosx-x86_64/jdk8u45/3457/hotspot/src/share/vm/prims/jni.cpp, line 709]
Event: 5995.769 Thread 0x00007f8e36e6c000 Exception <a 'java/io/IOException'> (0x000000076d5bd460) thrown at [/Users/java_re/workspace/8-2-build-macosx-x86_64/jdk8u45/3457/hotspot/src/share/vm/prims/jni.cpp, line 709]
Event: 5995.769 Thread 0x00007f8e36e6c000 Exception <a 'java/io/IOException'> (0x000000076d5bddd8) thrown at [/Users/java_re/workspace/8-2-build-macosx-x86_64/jdk8u45/3457/hotspot/src/share/vm/prims/jni.cpp, line 709]
Event: 5995.770 Thread 0x00007f8e36e6c000 Exception <a 'java/io/IOException'> (0x000000076d5be740) thrown at [/Users/java_re/workspace/8-2-build-macosx-x86_64/jdk8u45/3457/hotspot/src/share/vm/prims/jni.cpp, line 709]
Event: 5995.770 Thread 0x00007f8e36e6c000 Exception <a 'java/io/IOException'> (0x000000076d5bf0b8) thrown at [/Users/java_re/workspace/8-2-build-macosx-x86_64/jdk8u45/3457/hotspot/src/share/vm/prims/jni.cpp, line 709]

Events (10 events):
Event: 5993.380 Thread 0x00007f8e36e6c000 DEOPT UNPACKING pc=0x0000000112578633 sp=0x00007000056ce4e8 mode 0
Event: 5993.465 Thread 0x00007f8e36e6c000 DEOPT PACKING pc=0x0000000112de53ca sp=0x00007000056ce6c0
Event: 5993.465 Thread 0x00007f8e36e6c000 DEOPT UNPACKING pc=0x0000000112578633 sp=0x00007000056ce4e8 mode 0
Event: 5993.487 Thread 0x00007f8e36e6c000 DEOPT PACKING pc=0x0000000112de53ca sp=0x00007000056ce6c0
Event: 5993.487 Thread 0x00007f8e36e6c000 DEOPT UNPACKING pc=0x0000000112578633 sp=0x00007000056ce4e8 mode 0
Event: 5993.580 Thread 0x00007f8e36e6c000 DEOPT PACKING pc=0x0000000112de53ca sp=0x00007000056ce6c0
Event: 5993.580 Thread 0x00007f8e36e6c000 DEOPT UNPACKING pc=0x0000000112578633 sp=0x00007000056ce4e8 mode 0
Event: 5993.598 Thread 0x00007f8e36e6c000 DEOPT PACKING pc=0x0000000112de53ca sp=0x00007000056ce6c0
Event: 5993.598 Thread 0x00007f8e36e6c000 DEOPT UNPACKING pc=0x0000000112578633 sp=0x00007000056ce4e8 mode 0
Event: 5995.770 Executing VM operation: ParallelGCFailedAllocation


Dynamic libraries:
0x00000000036c0000 	/System/Library/Frameworks/Cocoa.framework/Versions/A/Cocoa
0x00000000036c0000 	/System/Library/Frameworks/Security.framework/Versions/A/Security
0x00000000036c0000 	/System/Library/Frameworks/ApplicationServices.framework/Versions/A/ApplicationServices
0x00000000036c0000 	/usr/lib/libz.1.dylib
0x00000000036c0000 	/usr/lib/libSystem.B.dylib
0x00000000036c0000 	/usr/lib/libobjc.A.dylib
0x00000000036c0000 	/System/Library/Frameworks/CoreFoundation.framework/Versions/A/CoreFoundation
0x00000000036c0000 	/System/Library/Frameworks/Foundation.framework/Versions/C/Foundation
0x00000000036c0000 	/System/Library/Frameworks/AppKit.framework/Versions/C/AppKit
0x00000000036c0000 	/System/Library/Frameworks/CoreData.framework/Versions/A/CoreData
0x00000000036c0000 	/System/Library/PrivateFrameworks/RemoteViewServices.framework/Versions/A/RemoteViewServices
0x00000000036c0000 	/System/Library/PrivateFrameworks/UIFoundation.framework/Versions/A/UIFoundation
0x00000000036c0000 	/System/Library/PrivateFrameworks/DFRFoundation.framework/Versions/A/DFRFoundation
0x00000000036c0000 	/usr/lib/libenergytrace.dylib
0x00000000036c0000 	/System/Library/PrivateFrameworks/SkyLight.framework/Versions/A/SkyLight
0x00000000036c0000 	/System/Library/Frameworks/CoreGraphics.framework/Versions/A/CoreGraphics
0x00000000036c0000 	/usr/lib/libScreenReader.dylib
0x00000000036c0000 	/System/Library/Frameworks/Accelerate.framework/Versions/A/Accelerate
0x00000000036c0000 	/System/Library/Frameworks/IOSurface.framework/Versions/A/IOSurface
0x00000000036c0000 	/System/Library/Frameworks/AudioToolbox.framework/Versions/A/AudioToolbox
0x00000000036c0000 	/System/Library/Frameworks/AudioUnit.framework/Versions/A/AudioUnit
0x00000000036c0000 	/System/Library/PrivateFrameworks/DataDetectorsCore.framework/Versions/A/DataDetectorsCore
0x00000000036c0000 	/System/Library/PrivateFrameworks/DesktopServicesPriv.framework/Versions/A/DesktopServicesPriv
0x00000000036c0000 	/System/Library/Frameworks/Carbon.framework/Versions/A/Frameworks/HIToolbox.framework/Versions/A/HIToolbox
0x00000000036c0000 	/usr/lib/libicucore.A.dylib
0x00000000036c0000 	/System/Library/Frameworks/QuartzCore.framework/Versions/A/QuartzCore
0x00000000036c0000 	/System/Library/Frameworks/Carbon.framework/Versions/A/Frameworks/SpeechRecognition.framework/Versions/A/SpeechRecognition
0x00000000036c0000 	/usr/lib/libauto.dylib
0x00000000036c0000 	/usr/lib/libxml2.2.dylib
0x00000000036c0000 	/System/Library/PrivateFrameworks/CoreUI.framework/Versions/A/CoreUI
0x00000000036c0000 	/System/Library/Frameworks/CoreAudio.framework/Versions/A/CoreAudio
0x00000000036c0000 	/System/Library/Frameworks/DiskArbitration.framework/Versions/A/DiskArbitration
0x00000000036c0000 	/usr/lib/liblangid.dylib
0x00000000036c0000 	/System/Library/PrivateFrameworks/MultitouchSupport.framework/Versions/A/MultitouchSupport
0x00000000036c0000 	/System/Library/Frameworks/IOKit.framework/Versions/A/IOKit
0x00000000036c0000 	/usr/lib/libDiagnosticMessagesClient.dylib
0x00000000036c0000 	/System/Library/Frameworks/CoreServices.framework/Versions/A/CoreServices
0x00000000036c0000 	/System/Library/PrivateFrameworks/PerformanceAnalysis.framework/Versions/A/PerformanceAnalysis
0x00000000036c0000 	/System/Library/PrivateFrameworks/GenerationalStorage.framework/Versions/A/GenerationalStorage
0x00000000036c0000 	/System/Library/Frameworks/OpenGL.framework/Versions/A/OpenGL
0x00000000036c0000 	/System/Library/Frameworks/CoreImage.framework/Versions/A/CoreImage
0x00000000036c0000 	/System/Library/Frameworks/CoreText.framework/Versions/A/CoreText
0x00000000036c0000 	/System/Library/Frameworks/ImageIO.framework/Versions/A/ImageIO
0x00000000036c0000 	/System/Library/PrivateFrameworks/Backup.framework/Versions/A/Backup
0x00000000036c0000 	/usr/lib/libarchive.2.dylib
0x00000000036c0000 	/System/Library/Frameworks/CFNetwork.framework/Versions/A/CFNetwork
0x00000000036c0000 	/System/Library/Frameworks/SystemConfiguration.framework/Versions/A/SystemConfiguration
0x00000000036c0000 	/usr/lib/libCRFSuite.dylib
0x00000000036c0000 	/usr/lib/libc++.1.dylib
0x00000000036c0000 	/usr/lib/libc++abi.dylib
0x00000000036c0000 	/usr/lib/system/libcache.dylib
0x00000000036c0000 	/usr/lib/system/libcommonCrypto.dylib
0x00000000036c0000 	/usr/lib/system/libcompiler_rt.dylib
0x00000000036c0000 	/usr/lib/system/libcopyfile.dylib
0x00000000036c0000 	/usr/lib/system/libcorecrypto.dylib
0x00000000036c0000 	/usr/lib/system/libdispatch.dylib
0x00000000036c0000 	/usr/lib/system/libdyld.dylib
0x00000000036c0000 	/usr/lib/system/libkeymgr.dylib
0x00000000036c0000 	/usr/lib/system/liblaunch.dylib
0x00000000036c0000 	/usr/lib/system/libmacho.dylib
0x00000000036c0000 	/usr/lib/system/libquarantine.dylib
0x00000000036c0000 	/usr/lib/system/libremovefile.dylib
0x00000000036c0000 	/usr/lib/system/libsystem_asl.dylib
0x00000000036c0000 	/usr/lib/system/libsystem_blocks.dylib
0x00000000036c0000 	/usr/lib/system/libsystem_c.dylib
0x00000000036c0000 	/usr/lib/system/libsystem_configuration.dylib
0x00000000036c0000 	/usr/lib/system/libsystem_coreservices.dylib
0x00000000036c0000 	/usr/lib/system/libsystem_coretls.dylib
0x00000000036c0000 	/usr/lib/system/libsystem_dnssd.dylib
0x00000000036c0000 	/usr/lib/system/libsystem_info.dylib
0x00000000036c0000 	/usr/lib/system/libsystem_kernel.dylib
0x00000000036c0000 	/usr/lib/system/libsystem_m.dylib
0x00000000036c0000 	/usr/lib/system/libsystem_malloc.dylib
0x00000000036c0000 	/usr/lib/system/libsystem_network.dylib
0x00000000036c0000 	/usr/lib/system/libsystem_networkextension.dylib
0x00000000036c0000 	/usr/lib/system/libsystem_notify.dylib
0x00000000036c0000 	/usr/lib/system/libsystem_platform.dylib
0x00000000036c0000 	/usr/lib/system/libsystem_pthread.dylib
0x00000000036c0000 	/usr/lib/system/libsystem_sandbox.dylib
0x00000000036c0000 	/usr/lib/system/libsystem_secinit.dylib
0x00000000036c0000 	/usr/lib/system/libsystem_symptoms.dylib
0x00000000036c0000 	/usr/lib/system/libsystem_trace.dylib
0x00000000036c0000 	/usr/lib/system/libunwind.dylib
0x00000000036c0000 	/usr/lib/system/libxpc.dylib
0x00000000036c0000 	/usr/lib/libbsm.0.dylib
0x00000000036c0000 	/usr/lib/system/libkxld.dylib
0x00000000036c0000 	/usr/lib/libcoretls.dylib
0x00000000036c0000 	/usr/lib/libcoretls_cfhelpers.dylib
0x00000000036c0000 	/usr/lib/libOpenScriptingUtil.dylib
0x00000000036c0000 	/usr/lib/libpam.2.dylib
0x00000000036c0000 	/usr/lib/libsqlite3.dylib
0x00000000036c0000 	/usr/lib/libxar.1.dylib
0x00000000036c0000 	/usr/lib/libbz2.1.0.dylib
0x00000000036c0000 	/usr/lib/liblzma.5.dylib
0x00000000036c0000 	/usr/lib/libnetwork.dylib
0x00000000036c0000 	/usr/lib/libpcap.A.dylib
0x00000000036c0000 	/System/Library/Frameworks/CoreServices.framework/Versions/A/Frameworks/FSEvents.framework/Versions/A/FSEvents
0x00000000036c0000 	/System/Library/Frameworks/CoreServices.framework/Versions/A/Frameworks/CarbonCore.framework/Versions/A/CarbonCore
0x00000000036c0000 	/System/Library/Frameworks/CoreServices.framework/Versions/A/Frameworks/Metadata.framework/Versions/A/Metadata
0x00000000036c0000 	/System/Library/Frameworks/CoreServices.framework/Versions/A/Frameworks/OSServices.framework/Versions/A/OSServices
0x00000000036c0000 	/System/Library/Frameworks/CoreServices.framework/Versions/A/Frameworks/SearchKit.framework/Versions/A/SearchKit
0x00000000036c0000 	/System/Library/Frameworks/CoreServices.framework/Versions/A/Frameworks/AE.framework/Versions/A/AE
0x00000000036c0000 	/System/Library/Frameworks/CoreServices.framework/Versions/A/Frameworks/LaunchServices.framework/Versions/A/LaunchServices
0x00000000036c0000 	/System/Library/Frameworks/CoreServices.framework/Versions/A/Frameworks/DictionaryServices.framework/Versions/A/DictionaryServices
0x00000000036c0000 	/System/Library/Frameworks/CoreServices.framework/Versions/A/Frameworks/SharedFileList.framework/Versions/A/SharedFileList
0x00000000036c0000 	/System/Library/Frameworks/NetFS.framework/Versions/A/NetFS
0x00000000036c0000 	/System/Library/PrivateFrameworks/NetAuth.framework/Versions/A/NetAuth
0x00000000036c0000 	/System/Library/PrivateFrameworks/login.framework/Versions/A/Frameworks/loginsupport.framework/Versions/A/loginsupport
0x00000000036c0000 	/System/Library/PrivateFrameworks/TCC.framework/Versions/A/TCC
0x00000000036c0000 	/usr/lib/libmecabra.dylib
0x00000000036c0000 	/System/Library/Frameworks/ApplicationServices.framework/Versions/A/Frameworks/ATS.framework/Versions/A/ATS
0x00000000036c0000 	/System/Library/Frameworks/ApplicationServices.framework/Versions/A/Frameworks/ColorSync.framework/Versions/A/ColorSync
0x00000000036c0000 	/System/Library/Frameworks/ApplicationServices.framework/Versions/A/Frameworks/HIServices.framework/Versions/A/HIServices
0x00000000036c0000 	/System/Library/Frameworks/ApplicationServices.framework/Versions/A/Frameworks/LangAnalysis.framework/Versions/A/LangAnalysis
0x00000000036c0000 	/System/Library/Frameworks/ApplicationServices.framework/Versions/A/Frameworks/PrintCore.framework/Versions/A/PrintCore
0x00000000036c0000 	/System/Library/Frameworks/ApplicationServices.framework/Versions/A/Frameworks/QD.framework/Versions/A/QD
0x00000000036c0000 	/System/Library/Frameworks/ApplicationServices.framework/Versions/A/Frameworks/SpeechSynthesis.framework/Versions/A/SpeechSynthesis
0x00000000036c0000 	/System/Library/Frameworks/Accelerate.framework/Versions/A/Frameworks/vImage.framework/Versions/A/vImage
0x00000000036c0000 	/System/Library/Frameworks/Accelerate.framework/Versions/A/Frameworks/vecLib.framework/Versions/A/vecLib
0x00000000036c0000 	/System/Library/Frameworks/Accelerate.framework/Versions/A/Frameworks/vecLib.framework/Versions/A/libvDSP.dylib
0x00000000036c0000 	/System/Library/Frameworks/Accelerate.framework/Versions/A/Frameworks/vecLib.framework/Versions/A/libBNNS.dylib
0x00000000036c0000 	/System/Library/Frameworks/Accelerate.framework/Versions/A/Frameworks/vecLib.framework/Versions/A/libQuadrature.dylib
0x00000000036c0000 	/System/Library/Frameworks/Accelerate.framework/Versions/A/Frameworks/vecLib.framework/Versions/A/libvMisc.dylib
0x00000000036c0000 	/System/Library/Frameworks/Accelerate.framework/Versions/A/Frameworks/vecLib.framework/Versions/A/libLAPACK.dylib
0x00000000036c0000 	/System/Library/Frameworks/Accelerate.framework/Versions/A/Frameworks/vecLib.framework/Versions/A/libBLAS.dylib
0x00000000036c0000 	/System/Library/Frameworks/Accelerate.framework/Versions/A/Frameworks/vecLib.framework/Versions/A/libLinearAlgebra.dylib
0x00000000036c0000 	/System/Library/Frameworks/Accelerate.framework/Versions/A/Frameworks/vecLib.framework/Versions/A/libSparseBLAS.dylib
0x00000000036c0000 	/System/Library/Frameworks/ApplicationServices.framework/Versions/A/Frameworks/ATS.framework/Versions/A/Resources/libFontParser.dylib
0x00000000036c0000 	/System/Library/Frameworks/ApplicationServices.framework/Versions/A/Frameworks/ATS.framework/Versions/A/Resources/libFontRegistry.dylib
0x00000000036c0000 	/System/Library/Frameworks/ImageIO.framework/Versions/A/Resources/libJPEG.dylib
0x00000000036c0000 	/System/Library/Frameworks/ImageIO.framework/Versions/A/Resources/libTIFF.dylib
0x00000000036c0000 	/System/Library/Frameworks/ImageIO.framework/Versions/A/Resources/libPng.dylib
0x00000000036c0000 	/System/Library/Frameworks/ImageIO.framework/Versions/A/Resources/libGIF.dylib
0x00000000036c0000 	/System/Library/Frameworks/ImageIO.framework/Versions/A/Resources/libJP2.dylib
0x00000000036c0000 	/System/Library/Frameworks/ImageIO.framework/Versions/A/Resources/libRadiance.dylib
0x00000000036c0000 	/usr/lib/libcompression.dylib
0x00000000036c0000 	/System/Library/PrivateFrameworks/AppleJPEG.framework/Versions/A/AppleJPEG
0x00000000036c0000 	/usr/lib/libcups.2.dylib
0x00000000036c0000 	/System/Library/Frameworks/Kerberos.framework/Versions/A/Kerberos
0x00000000036c0000 	/System/Library/Frameworks/GSS.framework/Versions/A/GSS
0x00000000036c0000 	/usr/lib/libresolv.9.dylib
0x00000000036c0000 	/usr/lib/libiconv.2.dylib
0x00000000036c0000 	/System/Library/PrivateFrameworks/Heimdal.framework/Versions/A/Heimdal
0x00000000036c0000 	/usr/lib/libheimdal-asn1.dylib
0x00000000036c0000 	/System/Library/Frameworks/OpenDirectory.framework/Versions/A/OpenDirectory
0x00000000036c0000 	/System/Library/PrivateFrameworks/CommonAuth.framework/Versions/A/CommonAuth
0x00000000036c0000 	/System/Library/Frameworks/OpenDirectory.framework/Versions/A/Frameworks/CFOpenDirectory.framework/Versions/A/CFOpenDirectory
0x00000000036c0000 	/System/Library/Frameworks/SecurityFoundation.framework/Versions/A/SecurityFoundation
0x00000000036c0000 	/System/Library/PrivateFrameworks/LanguageModeling.framework/Versions/A/LanguageModeling
0x00000000036c0000 	/usr/lib/libmarisa.dylib
0x00000000036c0000 	/usr/lib/libChineseTokenizer.dylib
0x00000000036c0000 	/usr/lib/libcmph.dylib
0x00000000036c0000 	/System/Library/PrivateFrameworks/CoreEmoji.framework/Versions/A/CoreEmoji
0x00000000036c0000 	/System/Library/Frameworks/ServiceManagement.framework/Versions/A/ServiceManagement
0x00000000036c0000 	/usr/lib/libxslt.1.dylib
0x00000000036c0000 	/System/Library/Frameworks/Carbon.framework/Versions/A/Frameworks/Ink.framework/Versions/A/Ink
0x00000000036c0000 	/System/Library/PrivateFrameworks/TextureIO.framework/Versions/A/TextureIO
0x00000000036c0000 	/System/Library/Frameworks/Metal.framework/Versions/A/Metal
0x00000000036c0000 	/usr/lib/libate.dylib
0x00000000036c0000 	/System/Library/PrivateFrameworks/GPUCompiler.framework/libmetal_timestamp.dylib
0x00000000036c0000 	/System/Library/Frameworks/OpenGL.framework/Versions/A/Libraries/libCoreFSCache.dylib
0x00000000036c0000 	/System/Library/PrivateFrameworks/IOAccelerator.framework/Versions/A/IOAccelerator
0x00000000036c0000 	/System/Library/Frameworks/CoreVideo.framework/Versions/A/CoreVideo
0x00000000036c0000 	/usr/lib/libFosl_dynamic.dylib
0x00000000036c0000 	/System/Library/PrivateFrameworks/MetalPerformanceShaders.framework/Versions/A/MetalPerformanceShaders
0x00000000036c0000 	/System/Library/PrivateFrameworks/FaceCore.framework/Versions/A/FaceCore
0x00000000036c0000 	/System/Library/Frameworks/OpenCL.framework/Versions/A/OpenCL
0x00000000036c0000 	/System/Library/Frameworks/OpenGL.framework/Versions/A/Libraries/libGLU.dylib
0x00000000036c0000 	/System/Library/Frameworks/OpenGL.framework/Versions/A/Libraries/libGFXShared.dylib
0x00000000036c0000 	/System/Library/Frameworks/OpenGL.framework/Versions/A/Libraries/libGL.dylib
0x00000000036c0000 	/System/Library/Frameworks/OpenGL.framework/Versions/A/Libraries/libGLImage.dylib
0x00000000036c0000 	/System/Library/Frameworks/OpenGL.framework/Versions/A/Libraries/libCVMSPluginSupport.dylib
0x00000000036c0000 	/System/Library/Frameworks/OpenGL.framework/Versions/A/Libraries/libCoreVMClient.dylib
0x00000000036c0000 	/System/Library/PrivateFrameworks/CrashReporterSupport.framework/Versions/A/CrashReporterSupport
0x00000000036c0000 	/System/Library/PrivateFrameworks/Sharing.framework/Versions/A/Sharing
0x00000000036c0000 	/System/Library/PrivateFrameworks/IconServices.framework/Versions/A/IconServices
0x00000000036c0000 	/System/Library/PrivateFrameworks/ProtocolBuffer.framework/Versions/A/ProtocolBuffer
0x00000000036c0000 	/System/Library/PrivateFrameworks/Apple80211.framework/Versions/A/Apple80211
0x00000000036c0000 	/System/Library/Frameworks/CoreWLAN.framework/Versions/A/CoreWLAN
0x00000000036c0000 	/System/Library/PrivateFrameworks/CoreUtils.framework/Versions/A/CoreUtils
0x00000000036c0000 	/System/Library/Frameworks/IOBluetooth.framework/Versions/A/IOBluetooth
0x00000000036c0000 	/System/Library/PrivateFrameworks/CoreWiFi.framework/Versions/A/CoreWiFi
0x00000000036c0000 	/System/Library/Frameworks/CoreBluetooth.framework/Versions/A/CoreBluetooth
0x00000000036c0000 	/System/Library/Frameworks/CoreDisplay.framework/Versions/A/CoreDisplay
0x00000000036c0000 	/System/Library/PrivateFrameworks/IOPresentment.framework/Versions/A/IOPresentment
0x00000000036c0000 	/System/Library/PrivateFrameworks/DSExternalDisplay.framework/Versions/A/DSExternalDisplay
0x00000000036c0000 	/System/Library/PrivateFrameworks/DebugSymbols.framework/Versions/A/DebugSymbols
0x00000000036c0000 	/System/Library/PrivateFrameworks/CoreSymbolication.framework/Versions/A/CoreSymbolication
0x00000000036c0000 	/System/Library/PrivateFrameworks/Symbolication.framework/Versions/A/Symbolication
0x00000000036c0000 	/System/Library/PrivateFrameworks/AppleFSCompression.framework/Versions/A/AppleFSCompression
0x00000000036c0000 	/System/Library/PrivateFrameworks/SpeechRecognitionCore.framework/Versions/A/SpeechRecognitionCore
0x00000000036c0000 	/System/Library/PrivateFrameworks/ChunkingLibrary.framework/Versions/A/ChunkingLibrary
0x0000000110200000 	/Library/Java/JavaVirtualMachines/jdk1.8.0_45.jdk/Contents/Home/jre/lib/server/libjvm.dylib
0x00000000036c0000 	/usr/lib/libstdc++.6.dylib
0x000000010f0f3000 	/Library/Java/JavaVirtualMachines/jdk1.8.0_45.jdk/Contents/Home/jre/lib/libverify.dylib
0x000000010f101000 	/Library/Java/JavaVirtualMachines/jdk1.8.0_45.jdk/Contents/Home/jre/lib/libjava.dylib
0x000000010f140000 	/Library/Java/JavaVirtualMachines/jdk1.8.0_45.jdk/Contents/Home/jre/lib/libzip.dylib
0x000000010f1e2000 	/System/Library/Frameworks/JavaVM.framework/Frameworks/JavaRuntimeSupport.framework/JavaRuntimeSupport
0x000000012c215000 	/System/Library/Frameworks/JavaVM.framework/Versions/A/Frameworks/JavaNativeFoundation.framework/Versions/A/JavaNativeFoundation
0x000000012c22a000 	/System/Library/Frameworks/JavaVM.framework/Versions/A/JavaVM
0x00000000036c0000 	/System/Library/Frameworks/Carbon.framework/Versions/A/Carbon
0x000000012c237000 	/System/Library/PrivateFrameworks/JavaLaunching.framework/Versions/A/JavaLaunching
0x00000000036c0000 	/System/Library/Frameworks/Carbon.framework/Versions/A/Frameworks/CommonPanels.framework/Versions/A/CommonPanels
0x00000000036c0000 	/System/Library/Frameworks/Carbon.framework/Versions/A/Frameworks/Help.framework/Versions/A/Help
0x00000000036c0000 	/System/Library/Frameworks/Carbon.framework/Versions/A/Frameworks/ImageCapture.framework/Versions/A/ImageCapture
0x00000000036c0000 	/System/Library/Frameworks/Carbon.framework/Versions/A/Frameworks/OpenScripting.framework/Versions/A/OpenScripting
0x00000000036c0000 	/System/Library/Frameworks/Carbon.framework/Versions/A/Frameworks/Print.framework/Versions/A/Print
0x00000000036c0000 	/System/Library/Frameworks/Carbon.framework/Versions/A/Frameworks/SecurityHI.framework/Versions/A/SecurityHI
0x000000012dbbf000 	/Library/Java/JavaVirtualMachines/jdk1.8.0_45.jdk/Contents/Home/jre/lib/libawt.dylib
0x000000012dc67000 	/Library/Java/JavaVirtualMachines/jdk1.8.0_45.jdk/Contents/Home/jre/lib/./libmlib_image.dylib
0x000000012dd33000 	/Library/Java/JavaVirtualMachines/jdk1.8.0_45.jdk/Contents/Home/jre/lib/libawt_lwawt.dylib
0x000000012dde7000 	/Library/Java/JavaVirtualMachines/jdk1.8.0_45.jdk/Contents/Home/jre/lib/./libosxapp.dylib
0x00000000036c0000 	/System/Library/Frameworks/ExceptionHandling.framework/Versions/A/ExceptionHandling
0x00000000036c0000 	/System/Library/PrivateFrameworks/CoreServicesInternal.framework/Versions/A/CoreServicesInternal
0x00000000036c0000 	/System/Library/CoreServices/RawCamera.bundle/Contents/MacOS/RawCamera
0x00000000036c0000 	/System/Library/Frameworks/Accelerate.framework/Versions/A/Frameworks/vImage.framework/Versions/A/Libraries/libCGInterfaces.dylib
0x00000000036c0000 	/System/Library/Frameworks/ApplicationServices.framework/Versions/A/Frameworks/ATS.framework/Versions/A/Resources/libTrueTypeScaler.dylib
0x000000012fd53000 	/System/Library/Frameworks/OpenGL.framework/Resources/GLEngine.bundle/GLEngine
0x00000000036c0000 	/System/Library/Frameworks/OpenGL.framework/Versions/A/Libraries/libGLProgrammability.dylib
0x000000012ff38000 	/System/Library/Extensions/AppleIntelHD5000GraphicsGLDriver.bundle/Contents/MacOS/AppleIntelHD5000GraphicsGLDriver
0x00000000036c0000 	/System/Library/PrivateFrameworks/GPUSupport.framework/Versions/A/Libraries/libGPUSupportMercury.dylib
0x00000001306a6000 	/System/Library/Extensions/AMDRadeonX4000GLDriver.bundle/Contents/MacOS/AMDRadeonX4000GLDriver
0x0000000130786000 	/System/Library/Extensions/AMDRadeonX4000GLDriver.bundle/Contents/MacOS/ATIRadeonX4000SCLib.dylib
0x0000000130d63000 	/System/Library/Frameworks/OpenGL.framework/Resources//GLRendererFloat.bundle/GLRendererFloat
0x00000000036c0000 	/System/Library/Frameworks/OpenCL.framework/Versions/A/Libraries/libcldcpuengine.dylib
0x00000000036c0000 	/usr/lib/libcrypto.0.9.8.dylib
0x00000000036c0000 	/System/Library/PrivateFrameworks/TrustEvaluationAgent.framework/Versions/A/TrustEvaluationAgent
0x00000000036c0000 	/System/Library/Extensions/AMDMTLBronzeDriver.bundle/Contents/MacOS/AMDMTLBronzeDriver
0x00000000036c0000 	/System/Library/PrivateFrameworks/IOAccelMemoryInfo.framework/Versions/A/IOAccelMemoryInfo
0x0000000130daf000 	/System/Library/Extensions/AppleIntelHD5000GraphicsMTLDriver.bundle/Contents/MacOS/AppleIntelHD5000GraphicsMTLDriver
0x00000000036c0000 	/System/Library/PrivateFrameworks/FamilyControls.framework/Versions/A/FamilyControls
0x00000000036c0000 	/System/Library/PrivateFrameworks/CommerceKit.framework/Versions/A/Frameworks/CommerceCore.framework/Versions/A/CommerceCore
0x00000000036c0000 	/System/Library/PrivateFrameworks/SystemAdministration.framework/Versions/A/SystemAdministration
0x00000000036c0000 	/System/Library/PrivateFrameworks/AppContainer.framework/Versions/A/AppContainer
0x00000000036c0000 	/System/Library/PrivateFrameworks/SecCodeWrapper.framework/Versions/A/SecCodeWrapper
0x00000000036c0000 	/System/Library/Frameworks/DirectoryService.framework/Versions/A/DirectoryService
0x00000000036c0000 	/System/Library/PrivateFrameworks/DiskImages.framework/Versions/A/DiskImages
0x00000000036c0000 	/System/Library/PrivateFrameworks/LoginUIKit.framework/Versions/A/Frameworks/LoginUICore.framework/Versions/A/LoginUICore
0x00000000036c0000 	/usr/lib/libCoreStorage.dylib
0x00000000036c0000 	/usr/lib/libcsfde.dylib
0x00000000036c0000 	/usr/lib/libodfde.dylib
0x00000000036c0000 	/System/Library/Frameworks/DiscRecording.framework/Versions/A/DiscRecording
0x00000000036c0000 	/usr/lib/libcurl.4.dylib
0x00000000036c0000 	/System/Library/PrivateFrameworks/MediaKit.framework/Versions/A/MediaKit
0x00000000036c0000 	/System/Library/PrivateFrameworks/ProtectedCloudStorage.framework/Versions/A/ProtectedCloudStorage
0x00000000036c0000 	/System/Library/PrivateFrameworks/EFILogin.framework/Versions/A/EFILogin
0x00000000036c0000 	/usr/lib/libutil.dylib
0x00000000036c0000 	/System/Library/Frameworks/LDAP.framework/Versions/A/LDAP
0x00000000036c0000 	/usr/lib/libsasl2.2.dylib
0x00000000036c0000 	/System/Library/PrivateFrameworks/CoreDaemon.framework/Versions/B/CoreDaemon
0x00000000036c0000 	/System/Library/PrivateFrameworks/AppleSRP.framework/Versions/A/AppleSRP
0x00000000036c0000 	/System/Library/PrivateFrameworks/APFS.framework/Versions/A/APFS
0x00000001321cf000 	/Library/Java/JavaVirtualMachines/jdk1.8.0_45.jdk/Contents/Home/jre/lib/libfontmanager.dylib
0x00000001325f6000 	/Library/Java/JavaVirtualMachines/jdk1.8.0_45.jdk/Contents/Home/jre/lib/libnet.dylib
0x0000000132655000 	/Library/Java/JavaVirtualMachines/jdk1.8.0_45.jdk/Contents/Home/jre/lib/libnio.dylib
0x0000000132665000 	/private/var/folders/zg/hfr96y0s0797p430mx5rs1hw0000gr/T/jogamp_0000/file_cache/jln8420097216910237236/jln2135457442081599270/natives/macosx-universal/libgluegen-rt.jnilib
0x00000000036c0000 	/System/Library/PrivateFrameworks/ViewBridge.framework/Versions/A/ViewBridge
0x00000000036c0000 	/System/Library/PrivateFrameworks/XPCService.framework/Versions/A/XPCService
0x00000000036c0000 	/System/Library/PrivateFrameworks/AppSandbox.framework/Versions/A/AppSandbox
0x00000000036c0000 	/usr/lib/libsandbox.1.dylib
0x00000000036c0000 	/usr/lib/libMatch.1.dylib
0x000000013284d000 	/private/var/folders/zg/hfr96y0s0797p430mx5rs1hw0000gr/T/jogamp_0000/file_cache/jln8420097216910237236/jln2135457442081599270/natives/macosx-universal/libnativewindow_awt.jnilib
0x0000000132850000 	/Library/Java/JavaVirtualMachines/jdk1.8.0_45.jdk/Contents/Home/jre/lib/libjawt.dylib
0x0000000132853000 	/private/var/folders/zg/hfr96y0s0797p430mx5rs1hw0000gr/T/jogamp_0000/file_cache/jln8420097216910237236/jln2135457442081599270/natives/macosx-universal/libnativewindow_macosx.jnilib
0x000000012e322000 	/private/var/folders/zg/hfr96y0s0797p430mx5rs1hw0000gr/T/jogamp_0000/file_cache/jln8420097216910237236/jln2135457442081599270/natives/macosx-universal/libnewt.jnilib
0x000000012e8c5000 	/private/var/folders/zg/hfr96y0s0797p430mx5rs1hw0000gr/T/jogamp_0000/file_cache/jln8420097216910237236/jln2135457442081599270/natives/macosx-universal/libjogl_desktop.jnilib
0x000000012e999000 	/private/var/folders/zg/hfr96y0s0797p430mx5rs1hw0000gr/T/jogamp_0000/file_cache/jln8420097216910237236/jln2135457442081599270/natives/macosx-universal/libjogl_mobile.jnilib
0x000000012fc22000 	/Library/Java/JavaVirtualMachines/jdk1.8.0_45.jdk/Contents/Home/jre/lib/libjsound.dylib
0x000000012fc35000 	/System/Library/Frameworks/CoreMIDI.framework/Versions/A/CoreMIDI
0x0000000134c8c000 	/usr/lib/libexpat.1.dylib
0x000000012fb21000 	/System/Library/Extensions/AppleHDA.kext/Contents/PlugIns/AppleHDAHALPlugIn.bundle/Contents/MacOS/AppleHDAHALPlugIn
0x0000000134d48000 	/Library/Audio/Plug-Ins/HAL/JackRouter.plugin/Contents/MacOS/JackRouter
0x0000000134d8b000 	/usr/local/lib/libjack.0.dylib
0x000000012eb5a000 	/private/var/folders/zg/hfr96y0s0797p430mx5rs1hw0000gr/T/coreMidi4J9097417940252024815.tmp/libCoreMidi4J.dylib
0x00000001326e0000 	/Library/Java/JavaVirtualMachines/jdk1.8.0_45.jdk/Contents/Home/jre/lib/libjpeg.dylib
0x000000012fac2000 	/Library/Java/JavaVirtualMachines/jdk1.8.0_45.jdk/Contents/Home/jre/lib/liblcms.dylib
0x0000000137a34000 	/System/Library/Components/CoreAudio.component/Contents/MacOS/CoreAudio
0x00000001327eb000 	/Library/Java/JavaVirtualMachines/jdk1.8.0_45.jdk/Contents/Home/jre/lib/libdcpr.dylib
0x000000013285d000 	/private/var/folders/zg/hfr96y0s0797p430mx5rs1hw0000gr/T/libaparapi_x86_642365352866072600980.dylib

VM Arguments:
jvm_args: -Dfile.encoding=UTF-8 -Duser.country=US -Duser.language=en -Duser.variant 
java_command: com.symmetrylabs.slstudio.SLStudio
java_class_path (initial): /Users/jake/SymmetryLabs/Code/SLStudio/build/classes/java/main:/Users/jake/SymmetryLabs/Code/SLStudio/build/classes/kotlin/main:/Users/jake/SymmetryLabs/Code/SLStudio/build/resources/main:/Users/jake/SymmetryLabs/Code/SLStudio/libs/gluegen-rt-natives-linux-aarch64.jar:/Users/jake/SymmetryLabs/Code/SLStudio/libs/gluegen-rt-natives-linux-amd64.jar:/Users/jake/SymmetryLabs/Code/SLStudio/libs/gluegen-rt-natives-linux-armv6hf.jar:/Users/jake/SymmetryLabs/Code/SLStudio/libs/gluegen-rt-natives-linux-i586.jar:/Users/jake/SymmetryLabs/Code/SLStudio/libs/gluegen-rt-natives-macosx-universal.jar:/Users/jake/SymmetryLabs/Code/SLStudio/libs/gluegen-rt-natives-windows-amd64.jar:/Users/jake/SymmetryLabs/Code/SLStudio/libs/gluegen-rt-natives-windows-i586.jar:/Users/jake/SymmetryLabs/Code/SLStudio/libs/gluegen-rt.jar:/Users/jake/SymmetryLabs/Code/SLStudio/libs/jogl-all-2.3.2-natives-linux-amd64.jar:/Users/jake/SymmetryLabs/Code/SLStudio/libs/jogl-all-natives-linux-aarch64.jar:/Users/jake/SymmetryLabs/Code/SLStudio/libs/jogl-all-natives-linux-amd64.jar:/Users/jake/SymmetryLabs/Code/SLStudio/libs/jogl-all-natives-linux-armv6hf.jar:/Users/jake/SymmetryLabs/Code/SLStudio/libs/jogl-all-natives-linux-i586.jar:/Users/jake/SymmetryLabs/Code/SLStudio/libs/jogl-all-natives-macosx-universal.jar:/Users/jake/SymmetryLabs/Code/SLStudio/libs/jogl-all-natives-windows-amd64.jar:/Users/jake/SymmetryLabs/Code/SLStudio/libs/jogl-all-natives-windows-i586.jar:/Users/jake/SymmetryLabs/Code/SLStudio/libs/jogl-all.jar:/Users/jake/SymmetryLabs/Code/SLStudio/libs/minim.jar:/Users/jake/SymmetryLabs/Code/SLStudio/libs/P3LX.jar:/Users/jake/.gradle/caches/modules-2/files-2.1/org.processing/core/3.3.6/f89688e748c841a79624ac2b68f92f9df3ea186a/core-3.3.6.jar:/Users/jake/.gradle/caches/modules-2/files-2.1/com.harium/kdtree/1.0.0/672b9c3f7f966d31baa1a1c36c186ec0d74b85c9/kdtree-1.0.0.jar:/Users/jake/.gradle/caches/modules-2/files-2.1/org.javassist/javassist/3.22.0-GA/3e83394258ae2089be7219b9
Launcher Type: SUN_STANDARD

Environment Variables:
PATH=/Users/jake/.npm-global/bin:/Library/Frameworks/Python.framework/Versions/3.6/bin:/usr/local/bin:/usr/bin:/bin:/usr/sbin:/sbin:/Applications/Server.app/Contents/ServerRoot/usr/bin:/Applications/Server.app/Contents/ServerRoot/usr/sbin:/Applications/Wireshark.app/Contents/MacOS:/Users/jake/.rvm/bin
SHELL=/bin/zsh

Signal Handlers:
SIGSEGV: [libjvm.dylib+0x58ef95], sa_mask[0]=11111111011111110111111111111111, sa_flags=SA_ONSTACK|SA_RESTART|SA_SIGINFO
SIGBUS: [libjvm.dylib+0x58ef95], sa_mask[0]=11111111011111110111111111111111, sa_flags=SA_RESTART|SA_SIGINFO
SIGFPE: [libjvm.dylib+0x46c108], sa_mask[0]=11111111011111110111111111111111, sa_flags=SA_RESTART|SA_SIGINFO
SIGPIPE: [libjvm.dylib+0x46c108], sa_mask[0]=11111111011111110111111111111111, sa_flags=SA_RESTART|SA_SIGINFO
SIGXFSZ: [libjvm.dylib+0x46c108], sa_mask[0]=11111111011111110111111111111111, sa_flags=SA_RESTART|SA_SIGINFO
SIGILL: [libjvm.dylib+0x46c108], sa_mask[0]=11111111011111110111111111111111, sa_flags=SA_RESTART|SA_SIGINFO
SIGUSR1: SIG_DFL, sa_mask[0]=00000000000000000000000000000000, sa_flags=SA_RESTART
SIGUSR2: [libjvm.dylib+0x46bc26], sa_mask[0]=00100000000000000000000000000000, sa_flags=SA_RESTART|SA_SIGINFO
SIGHUP: [libjvm.dylib+0x46a1f9], sa_mask[0]=11111111011111110111111111111111, sa_flags=SA_RESTART|SA_SIGINFO
SIGINT: [libjvm.dylib+0x46a1f9], sa_mask[0]=11111111011111110111111111111111, sa_flags=SA_RESTART|SA_SIGINFO
SIGTERM: [libjvm.dylib+0x46a1f9], sa_mask[0]=11111111011111110111111111111111, sa_flags=SA_RESTART|SA_SIGINFO
SIGQUIT: [libjvm.dylib+0x46a1f9], sa_mask[0]=11111111011111110111111111111111, sa_flags=SA_RESTART|SA_SIGINFO


---------------  S Y S T E M  ---------------

OS:Bsduname:Darwin 16.7.0 Darwin Kernel Version 16.7.0: Thu Jun 15 17:36:27 PDT 2017; root:xnu-3789.70.16~2/RELEASE_X86_64 x86_64
rlimit: STACK 8192k, CORE 0k, NPROC 709, NOFILE 10240, AS infinity
load average:2.23 2.29 2.23

CPU:total 8 (4 cores per cpu, 2 threads per core) family 6 model 70 stepping 1, cmov, cx8, fxsr, mmx, sse, sse2, sse3, ssse3, sse4.1, sse4.2, popcnt, avx, avx2, aes, clmul, erms, lzcnt, ht, tsc, tscinvbit, bmi1, bmi2

Memory: 4k page, physical 16777216k(1173504k free)

/proc/meminfo:


vm_info: Java HotSpot(TM) 64-Bit Server VM (25.45-b02) for bsd-amd64 JRE (1.8.0_45-b14), built on Apr 10 2015 10:46:38 by "java_re" with gcc 4.2.1 (Based on Apple Inc. build 5658) (LLVM build 2336.11.00)

time: Mon Feb 19 12:36:26 2018
elapsed time: 5995 seconds (0d 1h 39m 55s)

