#
# A fatal error has been detected by the Java Runtime Environment:
#
#  SIGBUS (0xa) at pc=0x00000001107a3791, pid=13582, tid=10243
#
# JRE version: Java(TM) SE Runtime Environment (8.0_45-b14) (build 1.8.0_45-b14)
# Java VM: Java HotSpot(TM) 64-Bit Server VM (25.45-b02 mixed mode bsd-amd64 compressed oops)
# Problematic frame:
# V  [libjvm.dylib+0x1a3791]  oopDesc::size()+0x2d
#
# Failed to write core dump. Core dumps have been disabled. To enable core dumping, try "ulimit -c unlimited" before starting Java again
#
# If you would like to submit a bug report, please visit:
#   http://bugreport.java.com/bugreport/crash.jsp
#

---------------  T H R E A D  ---------------

Current thread (0x00007feab5009800):  GCTaskThread [stack: 0x0000700009f3f000,0x000070000a03f000] [id=10243]

siginfo: si_signo: 10 (SIGBUS), si_code: 2 (BUS_ADRERR), si_addr: 0x00000007f8000008

Registers:
RAX=0x0000000110e15520, RBX=0x00000006c371fff8, RCX=0x0000000000000003, RDX=0x0000000800000001
RSP=0x000070000a03ec90, RBP=0x000070000a03ec90, RSI=0x00000006c37174c0, RDI=0x00000007f8000000
R8 =0x00007feab5014580, R9 =0xfffffffeee67ebed, R10=0x000000000364f412, R11=0x0000000111981412
R12=0x000000011194d158, R13=0x00000006c2a10800, R14=0x00000006c37174c0, R15=0x000000011214e8b9
RIP=0x00000001107a3791, EFLAGS=0x0000000000010206, ERR=0x0000000000000004
  TRAPNO=0x000000000000000e

Top of Stack: (sp=0x000070000a03ec90)
0x000070000a03ec90:   000070000a03ecc0 0000000110752b55
0x000070000a03eca0:   0000000111947084 00000006c3710090
0x000070000a03ecb0:   000000011194d900 000000011194d880
0x000070000a03ecc0:   000070000a03ed80 000000011075217a
0x000070000a03ecd0:   0000000000000000 0000000000000400
0x000070000a03ece0:   fffffffeee67ebed 0000000000000080
0x000070000a03ecf0:   0000000111981411 000000010e332080
0x000070000a03ed00:   0000000111981412 000000000361b800
0x000070000a03ed10:   fffffffeee6b26ff 000000000364f412
0x000070000a03ed20:   000000011194d156 00000006c3710000
0x000070000a03ed30:   00000006c9e82308 00000006c3720000
0x000070000a03ed40:   00007feab440f500 00007feab5014580
0x000070000a03ed50:   00007feab440f2f0 00007feab47077b0
0x000070000a03ed60:   0000000000000000 0000000110befe90
0x000070000a03ed70:   00007feab5014580 0000000000000001
0x000070000a03ed80:   000070000a03edb0 0000000110aac12f
0x000070000a03ed90:   0000000000000008 00007feab4412710
0x000070000a03eda0:   00007feab5009800 00007feab47077b0
0x000070000a03edb0:   000070000a03ee90 000000011086c111
0x000070000a03edc0:   000070000a03edf0 00007feab4414a70
0x000070000a03edd0:   00007feab4414aa0 00007feab4414ab0
0x000070000a03ede0:   00007feab4414e88 00000000000003d8
0x000070000a03edf0:   00007feab5009800 00007feab4414e90
0x000070000a03ee00:   00007feab4414ed0 00007feab4414ee0
0x000070000a03ee10:   00007feab4414fb8 00000000000000d8
0x000070000a03ee20:   000070000a03ee30 0000000000000000
0x000070000a03ee30:   00007feab5009800 00007feab4414e90
0x000070000a03ee40:   00007feab4414ed0 00007feab4414ee0
0x000070000a03ee50:   00007feab4414fb8 00000000000000d8
0x000070000a03ee60:   00007feab44150d0 00007feab5009800
0x000070000a03ee70:   00000000001122c1 0000000000002803
0x000070000a03ee80:   00007feab4415990 00007feab4415a00 

Instructions: (pc=0x00000001107a3791)
0x00000001107a3771:   84 d2 48 89 fe 74 15 48 8d 05 a1 1d 67 00 8a 48
0x00000001107a3781:   08 8b 7e 08 48 d3 e7 48 03 38 eb 04 48 8b 7e 08
0x00000001107a3791:   8b 47 08 85 c0 7e 09 a8 01 75 4e c1 f8 03 eb 47
0x00000001107a37a1:   85 c0 7f 43 85 c0 79 41 84 d2 0f 94 c1 0f b6 c9 

Register to memory mapping:

RAX=0x0000000110e15520: _ZN8Universe13_narrow_klassE+0 in /Library/Java/JavaVirtualMachines/jdk1.8.0_45.jdk/Contents/Home/jre/lib/server/libjvm.dylib at 0x0000000110600000
RBX=
[error occurred during error reporting (printing register info), id 0xa]

Stack: [0x0000700009f3f000,0x000070000a03f000],  sp=0x000070000a03ec90,  free space=1023k
Native frames: (J=compiled Java code, j=interpreted, Vv=VM code, C=native code)
V  [libjvm.dylib+0x1a3791]  oopDesc::size()+0x2d
V  [libjvm.dylib+0x152b55]  ObjectStartArray::object_start(HeapWord*) const+0x5d
V  [libjvm.dylib+0x15217a]  CardTableExtension::scavenge_contents_parallel(ObjectStartArray*, MutableSpace*, HeapWord*, PSPromotionManager*, unsigned int, unsigned int)+0x152
V  [libjvm.dylib+0x4ac12f]  OldToYoungRootsTask::do_it(GCTaskManager*, unsigned int)+0x4b
V  [libjvm.dylib+0x26c111]  GCTaskThread::run()+0x1a1
V  [libjvm.dylib+0x46ea7e]  java_start(Thread*)+0xf6
C  [libsystem_pthread.dylib+0x393b]  _pthread_body+0xb4
C  [libsystem_pthread.dylib+0x3887]  _pthread_body+0x0
C  [libsystem_pthread.dylib+0x308d]  thread_start+0xd


---------------  P R O C E S S  ---------------

Java Threads: ( => current thread )
  0x00007feab78d9000 JavaThread "AWT-Shutdown" [_thread_blocked, id=183815, stack(0x000070000b178000,0x000070000b278000)]
  0x00007feab78d8000 JavaThread "ForkJoinPool.commonPool-worker-4" daemon [_thread_blocked, id=183503, stack(0x000070000cdd8000,0x000070000ced8000)]
  0x00007feab8785800 JavaThread "pool-1-thread-74" [_thread_blocked, id=172015, stack(0x000070000aff2000,0x000070000b0f2000)]
  0x00007feab781a000 JavaThread "ForkJoinPool.commonPool-worker-3" daemon [_thread_blocked, id=140295, stack(0x000070000ccd5000,0x000070000cdd5000)]
  0x00007feab8901000 JavaThread "ForkJoinPool.commonPool-worker-2" daemon [_thread_blocked, id=183051, stack(0x000070000cbd2000,0x000070000ccd2000)]
  0x00007feab8900000 JavaThread "ForkJoinPool.commonPool-worker-1" daemon [_thread_blocked, id=182419, stack(0x000070000cacf000,0x000070000cbcf000)]
  0x00007feab7901800 JavaThread "ForkJoinPool.commonPool-worker-0" daemon [_thread_blocked, id=192207, stack(0x000070000c02e000,0x000070000c12e000)]
  0x00007feab604d000 JavaThread "LXChannel thread #18" [_thread_blocked, id=192831, stack(0x000070000be28000,0x000070000bf28000)]
  0x00007feab71b0800 JavaThread "LXChannel thread #20" [_thread_blocked, id=172667, stack(0x000070000c9cc000,0x000070000cacc000)]
  0x00007feab70c3000 JavaThread "LXChannel thread #19" [_thread_blocked, id=4875, stack(0x000070000c8c9000,0x000070000c9c9000)]
  0x00007feab83f1800 JavaThread "LXChannel thread #17" [_thread_blocked, id=36895, stack(0x000070000c7c6000,0x000070000c8c6000)]
  0x00007feab71b2800 JavaThread "LXChannel thread #16" [_thread_blocked, id=16803, stack(0x000070000c6c3000,0x000070000c7c3000)]
  0x00007feab5884000 JavaThread "LXAudioEngine Input Thread" [_thread_blocked, id=141595, stack(0x000070000c2b7000,0x000070000c3b7000)]
  0x00007feab8842000 JavaThread "Thread-57" [_thread_blocked, id=138455, stack(0x000070000c131000,0x000070000c231000)]
  0x00007feabf190800 JavaThread "Thread-54" [_thread_blocked, id=180759, stack(0x000070000bd25000,0x000070000be25000)]
  0x00007feab671a000 JavaThread "Thread-53" [_thread_blocked, id=176147, stack(0x000070000bc22000,0x000070000bd22000)]
  0x00007feab65e6800 JavaThread "pool-1-thread-68" [_thread_blocked, id=17439, stack(0x0000700009b30000,0x0000700009c30000)]
  0x00007feab5175000 JavaThread "Thread-38" daemon [_thread_in_native, id=4611, stack(0x0000700009bb3000,0x0000700009c33000)]
  0x00007feab4d55000 JavaThread "Thread-32" daemon [_thread_in_native, id=46339, stack(0x000070000b27e000,0x000070000b2fe000)]
  0x00007feab8725000 JavaThread "Thread-27" daemon [_thread_in_native, id=37891, stack(0x000070000b178000,0x000070000b1f8000)]
  0x00007feab5746000 JavaThread "Thread-25" daemon [_thread_in_native, id=61711, stack(0x000070000b487000,0x000070000b507000)]
  0x00007feab7861000 JavaThread "Thread-22" daemon [_thread_in_native, id=46103, stack(0x000070000b1fb000,0x000070000b27b000)]
  0x00007feab52f1800 JavaThread "Thread-20" daemon [_thread_in_native, id=17411, stack(0x000070000a85a000,0x000070000a8da000)]
  0x00007feab5512000 JavaThread "Thread-18" daemon [_thread_in_native, id=4099, stack(0x0000700009b30000,0x0000700009bb0000)]
  0x00007feab822f000 JavaThread "Thread-16" daemon [_thread_in_native, id=28423, stack(0x000070000aff2000,0x000070000b072000)]
  0x00007feab4d48000 JavaThread "ForkJoinPool.commonPool-worker-7" daemon [_thread_blocked, id=185347, stack(0x00007000114aa000,0x00007000115aa000)]
  0x00007feab5885000 JavaThread "ForkJoinPool.commonPool-worker-6" daemon [_thread_blocked, id=184835, stack(0x00007000113a7000,0x00007000114a7000)]
  0x00007feab4ae5800 JavaThread "Thread-14" [_thread_in_native, id=179723, stack(0x0000700010989000,0x0000700010a89000)]
  0x00007feab71f3800 JavaThread "pool-1-thread-66" [_thread_blocked, id=176387, stack(0x0000700010680000,0x0000700010780000)]
  0x00007feab5390800 JavaThread "LXEngine Render Thread" [_thread_blocked, id=143671, stack(0x000070000c5c0000,0x000070000c6c0000)]
  0x00007feab56bc800 JavaThread "Thread-9" [_thread_in_native, id=141059, stack(0x000070000c4bd000,0x000070000c5bd000)]
  0x00007feab56cb800 JavaThread "LXEngine Network Thread" [_thread_blocked, id=140547, stack(0x000070000c3ba000,0x000070000c4ba000)]
  0x00007feab65e3000 JavaThread "Java Sound Event Dispatcher" daemon [_thread_blocked, id=32295, stack(0x000070000b60d000,0x000070000b70d000)]
  0x00007feab8393800 JavaThread "Thread-6" [_thread_in_native, id=138759, stack(0x000070000bf2b000,0x000070000c02b000)]
  0x00007feab5511800 JavaThread "Timer-0" [_thread_blocked, id=139271, stack(0x000070000ba9c000,0x000070000bb9c000)]
  0x00007feab52e9800 JavaThread "DestroyJavaVM" [_thread_blocked, id=6915, stack(0x0000700009c36000,0x0000700009d36000)]
  0x00007feab528e000 JavaThread "main-FPSAWTAnimator#00-Timer0" [_thread_blocked, id=69383, stack(0x000070000b916000,0x000070000ba16000)]
  0x00007feab5291800 JavaThread "Thread-2" [_thread_blocked, id=68883, stack(0x000070000b813000,0x000070000b913000)]
  0x00007feab812e000 JavaThread "main-Display-.macosx_nil-1-EDT-1" daemon [_thread_blocked, id=68355, stack(0x000070000b710000,0x000070000b810000)]
  0x00007feab81d7800 JavaThread "Java2D Disposer" daemon [_thread_blocked, id=61955, stack(0x000070000b50a000,0x000070000b60a000)]
  0x00007feab812d000 JavaThread "Java2D Queue Flusher" daemon [_thread_blocked, id=52275, stack(0x000070000b384000,0x000070000b484000)]
  0x00007feab48ac800 JavaThread "AWT-AppKit" daemon [_thread_in_native, id=775, stack(0x00007fff4fecf000,0x00007fff506cf000)]
  0x00007feab8006800 JavaThread "Service Thread" daemon [_thread_blocked, id=21251, stack(0x000070000adec000,0x000070000aeec000)]
  0x00007feab5027000 JavaThread "C1 CompilerThread3" daemon [_thread_blocked, id=20739, stack(0x000070000ace9000,0x000070000ade9000)]
  0x00007feab8003800 JavaThread "C2 CompilerThread2" daemon [_thread_blocked, id=20227, stack(0x000070000abe6000,0x000070000ace6000)]
  0x00007feab5026000 JavaThread "C2 CompilerThread1" daemon [_thread_blocked, id=19715, stack(0x000070000aae3000,0x000070000abe3000)]
  0x00007feab8003000 JavaThread "C2 CompilerThread0" daemon [_thread_blocked, id=19203, stack(0x000070000a9e0000,0x000070000aae0000)]
  0x00007feab501a800 JavaThread "Signal Dispatcher" daemon [_thread_blocked, id=18691, stack(0x000070000a8dd000,0x000070000a9dd000)]
  0x00007feab8010800 JavaThread "Finalizer" daemon [_thread_blocked, id=14339, stack(0x000070000a757000,0x000070000a857000)]
  0x00007feab481d800 JavaThread "Reference Handler" daemon [_thread_blocked, id=13827, stack(0x000070000a654000,0x000070000a754000)]

Other Threads:
  0x00007feab5015800 VMThread [stack: 0x000070000a551000,0x000070000a651000] [id=13315]
  0x00007feab8007000 WatcherThread [stack: 0x000070000aeef000,0x000070000afef000] [id=21763]

=>0x00007feab5009800 (exited) GCTaskThread [stack: 0x0000700009f3f000,0x000070000a03f000] [id=10243]

VM state:at safepoint (normal execution)

VM Mutex/Monitor currently owned by a thread:  ([mutex/lock_event])
[0x00007feab4502700] Threads_lock - owner thread: 0x00007feab5015800
[0x00007feab4502c00] Heap_lock - owner thread: 0x00007feab528e000

Heap:
 PSYoungGen      total 47616K, used 47424K [0x000000076ab00000, 0x0000000776380000, 0x00000007c0000000)
  eden space 47104K, 100% used [0x000000076ab00000,0x000000076d900000,0x000000076d900000)
  from space 512K, 62% used [0x0000000776280000,0x00000007762d0000,0x0000000776300000)
  to   space 512K, 93% used [0x0000000776300000,0x0000000776378010,0x0000000776380000)
 ParOldGen       total 252928K, used 162464K [0x00000006c0000000, 0x00000006cf700000, 0x000000076ab00000)
  object space 252928K, 64% used [0x00000006c0000000,0x00000006c9ea8308,0x00000006cf700000)
 Metaspace       used 28208K, capacity 28829K, committed 29056K, reserved 1075200K
  class space    used 3221K, capacity 3367K, committed 3456K, reserved 1048576K

Card table byte_map: [0x0000000111932000,0x0000000112133000] byte_map_base: 0x000000010e332000

Marking Bits: (ParMarkBitMap*) 0x0000000110ec27a0
 Begin Bits: [0x0000000112689000, 0x0000000116689000)
 End Bits:   [0x0000000116689000, 0x000000011a689000)

Polling page: 0x000000010f5f1000

CodeCache: size=245760Kb used=14826Kb max_used=15119Kb free=230933Kb
 bounds [0x000000011c271000, 0x000000011d161000, 0x000000012b271000]
 total_blobs=5574 nmethods=4606 adapters=881
 compilation: enabled

Compilation events (10 events):
Event: 3781.414 Thread 0x00007feab5026000 6462       4       com.symmetrylabs.slstudio.output.SLController::dispose (54 bytes)
Event: 3781.445 Thread 0x00007feab8003800 6463       4       java.lang.String::<init> (10 bytes)
Event: 3781.448 Thread 0x00007feab8003000 6464       4       java.net.DatagramSocket::connect (66 bytes)
Event: 3781.449 Thread 0x00007feab8003800 nmethod 6463 0x000000011c72b250 code [0x000000011c72b3a0, 0x000000011c72b488]
Event: 3781.470 Thread 0x00007feab8003000 nmethod 6464 0x000000011cccd990 code [0x000000011cccdb00, 0x000000011ccce118]
Event: 3781.533 Thread 0x00007feab8003800 6465       4       java.net.InetAddress::toString (44 bytes)
Event: 3781.536 Thread 0x00007feab8003000 6466       4       java.net.Inet4Address::getHostAddress (8 bytes)
Event: 3781.566 Thread 0x00007feab8003000 nmethod 6466 0x000000011cea7410 code [0x000000011cea7580, 0x000000011cea7a38]
Event: 3781.575 Thread 0x00007feab5026000 nmethod 6462 0x000000011cf72a90 code [0x000000011cf72ca0, 0x000000011cf74470]
Event: 3781.630 Thread 0x00007feab8003800 nmethod 6465 0x000000011cb39cd0 code [0x000000011cb39e60, 0x000000011cb3a8d8]

GC Heap History (10 events):
Event: 3754.369 GC heap after
Heap after GC invocations=3585 (full 2):
 PSYoungGen      total 47616K, used 320K [0x000000076ab00000, 0x0000000776380000, 0x00000007c0000000)
  eden space 47104K, 0% used [0x000000076ab00000,0x000000076ab00000,0x000000076d900000)
  from space 512K, 62% used [0x0000000776280000,0x00000007762d0000,0x0000000776300000)
  to   space 512K, 0% used [0x0000000776300000,0x0000000776300000,0x0000000776380000)
 ParOldGen       total 252928K, used 162312K [0x00000006c0000000, 0x00000006cf700000, 0x000000076ab00000)
  object space 252928K, 64% used [0x00000006c0000000,0x00000006c9e822e8,0x00000006cf700000)
 Metaspace       used 28202K, capacity 28829K, committed 29056K, reserved 1075200K
  class space    used 3221K, capacity 3367K, committed 3456K, reserved 1048576K
}
Event: 3759.655 GC heap before
{Heap before GC invocations=3586 (full 2):
 PSYoungGen      total 47616K, used 47424K [0x000000076ab00000, 0x0000000776380000, 0x00000007c0000000)
  eden space 47104K, 100% used [0x000000076ab00000,0x000000076d900000,0x000000076d900000)
  from space 512K, 62% used [0x0000000776280000,0x00000007762d0000,0x0000000776300000)
  to   space 512K, 0% used [0x0000000776300000,0x0000000776300000,0x0000000776380000)
 ParOldGen       total 252928K, used 162312K [0x00000006c0000000, 0x00000006cf700000, 0x000000076ab00000)
  object space 252928K, 64% used [0x00000006c0000000,0x00000006c9e822e8,0x00000006cf700000)
 Metaspace       used 28202K, capacity 28829K, committed 29056K, reserved 1075200K
  class space    used 3221K, capacity 3367K, committed 3456K, reserved 1048576K
Event: 3759.657 GC heap after
Heap after GC invocations=3586 (full 2):
 PSYoungGen      total 47616K, used 256K [0x000000076ab00000, 0x0000000776380000, 0x00000007c0000000)
  eden space 47104K, 0% used [0x000000076ab00000,0x000000076ab00000,0x000000076d900000)
  from space 512K, 50% used [0x0000000776300000,0x0000000776340000,0x0000000776380000)
  to   space 512K, 0% used [0x0000000776280000,0x0000000776280000,0x0000000776300000)
 ParOldGen       total 252928K, used 162312K [0x00000006c0000000, 0x00000006cf700000, 0x000000076ab00000)
  object space 252928K, 64% used [0x00000006c0000000,0x00000006c9e822e8,0x00000006cf700000)
 Metaspace       used 28202K, capacity 28829K, committed 29056K, reserved 1075200K
  class space    used 3221K, capacity 3367K, committed 3456K, reserved 1048576K
}
Event: 3764.860 GC heap before
{Heap before GC invocations=3587 (full 2):
 PSYoungGen      total 47616K, used 47360K [0x000000076ab00000, 0x0000000776380000, 0x00000007c0000000)
  eden space 47104K, 100% used [0x000000076ab00000,0x000000076d900000,0x000000076d900000)
  from space 512K, 50% used [0x0000000776300000,0x0000000776340000,0x0000000776380000)
  to   space 512K, 0% used [0x0000000776280000,0x0000000776280000,0x0000000776300000)
 ParOldGen       total 252928K, used 162312K [0x00000006c0000000, 0x00000006cf700000, 0x000000076ab00000)
  object space 252928K, 64% used [0x00000006c0000000,0x00000006c9e822e8,0x00000006cf700000)
 Metaspace       used 28202K, capacity 28829K, committed 29056K, reserved 1075200K
  class space    used 3221K, capacity 3367K, committed 3456K, reserved 1048576K
Event: 3764.861 GC heap after
Heap after GC invocations=3587 (full 2):
 PSYoungGen      total 47616K, used 288K [0x000000076ab00000, 0x0000000776380000, 0x00000007c0000000)
  eden space 47104K, 0% used [0x000000076ab00000,0x000000076ab00000,0x000000076d900000)
  from space 512K, 56% used [0x0000000776280000,0x00000007762c8000,0x0000000776300000)
  to   space 512K, 0% used [0x0000000776300000,0x0000000776300000,0x0000000776380000)
 ParOldGen       total 252928K, used 162312K [0x00000006c0000000, 0x00000006cf700000, 0x000000076ab00000)
  object space 252928K, 64% used [0x00000006c0000000,0x00000006c9e822e8,0x00000006cf700000)
 Metaspace       used 28202K, capacity 28829K, committed 29056K, reserved 1075200K
  class space    used 3221K, capacity 3367K, committed 3456K, reserved 1048576K
}
Event: 3770.139 GC heap before
{Heap before GC invocations=3588 (full 2):
 PSYoungGen      total 47616K, used 47392K [0x000000076ab00000, 0x0000000776380000, 0x00000007c0000000)
  eden space 47104K, 100% used [0x000000076ab00000,0x000000076d900000,0x000000076d900000)
  from space 512K, 56% used [0x0000000776280000,0x00000007762c8000,0x0000000776300000)
  to   space 512K, 0% used [0x0000000776300000,0x0000000776300000,0x0000000776380000)
 ParOldGen       total 252928K, used 162312K [0x00000006c0000000, 0x00000006cf700000, 0x000000076ab00000)
  object space 252928K, 64% used [0x00000006c0000000,0x00000006c9e822e8,0x00000006cf700000)
 Metaspace       used 28202K, capacity 28829K, committed 29056K, reserved 1075200K
  class space    used 3221K, capacity 3367K, committed 3456K, reserved 1048576K
Event: 3770.140 GC heap after
Heap after GC invocations=3588 (full 2):
 PSYoungGen      total 47616K, used 256K [0x000000076ab00000, 0x0000000776380000, 0x00000007c0000000)
  eden space 47104K, 0% used [0x000000076ab00000,0x000000076ab00000,0x000000076d900000)
  from space 512K, 50% used [0x0000000776300000,0x0000000776340000,0x0000000776380000)
  to   space 512K, 0% used [0x0000000776280000,0x0000000776280000,0x0000000776300000)
 ParOldGen       total 252928K, used 162312K [0x00000006c0000000, 0x00000006cf700000, 0x000000076ab00000)
  object space 252928K, 64% used [0x00000006c0000000,0x00000006c9e822e8,0x00000006cf700000)
 Metaspace       used 28202K, capacity 28829K, committed 29056K, reserved 1075200K
  class space    used 3221K, capacity 3367K, committed 3456K, reserved 1048576K
}
Event: 3775.426 GC heap before
{Heap before GC invocations=3589 (full 2):
 PSYoungGen      total 47616K, used 47360K [0x000000076ab00000, 0x0000000776380000, 0x00000007c0000000)
  eden space 47104K, 100% used [0x000000076ab00000,0x000000076d900000,0x000000076d900000)
  from space 512K, 50% used [0x0000000776300000,0x0000000776340000,0x0000000776380000)
  to   space 512K, 0% used [0x0000000776280000,0x0000000776280000,0x0000000776300000)
 ParOldGen       total 252928K, used 162312K [0x00000006c0000000, 0x00000006cf700000, 0x000000076ab00000)
  object space 252928K, 64% used [0x00000006c0000000,0x00000006c9e822e8,0x00000006cf700000)
 Metaspace       used 28202K, capacity 28829K, committed 29056K, reserved 1075200K
  class space    used 3221K, capacity 3367K, committed 3456K, reserved 1048576K
Event: 3775.427 GC heap after
Heap after GC invocations=3589 (full 2):
 PSYoungGen      total 47616K, used 320K [0x000000076ab00000, 0x0000000776380000, 0x00000007c0000000)
  eden space 47104K, 0% used [0x000000076ab00000,0x000000076ab00000,0x000000076d900000)
  from space 512K, 62% used [0x0000000776280000,0x00000007762d0000,0x0000000776300000)
  to   space 512K, 0% used [0x0000000776300000,0x0000000776300000,0x0000000776380000)
 ParOldGen       total 252928K, used 162312K [0x00000006c0000000, 0x00000006cf700000, 0x000000076ab00000)
  object space 252928K, 64% used [0x00000006c0000000,0x00000006c9e822e8,0x00000006cf700000)
 Metaspace       used 28202K, capacity 28829K, committed 29056K, reserved 1075200K
  class space    used 3221K, capacity 3367K, committed 3456K, reserved 1048576K
}
Event: 3782.129 GC heap before
{Heap before GC invocations=3590 (full 2):
 PSYoungGen      total 47616K, used 47424K [0x000000076ab00000, 0x0000000776380000, 0x00000007c0000000)
  eden space 47104K, 100% used [0x000000076ab00000,0x000000076d900000,0x000000076d900000)
  from space 512K, 62% used [0x0000000776280000,0x00000007762d0000,0x0000000776300000)
  to   space 512K, 0% used [0x0000000776300000,0x0000000776300000,0x0000000776380000)
 ParOldGen       total 252928K, used 162312K [0x00000006c0000000, 0x00000006cf700000, 0x000000076ab00000)
  object space 252928K, 64% used [0x00000006c0000000,0x00000006c9e82308,0x00000006cf700000)
 Metaspace       used 28208K, capacity 28829K, committed 29056K, reserved 1075200K
  class space    used 3221K, capacity 3367K, committed 3456K, reserved 1048576K

Deoptimization events (10 events):
Event: 3456.297 Thread 0x00007feab8572800 Uncommon trap: reason=unstable_if action=reinterpret pc=0x000000011cef0a18 method=java.util.concurrent.ForkJoinPool.runWorker(Ljava/util/concurrent/ForkJoinPool$WorkQueue;)V @ 47
Event: 3464.301 Thread 0x00007feab8368800 Uncommon trap: reason=unstable_if action=reinterpret pc=0x000000011cef0a18 method=java.util.concurrent.ForkJoinPool.runWorker(Ljava/util/concurrent/ForkJoinPool$WorkQueue;)V @ 47
Event: 3472.387 Thread 0x00007feab4d48000 Uncommon trap: reason=unstable_if action=reinterpret pc=0x000000011ccd02f8 method=java.util.concurrent.ForkJoinPool.signalWork([Ljava/util/concurrent/ForkJoinPool$WorkQueue;Ljava/util/concurrent/ForkJoinPool$WorkQueue;)V @ 16
Event: 3472.387 Thread 0x00007feab83f1800 Uncommon trap: reason=unstable_if action=reinterpret pc=0x000000011d0615ec method=java.util.concurrent.ForkJoinPool.signalWork([Ljava/util/concurrent/ForkJoinPool$WorkQueue;Ljava/util/concurrent/ForkJoinPool$WorkQueue;)V @ 16
Event: 3472.387 Thread 0x00007feab4d48000 Uncommon trap: reason=unstable_if action=reinterpret pc=0x000000011d0669b0 method=java.util.concurrent.ForkJoinPool.signalWork([Ljava/util/concurrent/ForkJoinPool$WorkQueue;Ljava/util/concurrent/ForkJoinPool$WorkQueue;)V @ 16
Event: 3472.387 Thread 0x00007feab5885000 Uncommon trap: reason=unstable_if action=reinterpret pc=0x000000011d0669b0 method=java.util.concurrent.ForkJoinPool.signalWork([Ljava/util/concurrent/ForkJoinPool$WorkQueue;Ljava/util/concurrent/ForkJoinPool$WorkQueue;)V @ 16
Event: 3472.387 Thread 0x00007feab8368000 Uncommon trap: reason=unstable_if action=reinterpret pc=0x000000011cfe4d58 method=java.util.concurrent.ForkJoinPool.signalWork([Ljava/util/concurrent/ForkJoinPool$WorkQueue;Ljava/util/concurrent/ForkJoinPool$WorkQueue;)V @ 16
Event: 3472.406 Thread 0x00007feab8900000 Uncommon trap: reason=unstable_if action=reinterpret pc=0x000000011cbde0c8 method=java.util.concurrent.ForkJoinPool.signalWork([Ljava/util/concurrent/ForkJoinPool$WorkQueue;Ljava/util/concurrent/ForkJoinPool$WorkQueue;)V @ 16
Event: 3724.658 Thread 0x00007feab528e000 Uncommon trap: reason=unstable_if action=reinterpret pc=0x000000011c601e5c method=sun.misc.FloatingDecimal$BinaryToASCIIBuffer.dtoa(IJIZ)V @ 824
Event: 3778.745 Thread 0x00007feab8368000 Uncommon trap: reason=unstable_if action=reinterpret pc=0x000000011cef0a18 method=java.util.concurrent.ForkJoinPool.runWorker(Ljava/util/concurrent/ForkJoinPool$WorkQueue;)V @ 47

Internal exceptions (10 events):
Event: 3782.118 Thread 0x00007feab56cb800 Exception <a 'java/io/IOException'> (0x000000076d8f7130) thrown at [/Users/java_re/workspace/8-2-build-macosx-x86_64/jdk8u45/3457/hotspot/src/share/vm/prims/jni.cpp, line 709]
Event: 3782.119 Thread 0x00007feab56cb800 Exception <a 'java/io/IOException'> (0x000000076d8f7a58) thrown at [/Users/java_re/workspace/8-2-build-macosx-x86_64/jdk8u45/3457/hotspot/src/share/vm/prims/jni.cpp, line 709]
Event: 3782.119 Thread 0x00007feab56cb800 Exception <a 'java/io/IOException'> (0x000000076d8f8380) thrown at [/Users/java_re/workspace/8-2-build-macosx-x86_64/jdk8u45/3457/hotspot/src/share/vm/prims/jni.cpp, line 709]
Event: 3782.119 Thread 0x00007feab56cb800 Exception <a 'java/io/IOException'> (0x000000076d8f8ca8) thrown at [/Users/java_re/workspace/8-2-build-macosx-x86_64/jdk8u45/3457/hotspot/src/share/vm/prims/jni.cpp, line 709]
Event: 3782.120 Thread 0x00007feab56cb800 Exception <a 'java/io/IOException'> (0x000000076d8f95d0) thrown at [/Users/java_re/workspace/8-2-build-macosx-x86_64/jdk8u45/3457/hotspot/src/share/vm/prims/jni.cpp, line 709]
Event: 3782.120 Thread 0x00007feab56cb800 Exception <a 'java/io/IOException'> (0x000000076d8f9ef8) thrown at [/Users/java_re/workspace/8-2-build-macosx-x86_64/jdk8u45/3457/hotspot/src/share/vm/prims/jni.cpp, line 709]
Event: 3782.120 Thread 0x00007feab56cb800 Exception <a 'java/io/IOException'> (0x000000076d8fa820) thrown at [/Users/java_re/workspace/8-2-build-macosx-x86_64/jdk8u45/3457/hotspot/src/share/vm/prims/jni.cpp, line 709]
Event: 3782.121 Thread 0x00007feab56cb800 Exception <a 'java/io/IOException'> (0x000000076d8fb148) thrown at [/Users/java_re/workspace/8-2-build-macosx-x86_64/jdk8u45/3457/hotspot/src/share/vm/prims/jni.cpp, line 709]
Event: 3782.121 Thread 0x00007feab56cb800 Exception <a 'java/io/IOException'> (0x000000076d8fba70) thrown at [/Users/java_re/workspace/8-2-build-macosx-x86_64/jdk8u45/3457/hotspot/src/share/vm/prims/jni.cpp, line 709]
Event: 3782.121 Thread 0x00007feab56cb800 Exception <a 'java/io/IOException'> (0x000000076d8fc398) thrown at [/Users/java_re/workspace/8-2-build-macosx-x86_64/jdk8u45/3457/hotspot/src/share/vm/prims/jni.cpp, line 709]

Events (10 events):
Event: 3780.694 Thread 0x00007feab8003000 flushing nmethod 0x000000011d05b150
Event: 3780.695 Thread 0x00007feab8003000 flushing nmethod 0x000000011d0684d0
Event: 3780.695 Thread 0x00007feab8003000 flushing nmethod 0x000000011d06ae50
Event: 3780.695 Thread 0x00007feab8003000 flushing nmethod 0x000000011d10dc90
Event: 3780.695 Thread 0x00007feab8003000 flushing nmethod 0x000000011d111f90
Event: 3780.695 Thread 0x00007feab8003000 flushing nmethod 0x000000011d13b550
Event: 3781.325 Thread 0x00007feab78d9000 Thread added: 0x00007feab78d9000
Event: 3782.127 Executing VM operation: ParallelGCFailedAllocation
Event: 3782.128 Executing VM operation: ParallelGCFailedAllocation done
Event: 3782.128 Executing VM operation: ParallelGCSystemGC


Dynamic libraries:
0x00000000036c0000 	/System/Library/Frameworks/Cocoa.framework/Versions/A/Cocoa
0x00000000036c0000 	/System/Library/Frameworks/Security.framework/Versions/A/Security
0x00000000036c0000 	/System/Library/Frameworks/ApplicationServices.framework/Versions/A/ApplicationServices
0x00000000036c0000 	/usr/lib/libz.1.dylib
0x00000000036c0000 	/usr/lib/libSystem.B.dylib
0x00000000036c0000 	/usr/lib/libobjc.A.dylib
0x00000000036c0000 	/System/Library/Frameworks/CoreFoundation.framework/Versions/A/CoreFoundation
0x00000000036c0000 	/System/Library/Frameworks/Foundation.framework/Versions/C/Foundation
0x00000000036c0000 	/System/Library/Frameworks/AppKit.framework/Versions/C/AppKit
0x00000000036c0000 	/System/Library/Frameworks/CoreData.framework/Versions/A/CoreData
0x00000000036c0000 	/System/Library/PrivateFrameworks/RemoteViewServices.framework/Versions/A/RemoteViewServices
0x00000000036c0000 	/System/Library/PrivateFrameworks/UIFoundation.framework/Versions/A/UIFoundation
0x00000000036c0000 	/System/Library/PrivateFrameworks/DFRFoundation.framework/Versions/A/DFRFoundation
0x00000000036c0000 	/usr/lib/libenergytrace.dylib
0x00000000036c0000 	/System/Library/PrivateFrameworks/SkyLight.framework/Versions/A/SkyLight
0x00000000036c0000 	/System/Library/Frameworks/CoreGraphics.framework/Versions/A/CoreGraphics
0x00000000036c0000 	/usr/lib/libScreenReader.dylib
0x00000000036c0000 	/System/Library/Frameworks/Accelerate.framework/Versions/A/Accelerate
0x00000000036c0000 	/System/Library/Frameworks/IOSurface.framework/Versions/A/IOSurface
0x00000000036c0000 	/System/Library/Frameworks/AudioToolbox.framework/Versions/A/AudioToolbox
0x00000000036c0000 	/System/Library/Frameworks/AudioUnit.framework/Versions/A/AudioUnit
0x00000000036c0000 	/System/Library/PrivateFrameworks/DataDetectorsCore.framework/Versions/A/DataDetectorsCore
0x00000000036c0000 	/System/Library/PrivateFrameworks/DesktopServicesPriv.framework/Versions/A/DesktopServicesPriv
0x00000000036c0000 	/System/Library/Frameworks/Carbon.framework/Versions/A/Frameworks/HIToolbox.framework/Versions/A/HIToolbox
0x00000000036c0000 	/usr/lib/libicucore.A.dylib
0x00000000036c0000 	/System/Library/Frameworks/QuartzCore.framework/Versions/A/QuartzCore
0x00000000036c0000 	/System/Library/Frameworks/Carbon.framework/Versions/A/Frameworks/SpeechRecognition.framework/Versions/A/SpeechRecognition
0x00000000036c0000 	/usr/lib/libauto.dylib
0x00000000036c0000 	/usr/lib/libxml2.2.dylib
0x00000000036c0000 	/System/Library/PrivateFrameworks/CoreUI.framework/Versions/A/CoreUI
0x00000000036c0000 	/System/Library/Frameworks/CoreAudio.framework/Versions/A/CoreAudio
0x00000000036c0000 	/System/Library/Frameworks/DiskArbitration.framework/Versions/A/DiskArbitration
0x00000000036c0000 	/usr/lib/liblangid.dylib
0x00000000036c0000 	/System/Library/PrivateFrameworks/MultitouchSupport.framework/Versions/A/MultitouchSupport
0x00000000036c0000 	/System/Library/Frameworks/IOKit.framework/Versions/A/IOKit
0x00000000036c0000 	/usr/lib/libDiagnosticMessagesClient.dylib
0x00000000036c0000 	/System/Library/Frameworks/CoreServices.framework/Versions/A/CoreServices
0x00000000036c0000 	/System/Library/PrivateFrameworks/PerformanceAnalysis.framework/Versions/A/PerformanceAnalysis
0x00000000036c0000 	/System/Library/PrivateFrameworks/GenerationalStorage.framework/Versions/A/GenerationalStorage
0x00000000036c0000 	/System/Library/Frameworks/OpenGL.framework/Versions/A/OpenGL
0x00000000036c0000 	/System/Library/Frameworks/CoreImage.framework/Versions/A/CoreImage
0x00000000036c0000 	/System/Library/Frameworks/CoreText.framework/Versions/A/CoreText
0x00000000036c0000 	/System/Library/Frameworks/ImageIO.framework/Versions/A/ImageIO
0x00000000036c0000 	/System/Library/PrivateFrameworks/Backup.framework/Versions/A/Backup
0x00000000036c0000 	/usr/lib/libarchive.2.dylib
0x00000000036c0000 	/System/Library/Frameworks/CFNetwork.framework/Versions/A/CFNetwork
0x00000000036c0000 	/System/Library/Frameworks/SystemConfiguration.framework/Versions/A/SystemConfiguration
0x00000000036c0000 	/usr/lib/libCRFSuite.dylib
0x00000000036c0000 	/usr/lib/libc++.1.dylib
0x00000000036c0000 	/usr/lib/libc++abi.dylib
0x00000000036c0000 	/usr/lib/system/libcache.dylib
0x00000000036c0000 	/usr/lib/system/libcommonCrypto.dylib
0x00000000036c0000 	/usr/lib/system/libcompiler_rt.dylib
0x00000000036c0000 	/usr/lib/system/libcopyfile.dylib
0x00000000036c0000 	/usr/lib/system/libcorecrypto.dylib
0x00000000036c0000 	/usr/lib/system/libdispatch.dylib
0x00000000036c0000 	/usr/lib/system/libdyld.dylib
0x00000000036c0000 	/usr/lib/system/libkeymgr.dylib
0x00000000036c0000 	/usr/lib/system/liblaunch.dylib
0x00000000036c0000 	/usr/lib/system/libmacho.dylib
0x00000000036c0000 	/usr/lib/system/libquarantine.dylib
0x00000000036c0000 	/usr/lib/system/libremovefile.dylib
0x00000000036c0000 	/usr/lib/system/libsystem_asl.dylib
0x00000000036c0000 	/usr/lib/system/libsystem_blocks.dylib
0x00000000036c0000 	/usr/lib/system/libsystem_c.dylib
0x00000000036c0000 	/usr/lib/system/libsystem_configuration.dylib
0x00000000036c0000 	/usr/lib/system/libsystem_coreservices.dylib
0x00000000036c0000 	/usr/lib/system/libsystem_coretls.dylib
0x00000000036c0000 	/usr/lib/system/libsystem_dnssd.dylib
0x00000000036c0000 	/usr/lib/system/libsystem_info.dylib
0x00000000036c0000 	/usr/lib/system/libsystem_kernel.dylib
0x00000000036c0000 	/usr/lib/system/libsystem_m.dylib
0x00000000036c0000 	/usr/lib/system/libsystem_malloc.dylib
0x00000000036c0000 	/usr/lib/system/libsystem_network.dylib
0x00000000036c0000 	/usr/lib/system/libsystem_networkextension.dylib
0x00000000036c0000 	/usr/lib/system/libsystem_notify.dylib
0x00000000036c0000 	/usr/lib/system/libsystem_platform.dylib
0x00000000036c0000 	/usr/lib/system/libsystem_pthread.dylib
0x00000000036c0000 	/usr/lib/system/libsystem_sandbox.dylib
0x00000000036c0000 	/usr/lib/system/libsystem_secinit.dylib
0x00000000036c0000 	/usr/lib/system/libsystem_symptoms.dylib
0x00000000036c0000 	/usr/lib/system/libsystem_trace.dylib
0x00000000036c0000 	/usr/lib/system/libunwind.dylib
0x00000000036c0000 	/usr/lib/system/libxpc.dylib
0x00000000036c0000 	/usr/lib/libbsm.0.dylib
0x00000000036c0000 	/usr/lib/system/libkxld.dylib
0x00000000036c0000 	/usr/lib/libcoretls.dylib
0x00000000036c0000 	/usr/lib/libcoretls_cfhelpers.dylib
0x00000000036c0000 	/usr/lib/libOpenScriptingUtil.dylib
0x00000000036c0000 	/usr/lib/libpam.2.dylib
0x00000000036c0000 	/usr/lib/libsqlite3.dylib
0x00000000036c0000 	/usr/lib/libxar.1.dylib
0x00000000036c0000 	/usr/lib/libbz2.1.0.dylib
0x00000000036c0000 	/usr/lib/liblzma.5.dylib
0x00000000036c0000 	/usr/lib/libnetwork.dylib
0x00000000036c0000 	/usr/lib/libpcap.A.dylib
0x00000000036c0000 	/System/Library/Frameworks/CoreServices.framework/Versions/A/Frameworks/FSEvents.framework/Versions/A/FSEvents
0x00000000036c0000 	/System/Library/Frameworks/CoreServices.framework/Versions/A/Frameworks/CarbonCore.framework/Versions/A/CarbonCore
0x00000000036c0000 	/System/Library/Frameworks/CoreServices.framework/Versions/A/Frameworks/Metadata.framework/Versions/A/Metadata
0x00000000036c0000 	/System/Library/Frameworks/CoreServices.framework/Versions/A/Frameworks/OSServices.framework/Versions/A/OSServices
0x00000000036c0000 	/System/Library/Frameworks/CoreServices.framework/Versions/A/Frameworks/SearchKit.framework/Versions/A/SearchKit
0x00000000036c0000 	/System/Library/Frameworks/CoreServices.framework/Versions/A/Frameworks/AE.framework/Versions/A/AE
0x00000000036c0000 	/System/Library/Frameworks/CoreServices.framework/Versions/A/Frameworks/LaunchServices.framework/Versions/A/LaunchServices
0x00000000036c0000 	/System/Library/Frameworks/CoreServices.framework/Versions/A/Frameworks/DictionaryServices.framework/Versions/A/DictionaryServices
0x00000000036c0000 	/System/Library/Frameworks/CoreServices.framework/Versions/A/Frameworks/SharedFileList.framework/Versions/A/SharedFileList
0x00000000036c0000 	/System/Library/Frameworks/NetFS.framework/Versions/A/NetFS
0x00000000036c0000 	/System/Library/PrivateFrameworks/NetAuth.framework/Versions/A/NetAuth
0x00000000036c0000 	/System/Library/PrivateFrameworks/login.framework/Versions/A/Frameworks/loginsupport.framework/Versions/A/loginsupport
0x00000000036c0000 	/System/Library/PrivateFrameworks/TCC.framework/Versions/A/TCC
0x00000000036c0000 	/usr/lib/libmecabra.dylib
0x00000000036c0000 	/System/Library/Frameworks/ApplicationServices.framework/Versions/A/Frameworks/ATS.framework/Versions/A/ATS
0x00000000036c0000 	/System/Library/Frameworks/ApplicationServices.framework/Versions/A/Frameworks/ColorSync.framework/Versions/A/ColorSync
0x00000000036c0000 	/System/Library/Frameworks/ApplicationServices.framework/Versions/A/Frameworks/HIServices.framework/Versions/A/HIServices
0x00000000036c0000 	/System/Library/Frameworks/ApplicationServices.framework/Versions/A/Frameworks/LangAnalysis.framework/Versions/A/LangAnalysis
0x00000000036c0000 	/System/Library/Frameworks/ApplicationServices.framework/Versions/A/Frameworks/PrintCore.framework/Versions/A/PrintCore
0x00000000036c0000 	/System/Library/Frameworks/ApplicationServices.framework/Versions/A/Frameworks/QD.framework/Versions/A/QD
0x00000000036c0000 	/System/Library/Frameworks/ApplicationServices.framework/Versions/A/Frameworks/SpeechSynthesis.framework/Versions/A/SpeechSynthesis
0x00000000036c0000 	/System/Library/Frameworks/Accelerate.framework/Versions/A/Frameworks/vImage.framework/Versions/A/vImage
0x00000000036c0000 	/System/Library/Frameworks/Accelerate.framework/Versions/A/Frameworks/vecLib.framework/Versions/A/vecLib
0x00000000036c0000 	/System/Library/Frameworks/Accelerate.framework/Versions/A/Frameworks/vecLib.framework/Versions/A/libvDSP.dylib
0x00000000036c0000 	/System/Library/Frameworks/Accelerate.framework/Versions/A/Frameworks/vecLib.framework/Versions/A/libBNNS.dylib
0x00000000036c0000 	/System/Library/Frameworks/Accelerate.framework/Versions/A/Frameworks/vecLib.framework/Versions/A/libQuadrature.dylib
0x00000000036c0000 	/System/Library/Frameworks/Accelerate.framework/Versions/A/Frameworks/vecLib.framework/Versions/A/libvMisc.dylib
0x00000000036c0000 	/System/Library/Frameworks/Accelerate.framework/Versions/A/Frameworks/vecLib.framework/Versions/A/libLAPACK.dylib
0x00000000036c0000 	/System/Library/Frameworks/Accelerate.framework/Versions/A/Frameworks/vecLib.framework/Versions/A/libBLAS.dylib
0x00000000036c0000 	/System/Library/Frameworks/Accelerate.framework/Versions/A/Frameworks/vecLib.framework/Versions/A/libLinearAlgebra.dylib
0x00000000036c0000 	/System/Library/Frameworks/Accelerate.framework/Versions/A/Frameworks/vecLib.framework/Versions/A/libSparseBLAS.dylib
0x00000000036c0000 	/System/Library/Frameworks/ApplicationServices.framework/Versions/A/Frameworks/ATS.framework/Versions/A/Resources/libFontParser.dylib
0x00000000036c0000 	/System/Library/Frameworks/ApplicationServices.framework/Versions/A/Frameworks/ATS.framework/Versions/A/Resources/libFontRegistry.dylib
0x00000000036c0000 	/System/Library/Frameworks/ImageIO.framework/Versions/A/Resources/libJPEG.dylib
0x00000000036c0000 	/System/Library/Frameworks/ImageIO.framework/Versions/A/Resources/libTIFF.dylib
0x00000000036c0000 	/System/Library/Frameworks/ImageIO.framework/Versions/A/Resources/libPng.dylib
0x00000000036c0000 	/System/Library/Frameworks/ImageIO.framework/Versions/A/Resources/libGIF.dylib
0x00000000036c0000 	/System/Library/Frameworks/ImageIO.framework/Versions/A/Resources/libJP2.dylib
0x00000000036c0000 	/System/Library/Frameworks/ImageIO.framework/Versions/A/Resources/libRadiance.dylib
0x00000000036c0000 	/usr/lib/libcompression.dylib
0x00000000036c0000 	/System/Library/PrivateFrameworks/AppleJPEG.framework/Versions/A/AppleJPEG
0x00000000036c0000 	/usr/lib/libcups.2.dylib
0x00000000036c0000 	/System/Library/Frameworks/Kerberos.framework/Versions/A/Kerberos
0x00000000036c0000 	/System/Library/Frameworks/GSS.framework/Versions/A/GSS
0x00000000036c0000 	/usr/lib/libresolv.9.dylib
0x00000000036c0000 	/usr/lib/libiconv.2.dylib
0x00000000036c0000 	/System/Library/PrivateFrameworks/Heimdal.framework/Versions/A/Heimdal
0x00000000036c0000 	/usr/lib/libheimdal-asn1.dylib
0x00000000036c0000 	/System/Library/Frameworks/OpenDirectory.framework/Versions/A/OpenDirectory
0x00000000036c0000 	/System/Library/PrivateFrameworks/CommonAuth.framework/Versions/A/CommonAuth
0x00000000036c0000 	/System/Library/Frameworks/OpenDirectory.framework/Versions/A/Frameworks/CFOpenDirectory.framework/Versions/A/CFOpenDirectory
0x00000000036c0000 	/System/Library/Frameworks/SecurityFoundation.framework/Versions/A/SecurityFoundation
0x00000000036c0000 	/System/Library/PrivateFrameworks/LanguageModeling.framework/Versions/A/LanguageModeling
0x00000000036c0000 	/usr/lib/libmarisa.dylib
0x00000000036c0000 	/usr/lib/libChineseTokenizer.dylib
0x00000000036c0000 	/usr/lib/libcmph.dylib
0x00000000036c0000 	/System/Library/PrivateFrameworks/CoreEmoji.framework/Versions/A/CoreEmoji
0x00000000036c0000 	/System/Library/Frameworks/ServiceManagement.framework/Versions/A/ServiceManagement
0x00000000036c0000 	/usr/lib/libxslt.1.dylib
0x00000000036c0000 	/System/Library/Frameworks/Carbon.framework/Versions/A/Frameworks/Ink.framework/Versions/A/Ink
0x00000000036c0000 	/System/Library/PrivateFrameworks/TextureIO.framework/Versions/A/TextureIO
0x00000000036c0000 	/System/Library/Frameworks/Metal.framework/Versions/A/Metal
0x00000000036c0000 	/usr/lib/libate.dylib
0x00000000036c0000 	/System/Library/PrivateFrameworks/GPUCompiler.framework/libmetal_timestamp.dylib
0x00000000036c0000 	/System/Library/Frameworks/OpenGL.framework/Versions/A/Libraries/libCoreFSCache.dylib
0x00000000036c0000 	/System/Library/PrivateFrameworks/IOAccelerator.framework/Versions/A/IOAccelerator
0x00000000036c0000 	/System/Library/Frameworks/CoreVideo.framework/Versions/A/CoreVideo
0x00000000036c0000 	/usr/lib/libFosl_dynamic.dylib
0x00000000036c0000 	/System/Library/PrivateFrameworks/MetalPerformanceShaders.framework/Versions/A/MetalPerformanceShaders
0x00000000036c0000 	/System/Library/PrivateFrameworks/FaceCore.framework/Versions/A/FaceCore
0x00000000036c0000 	/System/Library/Frameworks/OpenCL.framework/Versions/A/OpenCL
0x00000000036c0000 	/System/Library/Frameworks/OpenGL.framework/Versions/A/Libraries/libGLU.dylib
0x00000000036c0000 	/System/Library/Frameworks/OpenGL.framework/Versions/A/Libraries/libGFXShared.dylib
0x00000000036c0000 	/System/Library/Frameworks/OpenGL.framework/Versions/A/Libraries/libGL.dylib
0x00000000036c0000 	/System/Library/Frameworks/OpenGL.framework/Versions/A/Libraries/libGLImage.dylib
0x00000000036c0000 	/System/Library/Frameworks/OpenGL.framework/Versions/A/Libraries/libCVMSPluginSupport.dylib
0x00000000036c0000 	/System/Library/Frameworks/OpenGL.framework/Versions/A/Libraries/libCoreVMClient.dylib
0x00000000036c0000 	/System/Library/PrivateFrameworks/CrashReporterSupport.framework/Versions/A/CrashReporterSupport
0x00000000036c0000 	/System/Library/PrivateFrameworks/Sharing.framework/Versions/A/Sharing
0x00000000036c0000 	/System/Library/PrivateFrameworks/IconServices.framework/Versions/A/IconServices
0x00000000036c0000 	/System/Library/PrivateFrameworks/ProtocolBuffer.framework/Versions/A/ProtocolBuffer
0x00000000036c0000 	/System/Library/PrivateFrameworks/Apple80211.framework/Versions/A/Apple80211
0x00000000036c0000 	/System/Library/Frameworks/CoreWLAN.framework/Versions/A/CoreWLAN
0x00000000036c0000 	/System/Library/PrivateFrameworks/CoreUtils.framework/Versions/A/CoreUtils
0x00000000036c0000 	/System/Library/Frameworks/IOBluetooth.framework/Versions/A/IOBluetooth
0x00000000036c0000 	/System/Library/PrivateFrameworks/CoreWiFi.framework/Versions/A/CoreWiFi
0x00000000036c0000 	/System/Library/Frameworks/CoreBluetooth.framework/Versions/A/CoreBluetooth
0x00000000036c0000 	/System/Library/Frameworks/CoreDisplay.framework/Versions/A/CoreDisplay
0x00000000036c0000 	/System/Library/PrivateFrameworks/IOPresentment.framework/Versions/A/IOPresentment
0x00000000036c0000 	/System/Library/PrivateFrameworks/DSExternalDisplay.framework/Versions/A/DSExternalDisplay
0x00000000036c0000 	/System/Library/PrivateFrameworks/DebugSymbols.framework/Versions/A/DebugSymbols
0x00000000036c0000 	/System/Library/PrivateFrameworks/CoreSymbolication.framework/Versions/A/CoreSymbolication
0x00000000036c0000 	/System/Library/PrivateFrameworks/Symbolication.framework/Versions/A/Symbolication
0x00000000036c0000 	/System/Library/PrivateFrameworks/AppleFSCompression.framework/Versions/A/AppleFSCompression
0x00000000036c0000 	/System/Library/PrivateFrameworks/SpeechRecognitionCore.framework/Versions/A/SpeechRecognitionCore
0x00000000036c0000 	/System/Library/PrivateFrameworks/ChunkingLibrary.framework/Versions/A/ChunkingLibrary
0x0000000110600000 	/Library/Java/JavaVirtualMachines/jdk1.8.0_45.jdk/Contents/Home/jre/lib/server/libjvm.dylib
0x00000000036c0000 	/usr/lib/libstdc++.6.dylib
0x000000010f5ae000 	/Library/Java/JavaVirtualMachines/jdk1.8.0_45.jdk/Contents/Home/jre/lib/libverify.dylib
0x000000010f5bc000 	/Library/Java/JavaVirtualMachines/jdk1.8.0_45.jdk/Contents/Home/jre/lib/libjava.dylib
0x0000000111569000 	/Library/Java/JavaVirtualMachines/jdk1.8.0_45.jdk/Contents/Home/jre/lib/libzip.dylib
0x000000011c1c7000 	/System/Library/Frameworks/JavaVM.framework/Frameworks/JavaRuntimeSupport.framework/JavaRuntimeSupport
0x000000012c6d1000 	/System/Library/Frameworks/JavaVM.framework/Versions/A/Frameworks/JavaNativeFoundation.framework/Versions/A/JavaNativeFoundation
0x000000012c6e6000 	/System/Library/Frameworks/JavaVM.framework/Versions/A/JavaVM
0x00000000036c0000 	/System/Library/Frameworks/Carbon.framework/Versions/A/Carbon
0x000000012c6f3000 	/System/Library/PrivateFrameworks/JavaLaunching.framework/Versions/A/JavaLaunching
0x00000000036c0000 	/System/Library/Frameworks/Carbon.framework/Versions/A/Frameworks/CommonPanels.framework/Versions/A/CommonPanels
0x00000000036c0000 	/System/Library/Frameworks/Carbon.framework/Versions/A/Frameworks/Help.framework/Versions/A/Help
0x00000000036c0000 	/System/Library/Frameworks/Carbon.framework/Versions/A/Frameworks/ImageCapture.framework/Versions/A/ImageCapture
0x00000000036c0000 	/System/Library/Frameworks/Carbon.framework/Versions/A/Frameworks/OpenScripting.framework/Versions/A/OpenScripting
0x00000000036c0000 	/System/Library/Frameworks/Carbon.framework/Versions/A/Frameworks/Print.framework/Versions/A/Print
0x00000000036c0000 	/System/Library/Frameworks/Carbon.framework/Versions/A/Frameworks/SecurityHI.framework/Versions/A/SecurityHI
0x000000012e07a000 	/Library/Java/JavaVirtualMachines/jdk1.8.0_45.jdk/Contents/Home/jre/lib/libawt.dylib
0x000000012e122000 	/Library/Java/JavaVirtualMachines/jdk1.8.0_45.jdk/Contents/Home/jre/lib/./libmlib_image.dylib
0x000000012e1ee000 	/Library/Java/JavaVirtualMachines/jdk1.8.0_45.jdk/Contents/Home/jre/lib/libawt_lwawt.dylib
0x000000012e2a2000 	/Library/Java/JavaVirtualMachines/jdk1.8.0_45.jdk/Contents/Home/jre/lib/./libosxapp.dylib
0x00000000036c0000 	/System/Library/Frameworks/ExceptionHandling.framework/Versions/A/ExceptionHandling
0x00000000036c0000 	/System/Library/PrivateFrameworks/CoreServicesInternal.framework/Versions/A/CoreServicesInternal
0x00000000036c0000 	/System/Library/CoreServices/RawCamera.bundle/Contents/MacOS/RawCamera
0x00000000036c0000 	/System/Library/Frameworks/Accelerate.framework/Versions/A/Frameworks/vImage.framework/Versions/A/Libraries/libCGInterfaces.dylib
0x00000000036c0000 	/System/Library/Frameworks/ApplicationServices.framework/Versions/A/Frameworks/ATS.framework/Versions/A/Resources/libTrueTypeScaler.dylib
0x000000013020c000 	/System/Library/Frameworks/OpenGL.framework/Resources/GLEngine.bundle/GLEngine
0x00000000036c0000 	/System/Library/Frameworks/OpenGL.framework/Versions/A/Libraries/libGLProgrammability.dylib
0x00000001303f1000 	/System/Library/Extensions/AppleIntelHD5000GraphicsGLDriver.bundle/Contents/MacOS/AppleIntelHD5000GraphicsGLDriver
0x00000000036c0000 	/System/Library/PrivateFrameworks/GPUSupport.framework/Versions/A/Libraries/libGPUSupportMercury.dylib
0x0000000130b5f000 	/System/Library/Extensions/AMDRadeonX4000GLDriver.bundle/Contents/MacOS/AMDRadeonX4000GLDriver
0x0000000130c3f000 	/System/Library/Extensions/AMDRadeonX4000GLDriver.bundle/Contents/MacOS/ATIRadeonX4000SCLib.dylib
0x000000013121c000 	/System/Library/Frameworks/OpenGL.framework/Resources//GLRendererFloat.bundle/GLRendererFloat
0x00000000036c0000 	/System/Library/Frameworks/OpenCL.framework/Versions/A/Libraries/libcldcpuengine.dylib
0x00000000036c0000 	/usr/lib/libcrypto.0.9.8.dylib
0x00000000036c0000 	/System/Library/PrivateFrameworks/TrustEvaluationAgent.framework/Versions/A/TrustEvaluationAgent
0x00000000036c0000 	/System/Library/Extensions/AMDMTLBronzeDriver.bundle/Contents/MacOS/AMDMTLBronzeDriver
0x00000000036c0000 	/System/Library/PrivateFrameworks/IOAccelMemoryInfo.framework/Versions/A/IOAccelMemoryInfo
0x0000000131264000 	/System/Library/Extensions/AppleIntelHD5000GraphicsMTLDriver.bundle/Contents/MacOS/AppleIntelHD5000GraphicsMTLDriver
0x00000000036c0000 	/System/Library/PrivateFrameworks/FamilyControls.framework/Versions/A/FamilyControls
0x00000000036c0000 	/System/Library/PrivateFrameworks/CommerceKit.framework/Versions/A/Frameworks/CommerceCore.framework/Versions/A/CommerceCore
0x00000000036c0000 	/System/Library/PrivateFrameworks/SystemAdministration.framework/Versions/A/SystemAdministration
0x00000000036c0000 	/System/Library/PrivateFrameworks/AppContainer.framework/Versions/A/AppContainer
0x00000000036c0000 	/System/Library/PrivateFrameworks/SecCodeWrapper.framework/Versions/A/SecCodeWrapper
0x00000000036c0000 	/System/Library/Frameworks/DirectoryService.framework/Versions/A/DirectoryService
0x00000000036c0000 	/System/Library/PrivateFrameworks/DiskImages.framework/Versions/A/DiskImages
0x00000000036c0000 	/System/Library/PrivateFrameworks/LoginUIKit.framework/Versions/A/Frameworks/LoginUICore.framework/Versions/A/LoginUICore
0x00000000036c0000 	/usr/lib/libCoreStorage.dylib
0x00000000036c0000 	/usr/lib/libcsfde.dylib
0x00000000036c0000 	/usr/lib/libodfde.dylib
0x00000000036c0000 	/System/Library/Frameworks/DiscRecording.framework/Versions/A/DiscRecording
0x00000000036c0000 	/usr/lib/libcurl.4.dylib
0x00000000036c0000 	/System/Library/PrivateFrameworks/MediaKit.framework/Versions/A/MediaKit
0x00000000036c0000 	/System/Library/PrivateFrameworks/ProtectedCloudStorage.framework/Versions/A/ProtectedCloudStorage
0x00000000036c0000 	/System/Library/PrivateFrameworks/EFILogin.framework/Versions/A/EFILogin
0x00000000036c0000 	/usr/lib/libutil.dylib
0x00000000036c0000 	/System/Library/Frameworks/LDAP.framework/Versions/A/LDAP
0x00000000036c0000 	/usr/lib/libsasl2.2.dylib
0x00000000036c0000 	/System/Library/PrivateFrameworks/CoreDaemon.framework/Versions/B/CoreDaemon
0x00000000036c0000 	/System/Library/PrivateFrameworks/AppleSRP.framework/Versions/A/AppleSRP
0x00000000036c0000 	/System/Library/PrivateFrameworks/APFS.framework/Versions/A/APFS
0x00000001326d6000 	/Library/Java/JavaVirtualMachines/jdk1.8.0_45.jdk/Contents/Home/jre/lib/libfontmanager.dylib
0x0000000132acf000 	/Library/Java/JavaVirtualMachines/jdk1.8.0_45.jdk/Contents/Home/jre/lib/libnet.dylib
0x0000000132b2e000 	/Library/Java/JavaVirtualMachines/jdk1.8.0_45.jdk/Contents/Home/jre/lib/libnio.dylib
0x0000000132b3e000 	/private/var/folders/zg/hfr96y0s0797p430mx5rs1hw0000gr/T/jogamp_0000/file_cache/jln8398820385657033304/jln7753631880540976706/natives/macosx-universal/libgluegen-rt.jnilib
0x00000001313d1000 	/private/var/folders/zg/hfr96y0s0797p430mx5rs1hw0000gr/T/jogamp_0000/file_cache/jln8398820385657033304/jln7753631880540976706/natives/macosx-universal/libnativewindow_awt.jnilib
0x00000001313d4000 	/Library/Java/JavaVirtualMachines/jdk1.8.0_45.jdk/Contents/Home/jre/lib/libjawt.dylib
0x00000001313d7000 	/private/var/folders/zg/hfr96y0s0797p430mx5rs1hw0000gr/T/jogamp_0000/file_cache/jln8398820385657033304/jln7753631880540976706/natives/macosx-universal/libnativewindow_macosx.jnilib
0x00000000036c0000 	/System/Library/PrivateFrameworks/ViewBridge.framework/Versions/A/ViewBridge
0x00000000036c0000 	/System/Library/PrivateFrameworks/XPCService.framework/Versions/A/XPCService
0x00000000036c0000 	/System/Library/PrivateFrameworks/AppSandbox.framework/Versions/A/AppSandbox
0x00000000036c0000 	/usr/lib/libsandbox.1.dylib
0x00000000036c0000 	/usr/lib/libMatch.1.dylib
0x0000000130031000 	/private/var/folders/zg/hfr96y0s0797p430mx5rs1hw0000gr/T/jogamp_0000/file_cache/jln8398820385657033304/jln7753631880540976706/natives/macosx-universal/libnewt.jnilib
0x000000012f467000 	/private/var/folders/zg/hfr96y0s0797p430mx5rs1hw0000gr/T/jogamp_0000/file_cache/jln8398820385657033304/jln7753631880540976706/natives/macosx-universal/libjogl_desktop.jnilib
0x000000012f53b000 	/private/var/folders/zg/hfr96y0s0797p430mx5rs1hw0000gr/T/jogamp_0000/file_cache/jln8398820385657033304/jln7753631880540976706/natives/macosx-universal/libjogl_mobile.jnilib
0x000000012fe5d000 	/Library/Java/JavaVirtualMachines/jdk1.8.0_45.jdk/Contents/Home/jre/lib/libjsound.dylib
0x0000000135361000 	/System/Library/Frameworks/CoreMIDI.framework/Versions/A/CoreMIDI
0x000000012ffe1000 	/usr/lib/libexpat.1.dylib
0x0000000130004000 	/System/Library/Extensions/AppleHDA.kext/Contents/PlugIns/AppleHDAHALPlugIn.bundle/Contents/MacOS/AppleHDAHALPlugIn
0x00000001300b6000 	/Library/Audio/Plug-Ins/HAL/JackRouter.plugin/Contents/MacOS/JackRouter
0x000000013762a000 	/usr/local/lib/libjack.0.dylib
0x000000012e7f4000 	/private/var/folders/zg/hfr96y0s0797p430mx5rs1hw0000gr/T/coreMidi4J3601675265155194751.tmp/libCoreMidi4J.dylib
0x0000000132b42000 	/Library/Java/JavaVirtualMachines/jdk1.8.0_45.jdk/Contents/Home/jre/lib/libjpeg.dylib
0x00000001373c7000 	/Library/Java/JavaVirtualMachines/jdk1.8.0_45.jdk/Contents/Home/jre/lib/liblcms.dylib
0x0000000137e19000 	/System/Library/Components/CoreAudio.component/Contents/MacOS/CoreAudio
0x00000001374fe000 	/Library/Java/JavaVirtualMachines/jdk1.8.0_45.jdk/Contents/Home/jre/lib/libdcpr.dylib
0x000000013d030000 	/private/var/folders/zg/hfr96y0s0797p430mx5rs1hw0000gr/T/libaparapi_x86_641801566993548399906.dylib

VM Arguments:
jvm_args: -Dfile.encoding=UTF-8 -Duser.country=US -Duser.language=en -Duser.variant 
java_command: com.symmetrylabs.slstudio.SLStudio
java_class_path (initial): /Users/jake/SymmetryLabs/Code/SLStudio/build/classes/java/main:/Users/jake/SymmetryLabs/Code/SLStudio/build/classes/kotlin/main:/Users/jake/SymmetryLabs/Code/SLStudio/build/resources/main:/Users/jake/SymmetryLabs/Code/SLStudio/libs/gluegen-rt-natives-linux-aarch64.jar:/Users/jake/SymmetryLabs/Code/SLStudio/libs/gluegen-rt-natives-linux-amd64.jar:/Users/jake/SymmetryLabs/Code/SLStudio/libs/gluegen-rt-natives-linux-armv6hf.jar:/Users/jake/SymmetryLabs/Code/SLStudio/libs/gluegen-rt-natives-linux-i586.jar:/Users/jake/SymmetryLabs/Code/SLStudio/libs/gluegen-rt-natives-macosx-universal.jar:/Users/jake/SymmetryLabs/Code/SLStudio/libs/gluegen-rt-natives-windows-amd64.jar:/Users/jake/SymmetryLabs/Code/SLStudio/libs/gluegen-rt-natives-windows-i586.jar:/Users/jake/SymmetryLabs/Code/SLStudio/libs/gluegen-rt.jar:/Users/jake/SymmetryLabs/Code/SLStudio/libs/jogl-all-2.3.2-natives-linux-amd64.jar:/Users/jake/SymmetryLabs/Code/SLStudio/libs/jogl-all-natives-linux-aarch64.jar:/Users/jake/SymmetryLabs/Code/SLStudio/libs/jogl-all-natives-linux-amd64.jar:/Users/jake/SymmetryLabs/Code/SLStudio/libs/jogl-all-natives-linux-armv6hf.jar:/Users/jake/SymmetryLabs/Code/SLStudio/libs/jogl-all-natives-linux-i586.jar:/Users/jake/SymmetryLabs/Code/SLStudio/libs/jogl-all-natives-macosx-universal.jar:/Users/jake/SymmetryLabs/Code/SLStudio/libs/jogl-all-natives-windows-amd64.jar:/Users/jake/SymmetryLabs/Code/SLStudio/libs/jogl-all-natives-windows-i586.jar:/Users/jake/SymmetryLabs/Code/SLStudio/libs/jogl-all.jar:/Users/jake/SymmetryLabs/Code/SLStudio/libs/minim.jar:/Users/jake/SymmetryLabs/Code/SLStudio/libs/P3LX.jar:/Users/jake/.gradle/caches/modules-2/files-2.1/org.processing/core/3.3.6/f89688e748c841a79624ac2b68f92f9df3ea186a/core-3.3.6.jar:/Users/jake/.gradle/caches/modules-2/files-2.1/com.harium/kdtree/1.0.0/672b9c3f7f966d31baa1a1c36c186ec0d74b85c9/kdtree-1.0.0.jar:/Users/jake/.gradle/caches/modules-2/files-2.1/org.javassist/javassist/3.22.0-GA/3e83394258ae2089be7219b9
Launcher Type: SUN_STANDARD

Environment Variables:
PATH=/Users/jake/.npm-global/bin:/Library/Frameworks/Python.framework/Versions/3.6/bin:/usr/local/bin:/usr/bin:/bin:/usr/sbin:/sbin:/Applications/Server.app/Contents/ServerRoot/usr/bin:/Applications/Server.app/Contents/ServerRoot/usr/sbin:/Applications/Wireshark.app/Contents/MacOS:/Users/jake/.rvm/bin
SHELL=/bin/zsh

Signal Handlers:
SIGSEGV: [libjvm.dylib+0x58ef95], sa_mask[0]=11111111011111110111111111111111, sa_flags=SA_ONSTACK|SA_RESTART|SA_SIGINFO
SIGBUS: [libjvm.dylib+0x58ef95], sa_mask[0]=11111111011111110111111111111111, sa_flags=SA_RESTART|SA_SIGINFO
SIGFPE: [libjvm.dylib+0x46c108], sa_mask[0]=11111111011111110111111111111111, sa_flags=SA_RESTART|SA_SIGINFO
SIGPIPE: [libjvm.dylib+0x46c108], sa_mask[0]=11111111011111110111111111111111, sa_flags=SA_RESTART|SA_SIGINFO
SIGXFSZ: [libjvm.dylib+0x46c108], sa_mask[0]=11111111011111110111111111111111, sa_flags=SA_RESTART|SA_SIGINFO
SIGILL: [libjvm.dylib+0x46c108], sa_mask[0]=11111111011111110111111111111111, sa_flags=SA_RESTART|SA_SIGINFO
SIGUSR1: SIG_DFL, sa_mask[0]=00000000000000000000000000000000, sa_flags=SA_RESTART
SIGUSR2: [libjvm.dylib+0x46bc26], sa_mask[0]=00100000000000000000000000000000, sa_flags=SA_RESTART|SA_SIGINFO
SIGHUP: [libjvm.dylib+0x46a1f9], sa_mask[0]=11111111011111110111111111111111, sa_flags=SA_RESTART|SA_SIGINFO
SIGINT: [libjvm.dylib+0x46a1f9], sa_mask[0]=11111111011111110111111111111111, sa_flags=SA_RESTART|SA_SIGINFO
SIGTERM: [libjvm.dylib+0x46a1f9], sa_mask[0]=11111111011111110111111111111111, sa_flags=SA_RESTART|SA_SIGINFO
SIGQUIT: [libjvm.dylib+0x46a1f9], sa_mask[0]=11111111011111110111111111111111, sa_flags=SA_RESTART|SA_SIGINFO


---------------  S Y S T E M  ---------------

OS:Bsduname:Darwin 16.7.0 Darwin Kernel Version 16.7.0: Thu Jun 15 17:36:27 PDT 2017; root:xnu-3789.70.16~2/RELEASE_X86_64 x86_64
rlimit: STACK 8192k, CORE 0k, NPROC 709, NOFILE 10240, AS infinity
load average:3.65 2.76 2.73

CPU:total 8 (4 cores per cpu, 2 threads per core) family 6 model 70 stepping 1, cmov, cx8, fxsr, mmx, sse, sse2, sse3, ssse3, sse4.1, sse4.2, popcnt, avx, avx2, aes, clmul, erms, lzcnt, ht, tsc, tscinvbit, bmi1, bmi2

Memory: 4k page, physical 16777216k(1639596k free)

/proc/meminfo:


vm_info: Java HotSpot(TM) 64-Bit Server VM (25.45-b02) for bsd-amd64 JRE (1.8.0_45-b14), built on Apr 10 2015 10:46:38 by "java_re" with gcc 4.2.1 (Based on Apple Inc. build 5658) (LLVM build 2336.11.00)

time: Sat Feb 17 12:48:35 2018
elapsed time: 3782 seconds (0d 1h 3m 2s)

