#
# A fatal error has been detected by the Java Runtime Environment:
#
#  SIGSEGV (0xb) at pc=0x000000010b93a55a, pid=1203, tid=0x000000000000fd1b
#
# JRE version: Java(TM) SE Runtime Environment (8.0_161-b12) (build 1.8.0_161-b12)
# Java VM: Java HotSpot(TM) 64-Bit Server VM (25.161-b12 mixed mode bsd-amd64 compressed oops)
# Problematic frame:
# V  [libjvm.dylib+0x53a55a]  ObjectSynchronizer::inflate(Thread*, oopDesc*)+0x1dc
#
# Failed to write core dump. Core dumps have been disabled. To enable core dumping, try "ulimit -c unlimited" before starting Java again
#
# If you would like to submit a bug report, please visit:
#   http://bugreport.java.com/bugreport/crash.jsp
#

---------------  T H R E A D  ---------------

Current thread (0x00007fbe42b5b000):  JavaThread "Thread-2" [_thread_in_vm, id=64795, stack(0x000070000ba9b000,0x000070000bb9b000)]

siginfo: si_signo: 11 (SIGSEGV), si_code: 0 (unknown), si_addr: 0x0000000000000000

Registers:
RAX=0xff000000ff000000, RBX=0x00000006c01f7d08, RCX=0xff000000ff000001, RDX=0x0000000000000000
RSP=0x000070000bb99680, RBP=0x000070000bb99700, RSI=0x00000006c01f7d08, RDI=0x00007fbe42b5b000
R8 =0x000000010fdefba0, R9 =0x0000000000000068, R10=0x00000007c0039210, R11=0x00000007715b3d68
R12=0xff000000ff000000, R13=0x00007fbe448311d8, R14=0xff000000ff000000, R15=0x000000010bced7a6
RIP=0x000000010b93a55a, EFLAGS=0x0000000000010286, ERR=0x0000000000000000
  TRAPNO=0x000000000000000d

Top of Stack: (sp=0x000070000bb99680)
0x000070000bb99680:   0000000000000000 0000000000000000
0x000070000bb99690:   0000000000000000 0000000000000000
0x000070000bb996a0:   0000000000000000 0000000000000000
0x000070000bb996b0:   0000000000000000 0000000000000000
0x000070000bb996c0:   0000000000000000 0000000000000000
0x000070000bb996d0:   0000000000000000 00007fbe42b5b000
0x000070000bb996e0:   0000000000000000 000070000bb99a60
0x000070000bb996f0:   000070000bb999e0 00007fbe41efbe38
0x000070000bb99700:   000070000bb99730 000000010b93b181
0x000070000bb99710:   0000000000000000 000070000bb999e0
0x000070000bb99720:   00000006c01f7d08 00007fbe42b5b000
0x000070000bb99730:   000070000bb99770 000000010b542cf0
0x000070000bb99740:   0000000000000000 00007fbe42b5b000
0x000070000bb99750:   00007fbe42b5b000 000070000bb999e0
0x000070000bb99760:   00007fbe42b5b000 00007fbe42b5b000
0x000070000bb99770:   000070000bb99950 000000010fea56e5
0x000070000bb99780:   000000010dd7a208 000000010e5927d0
0x000070000bb99790:   000000010dd7a208 00007fbe4310e210
0x000070000bb997a0:   000000010e590a70 00000007c0002368
0x000070000bb997b0:   000070000bb997e0 000000010b6b6703
0x000070000bb997c0:   000000010e5927d0 000070000bb99c30
0x000070000bb997d0:   000000010dd7a900 000000010e590a70
0x000070000bb997e0:   000070000bb99840 000000010b7cc0b2
0x000070000bb997f0:   0000000100000000 000000010dd7a900
0x000070000bb99800:   000000010dd7a900 0000000000000000
0x000070000bb99810:   0000000000000000 000070000bb99c30
0x000070000bb99820:   00007fbe42b5b000 00007fbe4310e210
0x000070000bb99830:   00007fbe42b5b000 00000007c0002368
0x000070000bb99840:   000070000bb999e0 000000010b7cc7dc
0x000070000bb99850:   00007fbe42b5b000 000000002ecab828
0x000070000bb99860:   0000000000000000 00007fff63561384
0x000070000bb99870:   0000000000000000 000000010a394080 

Instructions: (pc=0x000000010b93a55a)
0x000000010b93a53a:   4c 8b 23 41 f6 c4 02 0f 84 2b ff ff ff 4c 89 e0
0x000000010b93a54a:   48 83 f0 02 e9 3f 01 00 00 4d 89 e6 49 83 e6 fd
0x000000010b93a55a:   4d 8b 36 4d 89 75 00 4d 89 65 18 49 c7 45 28 00
0x000000010b93a56a:   00 00 00 49 89 5d 08 48 83 3b 00 74 24 48 8d 3d 

Register to memory mapping:

RAX=0xff000000ff000000 is an unknown value
RBX=