#
# A fatal error has been detected by the Java Runtime Environment:
#
#  SIGBUS (0xa) at pc=0x000000010f1a3791, pid=27326, tid=10755
#
# JRE version: Java(TM) SE Runtime Environment (8.0_45-b14) (build 1.8.0_45-b14)
# Java VM: Java HotSpot(TM) 64-Bit Server VM (25.45-b02 mixed mode bsd-amd64 compressed oops)
# Problematic frame:
# V  [libjvm.dylib+0x1a3791]  oopDesc::size()+0x2d
#
# Failed to write core dump. Core dumps have been disabled. To enable core dumping, try "ulimit -c unlimited" before starting Java again
#
# If you would like to submit a bug report, please visit:
#   http://bugreport.java.com/bugreport/crash.jsp
#

---------------  T H R E A D  ---------------

Current thread (0x00007fbb2680b000):  GCTaskThread [stack: 0x000070000dc53000,0x000070000dd53000] [id=10755]

siginfo: si_signo: 10 (SIGBUS), si_code: 2 (BUS_ADRERR), si_addr: 0x00000007f8000008

Registers:
RAX=0x000000010f815520, RBX=0x00007fbb25a08080, RCX=0x0000000000002e03, RDX=0x0000000000017101
RSP=0x000070000dd52c40, RBP=0x000070000dd52c40, RSI=0x00000006c00b8e58, RDI=0x00000007f8000000
R8 =0x0000000000000001, R9 =0x000000000000dbcd, R10=0x0000000000000001, R11=0x0000400000000000
R12=0x00000006c00e3b9c, R13=0x00000006c00e3bb0, R14=0x00000006c00b8e58, R15=0x00000007c003c2b8
RIP=0x000000010f1a3791, EFLAGS=0x0000000000010206, ERR=0x0000000000000004
  TRAPNO=0x000000000000000e

Top of Stack: (sp=0x000070000dd52c40)
0x000070000dd52c40:   000070000dd52c70 000000010f2b7186
0x000070000dd52c50:   00007fbb25a08080 00007fbb25a08080
0x000070000dd52c60:   00000007c003c2b0 00000007c003c2b8
0x000070000dd52c70:   000070000dd52cc0 000000010f2b3b57
0x000070000dd52c80:   00007fbb25a08080 00000006c00e3b80
0x000070000dd52c90:   0000000000000000 00007fbb25a08080
0x000070000dd52ca0:   00000006c00e3b80 000000010f815520
0x000070000dd52cb0:   00007fbb25a08088 000000010f815520
0x000070000dd52cc0:   000070000dd52d50 000000010f49e232
0x000070000dd52cd0:   000070000dd52d00 00007fbb25a080c0
0x000070000dd52ce0:   00007fbb25a08108 00007fbb25a08140
0x000070000dd52cf0:   00000007c0038b98 00000007c0038ba0
0x000070000dd52d00:   00000006c00e3b80 000000010f2b3b57
0x000070000dd52d10:   000070000dd52d50 00000006c00a3400
0x000070000dd52d20:   0000000000000000 0000000000000003
0x000070000dd52d30:   000070000dd52d80 000000010f815520
0x000070000dd52d40:   00007fbb25a08080 000070000dd52d6c
0x000070000dd52d50:   000070000dd52db0 000000010f491cbf
0x000070000dd52d60:   00007fbb3033b030 05808c4f0f26bc5d
0x000070000dd52d70:   00000006c0c57a80 0000000000000200
0x000070000dd52d80:   00000006c00a3400 00007fbb2680b000
0x000070000dd52d90:   0000000000000000 000000010f5ede9b
0x000070000dd52da0:   00007fbb3033b030 0000000000000001
0x000070000dd52db0:   000070000dd52e90 000000010f26c111
0x000070000dd52dc0:   000070000dd52df0 00007fbb25805e90
0x000070000dd52dd0:   00007fbb25805ec0 00007fbb25805ed0
0x000070000dd52de0:   00007fbb258062a8 00000000000003d8
0x000070000dd52df0:   00007fbb2680b000 00007fbb258062b0
0x000070000dd52e00:   00007fbb258062f0 00007fbb25806300
0x000070000dd52e10:   00007fbb258063d8 00000000000000d8
0x000070000dd52e20:   000070000dd52e30 0000000000000000
0x000070000dd52e30:   00007fbb2680b000 00007fbb258062b0 

Instructions: (pc=0x000000010f1a3791)
0x000000010f1a3771:   84 d2 48 89 fe 74 15 48 8d 05 a1 1d 67 00 8a 48
0x000000010f1a3781:   08 8b 7e 08 48 d3 e7 48 03 38 eb 04 48 8b 7e 08
0x000000010f1a3791:   8b 47 08 85 c0 7e 09 a8 01 75 4e c1 f8 03 eb 47
0x000000010f1a37a1:   85 c0 7f 43 85 c0 79 41 84 d2 0f 94 c1 0f b6 c9 

Register to memory mapping:

RAX=0x000000010f815520: _ZN8Universe13_narrow_klassE+0 in /Library/Java/JavaVirtualMachines/jdk1.8.0_45.jdk/Contents/Home/jre/lib/server/libjvm.dylib at 0x000000010f000000
RBX=0x00007fbb25a08080 is an unknown value
RCX=0x0000000000002e03 is an unknown value
RDX=0x0000000000017101 is an unknown value
RSP=0x000070000dd52c40 is an unknown value
RBP=0x000070000dd52c40 is an unknown value
RSI=
[error occurred during error reporting (printing register info), id 0xa]

Stack: [0x000070000dc53000,0x000070000dd53000],  sp=0x000070000dd52c40,  free space=1023k
Native frames: (J=compiled Java code, j=interpreted, Vv=VM code, C=native code)
V  [libjvm.dylib+0x1a3791]  oopDesc::size()+0x2d
V  [libjvm.dylib+0x2b7186]  void PSParallelCompact::mark_and_push<unsigned int>(ParCompactionManager*, unsigned int*)+0x6a
V  [libjvm.dylib+0x2b3b57]  InstanceKlass::oop_follow_contents(ParCompactionManager*, oopDesc*)+0x10d
V  [libjvm.dylib+0x49e232]  ParCompactionManager::follow_marking_stacks()+0xb4
V  [libjvm.dylib+0x491cbf]  StealMarkingTask::do_it(GCTaskManager*, unsigned int)+0xd1
V  [libjvm.dylib+0x26c111]  GCTaskThread::run()+0x1a1
V  [libjvm.dylib+0x46ea7e]  java_start(Thread*)+0xf6
C  [libsystem_pthread.dylib+0x393b]  _pthread_body+0xb4
C  [libsystem_pthread.dylib+0x3887]  _pthread_body+0x0
C  [libsystem_pthread.dylib+0x308d]  thread_start+0xd


---------------  P R O C E S S  ---------------

Java Threads: ( => current thread )
  0x00007fbb2715e000 JavaThread "ForkJoinPool.commonPool-worker-0" daemon [_thread_blocked, id=140407, stack(0x000070000f19b000,0x000070000f29b000)]
  0x00007fbb2f073000 JavaThread "AWT-Shutdown" [_thread_blocked, id=81775, stack(0x000070000ec03000,0x000070000ed03000)]
  0x00007fbb2f48e800 JavaThread "Thread-466" daemon [_thread_in_native, id=79111, stack(0x000070000fd3f000,0x000070000fdbf000)]
  0x00007fbb30209800 JavaThread "Thread-435" daemon [_thread_in_native, id=142895, stack(0x000070000ee8c000,0x000070000ef0c000)]
  0x00007fbb262ad800 JavaThread "pool-1-thread-16" [_thread_blocked, id=37903, stack(0x000070000fa36000,0x000070000fb36000)]
  0x00007fbb24828000 JavaThread "pool-1-thread-15" [_thread_blocked, id=4515, stack(0x000070000f933000,0x000070000fa33000)]
  0x00007fbb2f859800 JavaThread "pool-1-thread-14" [_thread_blocked, id=75551, stack(0x000070000f830000,0x000070000f930000)]
  0x00007fbb2fa3a000 JavaThread "pool-1-thread-13" [_thread_blocked, id=5123, stack(0x000070000d741000,0x000070000d841000)]
  0x00007fbb2631d800 JavaThread "Thread-416" daemon [_thread_in_native, id=141123, stack(0x000070000ee8c000,0x000070000ef0c000)]
  0x00007fbb280cc800 JavaThread "Thread-320" daemon [_thread_in_native, id=147547, stack(0x000070000e46b000,0x000070000e4eb000)]
  0x00007fbb2fa4c800 JavaThread "Thread-266" daemon [_thread_in_native, id=46919, stack(0x000070000ee8c000,0x000070000ef0c000)]
  0x00007fbb2622c000 JavaThread "Thread-262" daemon [_thread_in_native, id=147463, stack(0x000070000d7c4000,0x000070000d844000)]
  0x00007fbb2f12b800 JavaThread "Thread-260" daemon [_thread_in_native, id=75603, stack(0x00007000100cb000,0x000070001014b000)]
  0x00007fbb2493f000 JavaThread "Thread-258" daemon [_thread_in_native, id=17659, stack(0x000070000f830000,0x000070000f8b0000)]
  0x00007fbb3005b000 JavaThread "Thread-256" daemon [_thread_in_native, id=147739, stack(0x00007000103d4000,0x0000700010454000)]
  0x00007fbb26426800 JavaThread "Thread-254" daemon [_thread_in_native, id=72027, stack(0x000070000e46b000,0x000070000e4eb000)]
  0x00007fbb2f861800 JavaThread "Thread-252" daemon [_thread_in_native, id=140015, stack(0x000070000d741000,0x000070000d7c1000)]
  0x00007fbb26321800 JavaThread "Thread-48" [_thread_blocked, id=4039, stack(0x000070000ed89000,0x000070000ee89000)]
  0x00007fbb262a6800 JavaThread "LXChannel thread #6" [_thread_blocked, id=53347, stack(0x000070000f72d000,0x000070000f82d000)]
  0x00007fbb27ebf000 JavaThread "Thread-38" daemon [_thread_in_native, id=29707, stack(0x000070000ec03000,0x000070000ec83000)]
  0x00007fbb25363800 JavaThread "Thread-31" daemon [_thread_in_native, id=4355, stack(0x000070000d7c4000,0x000070000d844000)]
  0x00007fbb2634e000 JavaThread "Thread-29" daemon [_thread_in_native, id=47371, stack(0x000070000ed89000,0x000070000ee09000)]
  0x00007fbb25387000 JavaThread "Thread-27" daemon [_thread_in_native, id=158987, stack(0x000070000f19b000,0x000070000f21b000)]
  0x00007fbb26bb6800 JavaThread "Thread-25" daemon [_thread_in_native, id=147479, stack(0x000070000ee8f000,0x000070000ef0f000)]
  0x00007fbb27066000 JavaThread "Thread-21" daemon [_thread_in_native, id=47635, stack(0x000070000ee0c000,0x000070000ee8c000)]
  0x00007fbb27ecf000 JavaThread "Thread-19" daemon [_thread_in_native, id=28519, stack(0x000070000e46b000,0x000070000e4eb000)]
  0x00007fbb26b1c000 JavaThread "Thread-17" daemon [_thread_in_native, id=46927, stack(0x000070000d741000,0x000070000d7c1000)]
  0x00007fbb25053800 JavaThread "ForkJoinPool.commonPool-worker-7" daemon [_thread_blocked, id=157699, stack(0x0000700011281000,0x0000700011381000)]
  0x00007fbb27c6c800 JavaThread "ForkJoinPool.commonPool-worker-5" daemon [_thread_blocked, id=156675, stack(0x000070001107b000,0x000070001117b000)]
  0x00007fbb2817b000 JavaThread "ForkJoinPool.commonPool-worker-4" daemon [_thread_blocked, id=156163, stack(0x0000700010f78000,0x0000700011078000)]
  0x00007fbb28179800 JavaThread "ForkJoinPool.commonPool-worker-3" daemon [_thread_blocked, id=155651, stack(0x0000700010e75000,0x0000700010f75000)]
  0x00007fbb2494d800 JavaThread "ForkJoinPool.commonPool-worker-2" daemon [_thread_blocked, id=155139, stack(0x0000700010d72000,0x0000700010e72000)]
  0x00007fbb24802800 JavaThread "ForkJoinPool.commonPool-worker-1" daemon [_thread_blocked, id=152587, stack(0x0000700010c6f000,0x0000700010d6f000)]
  0x00007fbb27355800 JavaThread "LXChannel thread #5" [_thread_blocked, id=154371, stack(0x0000700010b6c000,0x0000700010c6c000)]
  0x00007fbb27355000 JavaThread "LXChannel thread #4" [_thread_blocked, id=153859, stack(0x0000700010a69000,0x0000700010b69000)]
  0x00007fbb28178800 JavaThread "LXChannel thread #3" [_thread_blocked, id=153347, stack(0x0000700010966000,0x0000700010a66000)]
  0x00007fbb2494d000 JavaThread "LXChannel thread #2" [_thread_blocked, id=152835, stack(0x0000700010863000,0x0000700010963000)]
  0x00007fbb27354000 JavaThread "Thread-12" [_thread_in_native, id=144391, stack(0x0000700010760000,0x0000700010860000)]
  0x00007fbb289f4800 JavaThread "LXAudioEngine Input Thread" [_thread_blocked, id=146443, stack(0x00007000101ce000,0x00007000102ce000)]
  0x00007fbb24937000 JavaThread "Thread-11" [_thread_blocked, id=151779, stack(0x000070001065d000,0x000070001075d000)]
  0x00007fbb24951000 JavaThread "Thread-10" [_thread_blocked, id=149283, stack(0x000070001055a000,0x000070001065a000)]
  0x00007fbb270c7800 JavaThread "LXEngine Render Thread" [_thread_blocked, id=148799, stack(0x0000700010457000,0x0000700010557000)]
  0x00007fbb253ec000 JavaThread "Thread-7" [_thread_in_native, id=145923, stack(0x00007000102d1000,0x00007000103d1000)]
  0x00007fbb24942800 JavaThread "Java Sound Event Dispatcher" daemon [_thread_blocked, id=143619, stack(0x000070000ff45000,0x0000700010045000)]
  0x00007fbb26e08000 JavaThread "LXEngine Network Thread" [_thread_blocked, id=143111, stack(0x000070000fe42000,0x000070000ff42000)]
  0x00007fbb25474000 JavaThread "Timer-0" [_thread_blocked, id=140551, stack(0x000070000f5a7000,0x000070000f6a7000)]
  0x00007fbb26a3e000 JavaThread "DestroyJavaVM" [_thread_blocked, id=6915, stack(0x000070000d847000,0x000070000d947000)]
  0x00007fbb26ac8000 JavaThread "main-FPSAWTAnimator#00-Timer0" [_thread_blocked, id=70403, stack(0x000070000f4a4000,0x000070000f5a4000)]
  0x00007fbb26a47000 JavaThread "Thread-2" [_thread_blocked, id=69911, stack(0x000070000f3a1000,0x000070000f4a1000)]
  0x00007fbb27b30000 JavaThread "main-Display-.macosx_nil-1-EDT-1" daemon [_thread_blocked, id=69379, stack(0x000070000f29e000,0x000070000f39e000)]
  0x00007fbb251c8000 JavaThread "Java2D Disposer" daemon [_thread_blocked, id=62991, stack(0x000070000f098000,0x000070000f198000)]
  0x00007fbb279cf000 JavaThread "Java2D Queue Flusher" daemon [_thread_blocked, id=60679, stack(0x000070000ef95000,0x000070000f095000)]
  0x00007fbb26820000 JavaThread "AWT-AppKit" daemon [_thread_in_native, id=775, stack(0x00007fff51526000,0x00007fff51d26000)]
  0x00007fbb2506f000 JavaThread "Service Thread" daemon [_thread_blocked, id=20995, stack(0x000070000e9fd000,0x000070000eafd000)]
  0x00007fbb26030800 JavaThread "C1 CompilerThread3" daemon [_thread_blocked, id=20483, stack(0x000070000e8fa000,0x000070000e9fa000)]
  0x00007fbb25013000 JavaThread "C2 CompilerThread2" daemon [_thread_blocked, id=19971, stack(0x000070000e7f7000,0x000070000e8f7000)]
  0x00007fbb2780f800 JavaThread "C2 CompilerThread1" daemon [_thread_blocked, id=19459, stack(0x000070000e6f4000,0x000070000e7f4000)]
  0x00007fbb26829800 JavaThread "C2 CompilerThread0" daemon [_thread_blocked, id=18947, stack(0x000070000e5f1000,0x000070000e6f1000)]
  0x00007fbb2780e800 JavaThread "Signal Dispatcher" daemon [_thread_blocked, id=18435, stack(0x000070000e4ee000,0x000070000e5ee000)]
  0x00007fbb26812000 JavaThread "Finalizer" daemon [_thread_blocked, id=14339, stack(0x000070000e368000,0x000070000e468000)]
  0x00007fbb26811800 JavaThread "Reference Handler" daemon [_thread_blocked, id=13827, stack(0x000070000e265000,0x000070000e365000)]

Other Threads:
  0x00007fbb27805800 VMThread [stack: 0x000070000e162000,0x000070000e262000] [id=13315]
  0x00007fbb25018000 WatcherThread [stack: 0x000070000eb00000,0x000070000ec00000] [id=21507]

=>0x00007fbb2680b000 (exited) GCTaskThread [stack: 0x000070000dc53000,0x000070000dd53000] [id=10755]

VM state:at safepoint (normal execution)

VM Mutex/Monitor currently owned by a thread:  ([mutex/lock_event])
[0x00007fbb25801e40] Threads_lock - owner thread: 0x00007fbb27805800
[0x00007fbb25802340] Heap_lock - owner thread: 0x00007fbb262a6800

Heap:
 PSYoungGen      total 116736K, used 4606K [0x000000076ab00000, 0x000000077b600000, 0x00000007c0000000)
  eden space 112128K, 0% used [0x000000076ab00000,0x000000076ab00000,0x0000000771880000)
  from space 4608K, 99% used [0x000000077b180000,0x000000077b5ffba0,0x000000077b600000)
  to   space 38912K, 0% used [0x0000000776a00000,0x0000000776a00000,0x0000000779000000)
 ParOldGen       total 195584K, used 194436K [0x00000006c0000000, 0x00000006cbf00000, 0x000000076ab00000)
  object space 195584K, 99% used [0x00000006c0000000,0x00000006cbde1168,0x00000006cbf00000)
 Metaspace       used 27437K, capacity 27759K, committed 28160K, reserved 1075200K
  class space    used 3109K, capacity 3222K, committed 3328K, reserved 1048576K

Card table byte_map: [0x0000000110329000,0x0000000110b2a000] byte_map_base: 0x000000010cd29000

Marking Bits: (ParMarkBitMap*) 0x000000010f8c27a0
 Begin Bits: [0x0000000125621000, 0x0000000129621000)
 End Bits:   [0x0000000129621000, 0x000000012d621000)

Polling page: 0x000000010df9a000

CodeCache: size=245760Kb used=13646Kb max_used=13677Kb free=232114Kb
 bounds [0x0000000116621000, 0x0000000117401000, 0x0000000125621000]
 total_blobs=5076 nmethods=4124 adapters=865
 compilation: enabled

Compilation events (10 events):
Event: 1845.282 Thread 0x00007fbb26030800 5599       3       processing.opengl.PGraphicsOpenGL::flushPolys (699 bytes)
Event: 1845.288 Thread 0x00007fbb26030800 nmethod 5599 0x0000000116ecbd10 code [0x0000000116ecc260, 0x0000000116ecf438]
Event: 1847.277 Thread 0x00007fbb26030800 5600       3       processing.opengl.Texture::updateTexelsImpl (230 bytes)
Event: 1847.278 Thread 0x00007fbb26030800 nmethod 5600 0x000000011727ced0 code [0x000000011727d0c0, 0x000000011727dc10]
Event: 1853.141 Thread 0x00007fbb2780f800 5601       4       processing.opengl.PGraphicsOpenGL::flushPolys (699 bytes)
Event: 1853.331 Thread 0x00007fbb2780f800 nmethod 5601 0x00000001173e11d0 code [0x00000001173e1b00, 0x00000001173e7398]
Event: 1882.387 Thread 0x00007fbb26030800 5603       3       java.util.concurrent.locks.AbstractQueuedSynchronizer::release (33 bytes)
Event: 1882.388 Thread 0x00007fbb26030800 nmethod 5603 0x000000011729ad90 code [0x000000011729af20, 0x000000011729b238]
Event: 1886.795 Thread 0x00007fbb26030800 5604       3       java.util.HashMap::afterNodeRemoval (1 bytes)
Event: 1886.795 Thread 0x00007fbb26030800 nmethod 5604 0x0000000116dc3890 code [0x0000000116dc39e0, 0x0000000116dc3b30]

GC Heap History (10 events):
Event: 1883.125 GC heap after
Heap after GC invocations=4140 (full 4):
 PSYoungGen      total 102912K, used 990K [0x000000076ab00000, 0x000000077bb00000, 0x00000007c0000000)
  eden space 101888K, 0% used [0x000000076ab00000,0x000000076ab00000,0x0000000770e80000)
  from space 1024K, 96% used [0x000000077ba00000,0x000000077baf7b90,0x000000077bb00000)
  to   space 5632K, 0% used [0x000000077b000000,0x000000077b000000,0x000000077b580000)
 ParOldGen       total 178688K, used 104524K [0x00000006c0000000, 0x00000006cae80000, 0x000000076ab00000)
  object space 178688K, 58% used [0x00000006c0000000,0x00000006c6613168,0x00000006cae80000)
 Metaspace       used 27436K, capacity 27759K, committed 28160K, reserved 1075200K
  class space    used 3109K, capacity 3222K, committed 3328K, reserved 1048576K
}
Event: 1887.562 GC heap before
{Heap before GC invocations=4141 (full 4):
 PSYoungGen      total 102912K, used 102878K [0x000000076ab00000, 0x000000077bb00000, 0x00000007c0000000)
  eden space 101888K, 100% used [0x000000076ab00000,0x0000000770e80000,0x0000000770e80000)
  from space 1024K, 96% used [0x000000077ba00000,0x000000077baf7b90,0x000000077bb00000)
  to   space 5632K, 0% used [0x000000077b000000,0x000000077b000000,0x000000077b580000)
 ParOldGen       total 178688K, used 104524K [0x00000006c0000000, 0x00000006cae80000, 0x000000076ab00000)
  object space 178688K, 58% used [0x00000006c0000000,0x00000006c6613168,0x00000006cae80000)
 Metaspace       used 27436K, capacity 27759K, committed 28160K, reserved 1075200K
  class space    used 3109K, capacity 3222K, committed 3328K, reserved 1048576K
Event: 1887.563 GC heap after
Heap after GC invocations=4141 (full 4):
 PSYoungGen      total 105472K, used 990K [0x000000076ab00000, 0x000000077ba80000, 0x00000007c0000000)
  eden space 99840K, 0% used [0x000000076ab00000,0x000000076ab00000,0x0000000770c80000)
  from space 5632K, 17% used [0x000000077b000000,0x000000077b0f7b90,0x000000077b580000)
  to   space 5120K, 0% used [0x000000077b580000,0x000000077b580000,0x000000077ba80000)
 ParOldGen       total 178688K, used 104524K [0x00000006c0000000, 0x00000006cae80000, 0x000000076ab00000)
  object space 178688K, 58% used [0x00000006c0000000,0x00000006c6613168,0x00000006cae80000)
 Metaspace       used 27436K, capacity 27759K, committed 28160K, reserved 1075200K
  class space    used 3109K, capacity 3222K, committed 3328K, reserved 1048576K
}
Event: 1891.945 GC heap before
{Heap before GC invocations=4142 (full 4):
 PSYoungGen      total 105472K, used 100830K [0x000000076ab00000, 0x000000077ba80000, 0x00000007c0000000)
  eden space 99840K, 100% used [0x000000076ab00000,0x0000000770c80000,0x0000000770c80000)
  from space 5632K, 17% used [0x000000077b000000,0x000000077b0f7b90,0x000000077b580000)
  to   space 5120K, 0% used [0x000000077b580000,0x000000077b580000,0x000000077ba80000)
 ParOldGen       total 178688K, used 104524K [0x00000006c0000000, 0x00000006cae80000, 0x000000076ab00000)
  object space 178688K, 58% used [0x00000006c0000000,0x00000006c6613168,0x00000006cae80000)
 Metaspace       used 27436K, capacity 27759K, committed 28160K, reserved 1075200K
  class space    used 3109K, capacity 3222K, committed 3328K, reserved 1048576K
Event: 1891.946 GC heap after
Heap after GC invocations=4142 (full 4):
 PSYoungGen      total 98816K, used 1022K [0x000000076ab00000, 0x000000077b680000, 0x00000007c0000000)
  eden space 97792K, 0% used [0x000000076ab00000,0x000000076ab00000,0x0000000770a80000)
  from space 1024K, 99% used [0x000000077b580000,0x000000077b67fb90,0x000000077b680000)
  to   space 5120K, 0% used [0x000000077ac80000,0x000000077ac80000,0x000000077b180000)
 ParOldGen       total 178688K, used 104524K [0x00000006c0000000, 0x00000006cae80000, 0x000000076ab00000)
  object space 178688K, 58% used [0x00000006c0000000,0x00000006c6613168,0x00000006cae80000)
 Metaspace       used 27436K, capacity 27759K, committed 28160K, reserved 1075200K
  class space    used 3109K, capacity 3222K, committed 3328K, reserved 1048576K
}
Event: 1896.333 GC heap before
{Heap before GC invocations=4143 (full 4):
 PSYoungGen      total 98816K, used 98814K [0x000000076ab00000, 0x000000077b680000, 0x00000007c0000000)
  eden space 97792K, 100% used [0x000000076ab00000,0x0000000770a80000,0x0000000770a80000)
  from space 1024K, 99% used [0x000000077b580000,0x000000077b67fb90,0x000000077b680000)
  to   space 5120K, 0% used [0x000000077ac80000,0x000000077ac80000,0x000000077b180000)
 ParOldGen       total 178688K, used 104524K [0x00000006c0000000, 0x00000006cae80000, 0x000000076ab00000)
  object space 178688K, 58% used [0x00000006c0000000,0x00000006c6613168,0x00000006cae80000)
 Metaspace       used 27436K, capacity 27759K, committed 28160K, reserved 1075200K
  class space    used 3109K, capacity 3222K, committed 3328K, reserved 1048576K
Event: 1896.335 GC heap after
Heap after GC invocations=4143 (full 4):
 PSYoungGen      total 100864K, used 1022K [0x000000076ab00000, 0x000000077b600000, 0x00000007c0000000)
  eden space 95744K, 0% used [0x000000076ab00000,0x000000076ab00000,0x0000000770880000)
  from space 5120K, 19% used [0x000000077ac80000,0x000000077ad7fb90,0x000000077b180000)
  to   space 4608K, 0% used [0x000000077b180000,0x000000077b180000,0x000000077b600000)
 ParOldGen       total 178688K, used 104524K [0x00000006c0000000, 0x00000006cae80000, 0x000000076ab00000)
  object space 178688K, 58% used [0x00000006c0000000,0x00000006c6613168,0x00000006cae80000)
 Metaspace       used 27436K, capacity 27759K, committed 28160K, reserved 1075200K
  class space    used 3109K, capacity 3222K, committed 3328K, reserved 1048576K
}
Event: 1901.358 GC heap before
{Heap before GC invocations=4144 (full 4):
 PSYoungGen      total 100864K, used 96766K [0x000000076ab00000, 0x000000077b600000, 0x00000007c0000000)
  eden space 95744K, 100% used [0x000000076ab00000,0x0000000770880000,0x0000000770880000)
  from space 5120K, 19% used [0x000000077ac80000,0x000000077ad7fb90,0x000000077b180000)
  to   space 4608K, 0% used [0x000000077b180000,0x000000077b180000,0x000000077b600000)
 ParOldGen       total 178688K, used 104524K [0x00000006c0000000, 0x00000006cae80000, 0x000000076ab00000)
  object space 178688K, 58% used [0x00000006c0000000,0x00000006c6613168,0x00000006cae80000)
 Metaspace       used 27437K, capacity 27759K, committed 28160K, reserved 1075200K
  class space    used 3109K, capacity 3222K, committed 3328K, reserved 1048576K
Event: 1901.593 GC heap after
Heap after GC invocations=4144 (full 4):
 PSYoungGen      total 116736K, used 4606K [0x000000076ab00000, 0x000000077b600000, 0x00000007c0000000)
  eden space 112128K, 0% used [0x000000076ab00000,0x000000076ab00000,0x0000000771880000)
  from space 4608K, 99% used [0x000000077b180000,0x000000077b5ffba0,0x000000077b600000)
  to   space 38912K, 0% used [0x0000000776a00000,0x0000000776a00000,0x0000000779000000)
 ParOldGen       total 195584K, used 194436K [0x00000006c0000000, 0x00000006cbf00000, 0x000000076ab00000)
  object space 195584K, 99% used [0x00000006c0000000,0x00000006cbde1168,0x00000006cbf00000)
 Metaspace       used 27437K, capacity 27759K, committed 28160K, reserved 1075200K
  class space    used 3109K, capacity 3222K, committed 3328K, reserved 1048576K
}
Event: 1901.593 GC heap before
{Heap before GC invocations=4145 (full 5):
 PSYoungGen      total 116736K, used 4606K [0x000000076ab00000, 0x000000077b600000, 0x00000007c0000000)
  eden space 112128K, 0% used [0x000000076ab00000,0x000000076ab00000,0x0000000771880000)
  from space 4608K, 99% used [0x000000077b180000,0x000000077b5ffba0,0x000000077b600000)
  to   space 38912K, 0% used [0x0000000776a00000,0x0000000776a00000,0x0000000779000000)
 ParOldGen       total 195584K, used 194436K [0x00000006c0000000, 0x00000006cbf00000, 0x000000076ab00000)
  object space 195584K, 99% used [0x00000006c0000000,0x00000006cbde1168,0x00000006cbf00000)
 Metaspace       used 27437K, capacity 27759K, committed 28160K, reserved 1075200K
  class space    used 3109K, capacity 3222K, committed 3328K, reserved 1048576K

Deoptimization events (10 events):
Event: 1509.759 Thread 0x00007fbb270c7800 Uncommon trap: reason=class_check action=maybe_recompile pc=0x0000000116e4a880 method=heronarts.lx.osc.LXOscEngine$EngineTransmitter.onParameterChanged(Lheronarts/lx/parameter/LXParameter;)V @ 170
Event: 1509.762 Thread 0x00007fbb270c7800 Uncommon trap: reason=unstable_if action=reinterpret pc=0x00000001173cf3b4 method=heronarts.lx.LXEngine.run()V @ 1233
Event: 1678.731 Thread 0x00007fbb262ad800 Uncommon trap: reason=unstable_if action=reinterpret pc=0x0000000116ffc6b8 method=java.util.concurrent.locks.ReentrantLock$Sync.nonfairTryAcquire(I)Z @ 10
Event: 1746.995 Thread 0x00007fbb26820000 Uncommon trap: reason=unstable_if action=reinterpret pc=0x000000011676e450 method=jogamp.newt.WindowImpl.doPointerEvent(ZZ[Lcom/jogamp/newt/event/MouseEvent$PointerType;SII[SS[I[I[FF[FF)V @ 361
Event: 1811.884 Thread 0x00007fbb2482f000 Uncommon trap: reason=unstable_if action=reinterpret pc=0x0000000116ea19ac method=java.util.concurrent.locks.AbstractQueuedSynchronizer.release(I)Z @ 14
Event: 1844.643 Thread 0x00007fbb26ac8000 Uncommon trap: reason=unstable_if action=reinterpret pc=0x0000000117325a14 method=processing.opengl.Texture.updateTexelsImpl(IIII)V @ 211
Event: 1844.647 Thread 0x00007fbb26ac8000 Uncommon trap: reason=unstable_if action=reinterpret pc=0x0000000116f59fe4 method=processing.opengl.Texture.updateTexelsImpl(IIII)V @ 211
Event: 1901.236 Thread 0x00007fbb270c7800 Uncommon trap: reason=intrinsic action=make_not_entrant pc=0x00000001169ad798 method=heronarts.lx.audio.DecibelMeter.computeValue(D)D @ 19
Event: 1901.237 Thread 0x00007fbb289f5800 Uncommon trap: reason=unstable_if action=reinterpret pc=0x000000011715d060 method=java.util.concurrent.ForkJoinPool.runWorker(Ljava/util/concurrent/ForkJoinPool$WorkQueue;)V @ 47
Event: 1901.238 Thread 0x00007fbb2494d000 Uncommon trap: reason=unstable_if action=reinterpret pc=0x0000000116cbb2d0 method=java.util.concurrent.ForkJoinPool.signalWork([Ljava/util/concurrent/ForkJoinPool$WorkQueue;Ljava/util/concurrent/ForkJoinPool$WorkQueue;)V @ 16

Internal exceptions (10 events):
Event: 1892.954 Thread 0x00007fbb24828000 Exception <a 'java/net/SocketTimeoutException': Receive timed out> (0x000000076ab00a98) thrown at [/Users/java_re/workspace/8-2-build-macosx-x86_64/jdk8u45/3457/hotspot/src/share/vm/prims/jni.cpp, line 735]
Event: 1893.456 Thread 0x00007fbb262ad800 Exception <a 'java/net/SocketTimeoutException': Receive timed out> (0x000000076b6ffa68) thrown at [/Users/java_re/workspace/8-2-build-macosx-x86_64/jdk8u45/3457/hotspot/src/share/vm/prims/jni.cpp, line 735]
Event: 1893.957 Thread 0x00007fbb24828000 Exception <a 'java/net/SocketTimeoutException': Receive timed out> (0x000000076ab00ef0) thrown at [/Users/java_re/workspace/8-2-build-macosx-x86_64/jdk8u45/3457/hotspot/src/share/vm/prims/jni.cpp, line 735]
Event: 1894.461 Thread 0x00007fbb262ad800 Exception <a 'java/net/SocketTimeoutException': Receive timed out> (0x000000076cda7dd8) thrown at [/Users/java_re/workspace/8-2-build-macosx-x86_64/jdk8u45/3457/hotspot/src/share/vm/prims/jni.cpp, line 735]
Event: 1894.969 Thread 0x00007fbb24828000 Exception <a 'java/net/SocketTimeoutException': Receive timed out> (0x000000076d8d5b18) thrown at [/Users/java_re/workspace/8-2-build-macosx-x86_64/jdk8u45/3457/hotspot/src/share/vm/prims/jni.cpp, line 735]
Event: 1895.471 Thread 0x00007fbb262ad800 Exception <a 'java/net/SocketTimeoutException': Receive timed out> (0x000000076cda8230) thrown at [/Users/java_re/workspace/8-2-build-macosx-x86_64/jdk8u45/3457/hotspot/src/share/vm/prims/jni.cpp, line 735]
Event: 1895.973 Thread 0x00007fbb24828000 Exception <a 'java/net/SocketTimeoutException': Receive timed out> (0x000000076d8d5f70) thrown at [/Users/java_re/workspace/8-2-build-macosx-x86_64/jdk8u45/3457/hotspot/src/share/vm/prims/jni.cpp, line 735]
Event: 1901.237 Thread 0x00007fbb24828000 Exception <a 'java/net/SocketTimeoutException': Receive timed out> (0x000000076ac6eae8) thrown at [/Users/java_re/workspace/8-2-build-macosx-x86_64/jdk8u45/3457/hotspot/src/share/vm/prims/jni.cpp, line 735]
Event: 1901.237 Thread 0x00007fbb262ad800 Exception <a 'java/net/SocketTimeoutException': Receive timed out> (0x000000076ac6f310) thrown at [/Users/java_re/workspace/8-2-build-macosx-x86_64/jdk8u45/3457/hotspot/src/share/vm/prims/jni.cpp, line 735]
Event: 1901.237 Thread 0x00007fbb2f859800 Exception <a 'java/io/IOException'> (0x000000076ac6fe10) thrown at [/Users/java_re/workspace/8-2-build-macosx-x86_64/jdk8u45/3457/hotspot/src/share/vm/prims/jni.cpp, line 709]

Events (10 events):
Event: 1901.237 Thread 0x00007fbb289f5800 DEOPT UNPACKING pc=0x0000000116626229 sp=0x000070001127d850 mode 2
Event: 1901.237 Thread 0x00007fbb2f073000 Thread added: 0x00007fbb2f073000
Event: 1901.238 Thread 0x00007fbb2494d000 Uncommon trap: trap_request=0xffffff65 fr.pc=0x0000000116cbb2d0
Event: 1901.238 Thread 0x00007fbb2494d000 DEOPT PACKING pc=0x0000000116cbb2d0 sp=0x0000700010962650
Event: 1901.238 Thread 0x00007fbb2494d000 DEOPT UNPACKING pc=0x0000000116626229 sp=0x0000700010962428 mode 2
Event: 1901.244 Executing VM operation: RevokeBias
Event: 1901.244 Thread 0x00007fbb2715e000 Thread added: 0x00007fbb2715e000
Event: 1901.245 Executing VM operation: RevokeBias done
Event: 1901.245 Thread 0x00007fbb289f5800 Thread exited: 0x00007fbb289f5800
Event: 1901.358 Executing VM operation: ParallelGCFailedAllocation


Dynamic libraries:
0x0000000034cf5000 	/System/Library/Frameworks/Cocoa.framework/Versions/A/Cocoa
0x0000000034cf5000 	/System/Library/Frameworks/Security.framework/Versions/A/Security
0x0000000034cf5000 	/System/Library/Frameworks/ApplicationServices.framework/Versions/A/ApplicationServices
0x0000000034cf5000 	/usr/lib/libz.1.dylib
0x0000000034cf5000 	/usr/lib/libSystem.B.dylib
0x0000000034cf5000 	/usr/lib/libobjc.A.dylib
0x0000000034cf5000 	/System/Library/Frameworks/CoreFoundation.framework/Versions/A/CoreFoundation
0x0000000034cf5000 	/System/Library/Frameworks/Foundation.framework/Versions/C/Foundation
0x0000000034cf5000 	/System/Library/Frameworks/AppKit.framework/Versions/C/AppKit
0x0000000034cf5000 	/System/Library/Frameworks/CoreData.framework/Versions/A/CoreData
0x0000000034cf5000 	/System/Library/PrivateFrameworks/RemoteViewServices.framework/Versions/A/RemoteViewServices
0x0000000034cf5000 	/System/Library/PrivateFrameworks/UIFoundation.framework/Versions/A/UIFoundation
0x0000000034cf5000 	/System/Library/PrivateFrameworks/DFRFoundation.framework/Versions/A/DFRFoundation
0x0000000034cf5000 	/usr/lib/libenergytrace.dylib
0x0000000034cf5000 	/System/Library/PrivateFrameworks/SkyLight.framework/Versions/A/SkyLight
0x0000000034cf5000 	/System/Library/Frameworks/CoreGraphics.framework/Versions/A/CoreGraphics
0x0000000034cf5000 	/usr/lib/libScreenReader.dylib
0x0000000034cf5000 	/System/Library/Frameworks/Accelerate.framework/Versions/A/Accelerate
0x0000000034cf5000 	/System/Library/Frameworks/IOSurface.framework/Versions/A/IOSurface
0x0000000034cf5000 	/System/Library/Frameworks/AudioToolbox.framework/Versions/A/AudioToolbox
0x0000000034cf5000 	/System/Library/Frameworks/AudioUnit.framework/Versions/A/AudioUnit
0x0000000034cf5000 	/System/Library/PrivateFrameworks/DataDetectorsCore.framework/Versions/A/DataDetectorsCore
0x0000000034cf5000 	/System/Library/PrivateFrameworks/DesktopServicesPriv.framework/Versions/A/DesktopServicesPriv
0x0000000034cf5000 	/System/Library/Frameworks/Carbon.framework/Versions/A/Frameworks/HIToolbox.framework/Versions/A/HIToolbox
0x0000000034cf5000 	/usr/lib/libicucore.A.dylib
0x0000000034cf5000 	/System/Library/Frameworks/QuartzCore.framework/Versions/A/QuartzCore
0x0000000034cf5000 	/System/Library/Frameworks/Carbon.framework/Versions/A/Frameworks/SpeechRecognition.framework/Versions/A/SpeechRecognition
0x0000000034cf5000 	/usr/lib/libauto.dylib
0x0000000034cf5000 	/usr/lib/libxml2.2.dylib
0x0000000034cf5000 	/System/Library/PrivateFrameworks/CoreUI.framework/Versions/A/CoreUI
0x0000000034cf5000 	/System/Library/Frameworks/CoreAudio.framework/Versions/A/CoreAudio
0x0000000034cf5000 	/System/Library/Frameworks/DiskArbitration.framework/Versions/A/DiskArbitration
0x0000000034cf5000 	/usr/lib/liblangid.dylib
0x0000000034cf5000 	/System/Library/PrivateFrameworks/MultitouchSupport.framework/Versions/A/MultitouchSupport
0x0000000034cf5000 	/System/Library/Frameworks/IOKit.framework/Versions/A/IOKit
0x0000000034cf5000 	/usr/lib/libDiagnosticMessagesClient.dylib
0x0000000034cf5000 	/System/Library/Frameworks/CoreServices.framework/Versions/A/CoreServices
0x0000000034cf5000 	/System/Library/PrivateFrameworks/PerformanceAnalysis.framework/Versions/A/PerformanceAnalysis
0x0000000034cf5000 	/System/Library/PrivateFrameworks/GenerationalStorage.framework/Versions/A/GenerationalStorage
0x0000000034cf5000 	/System/Library/Frameworks/OpenGL.framework/Versions/A/OpenGL
0x0000000034cf5000 	/System/Library/Frameworks/CoreImage.framework/Versions/A/CoreImage
0x0000000034cf5000 	/System/Library/Frameworks/CoreText.framework/Versions/A/CoreText
0x0000000034cf5000 	/System/Library/Frameworks/ImageIO.framework/Versions/A/ImageIO
0x0000000034cf5000 	/System/Library/PrivateFrameworks/Backup.framework/Versions/A/Backup
0x0000000034cf5000 	/usr/lib/libarchive.2.dylib
0x0000000034cf5000 	/System/Library/Frameworks/CFNetwork.framework/Versions/A/CFNetwork
0x0000000034cf5000 	/System/Library/Frameworks/SystemConfiguration.framework/Versions/A/SystemConfiguration
0x0000000034cf5000 	/usr/lib/libCRFSuite.dylib
0x0000000034cf5000 	/usr/lib/libc++.1.dylib
0x0000000034cf5000 	/usr/lib/libc++abi.dylib
0x0000000034cf5000 	/usr/lib/system/libcache.dylib
0x0000000034cf5000 	/usr/lib/system/libcommonCrypto.dylib
0x0000000034cf5000 	/usr/lib/system/libcompiler_rt.dylib
0x0000000034cf5000 	/usr/lib/system/libcopyfile.dylib
0x0000000034cf5000 	/usr/lib/system/libcorecrypto.dylib
0x0000000034cf5000 	/usr/lib/system/libdispatch.dylib
0x0000000034cf5000 	/usr/lib/system/libdyld.dylib
0x0000000034cf5000 	/usr/lib/system/libkeymgr.dylib
0x0000000034cf5000 	/usr/lib/system/liblaunch.dylib
0x0000000034cf5000 	/usr/lib/system/libmacho.dylib
0x0000000034cf5000 	/usr/lib/system/libquarantine.dylib
0x0000000034cf5000 	/usr/lib/system/libremovefile.dylib
0x0000000034cf5000 	/usr/lib/system/libsystem_asl.dylib
0x0000000034cf5000 	/usr/lib/system/libsystem_blocks.dylib
0x0000000034cf5000 	/usr/lib/system/libsystem_c.dylib
0x0000000034cf5000 	/usr/lib/system/libsystem_configuration.dylib
0x0000000034cf5000 	/usr/lib/system/libsystem_coreservices.dylib
0x0000000034cf5000 	/usr/lib/system/libsystem_coretls.dylib
0x0000000034cf5000 	/usr/lib/system/libsystem_dnssd.dylib
0x0000000034cf5000 	/usr/lib/system/libsystem_info.dylib
0x0000000034cf5000 	/usr/lib/system/libsystem_kernel.dylib
0x0000000034cf5000 	/usr/lib/system/libsystem_m.dylib
0x0000000034cf5000 	/usr/lib/system/libsystem_malloc.dylib
0x0000000034cf5000 	/usr/lib/system/libsystem_network.dylib
0x0000000034cf5000 	/usr/lib/system/libsystem_networkextension.dylib
0x0000000034cf5000 	/usr/lib/system/libsystem_notify.dylib
0x0000000034cf5000 	/usr/lib/system/libsystem_platform.dylib
0x0000000034cf5000 	/usr/lib/system/libsystem_pthread.dylib
0x0000000034cf5000 	/usr/lib/system/libsystem_sandbox.dylib
0x0000000034cf5000 	/usr/lib/system/libsystem_secinit.dylib
0x0000000034cf5000 	/usr/lib/system/libsystem_symptoms.dylib
0x0000000034cf5000 	/usr/lib/system/libsystem_trace.dylib
0x0000000034cf5000 	/usr/lib/system/libunwind.dylib
0x0000000034cf5000 	/usr/lib/system/libxpc.dylib
0x0000000034cf5000 	/usr/lib/libbsm.0.dylib
0x0000000034cf5000 	/usr/lib/system/libkxld.dylib
0x0000000034cf5000 	/usr/lib/libcoretls.dylib
0x0000000034cf5000 	/usr/lib/libcoretls_cfhelpers.dylib
0x0000000034cf5000 	/usr/lib/libOpenScriptingUtil.dylib
0x0000000034cf5000 	/usr/lib/libpam.2.dylib
0x0000000034cf5000 	/usr/lib/libsqlite3.dylib
0x0000000034cf5000 	/usr/lib/libxar.1.dylib
0x0000000034cf5000 	/usr/lib/libbz2.1.0.dylib
0x0000000034cf5000 	/usr/lib/liblzma.5.dylib
0x0000000034cf5000 	/usr/lib/libnetwork.dylib
0x0000000034cf5000 	/usr/lib/libpcap.A.dylib
0x0000000034cf5000 	/System/Library/Frameworks/CoreServices.framework/Versions/A/Frameworks/FSEvents.framework/Versions/A/FSEvents
0x0000000034cf5000 	/System/Library/Frameworks/CoreServices.framework/Versions/A/Frameworks/CarbonCore.framework/Versions/A/CarbonCore
0x0000000034cf5000 	/System/Library/Frameworks/CoreServices.framework/Versions/A/Frameworks/Metadata.framework/Versions/A/Metadata
0x0000000034cf5000 	/System/Library/Frameworks/CoreServices.framework/Versions/A/Frameworks/OSServices.framework/Versions/A/OSServices
0x0000000034cf5000 	/System/Library/Frameworks/CoreServices.framework/Versions/A/Frameworks/SearchKit.framework/Versions/A/SearchKit
0x0000000034cf5000 	/System/Library/Frameworks/CoreServices.framework/Versions/A/Frameworks/AE.framework/Versions/A/AE
0x0000000034cf5000 	/System/Library/Frameworks/CoreServices.framework/Versions/A/Frameworks/LaunchServices.framework/Versions/A/LaunchServices
0x0000000034cf5000 	/System/Library/Frameworks/CoreServices.framework/Versions/A/Frameworks/DictionaryServices.framework/Versions/A/DictionaryServices
0x0000000034cf5000 	/System/Library/Frameworks/CoreServices.framework/Versions/A/Frameworks/SharedFileList.framework/Versions/A/SharedFileList
0x0000000034cf5000 	/System/Library/Frameworks/NetFS.framework/Versions/A/NetFS
0x0000000034cf5000 	/System/Library/PrivateFrameworks/NetAuth.framework/Versions/A/NetAuth
0x0000000034cf5000 	/System/Library/PrivateFrameworks/login.framework/Versions/A/Frameworks/loginsupport.framework/Versions/A/loginsupport
0x0000000034cf5000 	/System/Library/PrivateFrameworks/TCC.framework/Versions/A/TCC
0x0000000034cf5000 	/usr/lib/libmecabra.dylib
0x0000000034cf5000 	/System/Library/Frameworks/ApplicationServices.framework/Versions/A/Frameworks/ATS.framework/Versions/A/ATS
0x0000000034cf5000 	/System/Library/Frameworks/ApplicationServices.framework/Versions/A/Frameworks/ColorSync.framework/Versions/A/ColorSync
0x0000000034cf5000 	/System/Library/Frameworks/ApplicationServices.framework/Versions/A/Frameworks/HIServices.framework/Versions/A/HIServices
0x0000000034cf5000 	/System/Library/Frameworks/ApplicationServices.framework/Versions/A/Frameworks/LangAnalysis.framework/Versions/A/LangAnalysis
0x0000000034cf5000 	/System/Library/Frameworks/ApplicationServices.framework/Versions/A/Frameworks/PrintCore.framework/Versions/A/PrintCore
0x0000000034cf5000 	/System/Library/Frameworks/ApplicationServices.framework/Versions/A/Frameworks/QD.framework/Versions/A/QD
0x0000000034cf5000 	/System/Library/Frameworks/ApplicationServices.framework/Versions/A/Frameworks/SpeechSynthesis.framework/Versions/A/SpeechSynthesis
0x0000000034cf5000 	/System/Library/Frameworks/Accelerate.framework/Versions/A/Frameworks/vImage.framework/Versions/A/vImage
0x0000000034cf5000 	/System/Library/Frameworks/Accelerate.framework/Versions/A/Frameworks/vecLib.framework/Versions/A/vecLib
0x0000000034cf5000 	/System/Library/Frameworks/Accelerate.framework/Versions/A/Frameworks/vecLib.framework/Versions/A/libvDSP.dylib
0x0000000034cf5000 	/System/Library/Frameworks/Accelerate.framework/Versions/A/Frameworks/vecLib.framework/Versions/A/libBNNS.dylib
0x0000000034cf5000 	/System/Library/Frameworks/Accelerate.framework/Versions/A/Frameworks/vecLib.framework/Versions/A/libQuadrature.dylib
0x0000000034cf5000 	/System/Library/Frameworks/Accelerate.framework/Versions/A/Frameworks/vecLib.framework/Versions/A/libvMisc.dylib
0x0000000034cf5000 	/System/Library/Frameworks/Accelerate.framework/Versions/A/Frameworks/vecLib.framework/Versions/A/libLAPACK.dylib
0x0000000034cf5000 	/System/Library/Frameworks/Accelerate.framework/Versions/A/Frameworks/vecLib.framework/Versions/A/libBLAS.dylib
0x0000000034cf5000 	/System/Library/Frameworks/Accelerate.framework/Versions/A/Frameworks/vecLib.framework/Versions/A/libLinearAlgebra.dylib
0x0000000034cf5000 	/System/Library/Frameworks/Accelerate.framework/Versions/A/Frameworks/vecLib.framework/Versions/A/libSparseBLAS.dylib
0x0000000034cf5000 	/System/Library/Frameworks/ApplicationServices.framework/Versions/A/Frameworks/ATS.framework/Versions/A/Resources/libFontParser.dylib
0x0000000034cf5000 	/System/Library/Frameworks/ApplicationServices.framework/Versions/A/Frameworks/ATS.framework/Versions/A/Resources/libFontRegistry.dylib
0x0000000034cf5000 	/System/Library/Frameworks/ImageIO.framework/Versions/A/Resources/libJPEG.dylib
0x0000000034cf5000 	/System/Library/Frameworks/ImageIO.framework/Versions/A/Resources/libTIFF.dylib
0x0000000034cf5000 	/System/Library/Frameworks/ImageIO.framework/Versions/A/Resources/libPng.dylib
0x0000000034cf5000 	/System/Library/Frameworks/ImageIO.framework/Versions/A/Resources/libGIF.dylib
0x0000000034cf5000 	/System/Library/Frameworks/ImageIO.framework/Versions/A/Resources/libJP2.dylib
0x0000000034cf5000 	/System/Library/Frameworks/ImageIO.framework/Versions/A/Resources/libRadiance.dylib
0x0000000034cf5000 	/usr/lib/libcompression.dylib
0x0000000034cf5000 	/System/Library/PrivateFrameworks/AppleJPEG.framework/Versions/A/AppleJPEG
0x0000000034cf5000 	/usr/lib/libcups.2.dylib
0x0000000034cf5000 	/System/Library/Frameworks/Kerberos.framework/Versions/A/Kerberos
0x0000000034cf5000 	/System/Library/Frameworks/GSS.framework/Versions/A/GSS
0x0000000034cf5000 	/usr/lib/libresolv.9.dylib
0x0000000034cf5000 	/usr/lib/libiconv.2.dylib
0x0000000034cf5000 	/System/Library/PrivateFrameworks/Heimdal.framework/Versions/A/Heimdal
0x0000000034cf5000 	/usr/lib/libheimdal-asn1.dylib
0x0000000034cf5000 	/System/Library/Frameworks/OpenDirectory.framework/Versions/A/OpenDirectory
0x0000000034cf5000 	/System/Library/PrivateFrameworks/CommonAuth.framework/Versions/A/CommonAuth
0x0000000034cf5000 	/System/Library/Frameworks/OpenDirectory.framework/Versions/A/Frameworks/CFOpenDirectory.framework/Versions/A/CFOpenDirectory
0x0000000034cf5000 	/System/Library/Frameworks/SecurityFoundation.framework/Versions/A/SecurityFoundation
0x0000000034cf5000 	/System/Library/PrivateFrameworks/LanguageModeling.framework/Versions/A/LanguageModeling
0x0000000034cf5000 	/usr/lib/libmarisa.dylib
0x0000000034cf5000 	/usr/lib/libChineseTokenizer.dylib
0x0000000034cf5000 	/usr/lib/libcmph.dylib
0x0000000034cf5000 	/System/Library/PrivateFrameworks/CoreEmoji.framework/Versions/A/CoreEmoji
0x0000000034cf5000 	/System/Library/Frameworks/ServiceManagement.framework/Versions/A/ServiceManagement
0x0000000034cf5000 	/usr/lib/libxslt.1.dylib
0x0000000034cf5000 	/System/Library/Frameworks/Carbon.framework/Versions/A/Frameworks/Ink.framework/Versions/A/Ink
0x0000000034cf5000 	/System/Library/PrivateFrameworks/TextureIO.framework/Versions/A/TextureIO
0x0000000034cf5000 	/System/Library/Frameworks/Metal.framework/Versions/A/Metal
0x0000000034cf5000 	/usr/lib/libate.dylib
0x0000000034cf5000 	/System/Library/PrivateFrameworks/GPUCompiler.framework/libmetal_timestamp.dylib
0x0000000034cf5000 	/System/Library/Frameworks/OpenGL.framework/Versions/A/Libraries/libCoreFSCache.dylib
0x0000000034cf5000 	/System/Library/PrivateFrameworks/IOAccelerator.framework/Versions/A/IOAccelerator
0x0000000034cf5000 	/System/Library/Frameworks/CoreVideo.framework/Versions/A/CoreVideo
0x0000000034cf5000 	/usr/lib/libFosl_dynamic.dylib
0x0000000034cf5000 	/System/Library/PrivateFrameworks/MetalPerformanceShaders.framework/Versions/A/MetalPerformanceShaders
0x0000000034cf5000 	/System/Library/PrivateFrameworks/FaceCore.framework/Versions/A/FaceCore
0x0000000034cf5000 	/System/Library/Frameworks/OpenCL.framework/Versions/A/OpenCL
0x0000000034cf5000 	/System/Library/Frameworks/OpenGL.framework/Versions/A/Libraries/libGLU.dylib
0x0000000034cf5000 	/System/Library/Frameworks/OpenGL.framework/Versions/A/Libraries/libGFXShared.dylib
0x0000000034cf5000 	/System/Library/Frameworks/OpenGL.framework/Versions/A/Libraries/libGL.dylib
0x0000000034cf5000 	/System/Library/Frameworks/OpenGL.framework/Versions/A/Libraries/libGLImage.dylib
0x0000000034cf5000 	/System/Library/Frameworks/OpenGL.framework/Versions/A/Libraries/libCVMSPluginSupport.dylib
0x0000000034cf5000 	/System/Library/Frameworks/OpenGL.framework/Versions/A/Libraries/libCoreVMClient.dylib
0x0000000034cf5000 	/System/Library/PrivateFrameworks/CrashReporterSupport.framework/Versions/A/CrashReporterSupport
0x0000000034cf5000 	/System/Library/PrivateFrameworks/Sharing.framework/Versions/A/Sharing
0x0000000034cf5000 	/System/Library/PrivateFrameworks/IconServices.framework/Versions/A/IconServices
0x0000000034cf5000 	/System/Library/PrivateFrameworks/ProtocolBuffer.framework/Versions/A/ProtocolBuffer
0x0000000034cf5000 	/System/Library/PrivateFrameworks/Apple80211.framework/Versions/A/Apple80211
0x0000000034cf5000 	/System/Library/Frameworks/CoreWLAN.framework/Versions/A/CoreWLAN
0x0000000034cf5000 	/System/Library/PrivateFrameworks/CoreUtils.framework/Versions/A/CoreUtils
0x0000000034cf5000 	/System/Library/Frameworks/IOBluetooth.framework/Versions/A/IOBluetooth
0x0000000034cf5000 	/System/Library/PrivateFrameworks/CoreWiFi.framework/Versions/A/CoreWiFi
0x0000000034cf5000 	/System/Library/Frameworks/CoreBluetooth.framework/Versions/A/CoreBluetooth
0x0000000034cf5000 	/System/Library/Frameworks/CoreDisplay.framework/Versions/A/CoreDisplay
0x0000000034cf5000 	/System/Library/PrivateFrameworks/IOPresentment.framework/Versions/A/IOPresentment
0x0000000034cf5000 	/System/Library/PrivateFrameworks/DSExternalDisplay.framework/Versions/A/DSExternalDisplay
0x0000000034cf5000 	/System/Library/PrivateFrameworks/DebugSymbols.framework/Versions/A/DebugSymbols
0x0000000034cf5000 	/System/Library/PrivateFrameworks/CoreSymbolication.framework/Versions/A/CoreSymbolication
0x0000000034cf5000 	/System/Library/PrivateFrameworks/Symbolication.framework/Versions/A/Symbolication
0x0000000034cf5000 	/System/Library/PrivateFrameworks/AppleFSCompression.framework/Versions/A/AppleFSCompression
0x0000000034cf5000 	/System/Library/PrivateFrameworks/SpeechRecognitionCore.framework/Versions/A/SpeechRecognitionCore
0x0000000034cf5000 	/System/Library/PrivateFrameworks/ChunkingLibrary.framework/Versions/A/ChunkingLibrary
0x000000010f000000 	/Library/Java/JavaVirtualMachines/jdk1.8.0_45.jdk/Contents/Home/jre/lib/server/libjvm.dylib
0x0000000034cf5000 	/usr/lib/libstdc++.6.dylib
0x000000010df57000 	/Library/Java/JavaVirtualMachines/jdk1.8.0_45.jdk/Contents/Home/jre/lib/libverify.dylib
0x000000010df65000 	/Library/Java/JavaVirtualMachines/jdk1.8.0_45.jdk/Contents/Home/jre/lib/libjava.dylib
0x000000010dfa4000 	/Library/Java/JavaVirtualMachines/jdk1.8.0_45.jdk/Contents/Home/jre/lib/libzip.dylib
0x0000000113fce000 	/System/Library/Frameworks/JavaVM.framework/Frameworks/JavaRuntimeSupport.framework/JavaRuntimeSupport
0x0000000113fe8000 	/System/Library/Frameworks/JavaVM.framework/Versions/A/Frameworks/JavaNativeFoundation.framework/Versions/A/JavaNativeFoundation
0x0000000113ffd000 	/System/Library/Frameworks/JavaVM.framework/Versions/A/JavaVM
0x0000000034cf5000 	/System/Library/Frameworks/Carbon.framework/Versions/A/Carbon
0x000000011400a000 	/System/Library/PrivateFrameworks/JavaLaunching.framework/Versions/A/JavaLaunching
0x0000000034cf5000 	/System/Library/Frameworks/Carbon.framework/Versions/A/Frameworks/CommonPanels.framework/Versions/A/CommonPanels
0x0000000034cf5000 	/System/Library/Frameworks/Carbon.framework/Versions/A/Frameworks/Help.framework/Versions/A/Help
0x0000000034cf5000 	/System/Library/Frameworks/Carbon.framework/Versions/A/Frameworks/ImageCapture.framework/Versions/A/ImageCapture
0x0000000034cf5000 	/System/Library/Frameworks/Carbon.framework/Versions/A/Frameworks/OpenScripting.framework/Versions/A/OpenScripting
0x0000000034cf5000 	/System/Library/Frameworks/Carbon.framework/Versions/A/Frameworks/Print.framework/Versions/A/Print
0x0000000034cf5000 	/System/Library/Frameworks/Carbon.framework/Versions/A/Frameworks/SecurityHI.framework/Versions/A/SecurityHI
0x0000000115998000 	/Library/Java/JavaVirtualMachines/jdk1.8.0_45.jdk/Contents/Home/jre/lib/libawt.dylib
0x0000000115a40000 	/Library/Java/JavaVirtualMachines/jdk1.8.0_45.jdk/Contents/Home/jre/lib/./libmlib_image.dylib
0x0000000115b0c000 	/Library/Java/JavaVirtualMachines/jdk1.8.0_45.jdk/Contents/Home/jre/lib/libawt_lwawt.dylib
0x0000000115bc0000 	/Library/Java/JavaVirtualMachines/jdk1.8.0_45.jdk/Contents/Home/jre/lib/./libosxapp.dylib
0x0000000034cf5000 	/System/Library/Frameworks/ExceptionHandling.framework/Versions/A/ExceptionHandling
0x0000000034cf5000 	/System/Library/PrivateFrameworks/CoreServicesInternal.framework/Versions/A/CoreServicesInternal
0x0000000034cf5000 	/System/Library/CoreServices/RawCamera.bundle/Contents/MacOS/RawCamera
0x0000000034cf5000 	/System/Library/Frameworks/Accelerate.framework/Versions/A/Frameworks/vImage.framework/Versions/A/Libraries/libCGInterfaces.dylib
0x0000000034cf5000 	/System/Library/Frameworks/ApplicationServices.framework/Versions/A/Frameworks/ATS.framework/Versions/A/Resources/libTrueTypeScaler.dylib
0x000000012eafc000 	/System/Library/Frameworks/OpenGL.framework/Resources/GLEngine.bundle/GLEngine
0x0000000034cf5000 	/System/Library/Frameworks/OpenGL.framework/Versions/A/Libraries/libGLProgrammability.dylib
0x000000012ece1000 	/System/Library/Extensions/AppleIntelHD5000GraphicsGLDriver.bundle/Contents/MacOS/AppleIntelHD5000GraphicsGLDriver
0x0000000034cf5000 	/System/Library/PrivateFrameworks/GPUSupport.framework/Versions/A/Libraries/libGPUSupportMercury.dylib
0x000000012f453000 	/System/Library/Extensions/AMDRadeonX4000GLDriver.bundle/Contents/MacOS/AMDRadeonX4000GLDriver
0x000000012f533000 	/System/Library/Extensions/AMDRadeonX4000GLDriver.bundle/Contents/MacOS/ATIRadeonX4000SCLib.dylib
0x000000012fb11000 	/System/Library/Frameworks/OpenGL.framework/Resources//GLRendererFloat.bundle/GLRendererFloat
0x0000000034cf5000 	/System/Library/Frameworks/OpenCL.framework/Versions/A/Libraries/libcldcpuengine.dylib
0x0000000034cf5000 	/usr/lib/libcrypto.0.9.8.dylib
0x0000000034cf5000 	/System/Library/PrivateFrameworks/TrustEvaluationAgent.framework/Versions/A/TrustEvaluationAgent
0x0000000034cf5000 	/System/Library/Extensions/AMDMTLBronzeDriver.bundle/Contents/MacOS/AMDMTLBronzeDriver
0x0000000034cf5000 	/System/Library/PrivateFrameworks/IOAccelMemoryInfo.framework/Versions/A/IOAccelMemoryInfo
0x000000012fb63000 	/System/Library/Extensions/AppleIntelHD5000GraphicsMTLDriver.bundle/Contents/MacOS/AppleIntelHD5000GraphicsMTLDriver
0x0000000034cf5000 	/System/Library/PrivateFrameworks/FamilyControls.framework/Versions/A/FamilyControls
0x0000000034cf5000 	/System/Library/PrivateFrameworks/CommerceKit.framework/Versions/A/Frameworks/CommerceCore.framework/Versions/A/CommerceCore
0x0000000034cf5000 	/System/Library/PrivateFrameworks/SystemAdministration.framework/Versions/A/SystemAdministration
0x0000000034cf5000 	/System/Library/PrivateFrameworks/AppContainer.framework/Versions/A/AppContainer
0x0000000034cf5000 	/System/Library/PrivateFrameworks/SecCodeWrapper.framework/Versions/A/SecCodeWrapper
0x0000000034cf5000 	/System/Library/Frameworks/DirectoryService.framework/Versions/A/DirectoryService
0x0000000034cf5000 	/System/Library/PrivateFrameworks/DiskImages.framework/Versions/A/DiskImages
0x0000000034cf5000 	/System/Library/PrivateFrameworks/LoginUIKit.framework/Versions/A/Frameworks/LoginUICore.framework/Versions/A/LoginUICore
0x0000000034cf5000 	/usr/lib/libCoreStorage.dylib
0x0000000034cf5000 	/usr/lib/libcsfde.dylib
0x0000000034cf5000 	/usr/lib/libodfde.dylib
0x0000000034cf5000 	/System/Library/Frameworks/DiscRecording.framework/Versions/A/DiscRecording
0x0000000034cf5000 	/usr/lib/libcurl.4.dylib
0x0000000034cf5000 	/System/Library/PrivateFrameworks/MediaKit.framework/Versions/A/MediaKit
0x0000000034cf5000 	/System/Library/PrivateFrameworks/ProtectedCloudStorage.framework/Versions/A/ProtectedCloudStorage
0x0000000034cf5000 	/System/Library/PrivateFrameworks/EFILogin.framework/Versions/A/EFILogin
0x0000000034cf5000 	/usr/lib/libutil.dylib
0x0000000034cf5000 	/System/Library/Frameworks/LDAP.framework/Versions/A/LDAP
0x0000000034cf5000 	/usr/lib/libsasl2.2.dylib
0x0000000034cf5000 	/System/Library/PrivateFrameworks/CoreDaemon.framework/Versions/B/CoreDaemon
0x0000000034cf5000 	/System/Library/PrivateFrameworks/AppleSRP.framework/Versions/A/AppleSRP
0x0000000034cf5000 	/System/Library/PrivateFrameworks/APFS.framework/Versions/A/APFS
0x000000013108e000 	/Library/Java/JavaVirtualMachines/jdk1.8.0_45.jdk/Contents/Home/jre/lib/libfontmanager.dylib
0x00000001314db000 	/Library/Java/JavaVirtualMachines/jdk1.8.0_45.jdk/Contents/Home/jre/lib/libnet.dylib
0x00000001314f2000 	/Library/Java/JavaVirtualMachines/jdk1.8.0_45.jdk/Contents/Home/jre/lib/libnio.dylib
0x0000000131502000 	/private/var/folders/zg/hfr96y0s0797p430mx5rs1hw0000gr/T/jogamp_0000/file_cache/jln6116190931022225981/jln9039131373131281111/natives/macosx-universal/libgluegen-rt.jnilib
0x0000000034cf5000 	/System/Library/PrivateFrameworks/ViewBridge.framework/Versions/A/ViewBridge
0x0000000034cf5000 	/System/Library/PrivateFrameworks/XPCService.framework/Versions/A/XPCService
0x0000000034cf5000 	/System/Library/PrivateFrameworks/AppSandbox.framework/Versions/A/AppSandbox
0x0000000034cf5000 	/usr/lib/libsandbox.1.dylib
0x0000000034cf5000 	/usr/lib/libMatch.1.dylib
0x00000001315e7000 	/private/var/folders/zg/hfr96y0s0797p430mx5rs1hw0000gr/T/jogamp_0000/file_cache/jln6116190931022225981/jln9039131373131281111/natives/macosx-universal/libnativewindow_awt.jnilib
0x00000001315ea000 	/Library/Java/JavaVirtualMachines/jdk1.8.0_45.jdk/Contents/Home/jre/lib/libjawt.dylib
0x00000001315ed000 	/private/var/folders/zg/hfr96y0s0797p430mx5rs1hw0000gr/T/jogamp_0000/file_cache/jln6116190931022225981/jln9039131373131281111/natives/macosx-universal/libnativewindow_macosx.jnilib
0x00000001316fd000 	/private/var/folders/zg/hfr96y0s0797p430mx5rs1hw0000gr/T/jogamp_0000/file_cache/jln6116190931022225981/jln9039131373131281111/natives/macosx-universal/libnewt.jnilib
0x000000012ddb7000 	/private/var/folders/zg/hfr96y0s0797p430mx5rs1hw0000gr/T/jogamp_0000/file_cache/jln6116190931022225981/jln9039131373131281111/natives/macosx-universal/libjogl_desktop.jnilib
0x000000012de8b000 	/private/var/folders/zg/hfr96y0s0797p430mx5rs1hw0000gr/T/jogamp_0000/file_cache/jln6116190931022225981/jln9039131373131281111/natives/macosx-universal/libjogl_mobile.jnilib
0x000000012dd65000 	/Library/Java/JavaVirtualMachines/jdk1.8.0_45.jdk/Contents/Home/jre/lib/libjsound.dylib
0x000000012e70b000 	/System/Library/Frameworks/CoreMIDI.framework/Versions/A/CoreMIDI
0x000000012dd78000 	/usr/lib/libexpat.1.dylib
0x000000012dd9b000 	/System/Library/Extensions/AppleHDA.kext/Contents/PlugIns/AppleHDAHALPlugIn.bundle/Contents/MacOS/AppleHDAHALPlugIn
0x000000012e6b7000 	/Library/Audio/Plug-Ins/HAL/JackRouter.plugin/Contents/MacOS/JackRouter
0x0000000139a05000 	/usr/local/lib/libjack.0.dylib
0x000000012dda5000 	/private/var/folders/zg/hfr96y0s0797p430mx5rs1hw0000gr/T/coreMidi4J6441350645362815317.tmp/libCoreMidi4J.dylib
0x000000012fe61000 	/Library/Java/JavaVirtualMachines/jdk1.8.0_45.jdk/Contents/Home/jre/lib/libjpeg.dylib
0x0000000139cbb000 	/Library/Java/JavaVirtualMachines/jdk1.8.0_45.jdk/Contents/Home/jre/lib/liblcms.dylib
0x000000013a468000 	/System/Library/Components/CoreAudio.component/Contents/MacOS/CoreAudio
0x0000000135a18000 	/Library/Java/JavaVirtualMachines/jdk1.8.0_45.jdk/Contents/Home/jre/lib/libdcpr.dylib
0x0000000135ad9000 	/private/var/folders/zg/hfr96y0s0797p430mx5rs1hw0000gr/T/libaparapi_x86_648201075264900014196.dylib
0x0000000034cf5000 	/System/Library/PrivateFrameworks/Shortcut.framework/Versions/A/Shortcut
0x0000000034cf5000 	/System/Library/PrivateFrameworks/HelpData.framework/Versions/A/HelpData

VM Arguments:
jvm_args: -Dfile.encoding=UTF-8 -Duser.country=US -Duser.language=en -Duser.variant 
java_command: com.symmetrylabs.slstudio.SLStudio
java_class_path (initial): /Users/jake/SymmetryLabs/Code/SLStudio/build/classes/java/main:/Users/jake/SymmetryLabs/Code/SLStudio/build/classes/kotlin/main:/Users/jake/SymmetryLabs/Code/SLStudio/build/resources/main:/Users/jake/SymmetryLabs/Code/SLStudio/libs/gluegen-rt-natives-linux-aarch64.jar:/Users/jake/SymmetryLabs/Code/SLStudio/libs/gluegen-rt-natives-linux-amd64.jar:/Users/jake/SymmetryLabs/Code/SLStudio/libs/gluegen-rt-natives-linux-armv6hf.jar:/Users/jake/SymmetryLabs/Code/SLStudio/libs/gluegen-rt-natives-linux-i586.jar:/Users/jake/SymmetryLabs/Code/SLStudio/libs/gluegen-rt-natives-macosx-universal.jar:/Users/jake/SymmetryLabs/Code/SLStudio/libs/gluegen-rt-natives-windows-amd64.jar:/Users/jake/SymmetryLabs/Code/SLStudio/libs/gluegen-rt-natives-windows-i586.jar:/Users/jake/SymmetryLabs/Code/SLStudio/libs/gluegen-rt.jar:/Users/jake/SymmetryLabs/Code/SLStudio/libs/jogl-all-2.3.2-natives-linux-amd64.jar:/Users/jake/SymmetryLabs/Code/SLStudio/libs/jogl-all-natives-linux-aarch64.jar:/Users/jake/SymmetryLabs/Code/SLStudio/libs/jogl-all-natives-linux-amd64.jar:/Users/jake/SymmetryLabs/Code/SLStudio/libs/jogl-all-natives-linux-armv6hf.jar:/Users/jake/SymmetryLabs/Code/SLStudio/libs/jogl-all-natives-linux-i586.jar:/Users/jake/SymmetryLabs/Code/SLStudio/libs/jogl-all-natives-macosx-universal.jar:/Users/jake/SymmetryLabs/Code/SLStudio/libs/jogl-all-natives-windows-amd64.jar:/Users/jake/SymmetryLabs/Code/SLStudio/libs/jogl-all-natives-windows-i586.jar:/Users/jake/SymmetryLabs/Code/SLStudio/libs/jogl-all.jar:/Users/jake/SymmetryLabs/Code/SLStudio/libs/minim.jar:/Users/jake/SymmetryLabs/Code/SLStudio/libs/P3LX.jar:/Users/jake/.gradle/caches/modules-2/files-2.1/org.processing/core/3.3.6/f89688e748c841a79624ac2b68f92f9df3ea186a/core-3.3.6.jar:/Users/jake/.gradle/caches/modules-2/files-2.1/com.harium/kdtree/1.0.0/672b9c3f7f966d31baa1a1c36c186ec0d74b85c9/kdtree-1.0.0.jar:/Users/jake/.gradle/caches/modules-2/files-2.1/org.javassist/javassist/3.22.0-GA/3e83394258ae2089be7219b9
Launcher Type: SUN_STANDARD

Environment Variables:
PATH=/Users/jake/.npm-global/bin:/Library/Frameworks/Python.framework/Versions/3.6/bin:/usr/local/bin:/usr/bin:/bin:/usr/sbin:/sbin:/Applications/Server.app/Contents/ServerRoot/usr/bin:/Applications/Server.app/Contents/ServerRoot/usr/sbin:/Applications/Wireshark.app/Contents/MacOS:/Users/jake/.rvm/bin
SHELL=/bin/zsh

Signal Handlers:
SIGSEGV: [libjvm.dylib+0x58ef95], sa_mask[0]=11111111011111110111111111111111, sa_flags=SA_ONSTACK|SA_RESTART|SA_SIGINFO
SIGBUS: [libjvm.dylib+0x58ef95], sa_mask[0]=11111111011111110111111111111111, sa_flags=SA_RESTART|SA_SIGINFO
SIGFPE: [libjvm.dylib+0x46c108], sa_mask[0]=11111111011111110111111111111111, sa_flags=SA_RESTART|SA_SIGINFO
SIGPIPE: [libjvm.dylib+0x46c108], sa_mask[0]=11111111011111110111111111111111, sa_flags=SA_RESTART|SA_SIGINFO
SIGXFSZ: [libjvm.dylib+0x46c108], sa_mask[0]=11111111011111110111111111111111, sa_flags=SA_RESTART|SA_SIGINFO
SIGILL: [libjvm.dylib+0x46c108], sa_mask[0]=11111111011111110111111111111111, sa_flags=SA_RESTART|SA_SIGINFO
SIGUSR1: SIG_DFL, sa_mask[0]=00000000000000000000000000000000, sa_flags=SA_RESTART
SIGUSR2: [libjvm.dylib+0x46bc26], sa_mask[0]=00100000000000000000000000000000, sa_flags=SA_RESTART|SA_SIGINFO
SIGHUP: [libjvm.dylib+0x46a1f9], sa_mask[0]=11111111011111110111111111111111, sa_flags=SA_RESTART|SA_SIGINFO
SIGINT: [libjvm.dylib+0x46a1f9], sa_mask[0]=11111111011111110111111111111111, sa_flags=SA_RESTART|SA_SIGINFO
SIGTERM: [libjvm.dylib+0x46a1f9], sa_mask[0]=11111111011111110111111111111111, sa_flags=SA_RESTART|SA_SIGINFO
SIGQUIT: [libjvm.dylib+0x46a1f9], sa_mask[0]=11111111011111110111111111111111, sa_flags=SA_RESTART|SA_SIGINFO


---------------  S Y S T E M  ---------------

OS:Bsduname:Darwin 16.7.0 Darwin Kernel Version 16.7.0: Thu Jun 15 17:36:27 PDT 2017; root:xnu-3789.70.16~2/RELEASE_X86_64 x86_64
rlimit: STACK 8192k, CORE 0k, NPROC 709, NOFILE 10240, AS infinity
load average:2.58 2.99 3.12

CPU:total 8 (4 cores per cpu, 2 threads per core) family 6 model 70 stepping 1, cmov, cx8, fxsr, mmx, sse, sse2, sse3, ssse3, sse4.1, sse4.2, popcnt, avx, avx2, aes, clmul, erms, lzcnt, ht, tsc, tscinvbit, bmi1, bmi2

Memory: 4k page, physical 16777216k(2358444k free)

/proc/meminfo:


vm_info: Java HotSpot(TM) 64-Bit Server VM (25.45-b02) for bsd-amd64 JRE (1.8.0_45-b14), built on Apr 10 2015 10:46:38 by "java_re" with gcc 4.2.1 (Based on Apple Inc. build 5658) (LLVM build 2336.11.00)

time: Mon Feb 12 19:44:56 2018
elapsed time: 1902 seconds (0d 0h 31m 42s)

