#
# A fatal error has been detected by the Java Runtime Environment:
#
#  SIGBUS (0xa) at pc=0x000000010fc48385, pid=17631, tid=137771
#
# JRE version: Java(TM) SE Runtime Environment (8.0_45-b14) (build 1.8.0_45-b14)
# Java VM: Java HotSpot(TM) 64-Bit Server VM (25.45-b02 mixed mode bsd-amd64 compressed oops)
# Problematic frame:
# j  heronarts.lx.audio.LXAudioInput$InputThread.run()V+146
#
# Failed to write core dump. Core dumps have been disabled. To enable core dumping, try "ulimit -c unlimited" before starting Java again
#
# If you would like to submit a bug report, please visit:
#   http://bugreport.java.com/bugreport/crash.jsp
#

---------------  T H R E A D  ---------------

Current thread (0x00007fb660fe4000):  JavaThread "LXAudioEngine Input Thread" [_thread_in_Java, id=137771, stack(0x0000700003fff000,0x00007000040ff000)]

siginfo: si_signo: 10 (SIGBUS), si_code: 2 (BUS_ADRERR), si_addr: 0x00000007f8000200

Registers:
RAX=0x00000007f8000000, RBX=0x0000000000000009, RCX=0x00000006c0133178, RDX=0x0000000080000005
RSP=0x00007000040fe8d8, RBP=0x00007000040fe948, RSI=0x00000000000007fc, RDI=0x00000000d802652d
R8 =0x0000000000000000, R9 =0x00000006c66278a0, R10=0x000000010bec3940, R11=0x00000006c0132950
R12=0x0000000000000000, R13=0x00000001326f4542, R14=0x0000000000000000, R15=0x00007fb660fe4000
RIP=0x000000010fc48385, EFLAGS=0x0000000000010246, ERR=0x0000000000000004
  TRAPNO=0x000000000000000e

Top of Stack: (sp=0x00007000040fe8d8)
0x00007000040fe8d8:   000000010fc2ec4d 0000000000000004
0x00007000040fe8e8:   0000000000000800 0000000000000002
0x00007000040fe8f8:   00000006c66278a0 00000006c0133178
0x00007000040fe908:   00007000040fe908 00000001326f4542
0x00007000040fe918:   00007000040fe968 00000001326f46b0
0x00007000040fe928:   0000000000000000 00000001326f4580
0x00007000040fe938:   0000000000000000 00007000040fe968
0x00007000040fe948:   00007000040fe9d0 000000010fc277a7
0x00007000040fe958:   0000000000000000 0000000000000000
0x00007000040fe968:   00000006c6627708 0000700000001fa0
0x00007000040fe978:   000000000000000a 00007fb660fe4000
0x00007000040fe988:   0000000000000001 000000010fc2771f
0x00007000040fe998:   00000001326f4580 00007000040fea68
0x00007000040fe9a8:   00007000040fed00 000000010000000a
0x00007000040fe9b8:   00000001326f4580 000000010fc37c00
0x00007000040fe9c8:   00007000040fec70 00007000040feb80
0x00007000040fe9d8:   000000010b8e032a 0000700000000001
0x00007000040fe9e8:   00007fb660fe4000 00007fb660fe4000
0x00007000040fe9f8:   00007000040fed00 00007fb66344eae0
0x00007000040fea08:   000000010fc37c00 00000007c02963c0
0x00007000040fea18:   00007000040fec68 00007000040fecf8
0x00007000040fea28:   00007fb660fe4000 00007fb660fe4000
0x00007000040fea38:   00007fb6635607d0 00007fb66344ead0
0x00007000040fea48:   00007fb66344eae8 00007fb66344ebb8
0x00007000040fea58:   00000000000000d8 00007000040fed08
0x00007000040fea68:   00007fb660fe4000 00007fb65d6faec0
0x00007000040fea78:   00000001326f4580 00000006c6627708
0x00007000040fea88:   0000000000000000 0000000000000000
0x00007000040fea98:   0000000000000000 00007000040fecf8
0x00007000040feaa8:   000000010dead828 00000001326f4580
0x00007000040feab8:   00000001326f4580 00007fb660fe4000
0x00007000040feac8:   0000000000000000 0000000000000000 

Instructions: (pc=0x000000010fc48385)
0x000000010fc48365:   01 49 83 5e 28 00 e9 0d 00 00 00 49 89 46 10 ba
0x000000010fc48375:   01 00 00 00 49 89 56 18 49 83 c6 30 4c 89 75 e0
0x000000010fc48385:   48 8b 9c d8 b8 01 00 00 48 8b 55 e0 48 85 d2 0f
0x000000010fc48395:   84 2f 01 00 00 80 7a d0 0b 0f 85 25 01 00 00 48 

Register to memory mapping:

RAX=0x00000007f8000000 is an unknown value
RBX=0x0000000000000009 is an unknown value
RCX=
[error occurred during error reporting (printing register info), id 0xa]

Stack: [0x0000700003fff000,0x00007000040ff000],  sp=0x00007000040fe8d8,  free space=1022k
Native frames: (J=compiled Java code, j=interpreted, Vv=VM code, C=native code)
j  heronarts.lx.audio.LXAudioInput$InputThread.run()V+146
v  ~StubRoutines::call_stub
V  [libjvm.dylib+0x2e032a]
V  [libjvm.dylib+0x2e0ab8]
V  [libjvm.dylib+0x2e0c64]
V  [libjvm.dylib+0x3331a5]
V  [libjvm.dylib+0x549acf]
V  [libjvm.dylib+0x54b1c0]
V  [libjvm.dylib+0x46ea7e]
C  [libsystem_pthread.dylib+0x393b]  _pthread_body+0xb4
C  [libsystem_pthread.dylib+0x3887]  _pthread_body+0x0
C  [libsystem_pthread.dylib+0x308d]  thread_start+0xd
C  0x0000000000000000


---------------  P R O C E S S  ---------------

Java Threads: ( => current thread )
  0x00007fb65de11000 JavaThread "AWT-Shutdown" [_thread_blocked, id=71931, stack(0x0000700002ec0000,0x0000700002fc0000)]
  0x00007fb661100800 JavaThread "LXChannel thread #26" [_thread_blocked, id=152843, stack(0x0000700004611000,0x0000700004711000)]
  0x00007fb65f18f000 JavaThread "LXChannel thread #25" [_thread_blocked, id=152715, stack(0x000070000450e000,0x000070000460e000)]
=>0x00007fb660fe4000 JavaThread "LXAudioEngine Input Thread" [_thread_in_Java, id=137771, stack(0x0000700003fff000,0x00007000040ff000)]
  0x00007fb65fd41800 JavaThread "Thread-30" [_thread_blocked, id=142615, stack(0x000070000440b000,0x000070000450b000)]
  0x00007fb65fe5f800 JavaThread "Thread-29" [_thread_blocked, id=133179, stack(0x000070000396a000,0x0000700003a6a000)]
  0x00007fb65f188000 JavaThread "ForkJoinPool.commonPool-worker-7" daemon [_thread_blocked, id=149763, stack(0x0000700004e29000,0x0000700004f29000)]
  0x00007fb65fde9800 JavaThread "ForkJoinPool.commonPool-worker-6" daemon [_thread_blocked, id=149251, stack(0x0000700004d26000,0x0000700004e26000)]
  0x00007fb65f094000 JavaThread "ForkJoinPool.commonPool-worker-5" daemon [_thread_blocked, id=148739, stack(0x0000700004c23000,0x0000700004d23000)]
  0x00007fb660eed000 JavaThread "ForkJoinPool.commonPool-worker-4" daemon [_thread_blocked, id=148227, stack(0x0000700004b20000,0x0000700004c20000)]
  0x00007fb65fe62800 JavaThread "ForkJoinPool.commonPool-worker-3" daemon [_thread_blocked, id=147715, stack(0x0000700004a1d000,0x0000700004b1d000)]
  0x00007fb660a0b800 JavaThread "ForkJoinPool.commonPool-worker-2" daemon [_thread_blocked, id=147203, stack(0x000070000491a000,0x0000700004a1a000)]
  0x00007fb660107800 JavaThread "ForkJoinPool.commonPool-worker-1" daemon [_thread_blocked, id=146691, stack(0x0000700004817000,0x0000700004917000)]
  0x00007fb6600fe000 JavaThread "Thread-15" [_thread_in_native, id=146183, stack(0x0000700004714000,0x0000700004814000)]
  0x00007fb65de65000 JavaThread "Thread-8" [_thread_in_native, id=139267, stack(0x0000700004102000,0x0000700004202000)]
  0x00007fb661437000 JavaThread "Java Sound Event Dispatcher" daemon [_thread_blocked, id=137479, stack(0x0000700003d76000,0x0000700003e76000)]
  0x00007fb660d4d800 JavaThread "LXEngine Network Thread" [_thread_blocked, id=136459, stack(0x0000700003c73000,0x0000700003d73000)]
  0x00007fb660ea8000 JavaThread "Thread-6" [_thread_in_native, id=33091, stack(0x00007000032d2000,0x00007000033d2000)]
  0x00007fb65dd74800 JavaThread "pool-1-thread-3" [_thread_blocked, id=67599, stack(0x0000700002dbd000,0x0000700002ebd000)]
  0x00007fb661438000 JavaThread "pool-1-thread-2" [_thread_in_native, id=135431, stack(0x0000700003b70000,0x0000700003c70000)]
  0x00007fb65fd11000 JavaThread "pool-1-thread-1" [_thread_in_native, id=137223, stack(0x0000700003a6d000,0x0000700003b6d000)]
  0x00007fb65db17800 JavaThread "Timer-0" [_thread_blocked, id=136967, stack(0x00007000037e4000,0x00007000038e4000)]
  0x00007fb660bae800 JavaThread "DestroyJavaVM" [_thread_blocked, id=7171, stack(0x0000700001a01000,0x0000700001b01000)]
  0x00007fb660a73800 JavaThread "" [_thread_in_native, id=70147, stack(0x00007000035db000,0x00007000036db000)]
  0x00007fb661409800 JavaThread "Thread-2" [_thread_blocked, id=69671, stack(0x00007000034d8000,0x00007000035d8000)]
  0x00007fb65fa45000 JavaThread "main-Display-.macosx_nil-1-EDT-1" daemon [_thread_blocked, id=68875, stack(0x00007000033d5000,0x00007000034d5000)]
  0x00007fb661155000 JavaThread "Java2D Disposer" daemon [_thread_blocked, id=62735, stack(0x00007000031cf000,0x00007000032cf000)]
  0x00007fb65e00d000 JavaThread "Java2D Queue Flusher" daemon [_thread_blocked, id=61195, stack(0x00007000030cc000,0x00007000031cc000)]
  0x00007fb661090800 JavaThread "AWT-AppKit" daemon [_thread_in_native, id=775, stack(0x00007fff54f70000,0x00007fff55770000)]
  0x00007fb65d820000 JavaThread "Service Thread" daemon [_thread_blocked, id=21251, stack(0x0000700002b34000,0x0000700002c34000)]
  0x00007fb661800000 JavaThread "C1 CompilerThread3" daemon [_thread_blocked, id=20739, stack(0x0000700002a31000,0x0000700002b31000)]
  0x00007fb65d81d000 JavaThread "C2 CompilerThread2" daemon [_thread_blocked, id=20227, stack(0x000070000292e000,0x0000700002a2e000)]
  0x00007fb65d81c800 JavaThread "C2 CompilerThread1" daemon [_thread_blocked, id=19715, stack(0x000070000282b000,0x000070000292b000)]
  0x00007fb660817800 JavaThread "C2 CompilerThread0" daemon [_thread_blocked, id=19203, stack(0x0000700002728000,0x0000700002828000)]
  0x00007fb65d81a800 JavaThread "Signal Dispatcher" daemon [_thread_blocked, id=18691, stack(0x0000700002625000,0x0000700002725000)]
  0x00007fb65d819800 JavaThread "Finalizer" daemon [_thread_blocked, id=14595, stack(0x0000700002522000,0x0000700002622000)]
  0x00007fb65d819000 JavaThread "Reference Handler" daemon [_thread_blocked, id=14083, stack(0x000070000241f000,0x000070000251f000)]

Other Threads:
  0x00007fb660814800 VMThread [stack: 0x000070000231c000,0x000070000241c000] [id=13571]
  0x00007fb65d814000 WatcherThread [stack: 0x0000700002c37000,0x0000700002d37000] [id=21763]

VM state:not at safepoint (normal execution)

VM Mutex/Monitor currently owned by a thread: None

Heap:
 PSYoungGen      total 502272K, used 277541K [0x000000076ab00000, 0x000000078a380000, 0x00000007c0000000)
  eden space 501760K, 55% used [0x000000076ab00000,0x000000077b9c95f8,0x0000000789500000)
  from space 512K, 50% used [0x000000078a300000,0x000000078a340000,0x000000078a380000)
  to   space 512K, 0% used [0x000000078a280000,0x000000078a280000,0x000000078a300000)
 ParOldGen       total 283648K, used 137853K [0x00000006c0000000, 0x00000006d1500000, 0x000000076ab00000)
  object space 283648K, 48% used [0x00000006c0000000,0x00000006c869f6a0,0x00000006d1500000)
 Metaspace       used 27647K, capacity 28061K, committed 28464K, reserved 1075200K
  class space    used 3197K, capacity 3299K, committed 3376K, reserved 1048576K

Card table byte_map: [0x000000010c929000,0x000000010d12a000] byte_map_base: 0x0000000109329000

Marking Bits: (ParMarkBitMap*) 0x000000010bec27a0
 Begin Bits: [0x000000011ec27000, 0x0000000122c27000)
 End Bits:   [0x0000000122c27000, 0x0000000126c27000)

Polling page: 0x000000010a550000

CodeCache: size=245760Kb used=12537Kb max_used=12952Kb free=233222Kb
 bounds [0x000000010fc27000, 0x0000000110947000, 0x000000011ec27000]
 total_blobs=4929 nmethods=3951 adapters=890
 compilation: enabled

Compilation events (10 events):
Event: 475.110 Thread 0x00007fb65d81d000 5214 % !   4       heronarts.lx.LXChannel$ChannelThread::run @ 36 (170 bytes)
Event: 475.124 Thread 0x00007fb65d81d000 nmethod 5214% 0x0000000110609610 code [0x0000000110609820, 0x000000011060a320]
Event: 497.753 Thread 0x00007fb65d81c800 5215       4       java.util.ArrayList::<init> (61 bytes)
Event: 497.755 Thread 0x00007fb65d81c800 nmethod 5215 0x0000000110442250 code [0x00000001104423a0, 0x00000001104424f8]
Event: 538.445 Thread 0x00007fb65d81d000 5216       4       java.util.concurrent.locks.ReentrantLock$Sync::nonfairTryAcquire (67 bytes)
Event: 538.447 Thread 0x00007fb65d81d000 nmethod 5216 0x00000001102f33d0 code [0x00000001102f3520, 0x00000001102f35f8]
Event: 543.675 Thread 0x00007fb65d81c800 5217       4       java.net.NetworkInterface$2::hasMoreElements (25 bytes)
Event: 543.676 Thread 0x00007fb65d81c800 nmethod 5217 0x000000010fd45450 code [0x000000010fd455a0, 0x000000010fd45638]
Event: 545.946 Thread 0x00007fb661800000 5218       3       java.lang.Thread::setPriority (56 bytes)
Event: 545.948 Thread 0x00007fb661800000 nmethod 5218 0x00000001104ed610 code [0x00000001104ed7c0, 0x00000001104edee8]

GC Heap History (10 events):
Event: 539.896 GC heap before
{Heap before GC invocations=1184 (full 2):
 PSYoungGen      total 217600K, used 217344K [0x000000076ab00000, 0x000000078a380000, 0x00000007c0000000)
  eden space 217088K, 100% used [0x000000076ab00000,0x0000000777f00000,0x0000000777f00000)
  from space 512K, 50% used [0x000000078a280000,0x000000078a2c0000,0x000000078a300000)
  to   space 512K, 0% used [0x000000078a300000,0x000000078a300000,0x000000078a380000)
 ParOldGen       total 283648K, used 137845K [0x00000006c0000000, 0x00000006d1500000, 0x000000076ab00000)
  object space 283648K, 48% used [0x00000006c0000000,0x00000006c869d6a0,0x00000006d1500000)
 Metaspace       used 27636K, capacity 28061K, committed 28464K, reserved 1075200K
  class space    used 3195K, capacity 3299K, committed 3376K, reserved 1048576K
Event: 539.898 GC heap after
Heap after GC invocations=1184 (full 2):
 PSYoungGen      total 256000K, used 256K [0x000000076ab00000, 0x000000078a380000, 0x00000007c0000000)
  eden space 255488K, 0% used [0x000000076ab00000,0x000000076ab00000,0x000000077a480000)
  from space 512K, 50% used [0x000000078a300000,0x000000078a340000,0x000000078a380000)
  to   space 512K, 0% used [0x000000078a280000,0x000000078a280000,0x000000078a300000)
 ParOldGen       total 283648K, used 137845K [0x00000006c0000000, 0x00000006d1500000, 0x000000076ab00000)
  object space 283648K, 48% used [0x00000006c0000000,0x00000006c869d6a0,0x00000006d1500000)
 Metaspace       used 27636K, capacity 28061K, committed 28464K, reserved 1075200K
  class space    used 3195K, capacity 3299K, committed 3376K, reserved 1048576K
}
Event: 539.900 GC heap before
{Heap before GC invocations=1185 (full 2):
 PSYoungGen      total 256000K, used 4362K [0x000000076ab00000, 0x000000078a380000, 0x00000007c0000000)
  eden space 255488K, 1% used [0x000000076ab00000,0x000000076af02a38,0x000000077a480000)
  from space 512K, 50% used [0x000000078a300000,0x000000078a340000,0x000000078a380000)
  to   space 512K, 0% used [0x000000078a280000,0x000000078a280000,0x000000078a300000)
 ParOldGen       total 283648K, used 137845K [0x00000006c0000000, 0x00000006d1500000, 0x000000076ab00000)
  object space 283648K, 48% used [0x00000006c0000000,0x00000006c869d6a0,0x00000006d1500000)
 Metaspace       used 27636K, capacity 28061K, committed 28464K, reserved 1075200K
  class space    used 3195K, capacity 3299K, committed 3376K, reserved 1048576K
Event: 539.902 GC heap after
Heap after GC invocations=1185 (full 2):
 PSYoungGen      total 304640K, used 224K [0x000000076ab00000, 0x000000078a380000, 0x00000007c0000000)
  eden space 304128K, 0% used [0x000000076ab00000,0x000000076ab00000,0x000000077d400000)
  from space 512K, 43% used [0x000000078a280000,0x000000078a2b8000,0x000000078a300000)
  to   space 512K, 0% used [0x000000078a300000,0x000000078a300000,0x000000078a380000)
 ParOldGen       total 283648K, used 137845K [0x00000006c0000000, 0x00000006d1500000, 0x000000076ab00000)
  object space 283648K, 48% used [0x00000006c0000000,0x00000006c869d6a0,0x00000006d1500000)
 Metaspace       used 27636K, capacity 28061K, committed 28464K, reserved 1075200K
  class space    used 3195K, capacity 3299K, committed 3376K, reserved 1048576K
}
Event: 541.441 GC heap before
{Heap before GC invocations=1186 (full 2):
 PSYoungGen      total 304640K, used 304352K [0x000000076ab00000, 0x000000078a380000, 0x00000007c0000000)
  eden space 304128K, 100% used [0x000000076ab00000,0x000000077d400000,0x000000077d400000)
  from space 512K, 43% used [0x000000078a280000,0x000000078a2b8000,0x000000078a300000)
  to   space 512K, 0% used [0x000000078a300000,0x000000078a300000,0x000000078a380000)
 ParOldGen       total 283648K, used 137845K [0x00000006c0000000, 0x00000006d1500000, 0x000000076ab00000)
  object space 283648K, 48% used [0x00000006c0000000,0x00000006c869d6a0,0x00000006d1500000)
 Metaspace       used 27636K, capacity 28061K, committed 28464K, reserved 1075200K
  class space    used 3195K, capacity 3299K, committed 3376K, reserved 1048576K
Event: 541.443 GC heap after
Heap after GC invocations=1186 (full 2):
 PSYoungGen      total 361472K, used 256K [0x000000076ab00000, 0x000000078a380000, 0x00000007c0000000)
  eden space 360960K, 0% used [0x000000076ab00000,0x000000076ab00000,0x0000000780b80000)
  from space 512K, 50% used [0x000000078a300000,0x000000078a340000,0x000000078a380000)
  to   space 512K, 0% used [0x000000078a280000,0x000000078a280000,0x000000078a300000)
 ParOldGen       total 283648K, used 137853K [0x00000006c0000000, 0x00000006d1500000, 0x000000076ab00000)
  object space 283648K, 48% used [0x00000006c0000000,0x00000006c869f6a0,0x00000006d1500000)
 Metaspace       used 27636K, capacity 28061K, committed 28464K, reserved 1075200K
  class space    used 3195K, capacity 3299K, committed 3376K, reserved 1048576K
}
Event: 543.245 GC heap before
{Heap before GC invocations=1187 (full 2):
 PSYoungGen      total 361472K, used 361216K [0x000000076ab00000, 0x000000078a380000, 0x00000007c0000000)
  eden space 360960K, 100% used [0x000000076ab00000,0x0000000780b80000,0x0000000780b80000)
  from space 512K, 50% used [0x000000078a300000,0x000000078a340000,0x000000078a380000)
  to   space 512K, 0% used [0x000000078a280000,0x000000078a280000,0x000000078a300000)
 ParOldGen       total 283648K, used 137853K [0x00000006c0000000, 0x00000006d1500000, 0x000000076ab00000)
  object space 283648K, 48% used [0x00000006c0000000,0x00000006c869f6a0,0x00000006d1500000)
 Metaspace       used 27636K, capacity 28061K, committed 28464K, reserved 1075200K
  class space    used 3195K, capacity 3299K, committed 3376K, reserved 1048576K
Event: 543.247 GC heap after
Heap after GC invocations=1187 (full 2):
 PSYoungGen      total 427008K, used 256K [0x000000076ab00000, 0x000000078a380000, 0x00000007c0000000)
  eden space 426496K, 0% used [0x000000076ab00000,0x000000076ab00000,0x0000000784b80000)
  from space 512K, 50% used [0x000000078a280000,0x000000078a2c0000,0x000000078a300000)
  to   space 512K, 0% used [0x000000078a300000,0x000000078a300000,0x000000078a380000)
 ParOldGen       total 283648K, used 137853K [0x00000006c0000000, 0x00000006d1500000, 0x000000076ab00000)
  object space 283648K, 48% used [0x00000006c0000000,0x00000006c869f6a0,0x00000006d1500000)
 Metaspace       used 27636K, capacity 28061K, committed 28464K, reserved 1075200K
  class space    used 3195K, capacity 3299K, committed 3376K, reserved 1048576K
}
Event: 545.427 GC heap before
{Heap before GC invocations=1188 (full 2):
 PSYoungGen      total 427008K, used 426752K [0x000000076ab00000, 0x000000078a380000, 0x00000007c0000000)
  eden space 426496K, 100% used [0x000000076ab00000,0x0000000784b80000,0x0000000784b80000)
  from space 512K, 50% used [0x000000078a280000,0x000000078a2c0000,0x000000078a300000)
  to   space 512K, 0% used [0x000000078a300000,0x000000078a300000,0x000000078a380000)
 ParOldGen       total 283648K, used 137853K [0x00000006c0000000, 0x00000006d1500000, 0x000000076ab00000)
  object space 283648K, 48% used [0x00000006c0000000,0x00000006c869f6a0,0x00000006d1500000)
 Metaspace       used 27636K, capacity 28061K, committed 28464K, reserved 1075200K
  class space    used 3195K, capacity 3299K, committed 3376K, reserved 1048576K
Event: 545.429 GC heap after
Heap after GC invocations=1188 (full 2):
 PSYoungGen      total 502272K, used 256K [0x000000076ab00000, 0x000000078a380000, 0x00000007c0000000)
  eden space 501760K, 0% used [0x000000076ab00000,0x000000076ab00000,0x0000000789500000)
  from space 512K, 50% used [0x000000078a300000,0x000000078a340000,0x000000078a380000)
  to   space 512K, 0% used [0x000000078a280000,0x000000078a280000,0x000000078a300000)
 ParOldGen       total 283648K, used 137853K [0x00000006c0000000, 0x00000006d1500000, 0x000000076ab00000)
  object space 283648K, 48% used [0x00000006c0000000,0x00000006c869f6a0,0x00000006d1500000)
 Metaspace       used 27636K, capacity 28061K, committed 28464K, reserved 1075200K
  class space    used 3195K, capacity 3299K, committed 3376K, reserved 1048576K
}

Deoptimization events (10 events):
Event: 33.866 Thread 0x00007fb660eed000 Uncommon trap: reason=unstable_if action=reinterpret pc=0x00000001103387cc method=org.apache.commons.math3.util.FastMath$Split.<init>(DD)V @ 4
Event: 33.866 Thread 0x00007fb660eed000 Uncommon trap: reason=unstable_if action=reinterpret pc=0x0000000110728394 method=org.apache.commons.math3.util.FastMath$Split.<init>(DD)V @ 4
Event: 33.866 Thread 0x00007fb660eed000 Uncommon trap: reason=unstable_if action=reinterpret pc=0x00000001108595b4 method=org.apache.commons.math3.util.FastMath.max(FF)F @ 11
Event: 43.160 Thread 0x00007fb65fde9800 Uncommon trap: reason=unstable_if action=reinterpret pc=0x000000011086056c method=org.apache.commons.math3.util.FastMath.max(FF)F @ 11
Event: 66.144 Thread 0x00007fb661100800 Uncommon trap: reason=unstable_if action=reinterpret pc=0x0000000110680ac0 method=java.util.concurrent.ForkJoinPool$WorkQueue.popCC(Ljava/util/concurrent/CountedCompleter;I)Ljava/util/concurrent/CountedCompleter; @ 57
Event: 69.234 Thread 0x00007fb65f18f000 Uncommon trap: reason=unstable_if action=reinterpret pc=0x000000010fdff5d4 method=heronarts.lx.LXChannel.loop(D)V @ 104
Event: 69.234 Thread 0x00007fb661100800 Uncommon trap: reason=unstable_if action=reinterpret pc=0x000000010fdff5d4 method=heronarts.lx.LXChannel.loop(D)V @ 104
Event: 98.922 Thread 0x00007fb661100800 Uncommon trap: reason=unstable_if action=reinterpret pc=0x0000000110822554 method=java.util.concurrent.ForkJoinTask.externalAwaitDone()I @ 70
Event: 180.210 Thread 0x00007fb660a0b800 Uncommon trap: reason=unstable_if action=reinterpret pc=0x000000011080b17c method=java.util.concurrent.ForkJoinPool.scan(Ljava/util/concurrent/ForkJoinPool$WorkQueue;I)Ljava/util/concurrent/ForkJoinTask; @ 299
Event: 546.763 Thread 0x00007fb65fe8b800 Uncommon trap: reason=class_check action=maybe_recompile pc=0x000000011092043c method=heronarts.lx.osc.LXOscEngine.dispatch()V @ 4

Internal exceptions (10 events):
Event: 542.661 Thread 0x00007fb65dd74800 Exception <a 'java/net/SocketTimeoutException': Receive timed out> (0x000000076d685a50) thrown at [/Users/java_re/workspace/8-2-build-macosx-x86_64/jdk8u45/3457/hotspot/src/share/vm/prims/jni.cpp, line 735]
Event: 543.165 Thread 0x00007fb65fd11000 Exception <a 'java/net/SocketTimeoutException': Receive timed out> (0x000000077352e080) thrown at [/Users/java_re/workspace/8-2-build-macosx-x86_64/jdk8u45/3457/hotspot/src/share/vm/prims/jni.cpp, line 735]
Event: 543.675 Thread 0x00007fb65dd74800 Exception <a 'java/net/SocketTimeoutException': Receive timed out> (0x00000007701515f8) thrown at [/Users/java_re/workspace/8-2-build-macosx-x86_64/jdk8u45/3457/hotspot/src/share/vm/prims/jni.cpp, line 735]
Event: 544.174 Thread 0x00007fb65fd11000 Exception <a 'java/net/SocketTimeoutException': Receive timed out> (0x0000000775c873a8) thrown at [/Users/java_re/workspace/8-2-build-macosx-x86_64/jdk8u45/3457/hotspot/src/share/vm/prims/jni.cpp, line 735]
Event: 544.677 Thread 0x00007fb661438000 Exception <a 'java/net/SocketTimeoutException': Receive timed out> (0x0000000770151000) thrown at [/Users/java_re/workspace/8-2-build-macosx-x86_64/jdk8u45/3457/hotspot/src/share/vm/prims/jni.cpp, line 735]
Event: 545.189 Thread 0x00007fb65fd11000 Exception <a 'java/net/SocketTimeoutException': Receive timed out> (0x0000000775c87828) thrown at [/Users/java_re/workspace/8-2-build-macosx-x86_64/jdk8u45/3457/hotspot/src/share/vm/prims/jni.cpp, line 735]
Event: 545.693 Thread 0x00007fb661438000 Exception <a 'java/net/SocketTimeoutException': Receive timed out> (0x000000076e476888) thrown at [/Users/java_re/workspace/8-2-build-macosx-x86_64/jdk8u45/3457/hotspot/src/share/vm/prims/jni.cpp, line 735]
Event: 546.203 Thread 0x00007fb65fd11000 Exception <a 'java/net/SocketTimeoutException': Receive timed out> (0x0000000774995678) thrown at [/Users/java_re/workspace/8-2-build-macosx-x86_64/jdk8u45/3457/hotspot/src/share/vm/prims/jni.cpp, line 735]
Event: 546.712 Thread 0x00007fb661438000 Exception <a 'java/net/SocketTimeoutException': Receive timed out> (0x000000076e476d08) thrown at [/Users/java_re/workspace/8-2-build-macosx-x86_64/jdk8u45/3457/hotspot/src/share/vm/prims/jni.cpp, line 735]
Event: 546.763 Thread 0x00007fb65fe8b800 Exception <a 'java/lang/InternalError': a fault occurred in a recent unsafe memory access operation in compiled Java code> (0x000000077b9c7d08) thrown at [/Users/java_re/workspace/8-2-build-macosx-x86_64/jdk8u45/3457/hotspot/src/share/vm/runtime/thread.cp

Events (10 events):
Event: 546.763 Thread 0x00007fb65fe8b800 Uncommon trap: trap_request=0xffffffde fr.pc=0x000000011092043c
Event: 546.763 Thread 0x00007fb65fe8b800 DEOPT PACKING pc=0x000000011092043c sp=0x00007000043047e0
Event: 546.763 Thread 0x00007fb65fe8b800 DEOPT UNPACKING pc=0x000000010fc2c229 sp=0x00007000043046b8 mode 2
Event: 546.763 loading class java/lang/Throwable$WrappedPrintStream
Event: 546.763 loading class java/lang/Throwable$PrintStreamOrWriter
Event: 546.763 loading class java/lang/Throwable$PrintStreamOrWriter done
Event: 546.764 loading class java/lang/Throwable$WrappedPrintStream done
Event: 546.764 loading class java/util/IdentityHashMap$KeySet
Event: 546.764 loading class java/util/IdentityHashMap$KeySet done
Event: 546.764 Thread 0x00007fb65fe8b800 Thread exited: 0x00007fb65fe8b800


Dynamic libraries:
0x000000000ab49000 	/System/Library/Frameworks/Cocoa.framework/Versions/A/Cocoa
0x000000000ab49000 	/System/Library/Frameworks/Security.framework/Versions/A/Security
0x000000000ab49000 	/System/Library/Frameworks/ApplicationServices.framework/Versions/A/ApplicationServices
0x000000000ab49000 	/usr/lib/libz.1.dylib
0x000000000ab49000 	/usr/lib/libSystem.B.dylib
0x000000000ab49000 	/usr/lib/libobjc.A.dylib
0x000000000ab49000 	/System/Library/Frameworks/CoreFoundation.framework/Versions/A/CoreFoundation
0x000000000ab49000 	/System/Library/Frameworks/Foundation.framework/Versions/C/Foundation
0x000000000ab49000 	/System/Library/Frameworks/AppKit.framework/Versions/C/AppKit
0x000000000ab49000 	/System/Library/Frameworks/CoreData.framework/Versions/A/CoreData
0x000000000ab49000 	/System/Library/PrivateFrameworks/RemoteViewServices.framework/Versions/A/RemoteViewServices
0x000000000ab49000 	/System/Library/PrivateFrameworks/UIFoundation.framework/Versions/A/UIFoundation
0x000000000ab49000 	/System/Library/PrivateFrameworks/DFRFoundation.framework/Versions/A/DFRFoundation
0x000000000ab49000 	/usr/lib/libenergytrace.dylib
0x000000000ab49000 	/System/Library/PrivateFrameworks/SkyLight.framework/Versions/A/SkyLight
0x000000000ab49000 	/System/Library/Frameworks/CoreGraphics.framework/Versions/A/CoreGraphics
0x000000000ab49000 	/usr/lib/libScreenReader.dylib
0x000000000ab49000 	/System/Library/Frameworks/Accelerate.framework/Versions/A/Accelerate
0x000000000ab49000 	/System/Library/Frameworks/IOSurface.framework/Versions/A/IOSurface
0x000000000ab49000 	/System/Library/Frameworks/AudioToolbox.framework/Versions/A/AudioToolbox
0x000000000ab49000 	/System/Library/Frameworks/AudioUnit.framework/Versions/A/AudioUnit
0x000000000ab49000 	/System/Library/PrivateFrameworks/DataDetectorsCore.framework/Versions/A/DataDetectorsCore
0x000000000ab49000 	/System/Library/PrivateFrameworks/DesktopServicesPriv.framework/Versions/A/DesktopServicesPriv
0x000000000ab49000 	/System/Library/Frameworks/Carbon.framework/Versions/A/Frameworks/HIToolbox.framework/Versions/A/HIToolbox
0x000000000ab49000 	/usr/lib/libicucore.A.dylib
0x000000000ab49000 	/System/Library/Frameworks/QuartzCore.framework/Versions/A/QuartzCore
0x000000000ab49000 	/System/Library/Frameworks/Carbon.framework/Versions/A/Frameworks/SpeechRecognition.framework/Versions/A/SpeechRecognition
0x000000000ab49000 	/usr/lib/libauto.dylib
0x000000000ab49000 	/usr/lib/libxml2.2.dylib
0x000000000ab49000 	/System/Library/PrivateFrameworks/CoreUI.framework/Versions/A/CoreUI
0x000000000ab49000 	/System/Library/Frameworks/CoreAudio.framework/Versions/A/CoreAudio
0x000000000ab49000 	/System/Library/Frameworks/DiskArbitration.framework/Versions/A/DiskArbitration
0x000000000ab49000 	/usr/lib/liblangid.dylib
0x000000000ab49000 	/System/Library/PrivateFrameworks/MultitouchSupport.framework/Versions/A/MultitouchSupport
0x000000000ab49000 	/System/Library/Frameworks/IOKit.framework/Versions/A/IOKit
0x000000000ab49000 	/usr/lib/libDiagnosticMessagesClient.dylib
0x000000000ab49000 	/System/Library/Frameworks/CoreServices.framework/Versions/A/CoreServices
0x000000000ab49000 	/System/Library/PrivateFrameworks/PerformanceAnalysis.framework/Versions/A/PerformanceAnalysis
0x000000000ab49000 	/System/Library/PrivateFrameworks/GenerationalStorage.framework/Versions/A/GenerationalStorage
0x000000000ab49000 	/System/Library/Frameworks/OpenGL.framework/Versions/A/OpenGL
0x000000000ab49000 	/System/Library/Frameworks/CoreImage.framework/Versions/A/CoreImage
0x000000000ab49000 	/System/Library/Frameworks/CoreText.framework/Versions/A/CoreText
0x000000000ab49000 	/System/Library/Frameworks/ImageIO.framework/Versions/A/ImageIO
0x000000000ab49000 	/System/Library/PrivateFrameworks/Backup.framework/Versions/A/Backup
0x000000000ab49000 	/usr/lib/libarchive.2.dylib
0x000000000ab49000 	/System/Library/Frameworks/CFNetwork.framework/Versions/A/CFNetwork
0x000000000ab49000 	/System/Library/Frameworks/SystemConfiguration.framework/Versions/A/SystemConfiguration
0x000000000ab49000 	/usr/lib/libCRFSuite.dylib
0x000000000ab49000 	/usr/lib/libc++.1.dylib
0x000000000ab49000 	/usr/lib/libc++abi.dylib
0x000000000ab49000 	/usr/lib/system/libcache.dylib
0x000000000ab49000 	/usr/lib/system/libcommonCrypto.dylib
0x000000000ab49000 	/usr/lib/system/libcompiler_rt.dylib
0x000000000ab49000 	/usr/lib/system/libcopyfile.dylib
0x000000000ab49000 	/usr/lib/system/libcorecrypto.dylib
0x000000000ab49000 	/usr/lib/system/libdispatch.dylib
0x000000000ab49000 	/usr/lib/system/libdyld.dylib
0x000000000ab49000 	/usr/lib/system/libkeymgr.dylib
0x000000000ab49000 	/usr/lib/system/liblaunch.dylib
0x000000000ab49000 	/usr/lib/system/libmacho.dylib
0x000000000ab49000 	/usr/lib/system/libquarantine.dylib
0x000000000ab49000 	/usr/lib/system/libremovefile.dylib
0x000000000ab49000 	/usr/lib/system/libsystem_asl.dylib
0x000000000ab49000 	/usr/lib/system/libsystem_blocks.dylib
0x000000000ab49000 	/usr/lib/system/libsystem_c.dylib
0x000000000ab49000 	/usr/lib/system/libsystem_configuration.dylib
0x000000000ab49000 	/usr/lib/system/libsystem_coreservices.dylib
0x000000000ab49000 	/usr/lib/system/libsystem_coretls.dylib
0x000000000ab49000 	/usr/lib/system/libsystem_dnssd.dylib
0x000000000ab49000 	/usr/lib/system/libsystem_info.dylib
0x000000000ab49000 	/usr/lib/system/libsystem_kernel.dylib
0x000000000ab49000 	/usr/lib/system/libsystem_m.dylib
0x000000000ab49000 	/usr/lib/system/libsystem_malloc.dylib
0x000000000ab49000 	/usr/lib/system/libsystem_network.dylib
0x000000000ab49000 	/usr/lib/system/libsystem_networkextension.dylib
0x000000000ab49000 	/usr/lib/system/libsystem_notify.dylib
0x000000000ab49000 	/usr/lib/system/libsystem_platform.dylib
0x000000000ab49000 	/usr/lib/system/libsystem_pthread.dylib
0x000000000ab49000 	/usr/lib/system/libsystem_sandbox.dylib
0x000000000ab49000 	/usr/lib/system/libsystem_secinit.dylib
0x000000000ab49000 	/usr/lib/system/libsystem_symptoms.dylib
0x000000000ab49000 	/usr/lib/system/libsystem_trace.dylib
0x000000000ab49000 	/usr/lib/system/libunwind.dylib
0x000000000ab49000 	/usr/lib/system/libxpc.dylib
0x000000000ab49000 	/usr/lib/libbsm.0.dylib
0x000000000ab49000 	/usr/lib/system/libkxld.dylib
0x000000000ab49000 	/usr/lib/libcoretls.dylib
0x000000000ab49000 	/usr/lib/libcoretls_cfhelpers.dylib
0x000000000ab49000 	/usr/lib/libOpenScriptingUtil.dylib
0x000000000ab49000 	/usr/lib/libpam.2.dylib
0x000000000ab49000 	/usr/lib/libsqlite3.dylib
0x000000000ab49000 	/usr/lib/libxar.1.dylib
0x000000000ab49000 	/usr/lib/libbz2.1.0.dylib
0x000000000ab49000 	/usr/lib/liblzma.5.dylib
0x000000000ab49000 	/usr/lib/libnetwork.dylib
0x000000000ab49000 	/usr/lib/libpcap.A.dylib
0x000000000ab49000 	/System/Library/Frameworks/CoreServices.framework/Versions/A/Frameworks/FSEvents.framework/Versions/A/FSEvents
0x000000000ab49000 	/System/Library/Frameworks/CoreServices.framework/Versions/A/Frameworks/CarbonCore.framework/Versions/A/CarbonCore
0x000000000ab49000 	/System/Library/Frameworks/CoreServices.framework/Versions/A/Frameworks/Metadata.framework/Versions/A/Metadata
0x000000000ab49000 	/System/Library/Frameworks/CoreServices.framework/Versions/A/Frameworks/OSServices.framework/Versions/A/OSServices
0x000000000ab49000 	/System/Library/Frameworks/CoreServices.framework/Versions/A/Frameworks/SearchKit.framework/Versions/A/SearchKit
0x000000000ab49000 	/System/Library/Frameworks/CoreServices.framework/Versions/A/Frameworks/AE.framework/Versions/A/AE
0x000000000ab49000 	/System/Library/Frameworks/CoreServices.framework/Versions/A/Frameworks/LaunchServices.framework/Versions/A/LaunchServices
0x000000000ab49000 	/System/Library/Frameworks/CoreServices.framework/Versions/A/Frameworks/DictionaryServices.framework/Versions/A/DictionaryServices
0x000000000ab49000 	/System/Library/Frameworks/CoreServices.framework/Versions/A/Frameworks/SharedFileList.framework/Versions/A/SharedFileList
0x000000000ab49000 	/System/Library/Frameworks/NetFS.framework/Versions/A/NetFS
0x000000000ab49000 	/System/Library/PrivateFrameworks/NetAuth.framework/Versions/A/NetAuth
0x000000000ab49000 	/System/Library/PrivateFrameworks/login.framework/Versions/A/Frameworks/loginsupport.framework/Versions/A/loginsupport
0x000000000ab49000 	/System/Library/PrivateFrameworks/TCC.framework/Versions/A/TCC
0x000000000ab49000 	/usr/lib/libmecabra.dylib
0x000000000ab49000 	/System/Library/Frameworks/ApplicationServices.framework/Versions/A/Frameworks/ATS.framework/Versions/A/ATS
0x000000000ab49000 	/System/Library/Frameworks/ApplicationServices.framework/Versions/A/Frameworks/ColorSync.framework/Versions/A/ColorSync
0x000000000ab49000 	/System/Library/Frameworks/ApplicationServices.framework/Versions/A/Frameworks/HIServices.framework/Versions/A/HIServices
0x000000000ab49000 	/System/Library/Frameworks/ApplicationServices.framework/Versions/A/Frameworks/LangAnalysis.framework/Versions/A/LangAnalysis
0x000000000ab49000 	/System/Library/Frameworks/ApplicationServices.framework/Versions/A/Frameworks/PrintCore.framework/Versions/A/PrintCore
0x000000000ab49000 	/System/Library/Frameworks/ApplicationServices.framework/Versions/A/Frameworks/QD.framework/Versions/A/QD
0x000000000ab49000 	/System/Library/Frameworks/ApplicationServices.framework/Versions/A/Frameworks/SpeechSynthesis.framework/Versions/A/SpeechSynthesis
0x000000000ab49000 	/System/Library/Frameworks/Accelerate.framework/Versions/A/Frameworks/vImage.framework/Versions/A/vImage
0x000000000ab49000 	/System/Library/Frameworks/Accelerate.framework/Versions/A/Frameworks/vecLib.framework/Versions/A/vecLib
0x000000000ab49000 	/System/Library/Frameworks/Accelerate.framework/Versions/A/Frameworks/vecLib.framework/Versions/A/libvDSP.dylib
0x000000000ab49000 	/System/Library/Frameworks/Accelerate.framework/Versions/A/Frameworks/vecLib.framework/Versions/A/libBNNS.dylib
0x000000000ab49000 	/System/Library/Frameworks/Accelerate.framework/Versions/A/Frameworks/vecLib.framework/Versions/A/libQuadrature.dylib
0x000000000ab49000 	/System/Library/Frameworks/Accelerate.framework/Versions/A/Frameworks/vecLib.framework/Versions/A/libvMisc.dylib
0x000000000ab49000 	/System/Library/Frameworks/Accelerate.framework/Versions/A/Frameworks/vecLib.framework/Versions/A/libLAPACK.dylib
0x000000000ab49000 	/System/Library/Frameworks/Accelerate.framework/Versions/A/Frameworks/vecLib.framework/Versions/A/libBLAS.dylib
0x000000000ab49000 	/System/Library/Frameworks/Accelerate.framework/Versions/A/Frameworks/vecLib.framework/Versions/A/libLinearAlgebra.dylib
0x000000000ab49000 	/System/Library/Frameworks/Accelerate.framework/Versions/A/Frameworks/vecLib.framework/Versions/A/libSparseBLAS.dylib
0x000000000ab49000 	/System/Library/Frameworks/ApplicationServices.framework/Versions/A/Frameworks/ATS.framework/Versions/A/Resources/libFontParser.dylib
0x000000000ab49000 	/System/Library/Frameworks/ApplicationServices.framework/Versions/A/Frameworks/ATS.framework/Versions/A/Resources/libFontRegistry.dylib
0x000000000ab49000 	/System/Library/Frameworks/ImageIO.framework/Versions/A/Resources/libJPEG.dylib
0x000000000ab49000 	/System/Library/Frameworks/ImageIO.framework/Versions/A/Resources/libTIFF.dylib
0x000000000ab49000 	/System/Library/Frameworks/ImageIO.framework/Versions/A/Resources/libPng.dylib
0x000000000ab49000 	/System/Library/Frameworks/ImageIO.framework/Versions/A/Resources/libGIF.dylib
0x000000000ab49000 	/System/Library/Frameworks/ImageIO.framework/Versions/A/Resources/libJP2.dylib
0x000000000ab49000 	/System/Library/Frameworks/ImageIO.framework/Versions/A/Resources/libRadiance.dylib
0x000000000ab49000 	/usr/lib/libcompression.dylib
0x000000000ab49000 	/System/Library/PrivateFrameworks/AppleJPEG.framework/Versions/A/AppleJPEG
0x000000000ab49000 	/usr/lib/libcups.2.dylib
0x000000000ab49000 	/System/Library/Frameworks/Kerberos.framework/Versions/A/Kerberos
0x000000000ab49000 	/System/Library/Frameworks/GSS.framework/Versions/A/GSS
0x000000000ab49000 	/usr/lib/libresolv.9.dylib
0x000000000ab49000 	/usr/lib/libiconv.2.dylib
0x000000000ab49000 	/System/Library/PrivateFrameworks/Heimdal.framework/Versions/A/Heimdal
0x000000000ab49000 	/usr/lib/libheimdal-asn1.dylib
0x000000000ab49000 	/System/Library/Frameworks/OpenDirectory.framework/Versions/A/OpenDirectory
0x000000000ab49000 	/System/Library/PrivateFrameworks/CommonAuth.framework/Versions/A/CommonAuth
0x000000000ab49000 	/System/Library/Frameworks/OpenDirectory.framework/Versions/A/Frameworks/CFOpenDirectory.framework/Versions/A/CFOpenDirectory
0x000000000ab49000 	/System/Library/Frameworks/SecurityFoundation.framework/Versions/A/SecurityFoundation
0x000000000ab49000 	/System/Library/PrivateFrameworks/LanguageModeling.framework/Versions/A/LanguageModeling
0x000000000ab49000 	/usr/lib/libmarisa.dylib
0x000000000ab49000 	/usr/lib/libChineseTokenizer.dylib
0x000000000ab49000 	/usr/lib/libcmph.dylib
0x000000000ab49000 	/System/Library/PrivateFrameworks/CoreEmoji.framework/Versions/A/CoreEmoji
0x000000000ab49000 	/System/Library/Frameworks/ServiceManagement.framework/Versions/A/ServiceManagement
0x000000000ab49000 	/usr/lib/libxslt.1.dylib
0x000000000ab49000 	/System/Library/Frameworks/Carbon.framework/Versions/A/Frameworks/Ink.framework/Versions/A/Ink
0x000000000ab49000 	/System/Library/PrivateFrameworks/TextureIO.framework/Versions/A/TextureIO
0x000000000ab49000 	/System/Library/Frameworks/Metal.framework/Versions/A/Metal
0x000000000ab49000 	/usr/lib/libate.dylib
0x000000000ab49000 	/System/Library/PrivateFrameworks/GPUCompiler.framework/libmetal_timestamp.dylib
0x000000000ab49000 	/System/Library/Frameworks/OpenGL.framework/Versions/A/Libraries/libCoreFSCache.dylib
0x000000000ab49000 	/System/Library/PrivateFrameworks/IOAccelerator.framework/Versions/A/IOAccelerator
0x000000000ab49000 	/System/Library/Frameworks/CoreVideo.framework/Versions/A/CoreVideo
0x000000000ab49000 	/usr/lib/libFosl_dynamic.dylib
0x000000000ab49000 	/System/Library/PrivateFrameworks/MetalPerformanceShaders.framework/Versions/A/MetalPerformanceShaders
0x000000000ab49000 	/System/Library/PrivateFrameworks/FaceCore.framework/Versions/A/FaceCore
0x000000000ab49000 	/System/Library/Frameworks/OpenCL.framework/Versions/A/OpenCL
0x000000000ab49000 	/System/Library/Frameworks/OpenGL.framework/Versions/A/Libraries/libGLU.dylib
0x000000000ab49000 	/System/Library/Frameworks/OpenGL.framework/Versions/A/Libraries/libGFXShared.dylib
0x000000000ab49000 	/System/Library/Frameworks/OpenGL.framework/Versions/A/Libraries/libGL.dylib
0x000000000ab49000 	/System/Library/Frameworks/OpenGL.framework/Versions/A/Libraries/libGLImage.dylib
0x000000000ab49000 	/System/Library/Frameworks/OpenGL.framework/Versions/A/Libraries/libCVMSPluginSupport.dylib
0x000000000ab49000 	/System/Library/Frameworks/OpenGL.framework/Versions/A/Libraries/libCoreVMClient.dylib
0x000000000ab49000 	/System/Library/PrivateFrameworks/CrashReporterSupport.framework/Versions/A/CrashReporterSupport
0x000000000ab49000 	/System/Library/PrivateFrameworks/Sharing.framework/Versions/A/Sharing
0x000000000ab49000 	/System/Library/PrivateFrameworks/IconServices.framework/Versions/A/IconServices
0x000000000ab49000 	/System/Library/PrivateFrameworks/ProtocolBuffer.framework/Versions/A/ProtocolBuffer
0x000000000ab49000 	/System/Library/PrivateFrameworks/Apple80211.framework/Versions/A/Apple80211
0x000000000ab49000 	/System/Library/Frameworks/CoreWLAN.framework/Versions/A/CoreWLAN
0x000000000ab49000 	/System/Library/PrivateFrameworks/CoreUtils.framework/Versions/A/CoreUtils
0x000000000ab49000 	/System/Library/Frameworks/IOBluetooth.framework/Versions/A/IOBluetooth
0x000000000ab49000 	/System/Library/PrivateFrameworks/CoreWiFi.framework/Versions/A/CoreWiFi
0x000000000ab49000 	/System/Library/Frameworks/CoreBluetooth.framework/Versions/A/CoreBluetooth
0x000000000ab49000 	/System/Library/Frameworks/CoreDisplay.framework/Versions/A/CoreDisplay
0x000000000ab49000 	/System/Library/PrivateFrameworks/IOPresentment.framework/Versions/A/IOPresentment
0x000000000ab49000 	/System/Library/PrivateFrameworks/DSExternalDisplay.framework/Versions/A/DSExternalDisplay
0x000000000ab49000 	/System/Library/PrivateFrameworks/DebugSymbols.framework/Versions/A/DebugSymbols
0x000000000ab49000 	/System/Library/PrivateFrameworks/CoreSymbolication.framework/Versions/A/CoreSymbolication
0x000000000ab49000 	/System/Library/PrivateFrameworks/Symbolication.framework/Versions/A/Symbolication
0x000000000ab49000 	/System/Library/PrivateFrameworks/AppleFSCompression.framework/Versions/A/AppleFSCompression
0x000000000ab49000 	/System/Library/PrivateFrameworks/SpeechRecognitionCore.framework/Versions/A/SpeechRecognitionCore
0x000000000ab49000 	/System/Library/PrivateFrameworks/ChunkingLibrary.framework/Versions/A/ChunkingLibrary
0x000000010b600000 	/Library/Java/JavaVirtualMachines/jdk1.8.0_45.jdk/Contents/Home/jre/lib/server/libjvm.dylib
0x000000000ab49000 	/usr/lib/libstdc++.6.dylib
0x000000010a50d000 	/Library/Java/JavaVirtualMachines/jdk1.8.0_45.jdk/Contents/Home/jre/lib/libverify.dylib
0x000000010a51b000 	/Library/Java/JavaVirtualMachines/jdk1.8.0_45.jdk/Contents/Home/jre/lib/libjava.dylib
0x000000010a55a000 	/Library/Java/JavaVirtualMachines/jdk1.8.0_45.jdk/Contents/Home/jre/lib/libzip.dylib
0x0000000127627000 	/System/Library/Frameworks/JavaVM.framework/Frameworks/JavaRuntimeSupport.framework/JavaRuntimeSupport
0x000000010fb86000 	/System/Library/Frameworks/JavaVM.framework/Versions/A/Frameworks/JavaNativeFoundation.framework/Versions/A/JavaNativeFoundation
0x0000000127641000 	/System/Library/Frameworks/JavaVM.framework/Versions/A/JavaVM
0x000000000ab49000 	/System/Library/Frameworks/Carbon.framework/Versions/A/Carbon
0x000000012764e000 	/System/Library/PrivateFrameworks/JavaLaunching.framework/Versions/A/JavaLaunching
0x000000000ab49000 	/System/Library/Frameworks/Carbon.framework/Versions/A/Frameworks/CommonPanels.framework/Versions/A/CommonPanels
0x000000000ab49000 	/System/Library/Frameworks/Carbon.framework/Versions/A/Frameworks/Help.framework/Versions/A/Help
0x000000000ab49000 	/System/Library/Frameworks/Carbon.framework/Versions/A/Frameworks/ImageCapture.framework/Versions/A/ImageCapture
0x000000000ab49000 	/System/Library/Frameworks/Carbon.framework/Versions/A/Frameworks/OpenScripting.framework/Versions/A/OpenScripting
0x000000000ab49000 	/System/Library/Frameworks/Carbon.framework/Versions/A/Frameworks/Print.framework/Versions/A/Print
0x000000000ab49000 	/System/Library/Frameworks/Carbon.framework/Versions/A/Frameworks/SecurityHI.framework/Versions/A/SecurityHI
0x0000000128fd8000 	/Library/Java/JavaVirtualMachines/jdk1.8.0_45.jdk/Contents/Home/jre/lib/libawt.dylib
0x0000000129080000 	/Library/Java/JavaVirtualMachines/jdk1.8.0_45.jdk/Contents/Home/jre/lib/./libmlib_image.dylib
0x000000012914c000 	/Library/Java/JavaVirtualMachines/jdk1.8.0_45.jdk/Contents/Home/jre/lib/libawt_lwawt.dylib
0x0000000129200000 	/Library/Java/JavaVirtualMachines/jdk1.8.0_45.jdk/Contents/Home/jre/lib/./libosxapp.dylib
0x000000000ab49000 	/System/Library/Frameworks/ExceptionHandling.framework/Versions/A/ExceptionHandling
0x000000000ab49000 	/System/Library/PrivateFrameworks/CoreServicesInternal.framework/Versions/A/CoreServicesInternal
0x000000000ab49000 	/System/Library/CoreServices/RawCamera.bundle/Contents/MacOS/RawCamera
0x000000000ab49000 	/System/Library/Frameworks/Accelerate.framework/Versions/A/Frameworks/vImage.framework/Versions/A/Libraries/libCGInterfaces.dylib
0x000000000ab49000 	/System/Library/Frameworks/ApplicationServices.framework/Versions/A/Frameworks/ATS.framework/Versions/A/Resources/libTrueTypeScaler.dylib
0x000000012b1d9000 	/System/Library/Frameworks/OpenGL.framework/Resources/GLEngine.bundle/GLEngine
0x000000000ab49000 	/System/Library/Frameworks/OpenGL.framework/Versions/A/Libraries/libGLProgrammability.dylib
0x000000012b3be000 	/System/Library/Extensions/AppleIntelHD5000GraphicsGLDriver.bundle/Contents/MacOS/AppleIntelHD5000GraphicsGLDriver
0x000000000ab49000 	/System/Library/PrivateFrameworks/GPUSupport.framework/Versions/A/Libraries/libGPUSupportMercury.dylib
0x000000012bb2c000 	/System/Library/Extensions/AMDRadeonX4000GLDriver.bundle/Contents/MacOS/AMDRadeonX4000GLDriver
0x000000012bc0c000 	/System/Library/Extensions/AMDRadeonX4000GLDriver.bundle/Contents/MacOS/ATIRadeonX4000SCLib.dylib
0x000000012c1e9000 	/System/Library/Frameworks/OpenGL.framework/Resources//GLRendererFloat.bundle/GLRendererFloat
0x000000000ab49000 	/System/Library/Frameworks/OpenCL.framework/Versions/A/Libraries/libcldcpuengine.dylib
0x000000000ab49000 	/usr/lib/libcrypto.0.9.8.dylib
0x000000000ab49000 	/System/Library/PrivateFrameworks/TrustEvaluationAgent.framework/Versions/A/TrustEvaluationAgent
0x000000000ab49000 	/System/Library/Extensions/AMDMTLBronzeDriver.bundle/Contents/MacOS/AMDMTLBronzeDriver
0x000000000ab49000 	/System/Library/PrivateFrameworks/IOAccelMemoryInfo.framework/Versions/A/IOAccelMemoryInfo
0x000000012c231000 	/System/Library/Extensions/AppleIntelHD5000GraphicsMTLDriver.bundle/Contents/MacOS/AppleIntelHD5000GraphicsMTLDriver
0x000000000ab49000 	/System/Library/PrivateFrameworks/FamilyControls.framework/Versions/A/FamilyControls
0x000000000ab49000 	/System/Library/PrivateFrameworks/CommerceKit.framework/Versions/A/Frameworks/CommerceCore.framework/Versions/A/CommerceCore
0x000000000ab49000 	/System/Library/PrivateFrameworks/SystemAdministration.framework/Versions/A/SystemAdministration
0x000000000ab49000 	/System/Library/PrivateFrameworks/AppContainer.framework/Versions/A/AppContainer
0x000000000ab49000 	/System/Library/PrivateFrameworks/SecCodeWrapper.framework/Versions/A/SecCodeWrapper
0x000000000ab49000 	/System/Library/Frameworks/DirectoryService.framework/Versions/A/DirectoryService
0x000000000ab49000 	/System/Library/PrivateFrameworks/DiskImages.framework/Versions/A/DiskImages
0x000000000ab49000 	/System/Library/PrivateFrameworks/LoginUIKit.framework/Versions/A/Frameworks/LoginUICore.framework/Versions/A/LoginUICore
0x000000000ab49000 	/usr/lib/libCoreStorage.dylib
0x000000000ab49000 	/usr/lib/libcsfde.dylib
0x000000000ab49000 	/usr/lib/libodfde.dylib
0x000000000ab49000 	/System/Library/Frameworks/DiscRecording.framework/Versions/A/DiscRecording
0x000000000ab49000 	/usr/lib/libcurl.4.dylib
0x000000000ab49000 	/System/Library/PrivateFrameworks/MediaKit.framework/Versions/A/MediaKit
0x000000000ab49000 	/System/Library/PrivateFrameworks/ProtectedCloudStorage.framework/Versions/A/ProtectedCloudStorage
0x000000000ab49000 	/System/Library/PrivateFrameworks/EFILogin.framework/Versions/A/EFILogin
0x000000000ab49000 	/usr/lib/libutil.dylib
0x000000000ab49000 	/System/Library/Frameworks/LDAP.framework/Versions/A/LDAP
0x000000000ab49000 	/usr/lib/libsasl2.2.dylib
0x000000000ab49000 	/System/Library/PrivateFrameworks/CoreDaemon.framework/Versions/B/CoreDaemon
0x000000000ab49000 	/System/Library/PrivateFrameworks/AppleSRP.framework/Versions/A/AppleSRP
0x000000000ab49000 	/System/Library/PrivateFrameworks/APFS.framework/Versions/A/APFS
0x000000012d679000 	/Library/Java/JavaVirtualMachines/jdk1.8.0_45.jdk/Contents/Home/jre/lib/libfontmanager.dylib
0x000000012daa0000 	/Library/Java/JavaVirtualMachines/jdk1.8.0_45.jdk/Contents/Home/jre/lib/libnet.dylib
0x000000012daff000 	/Library/Java/JavaVirtualMachines/jdk1.8.0_45.jdk/Contents/Home/jre/lib/libnio.dylib
0x000000012db0f000 	/private/var/folders/zg/hfr96y0s0797p430mx5rs1hw0000gr/T/jogamp_0000/file_cache/jln3320432804942069720/jln5977559520542406918/natives/macosx-universal/libgluegen-rt.jnilib
0x000000012c3a3000 	/private/var/folders/zg/hfr96y0s0797p430mx5rs1hw0000gr/T/jogamp_0000/file_cache/jln3320432804942069720/jln5977559520542406918/natives/macosx-universal/libnativewindow_awt.jnilib
0x000000012c3a6000 	/Library/Java/JavaVirtualMachines/jdk1.8.0_45.jdk/Contents/Home/jre/lib/libjawt.dylib
0x000000000ab49000 	/System/Library/PrivateFrameworks/ViewBridge.framework/Versions/A/ViewBridge
0x000000000ab49000 	/System/Library/PrivateFrameworks/XPCService.framework/Versions/A/XPCService
0x000000000ab49000 	/System/Library/PrivateFrameworks/AppSandbox.framework/Versions/A/AppSandbox
0x000000000ab49000 	/usr/lib/libsandbox.1.dylib
0x000000000ab49000 	/usr/lib/libMatch.1.dylib
0x000000012c3a9000 	/private/var/folders/zg/hfr96y0s0797p430mx5rs1hw0000gr/T/jogamp_0000/file_cache/jln3320432804942069720/jln5977559520542406918/natives/macosx-universal/libnativewindow_macosx.jnilib
0x000000012ada1000 	/private/var/folders/zg/hfr96y0s0797p430mx5rs1hw0000gr/T/jogamp_0000/file_cache/jln3320432804942069720/jln5977559520542406918/natives/macosx-universal/libnewt.jnilib
0x0000000129d49000 	/private/var/folders/zg/hfr96y0s0797p430mx5rs1hw0000gr/T/jogamp_0000/file_cache/jln3320432804942069720/jln5977559520542406918/natives/macosx-universal/libjogl_desktop.jnilib
0x0000000129e1d000 	/private/var/folders/zg/hfr96y0s0797p430mx5rs1hw0000gr/T/jogamp_0000/file_cache/jln3320432804942069720/jln5977559520542406918/natives/macosx-universal/libjogl_mobile.jnilib
0x000000012b069000 	/Library/Java/JavaVirtualMachines/jdk1.8.0_45.jdk/Contents/Home/jre/lib/libjsound.dylib
0x00000001300e7000 	/System/Library/Frameworks/CoreMIDI.framework/Versions/A/CoreMIDI
0x000000012b11d000 	/usr/lib/libexpat.1.dylib
0x000000012970e000 	/System/Library/Extensions/AppleHDA.kext/Contents/PlugIns/AppleHDAHALPlugIn.bundle/Contents/MacOS/AppleHDAHALPlugIn
0x0000000129718000 	/Library/Audio/Plug-Ins/HAL/JackRouter.plugin/Contents/MacOS/JackRouter
0x000000012b07c000 	/usr/local/lib/libjack.0.dylib
0x0000000129edc000 	/private/var/folders/zg/hfr96y0s0797p430mx5rs1hw0000gr/T/coreMidi4J7180917718247712594.tmp/libCoreMidi4J.dylib
0x0000000129ce4000 	/Library/Java/JavaVirtualMachines/jdk1.8.0_45.jdk/Contents/Home/jre/lib/libjpeg.dylib
0x000000013244c000 	/Library/Java/JavaVirtualMachines/jdk1.8.0_45.jdk/Contents/Home/jre/lib/liblcms.dylib
0x0000000132e50000 	/System/Library/Components/CoreAudio.component/Contents/MacOS/CoreAudio
0x000000012ff8a000 	/Library/Java/JavaVirtualMachines/jdk1.8.0_45.jdk/Contents/Home/jre/lib/libdcpr.dylib
0x000000012ffb8000 	/private/var/folders/zg/hfr96y0s0797p430mx5rs1hw0000gr/T/libaparapi_x86_645842296406065239610.dylib

VM Arguments:
jvm_args: -Dfile.encoding=UTF-8 -Duser.country=US -Duser.language=en -Duser.variant 
java_command: com.symmetrylabs.slstudio.SLStudio
java_class_path (initial): /Users/jake/SymmetryLabs/Code/SLStudio/build/classes/java/main:/Users/jake/SymmetryLabs/Code/SLStudio/build/classes/kotlin/main:/Users/jake/SymmetryLabs/Code/SLStudio/build/resources/main:/Users/jake/SymmetryLabs/Code/SLStudio/libs/gluegen-rt-natives-linux-aarch64.jar:/Users/jake/SymmetryLabs/Code/SLStudio/libs/gluegen-rt-natives-linux-amd64.jar:/Users/jake/SymmetryLabs/Code/SLStudio/libs/gluegen-rt-natives-linux-armv6hf.jar:/Users/jake/SymmetryLabs/Code/SLStudio/libs/gluegen-rt-natives-linux-i586.jar:/Users/jake/SymmetryLabs/Code/SLStudio/libs/gluegen-rt-natives-macosx-universal.jar:/Users/jake/SymmetryLabs/Code/SLStudio/libs/gluegen-rt-natives-windows-amd64.jar:/Users/jake/SymmetryLabs/Code/SLStudio/libs/gluegen-rt-natives-windows-i586.jar:/Users/jake/SymmetryLabs/Code/SLStudio/libs/gluegen-rt.jar:/Users/jake/SymmetryLabs/Code/SLStudio/libs/jogl-all-2.3.2-natives-linux-amd64.jar:/Users/jake/SymmetryLabs/Code/SLStudio/libs/jogl-all-natives-linux-aarch64.jar:/Users/jake/SymmetryLabs/Code/SLStudio/libs/jogl-all-natives-linux-amd64.jar:/Users/jake/SymmetryLabs/Code/SLStudio/libs/jogl-all-natives-linux-armv6hf.jar:/Users/jake/SymmetryLabs/Code/SLStudio/libs/jogl-all-natives-linux-i586.jar:/Users/jake/SymmetryLabs/Code/SLStudio/libs/jogl-all-natives-macosx-universal.jar:/Users/jake/SymmetryLabs/Code/SLStudio/libs/jogl-all-natives-windows-amd64.jar:/Users/jake/SymmetryLabs/Code/SLStudio/libs/jogl-all-natives-windows-i586.jar:/Users/jake/SymmetryLabs/Code/SLStudio/libs/jogl-all.jar:/Users/jake/SymmetryLabs/Code/SLStudio/libs/minim.jar:/Users/jake/SymmetryLabs/Code/SLStudio/libs/P3LX.jar:/Users/jake/.gradle/caches/modules-2/files-2.1/org.processing/core/3.3.6/f89688e748c841a79624ac2b68f92f9df3ea186a/core-3.3.6.jar:/Users/jake/.gradle/caches/modules-2/files-2.1/com.harium/kdtree/1.0.0/672b9c3f7f966d31baa1a1c36c186ec0d74b85c9/kdtree-1.0.0.jar:/Users/jake/.gradle/caches/modules-2/files-2.1/org.javassist/javassist/3.22.0-GA/3e83394258ae2089be7219b9
Launcher Type: SUN_STANDARD

Environment Variables:
PATH=/Users/jake/.npm-global/bin:/Library/Frameworks/Python.framework/Versions/3.6/bin:/usr/local/bin:/usr/bin:/bin:/usr/sbin:/sbin:/Applications/Server.app/Contents/ServerRoot/usr/bin:/Applications/Server.app/Contents/ServerRoot/usr/sbin:/Applications/Wireshark.app/Contents/MacOS:/Users/jake/.rvm/bin
SHELL=/bin/zsh

Signal Handlers:
SIGSEGV: [libjvm.dylib+0x58ef95], sa_mask[0]=11111111011111110111111111111111, sa_flags=SA_ONSTACK|SA_RESTART|SA_SIGINFO
SIGBUS: [libjvm.dylib+0x58ef95], sa_mask[0]=11111111011111110111111111111111, sa_flags=SA_RESTART|SA_SIGINFO
SIGFPE: [libjvm.dylib+0x46c108], sa_mask[0]=11111111011111110111111111111111, sa_flags=SA_RESTART|SA_SIGINFO
SIGPIPE: [libjvm.dylib+0x46c108], sa_mask[0]=11111111011111110111111111111111, sa_flags=SA_RESTART|SA_SIGINFO
SIGXFSZ: [libjvm.dylib+0x46c108], sa_mask[0]=11111111011111110111111111111111, sa_flags=SA_RESTART|SA_SIGINFO
SIGILL: [libjvm.dylib+0x46c108], sa_mask[0]=11111111011111110111111111111111, sa_flags=SA_RESTART|SA_SIGINFO
SIGUSR1: SIG_DFL, sa_mask[0]=00000000000000000000000000000000, sa_flags=SA_RESTART
SIGUSR2: [libjvm.dylib+0x46bc26], sa_mask[0]=00100000000000000000000000000000, sa_flags=SA_RESTART|SA_SIGINFO
SIGHUP: [libjvm.dylib+0x46a1f9], sa_mask[0]=11111111011111110111111111111111, sa_flags=SA_RESTART|SA_SIGINFO
SIGINT: [libjvm.dylib+0x46a1f9], sa_mask[0]=11111111011111110111111111111111, sa_flags=SA_RESTART|SA_SIGINFO
SIGTERM: [libjvm.dylib+0x46a1f9], sa_mask[0]=11111111011111110111111111111111, sa_flags=SA_RESTART|SA_SIGINFO
SIGQUIT: [libjvm.dylib+0x46a1f9], sa_mask[0]=11111111011111110111111111111111, sa_flags=SA_RESTART|SA_SIGINFO


---------------  S Y S T E M  ---------------

OS:Bsduname:Darwin 16.7.0 Darwin Kernel Version 16.7.0: Thu Jun 15 17:36:27 PDT 2017; root:xnu-3789.70.16~2/RELEASE_X86_64 x86_64
rlimit: STACK 8192k, CORE 0k, NPROC 709, NOFILE 10240, AS infinity
load average:3.54 3.47 2.62

CPU:total 8 (4 cores per cpu, 2 threads per core) family 6 model 70 stepping 1, cmov, cx8, fxsr, mmx, sse, sse2, sse3, ssse3, sse4.1, sse4.2, popcnt, avx, avx2, aes, clmul, erms, lzcnt, ht, tsc, tscinvbit, bmi1, bmi2

Memory: 4k page, physical 16777216k(3563076k free)

/proc/meminfo:


vm_info: Java HotSpot(TM) 64-Bit Server VM (25.45-b02) for bsd-amd64 JRE (1.8.0_45-b14), built on Apr 10 2015 10:46:38 by "java_re" with gcc 4.2.1 (Based on Apple Inc. build 5658) (LLVM build 2336.11.00)

time: Sun Feb 25 17:00:52 2018
elapsed time: 546 seconds (0d 0h 9m 6s)

