#
# A fatal error has been detected by the Java Runtime Environment:
#
#  SIGSEGV (0xb) at pc=0x0000000103ff2437, pid=1233, tid=0x000000000001d51f
#
# JRE version: Java(TM) SE Runtime Environment (8.0_161-b12) (build 1.8.0_161-b12)
# Java VM: Java HotSpot(TM) 64-Bit Server VM (25.161-b12 mixed mode bsd-amd64 compressed oops)
# Problematic frame:
# V  [libjvm.dylib+0x1f2437]  Deoptimization::realloc_objects(JavaThread*, frame*, GrowableArray<ScopeValue*>*, Thread*)+0xd7
#
# Failed to write core dump. Core dumps have been disabled. To enable core dumping, try "ulimit -c unlimited" before starting Java again
#
# If you would like to submit a bug report, please visit:
#   http://bugreport.java.com/bugreport/crash.jsp
#

---------------  T H R E A D  ---------------

Current thread (0x00007fa8d6ac7800):  JavaThread "pool-1-thread-233" [_thread_in_vm, id=120095, stack(0x00007000076fd000,0x00007000077fd000)]

siginfo: si_signo: 11 (SIGSEGV), si_code: 0 (unknown), si_addr: 0x0000000000000000

Registers:
RAX=0xff000000ff000000, RBX=0x00007fa8cdbc8ca0, RCX=0x000000010440256c, RDX=0x00007fa8cdbc8c50
RSP=0x00007000077fb820, RBP=0x00007000077fb870, RSI=0x00007000077fb9c8, RDI=0x00000006c0182a28
R8 =0x00007fa8cdbc9af8, R9 =0x00007fa8cdbc9498, R10=0x00007000077fc6a0, R11=0x000000010463c1f0
R12=0x0000000000000001, R13=0x00007000077fb9c8, R14=0x00007fa8d6ac7800, R15=0x0000000000000000
RIP=0x0000000103ff2437, EFLAGS=0x0000000000010206, ERR=0x0000000000000000
  TRAPNO=0x000000000000000d

Top of Stack: (sp=0x00007000077fb820)
0x00007000077fb820:   000000010440256c 000002df0665a190
0x00007000077fb830:   00007fa8d6ac7800 0000000000000000
0x00007000077fb840:   00007fa8cdbc8c50 00007fa8d2746590
0x00007000077fb850:   00000001046df600 00007000077fb9c8
0x00007000077fb860:   00007fa8cdbc9a60 0000000000000000
0x00007000077fb870:   00007000077fc690 0000000103ff2a75
0x00007000077fb880:   0000003000000010 00007000077fbe30
0x00007000077fb890:   00007000077fbd50 0000000000000000
0x00007000077fb8a0:   0000000000000000 0000000000000000
0x00007000077fb8b0:   0000000000000000 0000000000000000
0x00007000077fb8c0:   0000000000000000 000000002b032798
0x00007000077fb8d0:   0000000000000000 00007fa8d6ac7800
0x00007000077fb8e0:   00007fa8cdbc8c50 0000000000000000
0x00007000077fb8f0:   0000000000000000 0000000000000000
0x00007000077fb900:   0000000000000000 0000000000000000
0x00007000077fb910:   0000000000000000 00007fa8d6ac7800
0x00007000077fb920:   0000000000000000 0000000000000005
0x00007000077fb930:   31007000077fbf70 3031316135363630
0x00007000077fb940:   00007000077fb960 0000000103f43e92
0x00007000077fb950:   00000001063a7ff1 00000001063a7ff1
0x00007000077fb960:   00007000077fbfd0 00000001042e29f2
0x00007000077fb970:   00007fa8cdbaf470 0000000000000008
0x00007000077fb980:   0000000000000001 00007fa8d6ac7800
0x00007000077fb990:   00007fa8d6ac7800 0000000000000005
0x00007000077fb9a0:   00007000077fbfe0 00007000077fc638
0x00007000077fb9b0:   00007000077fb9d0 0000000103f43e92
0x00007000077fb9c0:   000000010665a9a0 00007000077fc6b0
0x00007000077fb9d0:   000000010665a190 0000000106657b50
0x00007000077fb9e0:   0000000100000000 00000000ff000000
0x00007000077fb9f0:   00007000077fc6b0 0000000000000000
0x00007000077fba00:   00007000077fbaf0 00007fff63ad6091
0x00007000077fba10:   00000006c16ea3a8 00007000077fbe08 

Instructions: (pc=0x0000000103ff2437)
0x0000000103ff2417:   4a 8b 1c e0 48 8b 43 10 48 8b 40 08 49 ff c4 48
0x0000000103ff2427:   85 c0 75 04 31 ff eb 03 48 8b 38 e8 49 e4 0f 00
0x0000000103ff2437:   8b 48 08 85 c9 48 89 c7 7e 0a 4c 89 f6 e8 71 07
0x0000000103ff2447:   0d 00 eb 44 81 f9 00 00 00 c0 72 24 8b 43 18 0f 

Register to memory mapping:

RAX=0xff000000ff000000 is an unknown value
RBX=0x00007fa8cdbc8ca0 is an unknown value
RCX=0x000000010440256c: _ZN13JfrRepository27chunk_file_jfr_ext_dot_partE+0xb4f in /Library/Java/JavaVirtualMachines/jdk1.8.0_161.jdk/Contents/Home/jre/lib/server/libjvm.dylib at 0x0000000103e00000
RDX=0x00007fa8cdbc8c50 is an unknown value
RSP=0x00007000077fb820 is pointing into the stack for thread: 0x00007fa8d6ac7800
RBP=0x00007000077fb870 is pointing into the stack for thread: 0x00007fa8d6ac7800
RSI=0x00007000077fb9c8 is pointing into the stack for thread: 0x00007fa8d6ac7800
RDI=
[error occurred during error reporting (printing register info), id 0xa]

Stack: [0x00007000076fd000,0x00007000077fd000],  sp=0x00007000077fb820,  free space=1018k
Native frames: (J=compiled Java code, j=interpreted, Vv=VM code, C=native code)
V  [libjvm.dylib+0x1f2437]  Deoptimization::realloc_objects(JavaThread*, frame*, GrowableArray<ScopeValue*>*, Thread*)+0xd7
V  [libjvm.dylib+0x1f2a75]  Deoptimization::fetch_unroll_info_helper(JavaThread*)+0x367
v  blob 0x00000001057166b9
