#
# A fatal error has been detected by the Java Runtime Environment:
#
#  SIGSEGV (0xb) at pc=0x000000010f1aa8f1, pid=3275, tid=0x0000000000001f03
#
# JRE version: Java(TM) SE Runtime Environment (8.0_152-b16) (build 1.8.0_152-b16)
# Java VM: Java HotSpot(TM) 64-Bit Server VM (25.152-b16 mixed mode bsd-amd64 compressed oops)
# Problematic frame:
# V  [libjvm.dylib+0x1aa8f1]
#
# Failed to write core dump. Core dumps have been disabled. To enable core dumping, try "ulimit -c unlimited" before starting Java again
#
# If you would like to submit a bug report, please visit:
#   http://bugreport.java.com/bugreport/crash.jsp
#

---------------  T H R E A D  ---------------

Current thread (0x00007fb0f1810000):  GCTaskThread [stack: 0x0000700006c3e000,0x0000700006d3e000] [id=7939]

siginfo: si_signo: 11 (SIGSEGV), si_code: 1 (SEGV_MAPERR), si_addr: 0x0000000615dfe4f8

Registers:
RAX=0x000000010f842ad0, RBX=0xc2bbfc9e436bb08e, RCX=0x0000000000000003, RDX=0x0000000000000001
RSP=0x0000700006d3dc70, RBP=0x0000700006d3dc70, RSI=0x00000007baae2e20, RDI=0x0000000615dfe4f0
R8 =0x000000010f8f6a80, R9 =0x00000007b4c2a000, R10=0x00000007b4c32000, R11=0xfffffffffa134eb8
R12=0x000000010f8ec7a6, R13=0x00000007b4c2eac1, R14=0x00007fb0ef0501c0, R15=0x00007fb0ef050258
RIP=0x000000010f1aa8f1, EFLAGS=0x0000000000010206, ERR=0x0000000000000004
  TRAPNO=0x000000000000000e

Top of Stack: (sp=0x0000700006d3dc70)
0x0000700006d3dc70:   0000700006d3dce0 000000010f4ca699
0x0000700006d3dc80:   00000007b47d068c 00000007baae2e20
0x0000700006d3dc90:   00000007b4c2a000 0000000000001000
0x0000700006d3dca0:   00007fb0ef0501c0 0000000000000015
0x0000700006d3dcb0:   000000000000001d 00000007b4c2eac1
0x0000700006d3dcc0:   000000010f8ec7a6 00000007b4c2eac1
0x0000700006d3dcd0:   00000007b4c2eac0 00007fb0ef050258
0x0000700006d3dce0:   0000700006d3dd00 000000010f4cabaf
0x0000700006d3dcf0:   00007fb0ef0501c0 00007fb0ef050220
0x0000700006d3dd00:   0000700006d3dd60 000000010f4c9b42
0x0000700006d3dd10:   000000000000001d 01000006ded1a0e9
0x0000700006d3dd20:   00000007b4c2eac1 0000700006d3dd78
0x0000700006d3dd30:   00000006ded1a0e8 0000000000000001
0x0000700006d3dd40:   0000700006d3dd84 0000700006d3dd78
0x0000700006d3dd50:   00007fb0f6f82df0 00007fb0ef0501c0
0x0000700006d3dd60:   0000700006d3ddb0 000000010f4cd85b
0x0000700006d3dd70:   0000000000000001 00000006ded1a0e9
0x0000700006d3dd80:   10cb88e006d3ddb0 00007fb0f1810000
0x0000700006d3dd90:   0000000000000000 000000010f617f98
0x0000700006d3dda0:   00007fb0f6f82df0 0000000000000001
0x0000700006d3ddb0:   0000700006d3de90 000000010f277a0b
0x0000700006d3ddc0:   0000700006d3ddf0 00007fb0ee408b00
0x0000700006d3ddd0:   00007fb0ee408b30 00007fb0ee408b40
0x0000700006d3dde0:   00007fb0ee408f18 00000000000003d8
0x0000700006d3ddf0:   00007fb0f1810000 00007fb0ee408f20
0x0000700006d3de00:   00007fb0ee408f60 00007fb0ee408f70
0x0000700006d3de10:   00007fb0ee409048 00000000000000d8
0x0000700006d3de20:   0000700006d3de30 0000000000000000
0x0000700006d3de30:   00007fb0f1810000 00007fb0ee408f20
0x0000700006d3de40:   00007fb0ee408f60 00007fb0ee408f70
0x0000700006d3de50:   00007fb0ee409048 00000000000000d8
0x0000700006d3de60:   00007fb0ee409160 00007fb0f1810000 

Instructions: (pc=0x000000010f1aa8f1)
0x000000010f1aa8d1:   84 d2 48 89 fe 74 15 48 8d 05 f1 81 69 00 8a 48
0x000000010f1aa8e1:   08 8b 7e 08 48 d3 e7 48 03 38 eb 04 48 8b 7e 08
0x000000010f1aa8f1:   8b 47 08 85 c0 7e 09 a8 01 75 4e c1 f8 03 eb 47
0x000000010f1aa901:   85 c0 7f 43 85 c0 79 41 84 d2 0f 94 c1 0f b6 c9 

Register to memory mapping:

RAX=0x000000010f842ad0: _ZN8Universe13_narrow_klassE+0 in /Library/Java/JavaVirtualMachines/jdk1.8.0_152.jdk/Contents/Home/jre/lib/server/libjvm.dylib at 0x000000010f000000
RBX=0xc2bbfc9e436bb08e is an unknown value
RCX=0x0000000000000003 is an unknown value
RDX=0x0000000000000001 is an unknown value
RSP=0x0000700006d3dc70 is an unknown value
RBP=0x0000700006d3dc70 is an unknown value
RSI=0x00000007baae2e20 is an oop

[error occurred during error reporting (printing register info), id 0xb]

Stack: [0x0000700006c3e000,0x0000700006d3e000],  sp=0x0000700006d3dc70,  free space=1023k
Native frames: (J=compiled Java code, j=interpreted, Vv=VM code, C=native code)
V  [libjvm.dylib+0x1aa8f1]
V  [libjvm.dylib+0x4ca699]
V  [libjvm.dylib+0x4cabaf]
V  [libjvm.dylib+0x4c9b42]
V  [libjvm.dylib+0x4cd85b]
V  [libjvm.dylib+0x277a0b]
V  [libjvm.dylib+0x48d542]
C  [libsystem_pthread.dylib+0x36c1]  _pthread_body+0x154
C  [libsystem_pthread.dylib+0x356d]  _pthread_body+0x0
C  [libsystem_pthread.dylib+0x2c5d]  thread_start+0xd


---------------  P R O C E S S  ---------------

Java Threads: ( => current thread )
  0x00007fb0f28d4800 JavaThread "ForkJoinPool.commonPool-worker-1" daemon [_thread_blocked, id=95271, stack(0x00007000093bf000,0x00007000094bf000)]
  0x00007fb0ee9de000 JavaThread "ForkJoinPool.commonPool-worker-0" daemon [_thread_blocked, id=28707, stack(0x00007000092bc000,0x00007000093bc000)]
  0x00007fb0ef7e0800 JavaThread "ForkJoinPool.commonPool-worker-7" daemon [_thread_blocked, id=119811, stack(0x00007000091b9000,0x00007000092b9000)]
  0x00007fb0f5add000 JavaThread "ForkJoinPool.commonPool-worker-6" daemon [_thread_blocked, id=59451, stack(0x000070000881b000,0x000070000891b000)]
  0x00007fb0f8916800 JavaThread "ForkJoinPool.commonPool-worker-5" daemon [_thread_blocked, id=123423, stack(0x000070000838c000,0x000070000848c000)]
  0x00007fb0ef1b2000 JavaThread "ForkJoinPool.commonPool-worker-4" daemon [_thread_blocked, id=116515, stack(0x0000700007f7a000,0x000070000807a000)]
  0x00007fb0ef195800 JavaThread "ForkJoinPool.commonPool-worker-3" daemon [_thread_blocked, id=121631, stack(0x0000700007d71000,0x0000700007e71000)]
  0x00007fb0f6926000 JavaThread "pool-1-thread-21" [_thread_in_native, id=94735, stack(0x00007000090b6000,0x00007000091b6000)]
  0x00007fb0f6a63000 JavaThread "pool-1-thread-20" [_thread_in_native, id=122135, stack(0x0000700008dad000,0x0000700008ead000)]
  0x00007fb0f5860000 JavaThread "pool-1-thread-18" [_thread_in_native, id=124171, stack(0x0000700008fb3000,0x00007000090b3000)]
  0x00007fb0f6f90800 JavaThread "pool-1-thread-17" [_thread_in_native, id=94479, stack(0x0000700008aa4000,0x0000700008ba4000)]
  0x00007fb0f89b2800 JavaThread "pool-1-thread-16" [_thread_in_native, id=3435, stack(0x00007000068af000,0x00007000069af000)]
  0x00007fb0f74e4800 JavaThread "LXChannel thread #2" [_thread_blocked, id=118563, stack(0x0000700009c5a000,0x0000700009d5a000)]
  0x00007fb0f74d5800 JavaThread "LXEngine Render Thread" [_thread_blocked, id=118787, stack(0x0000700009b57000,0x0000700009c57000)]
  0x00007fb0f255d000 JavaThread "LXEngine Network Thread" [_thread_blocked, id=98307, stack(0x0000700009a54000,0x0000700009b54000)]
  0x00007fb0f2321800 JavaThread "LXAudioEngine Input Thread" [_thread_blocked, id=97795, stack(0x0000700009951000,0x0000700009a51000)]
  0x00007fb0f69aa800 JavaThread "Java Sound Event Dispatcher" daemon [_thread_blocked, id=96259, stack(0x00007000097cb000,0x00007000098cb000)]
  0x00007fb0f103e000 JavaThread "Thread-19" [_thread_blocked, id=121351, stack(0x00007000096c8000,0x00007000097c8000)]
  0x00007fb0f102c800 JavaThread "Thread-18" [_thread_in_native, id=91671, stack(0x000070000891e000,0x0000700008a1e000)]
  0x00007fb0f1c79000 JavaThread "pool-1-thread-2" [_thread_in_native, id=122887, stack(0x0000700008eb0000,0x0000700008fb0000)]
  0x00007fb0f02a9800 JavaThread "Timer-0" [_thread_blocked, id=123911, stack(0x0000700008caa000,0x0000700008daa000)]
  0x00007fb0f2258000 JavaThread "DestroyJavaVM" [_thread_blocked, id=9987, stack(0x0000700006a38000,0x0000700006b38000)]
  0x00007fb0f1b1a800 JavaThread "main-FPSAWTAnimator#00-Timer0" [_thread_blocked, id=69907, stack(0x0000700008695000,0x0000700008795000)]
  0x00007fb0ef26f800 JavaThread "Thread-2" [_thread_blocked, id=57119, stack(0x0000700008592000,0x0000700008692000)]
  0x00007fb0f1012800 JavaThread "main-Display-.macosx_nil-1-EDT-1" daemon [_thread_blocked, id=59143, stack(0x000070000848f000,0x000070000858f000)]
  0x00007fb0ef292000 JavaThread "Java2D Disposer" daemon [_thread_blocked, id=73743, stack(0x0000700008289000,0x0000700008389000)]
  0x00007fb0f1a84000 JavaThread "Java2D Queue Flusher" daemon [_thread_blocked, id=55047, stack(0x0000700008186000,0x0000700008286000)]
  0x00007fb0ee801800 JavaThread "AWT-AppKit" daemon [_thread_in_native, id=775, stack(0x00007ffee2570000,0x00007ffee2d70000)]
  0x00007fb0ef03e800 JavaThread "Service Thread" daemon [_thread_blocked, id=18947, stack(0x0000700007b6b000,0x0000700007c6b000)]
  0x00007fb0f0022000 JavaThread "C1 CompilerThread3" daemon [_thread_blocked, id=18179, stack(0x0000700007a68000,0x0000700007b68000)]
  0x00007fb0f1813800 JavaThread "C2 CompilerThread2" daemon [_thread_blocked, id=19459, stack(0x0000700007965000,0x0000700007a65000)]
  0x00007fb0f180a000 JavaThread "C2 CompilerThread1" daemon [_thread_blocked, id=17411, stack(0x0000700007862000,0x0000700007962000)]
  0x00007fb0f2017800 JavaThread "C2 CompilerThread0" daemon [_thread_blocked, id=16899, stack(0x000070000775f000,0x000070000785f000)]
  0x00007fb0f1812000 JavaThread "Signal Dispatcher" daemon [_thread_blocked, id=16395, stack(0x000070000765c000,0x000070000775c000)]
  0x00007fb0ef056000 JavaThread "Finalizer" daemon [_thread_blocked, id=13571, stack(0x0000700007559000,0x0000700007659000)]
  0x00007fb0f2002000 JavaThread "Reference Handler" daemon [_thread_blocked, id=20227, stack(0x0000700007456000,0x0000700007556000)]

Other Threads:
  0x00007fb0ef051000 VMThread [stack: 0x0000700007353000,0x0000700007453000] [id=12803]
  0x00007fb0ef089800 WatcherThread [stack: 0x0000700007c6e000,0x0000700007d6e000] [id=18435]

=>0x00007fb0f1810000 (exited) GCTaskThread [stack: 0x0000700006c3e000,0x0000700006d3e000] [id=7939]

VM state:at safepoint (normal execution)

VM Mutex/Monitor currently owned by a thread:  ([mutex/lock_event])
[0x00007fb0ee402860] Threads_lock - owner thread: 0x00007fb0ef051000
[0x00007fb0ee402d60] Heap_lock - owner thread: 0x00007fb0f74e4800

Heap:
 PSYoungGen      total 1297408K, used 1221524K [0x000000076ab00000, 0x00000007bff00000, 0x00000007c0000000)
  eden space 1199104K, 99% used [0x000000076ab00000,0x00000007b3db8f40,0x00000007b3e00000)
  from space 98304K, 23% used [0x00000007b9f00000,0x00000007bb52c3d0,0x00000007bff00000)
  to   space 98816K, 23% used [0x00000007b3e00000,0x00000007b546c440,0x00000007b9e80000)
 ParOldGen       total 1259520K, used 1208284K [0x00000006c0000000, 0x000000070ce00000, 0x000000076ab00000)
  object space 1259520K, 95% used [0x00000006c0000000,0x0000000709bf70d8,0x000000070ce00000)
 Metaspace       used 28141K, capacity 28649K, committed 28928K, reserved 1075200K
  class space    used 3161K, capacity 3286K, committed 3328K, reserved 1048576K

Card table byte_map: [0x000000010d32c000,0x000000010db2d000] byte_map_base: 0x0000000109d2c000

Marking Bits: (ParMarkBitMap*) 0x000000010f8f66c0
 Begin Bits: [0x000000011f502000, 0x0000000123502000)
 End Bits:   [0x0000000123502000, 0x0000000127502000)

Polling page: 0x000000010cf19000

CodeCache: size=245760Kb used=14099Kb max_used=14810Kb free=231660Kb
 bounds [0x000000010ffac000, 0x0000000110edc000, 0x000000011efac000]
 total_blobs=5087 nmethods=4137 adapters=863
 compilation: enabled

Compilation events (10 events):
Event: 2171.597 Thread 0x00007fb0f180a000 5680       4       com.symmetrylabs.slstudio.pattern.raven.RKPattern04::run (136 bytes)
Event: 2171.605 Thread 0x00007fb0f180a000 nmethod 5680 0x000000011016de50 code [0x000000011016e100, 0x000000011016e9c8]
Event: 2203.795 Thread 0x00007fb0f1813800 5681       4       com.symmetrylabs.slstudio.network.ControllerScan$1::run (59 bytes)
Event: 2203.813 Thread 0x00007fb0f1813800 nmethod 5681 0x0000000110236d10 code [0x0000000110236f40, 0x00000001102379b0]
Event: 2244.917 Thread 0x00007fb0f0022000 5682 % !   3       heronarts.lx.LXEngine$NetworkThread::run @ 8 (201 bytes)
Event: 2244.918 Thread 0x00007fb0f0022000 nmethod 5682% 0x0000000110c94250 code [0x0000000110c94560, 0x0000000110c95d78]
Event: 2284.469 Thread 0x00007fb0f0022000 5683   !   3       heronarts.lx.LXEngine$NetworkThread::run (201 bytes)
Event: 2284.470 Thread 0x00007fb0f0022000 nmethod 5683 0x0000000110ab1210 code [0x0000000110ab1520, 0x0000000110ab2cb8]
Event: 2402.826 Thread 0x00007fb0f1813800 5684       4       java.util.concurrent.locks.ReentrantLock$NonfairSync::lock (25 bytes)
Event: 2402.827 Thread 0x00007fb0f1813800 nmethod 5684 0x00000001104834d0 code [0x0000000110483640, 0x0000000110483770]

GC Heap History (10 events):
Event: 2041.776 GC heap after
Heap after GC invocations=311 (full 5):
 PSYoungGen      total 1302016K, used 33432K [0x000000076ab00000, 0x00000007c0000000, 0x00000007c0000000)
  eden space 1212416K, 0% used [0x000000076ab00000,0x000000076ab00000,0x00000007b4b00000)
  from space 89600K, 37% used [0x00000007ba080000,0x00000007bc126340,0x00000007bf800000)
  to   space 87552K, 0% used [0x00000007b4b00000,0x00000007b4b00000,0x00000007ba080000)
 ParOldGen       total 1259520K, used 1092695K [0x00000006c0000000, 0x000000070ce00000, 0x000000076ab00000)
  object space 1259520K, 86% used [0x00000006c0000000,0x0000000702b15f30,0x000000070ce00000)
 Metaspace       used 28138K, capacity 28649K, committed 28928K, reserved 1075200K
  class space    used 3161K, capacity 3286K, committed 3328K, reserved 1048576K
}
Event: 2042.182 GC heap before
{Heap before GC invocations=312 (full 5):
 PSYoungGen      total 1302016K, used 1245848K [0x000000076ab00000, 0x00000007c0000000, 0x00000007c0000000)
  eden space 1212416K, 100% used [0x000000076ab00000,0x00000007b4b00000,0x00000007b4b00000)
  from space 89600K, 37% used [0x00000007ba080000,0x00000007bc126340,0x00000007bf800000)
  to   space 87552K, 0% used [0x00000007b4b00000,0x00000007b4b00000,0x00000007ba080000)
 ParOldGen       total 1259520K, used 1092695K [0x00000006c0000000, 0x000000070ce00000, 0x000000076ab00000)
  object space 1259520K, 86% used [0x00000006c0000000,0x0000000702b15f30,0x000000070ce00000)
 Metaspace       used 28138K, capacity 28649K, committed 28928K, reserved 1075200K
  class space    used 3161K, capacity 3286K, committed 3328K, reserved 1048576K
Event: 2042.191 GC heap after
Heap after GC invocations=312 (full 5):
 PSYoungGen      total 1299968K, used 60946K [0x000000076ab00000, 0x00000007c0000000, 0x00000007c0000000)
  eden space 1212416K, 0% used [0x000000076ab00000,0x000000076ab00000,0x00000007b4b00000)
  from space 87552K, 69% used [0x00000007b4b00000,0x00000007b8684b30,0x00000007ba080000)
  to   space 89088K, 0% used [0x00000007ba900000,0x00000007ba900000,0x00000007c0000000)
 ParOldGen       total 1259520K, used 1092695K [0x00000006c0000000, 0x000000070ce00000, 0x000000076ab00000)
  object space 1259520K, 86% used [0x00000006c0000000,0x0000000702b15f30,0x000000070ce00000)
 Metaspace       used 28138K, capacity 28649K, committed 28928K, reserved 1075200K
  class space    used 3161K, capacity 3286K, committed 3328K, reserved 1048576K
}
Event: 2042.553 GC heap before
{Heap before GC invocations=313 (full 5):
 PSYoungGen      total 1299968K, used 1273362K [0x000000076ab00000, 0x00000007c0000000, 0x00000007c0000000)
  eden space 1212416K, 100% used [0x000000076ab00000,0x00000007b4b00000,0x00000007b4b00000)
  from space 87552K, 69% used [0x00000007b4b00000,0x00000007b8684b30,0x00000007ba080000)
  to   space 89088K, 0% used [0x00000007ba900000,0x00000007ba900000,0x00000007c0000000)
 ParOldGen       total 1259520K, used 1092695K [0x00000006c0000000, 0x000000070ce00000, 0x000000076ab00000)
  object space 1259520K, 86% used [0x00000006c0000000,0x0000000702b15f30,0x000000070ce00000)
 Metaspace       used 28138K, capacity 28649K, committed 28928K, reserved 1075200K
  class space    used 3161K, capacity 3286K, committed 3328K, reserved 1048576K
Event: 2042.565 GC heap after
Heap after GC invocations=313 (full 5):
 PSYoungGen      total 1288192K, used 86594K [0x000000076ab00000, 0x00000007c0000000, 0x00000007c0000000)
  eden space 1199104K, 0% used [0x000000076ab00000,0x000000076ab00000,0x00000007b3e00000)
  from space 89088K, 97% used [0x00000007ba900000,0x00000007bfd90a10,0x00000007c0000000)
  to   space 99328K, 0% used [0x00000007b3e00000,0x00000007b3e00000,0x00000007b9f00000)
 ParOldGen       total 1259520K, used 1092695K [0x00000006c0000000, 0x000000070ce00000, 0x000000076ab00000)
  object space 1259520K, 86% used [0x00000006c0000000,0x0000000702b15f30,0x000000070ce00000)
 Metaspace       used 28138K, capacity 28649K, committed 28928K, reserved 1075200K
  class space    used 3161K, capacity 3286K, committed 3328K, reserved 1048576K
}
Event: 2168.214 GC heap before
{Heap before GC invocations=314 (full 5):
 PSYoungGen      total 1288192K, used 1285698K [0x000000076ab00000, 0x00000007c0000000, 0x00000007c0000000)
  eden space 1199104K, 100% used [0x000000076ab00000,0x00000007b3e00000,0x00000007b3e00000)
  from space 89088K, 97% used [0x00000007ba900000,0x00000007bfd90a10,0x00000007c0000000)
  to   space 99328K, 0% used [0x00000007b3e00000,0x00000007b3e00000,0x00000007b9f00000)
 ParOldGen       total 1259520K, used 1092695K [0x00000006c0000000, 0x000000070ce00000, 0x000000076ab00000)
  object space 1259520K, 86% used [0x00000006c0000000,0x0000000702b15f80,0x000000070ce00000)
 Metaspace       used 28140K, capacity 28649K, committed 28928K, reserved 1075200K
  class space    used 3161K, capacity 3286K, committed 3328K, reserved 1048576K
Event: 2168.219 GC heap after
Heap after GC invocations=314 (full 5):
 PSYoungGen      total 1298432K, used 22704K [0x000000076ab00000, 0x00000007c0000000, 0x00000007c0000000)
  eden space 1199104K, 0% used [0x000000076ab00000,0x000000076ab00000,0x00000007b3e00000)
  from space 99328K, 22% used [0x00000007b3e00000,0x00000007b542c3d0,0x00000007b9f00000)
  to   space 99328K, 0% used [0x00000007b9f00000,0x00000007b9f00000,0x00000007c0000000)
 ParOldGen       total 1259520K, used 1092695K [0x00000006c0000000, 0x000000070ce00000, 0x000000076ab00000)
  object space 1259520K, 86% used [0x00000006c0000000,0x0000000702b15f80,0x000000070ce00000)
 Metaspace       used 28140K, capacity 28649K, committed 28928K, reserved 1075200K
  class space    used 3161K, capacity 3286K, committed 3328K, reserved 1048576K
}
Event: 2252.166 GC heap before
{Heap before GC invocations=315 (full 5):
 PSYoungGen      total 1298432K, used 1221808K [0x000000076ab00000, 0x00000007c0000000, 0x00000007c0000000)
  eden space 1199104K, 100% used [0x000000076ab00000,0x00000007b3e00000,0x00000007b3e00000)
  from space 99328K, 22% used [0x00000007b3e00000,0x00000007b542c3d0,0x00000007b9f00000)
  to   space 99328K, 0% used [0x00000007b9f00000,0x00000007b9f00000,0x00000007c0000000)
 ParOldGen       total 1259520K, used 1092701K [0x00000006c0000000, 0x000000070ce00000, 0x000000076ab00000)
  object space 1259520K, 86% used [0x00000006c0000000,0x0000000702b175e8,0x000000070ce00000)
 Metaspace       used 28141K, capacity 28649K, committed 28928K, reserved 1075200K
  class space    used 3161K, capacity 3286K, committed 3328K, reserved 1048576K
Event: 2252.171 GC heap after
Heap after GC invocations=315 (full 5):
 PSYoungGen      total 1297408K, used 22704K [0x000000076ab00000, 0x00000007bff00000, 0x00000007c0000000)
  eden space 1199104K, 0% used [0x000000076ab00000,0x000000076ab00000,0x00000007b3e00000)
  from space 98304K, 23% used [0x00000007b9f00000,0x00000007bb52c3d0,0x00000007bff00000)
  to   space 98816K, 0% used [0x00000007b3e00000,0x00000007b3e00000,0x00000007b9e80000)
 ParOldGen       total 1259520K, used 1092717K [0x00000006c0000000, 0x000000070ce00000, 0x000000076ab00000)
  object space 1259520K, 86% used [0x00000006c0000000,0x0000000702b1b5e8,0x000000070ce00000)
 Metaspace       used 28141K, capacity 28649K, committed 28928K, reserved 1075200K
  class space    used 3161K, capacity 3286K, committed 3328K, reserved 1048576K
}
Event: 2403.080 GC heap before
{Heap before GC invocations=316 (full 5):
 PSYoungGen      total 1297408K, used 1221524K [0x000000076ab00000, 0x00000007bff00000, 0x00000007c0000000)
  eden space 1199104K, 99% used [0x000000076ab00000,0x00000007b3db8f40,0x00000007b3e00000)
  from space 98304K, 23% used [0x00000007b9f00000,0x00000007bb52c3d0,0x00000007bff00000)
  to   space 98816K, 0% used [0x00000007b3e00000,0x00000007b3e00000,0x00000007b9e80000)
 ParOldGen       total 1259520K, used 1208276K [0x00000006c0000000, 0x000000070ce00000, 0x000000076ab00000)
  object space 1259520K, 95% used [0x00000006c0000000,0x0000000709bf50d8,0x000000070ce00000)
 Metaspace       used 28141K, capacity 28649K, committed 28928K, reserved 1075200K
  class space    used 3161K, capacity 3286K, committed 3328K, reserved 1048576K

Deoptimization events (10 events):
Event: 1072.449 Thread 0x00007fb0f08bb000 Uncommon trap: reason=unstable_if action=reinterpret pc=0x0000000110a3d094 method=java.util.concurrent.SynchronousQueue$TransferStack.awaitFulfill(Ljava/util/concurrent/SynchronousQueue$TransferStack$SNode;ZJ)Ljava/util/concurrent/SynchronousQueue$Transfe
Event: 1072.449 Thread 0x00007fb0f5add800 Uncommon trap: reason=unstable_if action=reinterpret pc=0x0000000110a3d094 method=java.util.concurrent.SynchronousQueue$TransferStack.awaitFulfill(Ljava/util/concurrent/SynchronousQueue$TransferStack$SNode;ZJ)Ljava/util/concurrent/SynchronousQueue$Transfe
Event: 1072.449 Thread 0x00007fb0f268d800 Uncommon trap: reason=unstable_if action=reinterpret pc=0x0000000110a3d094 method=java.util.concurrent.SynchronousQueue$TransferStack.awaitFulfill(Ljava/util/concurrent/SynchronousQueue$TransferStack$SNode;ZJ)Ljava/util/concurrent/SynchronousQueue$Transfe
Event: 1072.449 Thread 0x00007fb0f08bb000 Uncommon trap: reason=unstable_if action=reinterpret pc=0x00000001105765f4 method=java.util.concurrent.locks.AbstractQueuedSynchronizer.acquire(I)V @ 5
Event: 1195.659 Thread 0x00007fb0f74d5800 Uncommon trap: reason=unstable_if action=reinterpret pc=0x0000000110ca8354 method=com.symmetrylabs.slstudio.util.BlobTracker.oscMessage(Lheronarts/lx/osc/OscMessage;)V @ 262
Event: 1197.907 Thread 0x00007fb0f1b1a800 Uncommon trap: reason=unstable_if action=reinterpret pc=0x0000000110e1b320 method=sun.java2d.pipe.PixelToParallelogramConverter.fill(Lsun/java2d/SunGraphics2D;Ljava/awt/Shape;)V @ 28
Event: 1197.921 Thread 0x00007fb0f1b1a800 Uncommon trap: reason=unstable_if action=reinterpret pc=0x0000000110dfb4e0 method=sun.java2d.pipe.PixelToParallelogramConverter.fill(Lsun/java2d/SunGraphics2D;Ljava/awt/Shape;)V @ 28
Event: 1572.498 Thread 0x00007fb0ef223000 Uncommon trap: reason=unstable_if action=reinterpret pc=0x0000000110806828 method=java.util.concurrent.ForkJoinTask.setCompletion(I)I @ 25
Event: 1612.540 Thread 0x00007fb0f74e4800 Uncommon trap: reason=unstable_if action=reinterpret pc=0x00000001100ef398 method=java.util.concurrent.ForkJoinTask.externalAwaitDone()I @ 70
Event: 1921.568 Thread 0x00007fb0f1b1a800 Uncommon trap: reason=unstable_if action=reinterpret pc=0x000000011081c5c0 method=java.text.DigitList.shouldRoundUp(IZZ)Z @ 293

Classes redefined (0 events):
No events

Internal exceptions (10 events):
Event: 2401.239 Thread 0x00007fb0f6926000 Exception <a 'java/net/SocketTimeoutException': Receive timed out> (0x000000076cc85178) thrown at [/Users/java_re/workspace/8-2-build-macosx-x86_64/jdk8u152/9742/hotspot/src/share/vm/prims/jni.cpp, line 735]
Event: 2401.747 Thread 0x00007fb0f5860000 Exception <a 'java/net/SocketTimeoutException': Receive timed out> (0x00000007919f6350) thrown at [/Users/java_re/workspace/8-2-build-macosx-x86_64/jdk8u152/9742/hotspot/src/share/vm/prims/jni.cpp, line 735]
Event: 2401.747 Thread 0x00007fb0f6f90800 Exception <a 'java/net/SocketTimeoutException': Receive timed out> (0x00000007919f52f0) thrown at [/Users/java_re/workspace/8-2-build-macosx-x86_64/jdk8u152/9742/hotspot/src/share/vm/prims/jni.cpp, line 735]
Event: 2401.747 Thread 0x00007fb0f89b2800 Exception <a 'java/net/SocketTimeoutException': Receive timed out> (0x00000007919f5b20) thrown at [/Users/java_re/workspace/8-2-build-macosx-x86_64/jdk8u152/9742/hotspot/src/share/vm/prims/jni.cpp, line 735]
Event: 2402.252 Thread 0x00007fb0f1c79000 Exception <a 'java/net/SocketTimeoutException': Receive timed out> (0x0000000791a0f250) thrown at [/Users/java_re/workspace/8-2-build-macosx-x86_64/jdk8u152/9742/hotspot/src/share/vm/prims/jni.cpp, line 735]
Event: 2402.252 Thread 0x00007fb0f6926000 Exception <a 'java/net/SocketTimeoutException': Receive timed out> (0x000000076cc85628) thrown at [/Users/java_re/workspace/8-2-build-macosx-x86_64/jdk8u152/9742/hotspot/src/share/vm/prims/jni.cpp, line 735]
Event: 2402.252 Thread 0x00007fb0f6a63000 Exception <a 'java/net/SocketTimeoutException': Receive timed out> (0x000000076cbfa220) thrown at [/Users/java_re/workspace/8-2-build-macosx-x86_64/jdk8u152/9742/hotspot/src/share/vm/prims/jni.cpp, line 735]
Event: 2402.762 Thread 0x00007fb0f89b2800 Exception <a 'java/net/SocketTimeoutException': Receive timed out> (0x00000007919f5fd0) thrown at [/Users/java_re/workspace/8-2-build-macosx-x86_64/jdk8u152/9742/hotspot/src/share/vm/prims/jni.cpp, line 735]
Event: 2402.762 Thread 0x00007fb0f5860000 Exception <a 'java/net/SocketTimeoutException': Receive timed out> (0x00000007919f6800) thrown at [/Users/java_re/workspace/8-2-build-macosx-x86_64/jdk8u152/9742/hotspot/src/share/vm/prims/jni.cpp, line 735]
Event: 2402.762 Thread 0x00007fb0f6f90800 Exception <a 'java/net/SocketTimeoutException': Receive timed out> (0x00000007919f57a0) thrown at [/Users/java_re/workspace/8-2-build-macosx-x86_64/jdk8u152/9742/hotspot/src/share/vm/prims/jni.cpp, line 735]

Events (10 events):
Event: 2402.716 Executing VM operation: RevokeBias done
Event: 2402.716 Thread 0x00007fb0f69a8800 Thread exited: 0x00007fb0f69a8800
Event: 2402.849 Thread 0x00007fb0ef195800 Thread added: 0x00007fb0ef195800
Event: 2402.849 Thread 0x00007fb0ef1b2000 Thread added: 0x00007fb0ef1b2000
Event: 2402.849 Thread 0x00007fb0f8916800 Thread added: 0x00007fb0f8916800
Event: 2402.849 Thread 0x00007fb0f5add000 Thread added: 0x00007fb0f5add000
Event: 2402.849 Thread 0x00007fb0ef7e0800 Thread added: 0x00007fb0ef7e0800
Event: 2402.849 Thread 0x00007fb0ee9de000 Thread added: 0x00007fb0ee9de000
Event: 2402.850 Thread 0x00007fb0f28d4800 Thread added: 0x00007fb0f28d4800
Event: 2403.080 Executing VM operation: ParallelGCFailedAllocation


Dynamic libraries:
0x0000000011c2b000 	/System/Library/Frameworks/Cocoa.framework/Versions/A/Cocoa
0x0000000011c2b000 	/System/Library/Frameworks/Security.framework/Versions/A/Security
0x0000000011c2b000 	/System/Library/Frameworks/ApplicationServices.framework/Versions/A/ApplicationServices
0x0000000011c2b000 	/usr/lib/libz.1.dylib
0x0000000011c2b000 	/usr/lib/libSystem.B.dylib
0x0000000011c2b000 	/usr/lib/libobjc.A.dylib
0x0000000011c2b000 	/System/Library/Frameworks/CoreFoundation.framework/Versions/A/CoreFoundation
0x0000000011c2b000 	/System/Library/Frameworks/Foundation.framework/Versions/C/Foundation
0x0000000011c2b000 	/System/Library/Frameworks/AppKit.framework/Versions/C/AppKit
0x0000000011c2b000 	/System/Library/Frameworks/CoreData.framework/Versions/A/CoreData
0x0000000011c2b000 	/System/Library/PrivateFrameworks/RemoteViewServices.framework/Versions/A/RemoteViewServices
0x0000000011c2b000 	/System/Library/PrivateFrameworks/UIFoundation.framework/Versions/A/UIFoundation
0x0000000011c2b000 	/System/Library/PrivateFrameworks/DFRFoundation.framework/Versions/A/DFRFoundation
0x0000000011c2b000 	/System/Library/Frameworks/Metal.framework/Versions/A/Metal
0x0000000011c2b000 	/System/Library/PrivateFrameworks/DesktopServicesPriv.framework/Versions/A/DesktopServicesPriv
0x0000000011c2b000 	/usr/lib/libenergytrace.dylib
0x0000000011c2b000 	/System/Library/PrivateFrameworks/SkyLight.framework/Versions/A/SkyLight
0x0000000011c2b000 	/System/Library/Frameworks/CoreGraphics.framework/Versions/A/CoreGraphics
0x0000000011c2b000 	/usr/lib/libScreenReader.dylib
0x0000000011c2b000 	/System/Library/Frameworks/Accelerate.framework/Versions/A/Accelerate
0x0000000011c2b000 	/System/Library/Frameworks/IOSurface.framework/Versions/A/IOSurface
0x0000000011c2b000 	/System/Library/Frameworks/AudioToolbox.framework/Versions/A/AudioToolbox
0x0000000011c2b000 	/System/Library/Frameworks/AudioUnit.framework/Versions/A/AudioUnit
0x0000000011c2b000 	/System/Library/PrivateFrameworks/DataDetectorsCore.framework/Versions/A/DataDetectorsCore
0x0000000011c2b000 	/System/Library/Frameworks/Carbon.framework/Versions/A/Frameworks/HIToolbox.framework/Versions/A/HIToolbox
0x0000000011c2b000 	/usr/lib/libicucore.A.dylib
0x0000000011c2b000 	/System/Library/Frameworks/QuartzCore.framework/Versions/A/QuartzCore
0x0000000011c2b000 	/System/Library/Frameworks/Carbon.framework/Versions/A/Frameworks/SpeechRecognition.framework/Versions/A/SpeechRecognition
0x0000000011c2b000 	/usr/lib/libauto.dylib
0x0000000011c2b000 	/usr/lib/libxml2.2.dylib
0x0000000011c2b000 	/System/Library/PrivateFrameworks/CoreUI.framework/Versions/A/CoreUI
0x0000000011c2b000 	/System/Library/Frameworks/CoreAudio.framework/Versions/A/CoreAudio
0x0000000011c2b000 	/System/Library/Frameworks/DiskArbitration.framework/Versions/A/DiskArbitration
0x0000000011c2b000 	/usr/lib/liblangid.dylib
0x0000000011c2b000 	/System/Library/PrivateFrameworks/MultitouchSupport.framework/Versions/A/MultitouchSupport
0x0000000011c2b000 	/System/Library/Frameworks/IOKit.framework/Versions/A/IOKit
0x0000000011c2b000 	/usr/lib/libDiagnosticMessagesClient.dylib
0x0000000011c2b000 	/System/Library/Frameworks/CoreServices.framework/Versions/A/CoreServices
0x0000000011c2b000 	/System/Library/PrivateFrameworks/PerformanceAnalysis.framework/Versions/A/PerformanceAnalysis
0x0000000011c2b000 	/System/Library/Frameworks/OpenGL.framework/Versions/A/OpenGL
0x0000000011c2b000 	/System/Library/Frameworks/ColorSync.framework/Versions/A/ColorSync
0x0000000011c2b000 	/System/Library/Frameworks/CoreImage.framework/Versions/A/CoreImage
0x0000000011c2b000 	/System/Library/Frameworks/CoreText.framework/Versions/A/CoreText
0x0000000011c2b000 	/System/Library/Frameworks/ImageIO.framework/Versions/A/ImageIO
0x0000000011c2b000 	/System/Library/PrivateFrameworks/Backup.framework/Versions/A/Backup
0x0000000011c2b000 	/usr/lib/libarchive.2.dylib
0x0000000011c2b000 	/System/Library/Frameworks/CFNetwork.framework/Versions/A/CFNetwork
0x0000000011c2b000 	/System/Library/Frameworks/SystemConfiguration.framework/Versions/A/SystemConfiguration
0x0000000011c2b000 	/usr/lib/libCRFSuite.dylib
0x0000000011c2b000 	/usr/lib/libc++.1.dylib
0x0000000011c2b000 	/usr/lib/libc++abi.dylib
0x0000000011c2b000 	/usr/lib/system/libcache.dylib
0x0000000011c2b000 	/usr/lib/system/libcommonCrypto.dylib
0x0000000011c2b000 	/usr/lib/system/libcompiler_rt.dylib
0x0000000011c2b000 	/usr/lib/system/libcopyfile.dylib
0x0000000011c2b000 	/usr/lib/system/libcorecrypto.dylib
0x0000000011c2b000 	/usr/lib/system/libdispatch.dylib
0x0000000011c2b000 	/usr/lib/system/libdyld.dylib
0x0000000011c2b000 	/usr/lib/system/libkeymgr.dylib
0x0000000011c2b000 	/usr/lib/system/liblaunch.dylib
0x0000000011c2b000 	/usr/lib/system/libmacho.dylib
0x0000000011c2b000 	/usr/lib/system/libquarantine.dylib
0x0000000011c2b000 	/usr/lib/system/libremovefile.dylib
0x0000000011c2b000 	/usr/lib/system/libsystem_asl.dylib
0x0000000011c2b000 	/usr/lib/system/libsystem_blocks.dylib
0x0000000011c2b000 	/usr/lib/system/libsystem_c.dylib
0x0000000011c2b000 	/usr/lib/system/libsystem_configuration.dylib
0x0000000011c2b000 	/usr/lib/system/libsystem_coreservices.dylib
0x0000000011c2b000 	/usr/lib/system/libsystem_darwin.dylib
0x0000000011c2b000 	/usr/lib/system/libsystem_dnssd.dylib
0x0000000011c2b000 	/usr/lib/system/libsystem_info.dylib
0x0000000011c2b000 	/usr/lib/system/libsystem_m.dylib
0x0000000011c2b000 	/usr/lib/system/libsystem_malloc.dylib
0x0000000011c2b000 	/usr/lib/system/libsystem_network.dylib
0x0000000011c2b000 	/usr/lib/system/libsystem_networkextension.dylib
0x0000000011c2b000 	/usr/lib/system/libsystem_notify.dylib
0x0000000011c2b000 	/usr/lib/system/libsystem_sandbox.dylib
0x0000000011c2b000 	/usr/lib/system/libsystem_secinit.dylib
0x0000000011c2b000 	/usr/lib/system/libsystem_kernel.dylib
0x0000000011c2b000 	/usr/lib/system/libsystem_platform.dylib
0x0000000011c2b000 	/usr/lib/system/libsystem_pthread.dylib
0x0000000011c2b000 	/usr/lib/system/libsystem_symptoms.dylib
0x0000000011c2b000 	/usr/lib/system/libsystem_trace.dylib
0x0000000011c2b000 	/usr/lib/system/libunwind.dylib
0x0000000011c2b000 	/usr/lib/system/libxpc.dylib
0x0000000011c2b000 	/usr/lib/closure/libclosured.dylib
0x0000000011c2b000 	/usr/lib/libbsm.0.dylib
0x0000000011c2b000 	/usr/lib/system/libkxld.dylib
0x0000000011c2b000 	/usr/lib/libOpenScriptingUtil.dylib
0x0000000011c2b000 	/usr/lib/libcoretls.dylib
0x0000000011c2b000 	/usr/lib/libcoretls_cfhelpers.dylib
0x0000000011c2b000 	/usr/lib/libpam.2.dylib
0x0000000011c2b000 	/usr/lib/libsqlite3.dylib
0x0000000011c2b000 	/usr/lib/libxar.1.dylib
0x0000000011c2b000 	/usr/lib/libbz2.1.0.dylib
0x0000000011c2b000 	/usr/lib/liblzma.5.dylib
0x0000000011c2b000 	/usr/lib/libnetwork.dylib
0x0000000011c2b000 	/usr/lib/libapple_nghttp2.dylib
0x0000000011c2b000 	/usr/lib/libpcap.A.dylib
0x0000000011c2b000 	/usr/lib/libboringssl.dylib
0x0000000011c2b000 	/usr/lib/libusrtcp.dylib
0x0000000011c2b000 	/usr/lib/libapple_crypto.dylib
0x0000000011c2b000 	/System/Library/Frameworks/CoreServices.framework/Versions/A/Frameworks/FSEvents.framework/Versions/A/FSEvents
0x0000000011c2b000 	/System/Library/Frameworks/CoreServices.framework/Versions/A/Frameworks/CarbonCore.framework/Versions/A/CarbonCore
0x0000000011c2b000 	/System/Library/Frameworks/CoreServices.framework/Versions/A/Frameworks/Metadata.framework/Versions/A/Metadata
0x0000000011c2b000 	/System/Library/Frameworks/CoreServices.framework/Versions/A/Frameworks/OSServices.framework/Versions/A/OSServices
0x0000000011c2b000 	/System/Library/Frameworks/CoreServices.framework/Versions/A/Frameworks/SearchKit.framework/Versions/A/SearchKit
0x0000000011c2b000 	/System/Library/Frameworks/CoreServices.framework/Versions/A/Frameworks/AE.framework/Versions/A/AE
0x0000000011c2b000 	/System/Library/Frameworks/CoreServices.framework/Versions/A/Frameworks/LaunchServices.framework/Versions/A/LaunchServices
0x0000000011c2b000 	/System/Library/Frameworks/CoreServices.framework/Versions/A/Frameworks/DictionaryServices.framework/Versions/A/DictionaryServices
0x0000000011c2b000 	/System/Library/Frameworks/CoreServices.framework/Versions/A/Frameworks/SharedFileList.framework/Versions/A/SharedFileList
0x0000000011c2b000 	/System/Library/Frameworks/NetFS.framework/Versions/A/NetFS
0x0000000011c2b000 	/System/Library/PrivateFrameworks/NetAuth.framework/Versions/A/NetAuth
0x0000000011c2b000 	/System/Library/PrivateFrameworks/login.framework/Versions/A/Frameworks/loginsupport.framework/Versions/A/loginsupport
0x0000000011c2b000 	/System/Library/PrivateFrameworks/TCC.framework/Versions/A/TCC
0x0000000011c2b000 	/usr/lib/libmecabra.dylib
0x0000000011c2b000 	/System/Library/Frameworks/ApplicationServices.framework/Versions/A/Frameworks/ATS.framework/Versions/A/ATS
0x0000000011c2b000 	/System/Library/Frameworks/ApplicationServices.framework/Versions/A/Frameworks/ColorSyncLegacy.framework/Versions/A/ColorSyncLegacy
0x0000000011c2b000 	/System/Library/Frameworks/ApplicationServices.framework/Versions/A/Frameworks/HIServices.framework/Versions/A/HIServices
0x0000000011c2b000 	/System/Library/Frameworks/ApplicationServices.framework/Versions/A/Frameworks/LangAnalysis.framework/Versions/A/LangAnalysis
0x0000000011c2b000 	/System/Library/Frameworks/ApplicationServices.framework/Versions/A/Frameworks/PrintCore.framework/Versions/A/PrintCore
0x0000000011c2b000 	/System/Library/Frameworks/ApplicationServices.framework/Versions/A/Frameworks/QD.framework/Versions/A/QD
0x0000000011c2b000 	/System/Library/Frameworks/ApplicationServices.framework/Versions/A/Frameworks/SpeechSynthesis.framework/Versions/A/SpeechSynthesis
0x0000000011c2b000 	/System/Library/Frameworks/CoreDisplay.framework/Versions/A/CoreDisplay
0x0000000011c2b000 	/System/Library/Frameworks/Accelerate.framework/Versions/A/Frameworks/vImage.framework/Versions/A/vImage
0x0000000011c2b000 	/System/Library/Frameworks/Accelerate.framework/Versions/A/Frameworks/vecLib.framework/Versions/A/vecLib
0x0000000011c2b000 	/System/Library/Frameworks/Accelerate.framework/Versions/A/Frameworks/vecLib.framework/Versions/A/libvDSP.dylib
0x0000000011c2b000 	/System/Library/Frameworks/Accelerate.framework/Versions/A/Frameworks/vecLib.framework/Versions/A/libBNNS.dylib
0x0000000011c2b000 	/System/Library/Frameworks/Accelerate.framework/Versions/A/Frameworks/vecLib.framework/Versions/A/libQuadrature.dylib
0x0000000011c2b000 	/System/Library/Frameworks/Accelerate.framework/Versions/A/Frameworks/vecLib.framework/Versions/A/libvMisc.dylib
0x0000000011c2b000 	/System/Library/Frameworks/Accelerate.framework/Versions/A/Frameworks/vecLib.framework/Versions/A/libLAPACK.dylib
0x0000000011c2b000 	/System/Library/Frameworks/Accelerate.framework/Versions/A/Frameworks/vecLib.framework/Versions/A/libBLAS.dylib
0x0000000011c2b000 	/System/Library/Frameworks/Accelerate.framework/Versions/A/Frameworks/vecLib.framework/Versions/A/libLinearAlgebra.dylib
0x0000000011c2b000 	/System/Library/Frameworks/Accelerate.framework/Versions/A/Frameworks/vecLib.framework/Versions/A/libSparse.dylib
0x0000000011c2b000 	/System/Library/Frameworks/Accelerate.framework/Versions/A/Frameworks/vecLib.framework/Versions/A/libSparseBLAS.dylib
0x0000000011c2b000 	/System/Library/PrivateFrameworks/IOAccelerator.framework/Versions/A/IOAccelerator
0x0000000011c2b000 	/System/Library/PrivateFrameworks/IOPresentment.framework/Versions/A/IOPresentment
0x0000000011c2b000 	/System/Library/PrivateFrameworks/DSExternalDisplay.framework/Versions/A/DSExternalDisplay
0x0000000011c2b000 	/System/Library/Frameworks/OpenGL.framework/Versions/A/Libraries/libCoreFSCache.dylib
0x0000000011c2b000 	/System/Library/Frameworks/CoreVideo.framework/Versions/A/CoreVideo
0x0000000011c2b000 	/System/Library/PrivateFrameworks/GraphVisualizer.framework/Versions/A/GraphVisualizer
0x0000000011c2b000 	/System/Library/Frameworks/MetalPerformanceShaders.framework/Versions/A/MetalPerformanceShaders
0x0000000011c2b000 	/usr/lib/libFosl_dynamic.dylib
0x0000000011c2b000 	/System/Library/PrivateFrameworks/FaceCore.framework/Versions/A/FaceCore
0x0000000011c2b000 	/System/Library/Frameworks/OpenCL.framework/Versions/A/OpenCL
0x0000000011c2b000 	/usr/lib/libcompression.dylib
0x0000000011c2b000 	/System/Library/Frameworks/ApplicationServices.framework/Versions/A/Frameworks/ATS.framework/Versions/A/Resources/libFontParser.dylib
0x0000000011c2b000 	/System/Library/Frameworks/ApplicationServices.framework/Versions/A/Frameworks/ATS.framework/Versions/A/Resources/libFontRegistry.dylib
0x0000000011c2b000 	/System/Library/Frameworks/ImageIO.framework/Versions/A/Resources/libJPEG.dylib
0x0000000011c2b000 	/System/Library/Frameworks/ImageIO.framework/Versions/A/Resources/libTIFF.dylib
0x0000000011c2b000 	/System/Library/Frameworks/ImageIO.framework/Versions/A/Resources/libPng.dylib
0x0000000011c2b000 	/System/Library/Frameworks/ImageIO.framework/Versions/A/Resources/libGIF.dylib
0x0000000011c2b000 	/System/Library/Frameworks/ImageIO.framework/Versions/A/Resources/libJP2.dylib
0x0000000011c2b000 	/System/Library/Frameworks/ImageIO.framework/Versions/A/Resources/libRadiance.dylib
0x0000000011c2b000 	/System/Library/PrivateFrameworks/AppleJPEG.framework/Versions/A/AppleJPEG
0x0000000011c2b000 	/System/Library/PrivateFrameworks/MetalTools.framework/Versions/A/MetalTools
0x0000000011c2b000 	/System/Library/Frameworks/MetalPerformanceShaders.framework/Frameworks/MPSCore.framework/Versions/A/MPSCore
0x0000000011c2b000 	/System/Library/Frameworks/MetalPerformanceShaders.framework/Frameworks/MPSImage.framework/Versions/A/MPSImage
0x0000000011c2b000 	/System/Library/Frameworks/MetalPerformanceShaders.framework/Frameworks/MPSMatrix.framework/Versions/A/MPSMatrix
0x0000000011c2b000 	/System/Library/Frameworks/MetalPerformanceShaders.framework/Frameworks/MPSNeuralNetwork.framework/Versions/A/MPSNeuralNetwork
0x0000000011c2b000 	/System/Library/Frameworks/OpenGL.framework/Versions/A/Libraries/libGLU.dylib
0x0000000011c2b000 	/System/Library/Frameworks/OpenGL.framework/Versions/A/Libraries/libGFXShared.dylib
0x0000000011c2b000 	/System/Library/Frameworks/OpenGL.framework/Versions/A/Libraries/libGL.dylib
0x0000000011c2b000 	/System/Library/Frameworks/OpenGL.framework/Versions/A/Libraries/libGLImage.dylib
0x0000000011c2b000 	/System/Library/Frameworks/OpenGL.framework/Versions/A/Libraries/libCVMSPluginSupport.dylib
0x0000000011c2b000 	/System/Library/Frameworks/OpenGL.framework/Versions/A/Libraries/libCoreVMClient.dylib
0x0000000011c2b000 	/usr/lib/libcups.2.dylib
0x0000000011c2b000 	/System/Library/Frameworks/Kerberos.framework/Versions/A/Kerberos
0x0000000011c2b000 	/System/Library/Frameworks/GSS.framework/Versions/A/GSS
0x0000000011c2b000 	/usr/lib/libresolv.9.dylib
0x0000000011c2b000 	/usr/lib/libiconv.2.dylib
0x0000000011c2b000 	/System/Library/PrivateFrameworks/Heimdal.framework/Versions/A/Heimdal
0x0000000011c2b000 	/usr/lib/libheimdal-asn1.dylib
0x0000000011c2b000 	/System/Library/Frameworks/OpenDirectory.framework/Versions/A/OpenDirectory
0x0000000011c2b000 	/System/Library/PrivateFrameworks/CommonAuth.framework/Versions/A/CommonAuth
0x0000000011c2b000 	/System/Library/Frameworks/OpenDirectory.framework/Versions/A/Frameworks/CFOpenDirectory.framework/Versions/A/CFOpenDirectory
0x0000000011c2b000 	/System/Library/Frameworks/SecurityFoundation.framework/Versions/A/SecurityFoundation
0x0000000011c2b000 	/System/Library/PrivateFrameworks/APFS.framework/Versions/A/APFS
0x0000000011c2b000 	/usr/lib/libutil.dylib
0x0000000011c2b000 	/System/Library/PrivateFrameworks/AppleSauce.framework/Versions/A/AppleSauce
0x0000000011c2b000 	/System/Library/PrivateFrameworks/LinguisticData.framework/Versions/A/LinguisticData
0x0000000011c2b000 	/usr/lib/libmarisa.dylib
0x0000000011c2b000 	/System/Library/PrivateFrameworks/Lexicon.framework/Versions/A/Lexicon
0x0000000011c2b000 	/usr/lib/libChineseTokenizer.dylib
0x0000000011c2b000 	/usr/lib/libcmph.dylib
0x0000000011c2b000 	/System/Library/PrivateFrameworks/LanguageModeling.framework/Versions/A/LanguageModeling
0x0000000011c2b000 	/System/Library/PrivateFrameworks/CoreEmoji.framework/Versions/A/CoreEmoji
0x0000000011c2b000 	/System/Library/Frameworks/ServiceManagement.framework/Versions/A/ServiceManagement
0x0000000011c2b000 	/System/Library/PrivateFrameworks/BackgroundTaskManagement.framework/Versions/A/BackgroundTaskManagement
0x0000000011c2b000 	/usr/lib/libxslt.1.dylib
0x0000000011c2b000 	/System/Library/Frameworks/Carbon.framework/Versions/A/Frameworks/Ink.framework/Versions/A/Ink
0x0000000011c2b000 	/System/Library/PrivateFrameworks/TextureIO.framework/Versions/A/TextureIO
0x0000000011c2b000 	/usr/lib/libate.dylib
0x0000000011c2b000 	/System/Library/PrivateFrameworks/CrashReporterSupport.framework/Versions/A/CrashReporterSupport
0x0000000011c2b000 	/System/Library/PrivateFrameworks/Sharing.framework/Versions/A/Sharing
0x0000000011c2b000 	/System/Library/PrivateFrameworks/IconServices.framework/Versions/A/IconServices
0x0000000011c2b000 	/System/Library/PrivateFrameworks/ProtocolBuffer.framework/Versions/A/ProtocolBuffer
0x0000000011c2b000 	/System/Library/PrivateFrameworks/Apple80211.framework/Versions/A/Apple80211
0x0000000011c2b000 	/System/Library/Frameworks/CoreWLAN.framework/Versions/A/CoreWLAN
0x0000000011c2b000 	/System/Library/PrivateFrameworks/CoreUtils.framework/Versions/A/CoreUtils
0x0000000011c2b000 	/System/Library/Frameworks/IOBluetooth.framework/Versions/A/IOBluetooth
0x0000000011c2b000 	/System/Library/PrivateFrameworks/CoreWiFi.framework/Versions/A/CoreWiFi
0x0000000011c2b000 	/System/Library/Frameworks/CoreBluetooth.framework/Versions/A/CoreBluetooth
0x0000000011c2b000 	/System/Library/PrivateFrameworks/SignpostNotification.framework/Versions/A/SignpostNotification
0x0000000011c2b000 	/System/Library/PrivateFrameworks/DebugSymbols.framework/Versions/A/DebugSymbols
0x0000000011c2b000 	/System/Library/PrivateFrameworks/CoreSymbolication.framework/Versions/A/CoreSymbolication
0x0000000011c2b000 	/System/Library/PrivateFrameworks/Symbolication.framework/Versions/A/Symbolication
0x0000000011c2b000 	/System/Library/PrivateFrameworks/AppleFSCompression.framework/Versions/A/AppleFSCompression
0x0000000011c2b000 	/System/Library/PrivateFrameworks/SpeechRecognitionCore.framework/Versions/A/SpeechRecognitionCore
0x000000010f000000 	/Library/Java/JavaVirtualMachines/jdk1.8.0_152.jdk/Contents/Home/jre/lib/server/libjvm.dylib
0x0000000011c2b000 	/usr/lib/libstdc++.6.0.9.dylib
0x000000010ced5000 	/Library/Java/JavaVirtualMachines/jdk1.8.0_152.jdk/Contents/Home/jre/lib/libverify.dylib
0x000000010cee3000 	/Library/Java/JavaVirtualMachines/jdk1.8.0_152.jdk/Contents/Home/jre/lib/libjava.dylib
0x000000010cf63000 	/Library/Java/JavaVirtualMachines/jdk1.8.0_152.jdk/Contents/Home/jre/lib/libzip.dylib
0x000000012bb58000 	/Library/Java/JavaVirtualMachines/jdk1.8.0_152.jdk/Contents/Home/jre/lib/libawt.dylib
0x000000012bc02000 	/Library/Java/JavaVirtualMachines/jdk1.8.0_152.jdk/Contents/Home/jre/lib/./libmlib_image.dylib
0x0000000011c2b000 	/System/Library/Frameworks/JavaVM.framework/Versions/A/Frameworks/JavaNativeFoundation.framework/Versions/A/JavaNativeFoundation
0x0000000011c2b000 	/System/Library/Frameworks/JavaVM.framework/Versions/A/Frameworks/JavaRuntimeSupport.framework/Versions/A/JavaRuntimeSupport
0x0000000011c2b000 	/System/Library/Frameworks/JavaVM.framework/Versions/A/JavaVM
0x0000000011c2b000 	/System/Library/PrivateFrameworks/JavaLaunching.framework/Versions/A/JavaLaunching
0x0000000011c2b000 	/System/Library/Frameworks/Carbon.framework/Versions/A/Carbon
0x0000000011c2b000 	/System/Library/Frameworks/Carbon.framework/Versions/A/Frameworks/CommonPanels.framework/Versions/A/CommonPanels
0x0000000011c2b000 	/System/Library/Frameworks/Carbon.framework/Versions/A/Frameworks/Help.framework/Versions/A/Help
0x0000000011c2b000 	/System/Library/Frameworks/Carbon.framework/Versions/A/Frameworks/ImageCapture.framework/Versions/A/ImageCapture
0x0000000011c2b000 	/System/Library/Frameworks/Carbon.framework/Versions/A/Frameworks/OpenScripting.framework/Versions/A/OpenScripting
0x0000000011c2b000 	/System/Library/Frameworks/Carbon.framework/Versions/A/Frameworks/Print.framework/Versions/A/Print
0x0000000011c2b000 	/System/Library/Frameworks/Carbon.framework/Versions/A/Frameworks/SecurityHI.framework/Versions/A/SecurityHI
0x000000012bcce000 	/Library/Java/JavaVirtualMachines/jdk1.8.0_152.jdk/Contents/Home/jre/lib/libawt_lwawt.dylib
0x000000012bd88000 	/Library/Java/JavaVirtualMachines/jdk1.8.0_152.jdk/Contents/Home/jre/lib/./libosxapp.dylib
0x0000000011c2b000 	/System/Library/Frameworks/ExceptionHandling.framework/Versions/A/ExceptionHandling
0x0000000011c2b000 	/System/Library/PrivateFrameworks/CoreServicesInternal.framework/Versions/A/CoreServicesInternal
0x0000000011c2b000 	/System/Library/CoreServices/RawCamera.bundle/Contents/MacOS/RawCamera
0x0000000011c2b000 	/System/Library/PrivateFrameworks/MobileAsset.framework/Versions/A/MobileAsset
0x0000000011c2b000 	/System/Library/PrivateFrameworks/StreamingZip.framework/Versions/A/StreamingZip
0x0000000011c2b000 	/System/Library/Frameworks/MediaToolbox.framework/Versions/A/MediaToolbox
0x0000000011c2b000 	/System/Library/PrivateFrameworks/CoreAVCHD.framework/Versions/A/CoreAVCHD
0x0000000011c2b000 	/System/Library/Frameworks/MediaAccessibility.framework/Versions/A/MediaAccessibility
0x0000000011c2b000 	/System/Library/PrivateFrameworks/Mangrove.framework/Versions/A/Mangrove
0x0000000011c2b000 	/System/Library/Frameworks/CoreMedia.framework/Versions/A/CoreMedia
0x0000000011c2b000 	/System/Library/Frameworks/VideoToolbox.framework/Versions/A/VideoToolbox
0x0000000011c2b000 	/System/Library/PrivateFrameworks/CoreAUC.framework/Versions/A/CoreAUC
0x0000000011c2b000 	/usr/lib/libspindump.dylib
0x0000000011c2b000 	/usr/lib/libdscsym.dylib
0x0000000011c2b000 	/System/Library/PrivateFrameworks/AppleVA.framework/Versions/A/AppleVA
0x0000000011c2b000 	/System/Library/Frameworks/Accelerate.framework/Versions/A/Frameworks/vImage.framework/Versions/A/Libraries/libCGInterfaces.dylib
0x0000000011c2b000 	/System/Library/Frameworks/ApplicationServices.framework/Versions/A/Frameworks/ATS.framework/Versions/A/Resources/libTrueTypeScaler.dylib
0x0000000011c2b000 	/System/Library/Frameworks/OpenGL.framework/Versions/A/Resources/GLEngine.bundle/GLEngine
0x0000000011c2b000 	/System/Library/Frameworks/OpenGL.framework/Versions/A/Libraries/libGLProgrammability.dylib
0x000000012de59000 	/System/Library/Extensions/AppleIntelKBLGraphicsGLDriver.bundle/Contents/MacOS/AppleIntelKBLGraphicsGLDriver
0x0000000011c2b000 	/System/Library/PrivateFrameworks/GPUSupport.framework/Versions/A/Libraries/libGPUSupportMercury.dylib
0x000000012ee86000 	/System/Library/Extensions/AMDRadeonX4000GLDriver.bundle/Contents/MacOS/AMDRadeonX4000GLDriver
0x0000000011c2b000 	/System/Library/Extensions/AMDRadeonX4000GLDriver.bundle/Contents/MacOS/ATIRadeonX4000SCLib.dylib
0x0000000011c2b000 	/System/Library/Frameworks/OpenGL.framework/Versions/A/Resources/GLRendererFloat.bundle/GLRendererFloat
0x0000000011c2b000 	/System/Library/Frameworks/OpenCL.framework/Versions/A/Libraries/libcldcpuengine.dylib
0x0000000011c2b000 	/usr/lib/libcrypto.35.dylib
0x0000000011c2b000 	/System/Library/PrivateFrameworks/TrustEvaluationAgent.framework/Versions/A/TrustEvaluationAgent
0x0000000011c2b000 	/System/Library/Extensions/AppleIntelKBLGraphicsMTLDriver.bundle/Contents/MacOS/AppleIntelKBLGraphicsMTLDriver
0x000000012efbb000 	/System/Library/Extensions/AMDMTLBronzeDriver.bundle/Contents/MacOS/AMDMTLBronzeDriver
0x0000000011c2b000 	/System/Library/PrivateFrameworks/IOAccelMemoryInfo.framework/Versions/A/IOAccelMemoryInfo
0x0000000011c2b000 	/System/Library/PrivateFrameworks/GPUCompiler.framework/Versions/3802/Libraries/libmetal_timestamp.dylib
0x0000000011c2b000 	/System/Library/PrivateFrameworks/FamilyControls.framework/Versions/A/FamilyControls
0x0000000011c2b000 	/System/Library/PrivateFrameworks/CommerceKit.framework/Versions/A/Frameworks/CommerceCore.framework/Versions/A/CommerceCore
0x0000000011c2b000 	/System/Library/PrivateFrameworks/SystemAdministration.framework/Versions/A/SystemAdministration
0x0000000011c2b000 	/System/Library/PrivateFrameworks/AppContainer.framework/Versions/A/AppContainer
0x0000000011c2b000 	/System/Library/PrivateFrameworks/SecCodeWrapper.framework/Versions/A/SecCodeWrapper
0x0000000011c2b000 	/System/Library/PrivateFrameworks/DiskManagement.framework/Versions/A/DiskManagement
0x0000000011c2b000 	/System/Library/Frameworks/DirectoryService.framework/Versions/A/DirectoryService
0x0000000011c2b000 	/System/Library/PrivateFrameworks/DiskImages.framework/Versions/A/DiskImages
0x0000000011c2b000 	/System/Library/PrivateFrameworks/LoginUIKit.framework/Versions/A/Frameworks/LoginUICore.framework/Versions/A/LoginUICore
0x0000000011c2b000 	/usr/lib/libCoreStorage.dylib
0x0000000011c2b000 	/usr/lib/libcsfde.dylib
0x0000000011c2b000 	/usr/lib/libodfde.dylib
0x0000000011c2b000 	/System/Library/PrivateFrameworks/MediaKit.framework/Versions/A/MediaKit
0x0000000011c2b000 	/System/Library/Frameworks/DiscRecording.framework/Versions/A/DiscRecording
0x0000000011c2b000 	/System/Library/PrivateFrameworks/EFILogin.framework/Versions/A/EFILogin
0x0000000011c2b000 	/System/Library/PrivateFrameworks/ProtectedCloudStorage.framework/Versions/A/ProtectedCloudStorage
0x0000000011c2b000 	/usr/lib/libcurl.4.dylib
0x0000000011c2b000 	/usr/lib/libssl.35.dylib
0x0000000011c2b000 	/System/Library/Frameworks/LDAP.framework/Versions/A/LDAP
0x0000000011c2b000 	/usr/lib/libsasl2.2.dylib
0x0000000011c2b000 	/System/Library/PrivateFrameworks/CoreDaemon.framework/Versions/B/CoreDaemon
0x0000000011c2b000 	/System/Library/PrivateFrameworks/AppleSRP.framework/Versions/A/AppleSRP
0x0000000130b66000 	/Library/Java/JavaVirtualMachines/jdk1.8.0_152.jdk/Contents/Home/jre/lib/libfontmanager.dylib
0x0000000130fbf000 	/Library/Java/JavaVirtualMachines/jdk1.8.0_152.jdk/Contents/Home/jre/lib/libnet.dylib
0x000000013101e000 	/Library/Java/JavaVirtualMachines/jdk1.8.0_152.jdk/Contents/Home/jre/lib/libnio.dylib
0x000000013102e000 	/private/var/folders/mj/1pdw36pj541_wvpn7pd486600000gn/T/jogamp_0000/file_cache/jln7712614472925742055/jln259796366495285976/natives/macosx-universal/libgluegen-rt.jnilib
0x00000001311e7000 	/private/var/folders/mj/1pdw36pj541_wvpn7pd486600000gn/T/jogamp_0000/file_cache/jln7712614472925742055/jln259796366495285976/natives/macosx-universal/libnativewindow_awt.jnilib
0x00000001311ea000 	/Library/Java/JavaVirtualMachines/jdk1.8.0_152.jdk/Contents/Home/jre/lib/libjawt.dylib
0x0000000011c2b000 	/System/Library/PrivateFrameworks/ViewBridge.framework/Versions/A/ViewBridge
0x000000012d865000 	/private/var/folders/mj/1pdw36pj541_wvpn7pd486600000gn/T/jogamp_0000/file_cache/jln7712614472925742055/jln259796366495285976/natives/macosx-universal/libnativewindow_macosx.jnilib
0x000000012d90a000 	/private/var/folders/mj/1pdw36pj541_wvpn7pd486600000gn/T/jogamp_0000/file_cache/jln7712614472925742055/jln259796366495285976/natives/macosx-universal/libnewt.jnilib
0x000000012dd14000 	/private/var/folders/mj/1pdw36pj541_wvpn7pd486600000gn/T/jogamp_0000/file_cache/jln7712614472925742055/jln259796366495285976/natives/macosx-universal/libjogl_desktop.jnilib
0x000000012cc54000 	/private/var/folders/mj/1pdw36pj541_wvpn7pd486600000gn/T/jogamp_0000/file_cache/jln7712614472925742055/jln259796366495285976/natives/macosx-universal/libjogl_mobile.jnilib
0x000000012c9c8000 	/Library/Java/JavaVirtualMachines/jdk1.8.0_152.jdk/Contents/Home/jre/lib/libjsound.dylib
0x0000000011c2b000 	/System/Library/Frameworks/CoreMIDI.framework/Versions/A/CoreMIDI
0x0000000011c2b000 	/usr/lib/libexpat.1.dylib
0x000000012c9db000 	/System/Library/Extensions/AppleHDA.kext/Contents/PlugIns/AppleHDAHALPlugIn.bundle/Contents/MacOS/AppleHDAHALPlugIn
0x000000012c9e5000 	/private/var/folders/mj/1pdw36pj541_wvpn7pd486600000gn/T/coreMidi4J9147436723616547478.tmp/libCoreMidi4J.dylib
0x000000012c945000 	/Library/Java/JavaVirtualMachines/jdk1.8.0_152.jdk/Contents/Home/jre/lib/libjpeg.dylib
0x000000012cd43000 	/Library/Java/JavaVirtualMachines/jdk1.8.0_152.jdk/Contents/Home/jre/lib/liblcms.dylib
0x000000012db85000 	/private/var/folders/mj/1pdw36pj541_wvpn7pd486600000gn/T/libaparapi_x86_647727177187659254433.dylib
0x000000013a115000 	/System/Library/Components/CoreAudio.component/Contents/MacOS/CoreAudio
0x000000012d86f000 	/Library/Java/JavaVirtualMachines/jdk1.8.0_152.jdk/Contents/Home/jre/lib/libdcpr.dylib

VM Arguments:
jvm_args: -Dfile.encoding=UTF-8 -Duser.country=US -Duser.language=en -Duser.variant 
java_command: com.symmetrylabs.slstudio.SLStudio
java_class_path (initial): /Applications/SLStudio/build/classes/java/main:/Applications/SLStudio/build/classes/kotlin/main:/Applications/SLStudio/build/resources/main:/Applications/SLStudio/libs/gluegen-rt-natives-linux-aarch64.jar:/Applications/SLStudio/libs/gluegen-rt-natives-linux-amd64.jar:/Applications/SLStudio/libs/gluegen-rt-natives-linux-armv6hf.jar:/Applications/SLStudio/libs/gluegen-rt-natives-linux-i586.jar:/Applications/SLStudio/libs/gluegen-rt-natives-macosx-universal.jar:/Applications/SLStudio/libs/gluegen-rt-natives-windows-amd64.jar:/Applications/SLStudio/libs/gluegen-rt-natives-windows-i586.jar:/Applications/SLStudio/libs/gluegen-rt.jar:/Applications/SLStudio/libs/jogl-all-2.3.2-natives-linux-amd64.jar:/Applications/SLStudio/libs/jogl-all-natives-linux-aarch64.jar:/Applications/SLStudio/libs/jogl-all-natives-linux-amd64.jar:/Applications/SLStudio/libs/jogl-all-natives-linux-armv6hf.jar:/Applications/SLStudio/libs/jogl-all-natives-linux-i586.jar:/Applications/SLStudio/libs/jogl-all-natives-macosx-universal.jar:/Applications/SLStudio/libs/jogl-all-natives-windows-amd64.jar:/Applications/SLStudio/libs/jogl-all-natives-windows-i586.jar:/Applications/SLStudio/libs/jogl-all.jar:/Applications/SLStudio/libs/P3LX.jar:/Users/alexandergreen/.gradle/caches/modules-2/files-2.1/org.processing/core/3.3.6/f89688e748c841a79624ac2b68f92f9df3ea186a/core-3.3.6.jar:/Users/alexandergreen/.gradle/caches/modules-2/files-2.1/com.harium/kdtree/1.0.0/672b9c3f7f966d31baa1a1c36c186ec0d74b85c9/kdtree-1.0.0.jar:/Users/alexandergreen/.gradle/caches/modules-2/files-2.1/org.javassist/javassist/3.22.0-GA/3e83394258ae2089be7219b971ec21a8288528ad/javassist-3.22.0-GA.jar:/Users/alexandergreen/.gradle/caches/modules-2/files-2.1/com.google.guava/guava/23.5-jre/e9ce4989adf6092a3dab6152860e93d989e8cf88/guava-23.5-jre.jar:/Users/alexandergreen/.gradle/caches/modules-2/files-2.1/org.apache.commons/commons-math3/3.6.1/e4ba98f1d4b3c80ec46392f25e094a6a2e58fcbf/commons-math3-3.6.1.jar:/Users/al
Launcher Type: SUN_STANDARD

Environment Variables:
PATH=/usr/local/bin:/usr/bin:/bin:/usr/sbin:/sbin
SHELL=/bin/zsh

Signal Handlers:
SIGSEGV: [libjvm.dylib+0x5b494d], sa_mask[0]=11111111011111110111111111111111, sa_flags=SA_ONSTACK|SA_RESTART|SA_SIGINFO
SIGBUS: [libjvm.dylib+0x5b494d], sa_mask[0]=11111111011111110111111111111111, sa_flags=SA_RESTART|SA_SIGINFO
SIGFPE: [libjvm.dylib+0x48ab54], sa_mask[0]=11111111011111110111111111111111, sa_flags=SA_RESTART|SA_SIGINFO
SIGPIPE: [libjvm.dylib+0x48ab54], sa_mask[0]=11111111011111110111111111111111, sa_flags=SA_RESTART|SA_SIGINFO
SIGXFSZ: [libjvm.dylib+0x48ab54], sa_mask[0]=11111111011111110111111111111111, sa_flags=SA_RESTART|SA_SIGINFO
SIGILL: [libjvm.dylib+0x48ab54], sa_mask[0]=11111111011111110111111111111111, sa_flags=SA_RESTART|SA_SIGINFO
SIGUSR1: SIG_DFL, sa_mask[0]=00000000000000000000000000000000, sa_flags=SA_RESTART
SIGUSR2: [libjvm.dylib+0x48a672], sa_mask[0]=00100000000000000000000000000000, sa_flags=SA_RESTART|SA_SIGINFO
SIGHUP: [libjvm.dylib+0x488c49], sa_mask[0]=11111111011111110111111111111111, sa_flags=SA_RESTART|SA_SIGINFO
SIGINT: [libjvm.dylib+0x488c49], sa_mask[0]=11111111011111110111111111111111, sa_flags=SA_RESTART|SA_SIGINFO
SIGTERM: [libjvm.dylib+0x488c49], sa_mask[0]=11111111011111110111111111111111, sa_flags=SA_RESTART|SA_SIGINFO
SIGQUIT: [libjvm.dylib+0x488c49], sa_mask[0]=11111111011111110111111111111111, sa_flags=SA_RESTART|SA_SIGINFO


---------------  S Y S T E M  ---------------

OS:Bsduname:Darwin 17.4.0 Darwin Kernel Version 17.4.0: Mon Dec 11 21:15:27 PST 2017; root:xnu-4570.40.9~4/RELEASE_X86_64 x86_64
rlimit: STACK 8192k, CORE 0k, NPROC 1418, NOFILE 10240, AS infinity
load average:3.21 3.88 3.98

CPU:total 8 (initial active 8) (4 cores per cpu, 2 threads per core) family 6 model 158 stepping 9, cmov, cx8, fxsr, mmx, sse, sse2, sse3, ssse3, sse4.1, sse4.2, popcnt, avx, avx2, aes, clmul, erms, 3dnowpref, lzcnt, ht, tsc, tscinvbit, bmi1, bmi2, adx

Memory: 4k page, physical 16777216k(175068k free)

/proc/meminfo:


vm_info: Java HotSpot(TM) 64-Bit Server VM (25.152-b16) for bsd-amd64 JRE (1.8.0_152-b16), built on Sep 14 2017 02:31:13 by "java_re" with gcc 4.2.1 (Based on Apple Inc. build 5658) (LLVM build 2336.11.00)

time: Sat Dec 30 21:11:47 2017
elapsed time: 2403 seconds (0d 0h 40m 3s)

