#
# A fatal error has been detected by the Java Runtime Environment:
#
#  SIGSEGV (0xb) at pc=0x00000001091aad79, pid=713, tid=0x0000000000002507
#
# JRE version: Java(TM) SE Runtime Environment (8.0_161-b12) (build 1.8.0_161-b12)
# Java VM: Java HotSpot(TM) 64-Bit Server VM (25.161-b12 mixed mode bsd-amd64 compressed oops)
# Problematic frame:
# V  [libjvm.dylib+0x1aad79]
#
# Failed to write core dump. Core dumps have been disabled. To enable core dumping, try "ulimit -c unlimited" before starting Java again
#
# If you would like to submit a bug report, please visit:
#   http://bugreport.java.com/bugreport/crash.jsp
#

---------------  T H R E A D  ---------------

Current thread (0x00007f9ded028800):  GCTaskThread [stack: 0x0000700001e72000,0x0000700001f72000] [id=9479]

siginfo: si_signo: 11 (SIGSEGV), si_code: 1 (SEGV_MAPERR), si_addr: 0x0000000000000008

Registers:
RAX=0x0000000109843ad0, RBX=0x0000000000000000, RCX=0x0000000000000003, RDX=0x0000000000000001
RSP=0x0000700001f71c70, RBP=0x0000700001f71c70, RSI=0x000000076b394ae8, RDI=0x0000000000000000
R8 =0x00000001098ed7a6, R9 =0x00000001098f6b60, R10=0x0000000778501601, R11=0x00000000033db548
R12=0x00000001098ed7a6, R13=0x00000006c0155a31, R14=0x00007f9dee009800, R15=0x00007f9dee009898
RIP=0x00000001091aad79, EFLAGS=0x0000000000010246, ERR=0x0000000000000004
  TRAPNO=0x000000000000000e

Top of Stack: (sp=0x0000700001f71c70)
0x0000700001f71c70:   0000700001f71ce0 00000001094ca991
0x0000700001f71c80:   00000001098dc640 000000076b394ae8
0x0000700001f71c90:   0000000000000000 0000000109618dd2
0x0000700001f71ca0:   0000700001f71d00 0000000117d60f90
0x0000700001f71cb0:   0000000000000029 00000006c0155a31
0x0000700001f71cc0:   00000001098ed7a6 00000006c0155a31
0x0000700001f71cd0:   00000006c0155a30 00007f9dee009898
0x0000700001f71ce0:   0000700001f71d00 00000001094caea7
0x0000700001f71cf0:   00007f9dee009800 00007f9dee009860
0x0000700001f71d00:   0000700001f71d60 00000001094c9e3a
0x0000700001f71d10:   0000700001f71d78 0100000003611b01
0x0000700001f71d20:   00000006c0155a31 000000010a3fea87
0x0000700001f71d30:   0000700001f71d60 0000000000000000
0x0000700001f71d40:   0000000000000000 0000000109618df8
0x0000700001f71d50:   00007f9ded8c26a0 00007f9dee009800
0x0000700001f71d60:   0000700001f71db0 00000001094cdae1
0x0000700001f71d70:   0000000000000000 0000000000000000
0x0000700001f71d80:   0000700001f71db0 00007f9ded028800
0x0000700001f71d90:   0000000000000000 0000000109618df8
0x0000700001f71da0:   00007f9ded8c26a0 0000000000000001
0x0000700001f71db0:   0000700001f71e90 0000000109277ccb
0x0000700001f71dc0:   0000700001f71df0 00007f9dec617050
0x0000700001f71dd0:   00007f9dec617080 00007f9dec617090
0x0000700001f71de0:   00007f9dec617468 00000000000003d8
0x0000700001f71df0:   00007f9ded028800 00007f9dec617470
0x0000700001f71e00:   00007f9dec6174b0 00007f9dec6174c0
0x0000700001f71e10:   00007f9dec617598 00000000000000d8
0x0000700001f71e20:   0000700001f71e30 0000000000000000
0x0000700001f71e30:   00007f9ded028800 00007f9dec617470
0x0000700001f71e40:   00007f9dec6174b0 00007f9dec6174c0
0x0000700001f71e50:   00007f9dec617598 00000000000000d8
0x0000700001f71e60:   00007f9dec6176b0 00007f9ded028800 

Instructions: (pc=0x00000001091aad79)
0x00000001091aad59:   84 d2 48 89 fe 74 15 48 8d 05 69 8d 69 00 8a 48
0x00000001091aad69:   08 8b 7e 08 48 d3 e7 48 03 38 eb 04 48 8b 7e 08
0x00000001091aad79:   8b 47 08 85 c0 7e 09 a8 01 75 4e c1 f8 03 eb 47
0x00000001091aad89:   85 c0 7f 43 85 c0 79 41 84 d2 0f 94 c1 0f b6 c9 

Register to memory mapping:

RAX=0x0000000109843ad0: _ZN8Universe13_narrow_klassE+0 in /Library/Java/JavaVirtualMachines/jdk1.8.0_161.jdk/Contents/Home/jre/lib/server/libjvm.dylib at 0x0000000109000000
RBX=0x0000000000000000 is an unknown value
RCX=0x0000000000000003 is an unknown value
RDX=0x0000000000000001 is an unknown value
RSP=0x0000700001f71c70 is an unknown value
RBP=0x0000700001f71c70 is an unknown value
RSI=0x000000076b394ae8 is an unknown value
RDI=0x0000000000000000 is an unknown value
R8 =0x00000001098ed7a6: AssumeMP+0 in /Library/Java/JavaVirtualMachines/jdk1.8.0_161.jdk/Contents/Home/jre/lib/server/libjvm.dylib at 0x0000000109000000
R9 =0x00000001098f6b60: _ZN7nmethod22_oops_do_mark_nmethodsE+0 in /Library/Java/JavaVirtualMachines/jdk1.8.0_161.jdk/Contents/Home/jre/lib/server/libjvm.dylib at 0x0000000109000000
R10=0x0000000778501601 is an unknown value
R11=0x00000000033db548 is an unknown value
R12=0x00000001098ed7a6: AssumeMP+0 in /Library/Java/JavaVirtualMachines/jdk1.8.0_161.jdk/Contents/Home/jre/lib/server/libjvm.dylib at 0x0000000109000000
R13=0x00000006c0155a31 is pointing into object: 0x00000006c0155a18
[Ljava.lang.Object; 
 - klass: 'java/lang/Object'[]
 - length: 11
R14=0x00007f9dee009800 is an unknown value
R15=0x00007f9dee009898 is an unknown value


Stack: [0x0000700001e72000,0x0000700001f72000],  sp=0x0000700001f71c70,  free space=1023k
Native frames: (J=compiled Java code, j=interpreted, Vv=VM code, C=native code)
V  [libjvm.dylib+0x1aad79]
V  [libjvm.dylib+0x4ca991]
V  [libjvm.dylib+0x4caea7]
V  [libjvm.dylib+0x4c9e3a]
V  [libjvm.dylib+0x4cdae1]
V  [libjvm.dylib+0x277ccb]
V  [libjvm.dylib+0x48d83a]
C  [libsystem_pthread.dylib+0x36c1]  _pthread_body+0x154
C  [libsystem_pthread.dylib+0x356d]  _pthread_body+0x0
C  [libsystem_pthread.dylib+0x2c5d]  thread_start+0xd


---------------  P R O C E S S  ---------------

Java Threads: ( => current thread )
  0x00007f9df80aa000 JavaThread "AWT-Shutdown" [_thread_blocked, id=117031, stack(0x0000700001be6000,0x0000700001ce6000)]
  0x00007f9def808000 JavaThread "Thread-72" daemon [_thread_in_native, id=99843, stack(0x000070000477c000,0x00007000047fc000)]
  0x00007f9dededb000 JavaThread "LXChannel thread #1" [_thread_blocked, id=165379, stack(0x0000700008dce000,0x0000700008ece000)]
  0x00007f9ded4b4000 JavaThread "pool-1-thread-71" [_thread_blocked, id=140803, stack(0x0000700008ccb000,0x0000700008dcb000)]
  0x00007f9deded2800 JavaThread "pool-1-thread-70" [_thread_blocked, id=140291, stack(0x0000700008bc8000,0x0000700008cc8000)]
  0x00007f9decb3c000 JavaThread "pool-1-thread-69" [_thread_blocked, id=166147, stack(0x0000700008ac5000,0x0000700008bc5000)]
  0x00007f9df09ce800 JavaThread "pool-1-thread-68" [_thread_blocked, id=139779, stack(0x00007000089c2000,0x0000700008ac2000)]
  0x00007f9def8c9800 JavaThread "pool-1-thread-67" [_thread_blocked, id=166659, stack(0x00007000088bf000,0x00007000089bf000)]
  0x00007f9def9b7000 JavaThread "pool-1-thread-66" [_thread_blocked, id=139523, stack(0x00007000087bc000,0x00007000088bc000)]
  0x00007f9ded4b5000 JavaThread "pool-1-thread-65" [_thread_blocked, id=167427, stack(0x00007000086b9000,0x00007000087b9000)]
  0x00007f9decb3b000 JavaThread "pool-1-thread-64" [_thread_blocked, id=167683, stack(0x00007000085b6000,0x00007000086b6000)]
  0x00007f9df00bd000 JavaThread "pool-1-thread-63" [_thread_blocked, id=138755, stack(0x00007000084b3000,0x00007000085b3000)]
  0x00007f9ded4b2000 JavaThread "pool-1-thread-62" [_thread_blocked, id=138499, stack(0x00007000083b0000,0x00007000084b0000)]
  0x00007f9ded4b3000 JavaThread "pool-1-thread-61" [_thread_blocked, id=137987, stack(0x00007000082ad000,0x00007000083ad000)]
  0x00007f9ded65c000 JavaThread "pool-1-thread-60" [_thread_blocked, id=168195, stack(0x00007000081aa000,0x00007000082aa000)]
  0x00007f9ded445800 JavaThread "pool-1-thread-59" [_thread_blocked, id=168451, stack(0x00007000080a7000,0x00007000081a7000)]
  0x00007f9deded4800 JavaThread "pool-1-thread-58" [_thread_blocked, id=136963, stack(0x0000700007fa4000,0x00007000080a4000)]
  0x00007f9deded2000 JavaThread "pool-1-thread-57" [_thread_blocked, id=136707, stack(0x0000700007ea1000,0x0000700007fa1000)]
  0x00007f9ded65b800 JavaThread "pool-1-thread-56" [_thread_blocked, id=136451, stack(0x0000700007d9e000,0x0000700007e9e000)]
  0x00007f9dee723000 JavaThread "pool-1-thread-55" [_thread_blocked, id=136195, stack(0x0000700007c9b000,0x0000700007d9b000)]
  0x00007f9decb3a800 JavaThread "pool-1-thread-54" [_thread_blocked, id=169475, stack(0x0000700007b98000,0x0000700007c98000)]
  0x00007f9decb39000 JavaThread "pool-1-thread-53" [_thread_blocked, id=135683, stack(0x0000700007a95000,0x0000700007b95000)]
  0x00007f9decb38000 JavaThread "pool-1-thread-52" [_thread_blocked, id=169987, stack(0x0000700007992000,0x0000700007a92000)]
  0x00007f9ded445000 JavaThread "pool-1-thread-51" [_thread_blocked, id=170499, stack(0x000070000788f000,0x000070000798f000)]
  0x00007f9decb1b000 JavaThread "pool-1-thread-50" [_thread_blocked, id=170755, stack(0x000070000778c000,0x000070000788c000)]
  0x00007f9decb1c000 JavaThread "pool-1-thread-49" [_thread_blocked, id=134915, stack(0x0000700007689000,0x0000700007789000)]
  0x00007f9decd41800 JavaThread "pool-1-thread-48" [_thread_blocked, id=134403, stack(0x0000700007586000,0x0000700007686000)]
  0x00007f9decd42800 JavaThread "pool-1-thread-47" [_thread_blocked, id=171523, stack(0x0000700007483000,0x0000700007583000)]
  0x00007f9decf79000 JavaThread "pool-1-thread-46" [_thread_blocked, id=134147, stack(0x0000700007380000,0x0000700007480000)]
  0x00007f9ded609000 JavaThread "pool-1-thread-45" [_thread_blocked, id=172291, stack(0x000070000727d000,0x000070000737d000)]
  0x00007f9ded603800 JavaThread "pool-1-thread-44" [_thread_blocked, id=133891, stack(0x000070000717a000,0x000070000727a000)]
  0x00007f9decf78800 JavaThread "pool-1-thread-43" [_thread_blocked, id=133379, stack(0x0000700007077000,0x0000700007177000)]
  0x00007f9df0293800 JavaThread "pool-1-thread-42" [_thread_blocked, id=172803, stack(0x0000700006f74000,0x0000700007074000)]
  0x00007f9decf77800 JavaThread "pool-1-thread-41" [_thread_blocked, id=132611, stack(0x0000700006e71000,0x0000700006f71000)]
  0x00007f9decf77000 JavaThread "pool-1-thread-40" [_thread_blocked, id=132355, stack(0x0000700006d6e000,0x0000700006e6e000)]
  0x00007f9df0292800 JavaThread "pool-1-thread-39" [_thread_blocked, id=132099, stack(0x0000700006c6b000,0x0000700006d6b000)]
  0x00007f9df51be000 JavaThread "pool-1-thread-38" [_thread_blocked, id=131843, stack(0x0000700006b68000,0x0000700006c68000)]
  0x00007f9df51bd800 JavaThread "pool-1-thread-37" [_thread_blocked, id=173827, stack(0x0000700006a65000,0x0000700006b65000)]
  0x00007f9df51bc800 JavaThread "pool-1-thread-36" [_thread_blocked, id=174083, stack(0x0000700006962000,0x0000700006a62000)]
  0x00007f9df09cc000 JavaThread "pool-1-thread-35" [_thread_blocked, id=131075, stack(0x000070000685f000,0x000070000695f000)]
  0x00007f9def291800 JavaThread "pool-1-thread-34" [_thread_blocked, id=109059, stack(0x000070000675c000,0x000070000685c000)]
  0x00007f9decad2800 JavaThread "pool-1-thread-33" [_thread_blocked, id=108291, stack(0x0000700006659000,0x0000700006759000)]
  0x00007f9df51bc000 JavaThread "pool-1-thread-32" [_thread_blocked, id=108035, stack(0x0000700006556000,0x0000700006656000)]
  0x00007f9df51bb000 JavaThread "pool-1-thread-31" [_thread_blocked, id=107523, stack(0x0000700006453000,0x0000700006553000)]
  0x00007f9def091800 JavaThread "pool-1-thread-30" [_thread_blocked, id=107267, stack(0x0000700006350000,0x0000700006450000)]
  0x00007f9def090800 JavaThread "pool-1-thread-29" [_thread_blocked, id=110083, stack(0x000070000624d000,0x000070000634d000)]
  0x00007f9df00bc800 JavaThread "pool-1-thread-28" [_thread_blocked, id=106755, stack(0x000070000614a000,0x000070000624a000)]
  0x00007f9df00bb800 JavaThread "pool-1-thread-27" [_thread_blocked, id=106243, stack(0x0000700006047000,0x0000700006147000)]
  0x00007f9df00bb000 JavaThread "pool-1-thread-26" [_thread_blocked, id=105731, stack(0x0000700005f44000,0x0000700006044000)]
  0x00007f9df00ba000 JavaThread "pool-1-thread-25" [_thread_blocked, id=105475, stack(0x0000700005e41000,0x0000700005f41000)]
  0x00007f9df00b9800 JavaThread "pool-1-thread-24" [_thread_blocked, id=104963, stack(0x0000700005d3e000,0x0000700005e3e000)]
  0x00007f9df51ba800 JavaThread "pool-1-thread-23" [_thread_blocked, id=110595, stack(0x0000700005c3b000,0x0000700005d3b000)]
  0x00007f9df58c9000 JavaThread "pool-1-thread-22" [_thread_blocked, id=104195, stack(0x0000700005b38000,0x0000700005c38000)]
  0x00007f9def0c6800 JavaThread "pool-1-thread-21" [_thread_blocked, id=110851, stack(0x0000700005a35000,0x0000700005b35000)]
  0x00007f9def0c5800 JavaThread "pool-1-thread-20" [_thread_blocked, id=111363, stack(0x0000700005932000,0x0000700005a32000)]
  0x00007f9df51b9800 JavaThread "pool-1-thread-19" [_thread_blocked, id=103683, stack(0x000070000582f000,0x000070000592f000)]
  0x00007f9ded4b1000 JavaThread "pool-1-thread-18" [_thread_blocked, id=103171, stack(0x000070000572c000,0x000070000582c000)]
  0x00007f9df00c6800 JavaThread "pool-1-thread-17" [_thread_blocked, id=102915, stack(0x0000700005629000,0x0000700005729000)]
  0x00007f9df00c6000 JavaThread "pool-1-thread-16" [_thread_blocked, id=102659, stack(0x0000700005526000,0x0000700005626000)]
  0x00007f9df00c5000 JavaThread "pool-1-thread-15" [_thread_blocked, id=102147, stack(0x0000700005423000,0x0000700005523000)]
  0x00007f9df51b9000 JavaThread "pool-1-thread-14" [_thread_blocked, id=101635, stack(0x0000700005320000,0x0000700005420000)]
  0x00007f9df58c8800 JavaThread "pool-1-thread-13" [_thread_blocked, id=101379, stack(0x000070000521d000,0x000070000531d000)]
  0x00007f9df586e800 JavaThread "pool-1-thread-12" [_thread_blocked, id=101123, stack(0x000070000511a000,0x000070000521a000)]
  0x00007f9df586e000 JavaThread "pool-1-thread-11" [_thread_blocked, id=112899, stack(0x0000700005017000,0x0000700005117000)]
  0x00007f9df586d000 JavaThread "pool-1-thread-10" [_thread_blocked, id=113411, stack(0x0000700004f14000,0x0000700005014000)]
  0x00007f9dedee4000 JavaThread "pool-1-thread-9" [_thread_blocked, id=113923, stack(0x0000700004e11000,0x0000700004f11000)]
  0x00007f9dee713800 JavaThread "pool-1-thread-8" [_thread_blocked, id=114179, stack(0x0000700004d0e000,0x0000700004e0e000)]
  0x00007f9defa55800 JavaThread "pool-1-thread-7" [_thread_blocked, id=100099, stack(0x0000700004c0b000,0x0000700004d0b000)]
  0x00007f9dedee3000 JavaThread "pool-1-thread-6" [_thread_blocked, id=114691, stack(0x0000700004b08000,0x0000700004c08000)]
  0x00007f9def8cc000 JavaThread "pool-1-thread-5" [_thread_blocked, id=115203, stack(0x0000700004a05000,0x0000700004b05000)]
  0x00007f9dee712800 JavaThread "pool-1-thread-4" [_thread_blocked, id=115739, stack(0x0000700004902000,0x0000700004a02000)]
  0x00007f9dee512800 JavaThread "LXEngine Render Thread" [_thread_blocked, id=116279, stack(0x00007000047ff000,0x00007000048ff000)]
  0x00007f9decd40000 JavaThread "Thread-8" [_thread_in_native, id=118531, stack(0x00007000045f6000,0x00007000046f6000)]
  0x00007f9ded449000 JavaThread "LXAudioEngine Input Thread" [_thread_blocked, id=118787, stack(0x00007000044f3000,0x00007000045f3000)]
  0x00007f9decd45000 JavaThread "Java Sound Event Dispatcher" daemon [_thread_blocked, id=120071, stack(0x000070000426a000,0x000070000436a000)]
  0x00007f9df0831000 JavaThread "LXEngine Network Thread" [_thread_blocked, id=119307, stack(0x0000700004167000,0x0000700004267000)]
  0x00007f9df512f000 JavaThread "Thread-6" [_thread_in_native, id=26927, stack(0x0000700003746000,0x0000700003846000)]
  0x00007f9ded590800 JavaThread "pool-1-thread-3" [_thread_blocked, id=56339, stack(0x00007000030a8000,0x00007000031a8000)]
  0x00007f9ded668000 JavaThread "pool-1-thread-2" [_thread_in_native, id=119559, stack(0x0000700004064000,0x0000700004164000)]
  0x00007f9ded6e6800 JavaThread "pool-1-thread-1" [_thread_blocked, id=97031, stack(0x0000700003f61000,0x0000700004061000)]
  0x00007f9dee7af000 JavaThread "Timer-0" [_thread_blocked, id=122643, stack(0x0000700003bd5000,0x0000700003cd5000)]
  0x00007f9ded3b7000 JavaThread "DestroyJavaVM" [_thread_blocked, id=6659, stack(0x0000700001d6f000,0x0000700001e6f000)]
  0x00007f9dee39e000 JavaThread "main-FPSAWTAnimator#00-Timer0" [_thread_blocked, id=60699, stack(0x0000700003a4f000,0x0000700003b4f000)]
  0x00007f9deca84000 JavaThread "Thread-2" [_thread_blocked, id=71707, stack(0x000070000394c000,0x0000700003a4c000)]
  0x00007f9ded2e8800 JavaThread "main-Display-.macosx_nil-1-EDT-1" daemon [_thread_blocked, id=71947, stack(0x0000700003849000,0x0000700003949000)]
  0x00007f9ded953800 JavaThread "Java2D Disposer" daemon [_thread_blocked, id=55823, stack(0x0000700003643000,0x0000700003743000)]
  0x00007f9ded1d9800 JavaThread "Java2D Queue Flusher" daemon [_thread_blocked, id=73991, stack(0x0000700003540000,0x0000700003640000)]
  0x00007f9ded88b800 JavaThread "AWT-AppKit" daemon [_thread_in_native, id=775, stack(0x00007ffee745e000,0x00007ffee7c5e000)]
  0x00007f9dee034000 JavaThread "Service Thread" daemon [_thread_blocked, id=16387, stack(0x0000700002ea2000,0x0000700002fa2000)]
  0x00007f9def001800 JavaThread "C1 CompilerThread3" daemon [_thread_blocked, id=15875, stack(0x0000700002d9f000,0x0000700002e9f000)]
  0x00007f9ded047800 JavaThread "C2 CompilerThread2" daemon [_thread_blocked, id=15619, stack(0x0000700002c9c000,0x0000700002d9c000)]
  0x00007f9ded025800 JavaThread "C2 CompilerThread1" daemon [_thread_blocked, id=15363, stack(0x0000700002b99000,0x0000700002c99000)]
  0x00007f9dee011000 JavaThread "C2 CompilerThread0" daemon [_thread_blocked, id=17667, stack(0x0000700002a96000,0x0000700002b96000)]
  0x00007f9dee010000 JavaThread "Signal Dispatcher" daemon [_thread_blocked, id=14855, stack(0x0000700002993000,0x0000700002a93000)]
  0x00007f9dec82a000 JavaThread "Finalizer" daemon [_thread_blocked, id=12547, stack(0x0000700002890000,0x0000700002990000)]
  0x00007f9dec827000 JavaThread "Reference Handler" daemon [_thread_blocked, id=19459, stack(0x000070000278d000,0x000070000288d000)]

Other Threads:
  0x00007f9dee00d800 VMThread [stack: 0x000070000268a000,0x000070000278a000] [id=19971]
  0x00007f9ded80d000 WatcherThread [stack: 0x0000700002fa5000,0x00007000030a5000] [id=16899]

=>0x00007f9ded028800 (exited) GCTaskThread [stack: 0x0000700001e72000,0x0000700001f72000] [id=9479]

VM state:at safepoint (normal execution)

VM Mutex/Monitor currently owned by a thread:  ([mutex/lock_event])
[0x00007f9dec701f00] Threads_lock - owner thread: 0x00007f9dee00d800
[0x00007f9dec702400] Heap_lock - owner thread: 0x00007f9dededb000

Heap:
 PSYoungGen      total 182784K, used 173074K [0x000000076ab00000, 0x0000000779480000, 0x00000007c0000000)
  eden space 153600K, 100% used [0x000000076ab00000,0x0000000774100000,0x0000000774100000)
  from space 29184K, 66% used [0x0000000774100000,0x0000000775404bb0,0x0000000775d80000)
  to   space 29696K, 98% used [0x0000000777780000,0x00000007794140e0,0x0000000779480000)
 ParOldGen       total 112128K, used 39345K [0x00000006c0000000, 0x00000006c6d80000, 0x000000076ab00000)
  object space 112128K, 35% used [0x00000006c0000000,0x00000006c266c568,0x00000006c6d80000)
 Metaspace       used 26734K, capacity 27080K, committed 27312K, reserved 1073152K
  class space    used 3122K, capacity 3230K, committed 3248K, reserved 1048576K

Card table byte_map: [0x000000010a3ed000,0x000000010abee000] byte_map_base: 0x0000000106ded000

Marking Bits: (ParMarkBitMap*) 0x00000001098f76c0
 Begin Bits: [0x000000010b144000, 0x000000010f144000)
 End Bits:   [0x000000010f144000, 0x0000000113144000)

Polling page: 0x0000000107ff1000

CodeCache: size=245760Kb used=11970Kb max_used=13041Kb free=233789Kb
 bounds [0x0000000117709000, 0x0000000118409000, 0x0000000126709000]
 total_blobs=4342 nmethods=3395 adapters=860
 compilation: enabled

Compilation events (10 events):
Event: 53.523 Thread 0x00007f9def001800 4057       3       processing.opengl.PGraphicsOpenGL::hint (336 bytes)
Event: 53.524 Thread 0x00007f9def001800 nmethod 4057 0x0000000117e55850 code [0x0000000117e55ba0, 0x0000000117e57688]
Event: 53.524 Thread 0x00007f9def001800 4058       3       processing.opengl.PShader::setUniformImpl (37 bytes)
Event: 53.525 Thread 0x00007f9def001800 nmethod 4058 0x000000011798ee10 code [0x000000011798efc0, 0x000000011798f508]
Event: 53.725 Thread 0x00007f9ded047800 4059       4       heronarts.p3lx.ui.UI2dComponent::drawBackground (121 bytes)
Event: 53.735 Thread 0x00007f9ded047800 nmethod 4059 0x0000000117ef0bd0 code [0x0000000117ef0e00, 0x0000000117ef1bb8]
Event: 53.761 Thread 0x00007f9ded025800 4060       4       processing.opengl.PJOGL::generateMipmap (11 bytes)
Event: 53.763 Thread 0x00007f9ded025800 nmethod 4060 0x0000000117df0290 code [0x0000000117df0400, 0x0000000117df0528]
Event: 53.763 Thread 0x00007f9dee011000 4061       4       jogamp.opengl.gl4.GL4bcImpl::glGenerateMipmap (44 bytes)
Event: 53.764 Thread 0x00007f9dee011000 nmethod 4061 0x0000000117bed6d0 code [0x0000000117bed820, 0x0000000117bed908]

GC Heap History (10 events):
Event: 3.544 GC heap after
Heap after GC invocations=6 (full 1):
 PSYoungGen      total 103936K, used 8203K [0x000000076ab00000, 0x0000000774000000, 0x00000007c0000000)
  eden space 93184K, 0% used [0x000000076ab00000,0x000000076ab00000,0x0000000770600000)
  from space 10752K, 76% used [0x0000000770600000,0x0000000770e02eb8,0x0000000771080000)
  to   space 11264K, 0% used [0x0000000773500000,0x0000000773500000,0x0000000774000000)
 ParOldGen       total 112128K, used 11197K [0x00000006c0000000, 0x00000006c6d80000, 0x000000076ab00000)
  object space 112128K, 9% used [0x00000006c0000000,0x00000006c0aef4b0,0x00000006c6d80000)
 Metaspace       used 21386K, capacity 21692K, committed 21936K, reserved 1069056K
  class space    used 2307K, capacity 2398K, committed 2480K, reserved 1048576K
}
Event: 4.180 GC heap before
{Heap before GC invocations=7 (full 1):
 PSYoungGen      total 103936K, used 101387K [0x000000076ab00000, 0x0000000774000000, 0x00000007c0000000)
  eden space 93184K, 100% used [0x000000076ab00000,0x0000000770600000,0x0000000770600000)
  from space 10752K, 76% used [0x0000000770600000,0x0000000770e02eb8,0x0000000771080000)
  to   space 11264K, 0% used [0x0000000773500000,0x0000000773500000,0x0000000774000000)
 ParOldGen       total 112128K, used 11197K [0x00000006c0000000, 0x00000006c6d80000, 0x000000076ab00000)
  object space 112128K, 9% used [0x00000006c0000000,0x00000006c0aef4b0,0x00000006c6d80000)
 Metaspace       used 23954K, capacity 24224K, committed 24624K, reserved 1071104K
  class space    used 2732K, capacity 2830K, committed 2864K, reserved 1048576K
Event: 4.192 GC heap after
Heap after GC invocations=7 (full 1):
 PSYoungGen      total 125952K, used 11259K [0x000000076ab00000, 0x0000000776380000, 0x00000007c0000000)
  eden space 114688K, 0% used [0x000000076ab00000,0x000000076ab00000,0x0000000771b00000)
  from space 11264K, 99% used [0x0000000773500000,0x0000000773ffedd8,0x0000000774000000)
  to   space 26624K, 0% used [0x0000000771b00000,0x0000000771b00000,0x0000000773500000)
 ParOldGen       total 112128K, used 36215K [0x00000006c0000000, 0x00000006c6d80000, 0x000000076ab00000)
  object space 112128K, 32% used [0x00000006c0000000,0x00000006c235dde0,0x00000006c6d80000)
 Metaspace       used 23954K, capacity 24224K, committed 24624K, reserved 1071104K
  class space    used 2732K, capacity 2830K, committed 2864K, reserved 1048576K
}
Event: 9.638 GC heap before
{Heap before GC invocations=8 (full 1):
 PSYoungGen      total 125952K, used 125947K [0x000000076ab00000, 0x0000000776380000, 0x00000007c0000000)
  eden space 114688K, 100% used [0x000000076ab00000,0x0000000771b00000,0x0000000771b00000)
  from space 11264K, 99% used [0x0000000773500000,0x0000000773ffedd8,0x0000000774000000)
  to   space 26624K, 0% used [0x0000000771b00000,0x0000000771b00000,0x0000000773500000)
 ParOldGen       total 112128K, used 36217K [0x00000006c0000000, 0x00000006c6d80000, 0x000000076ab00000)
  object space 112128K, 32% used [0x00000006c0000000,0x00000006c235e488,0x00000006c6d80000)
 Metaspace       used 26429K, capacity 26750K, committed 27056K, reserved 1073152K
  class space    used 3119K, capacity 3229K, committed 3248K, reserved 1048576K
Event: 9.648 GC heap after
Heap after GC invocations=8 (full 1):
 PSYoungGen      total 141312K, used 20680K [0x000000076ab00000, 0x0000000778000000, 0x00000007c0000000)
  eden space 114688K, 0% used [0x000000076ab00000,0x000000076ab00000,0x0000000771b00000)
  from space 26624K, 77% used [0x0000000771b00000,0x0000000772f32010,0x0000000773500000)
  to   space 28672K, 0% used [0x0000000776400000,0x0000000776400000,0x0000000778000000)
 ParOldGen       total 112128K, used 36225K [0x00000006c0000000, 0x00000006c6d80000, 0x000000076ab00000)
  object space 112128K, 32% used [0x00000006c0000000,0x00000006c2360488,0x00000006c6d80000)
 Metaspace       used 26429K, capacity 26750K, committed 27056K, reserved 1073152K
  class space    used 3119K, capacity 3229K, committed 3248K, reserved 1048576K
}
Event: 22.380 GC heap before
{Heap before GC invocations=9 (full 1):
 PSYoungGen      total 141312K, used 135368K [0x000000076ab00000, 0x0000000778000000, 0x00000007c0000000)
  eden space 114688K, 100% used [0x000000076ab00000,0x0000000771b00000,0x0000000771b00000)
  from space 26624K, 77% used [0x0000000771b00000,0x0000000772f32010,0x0000000773500000)
  to   space 28672K, 0% used [0x0000000776400000,0x0000000776400000,0x0000000778000000)
 ParOldGen       total 112128K, used 36228K [0x00000006c0000000, 0x00000006c6d80000, 0x000000076ab00000)
  object space 112128K, 32% used [0x00000006c0000000,0x00000006c2361290,0x00000006c6d80000)
 Metaspace       used 26703K, capacity 27016K, committed 27312K, reserved 1073152K
  class space    used 3121K, capacity 3230K, committed 3248K, reserved 1048576K
Event: 22.392 GC heap after
Heap after GC invocations=9 (full 1):
 PSYoungGen      total 176128K, used 19504K [0x000000076ab00000, 0x0000000777a00000, 0x00000007c0000000)
  eden space 153600K, 0% used [0x000000076ab00000,0x000000076ab00000,0x0000000774100000)
  from space 22528K, 86% used [0x0000000776400000,0x000000077770c270,0x0000000777a00000)
  to   space 29184K, 0% used [0x0000000774100000,0x0000000774100000,0x0000000775d80000)
 ParOldGen       total 112128K, used 36236K [0x00000006c0000000, 0x00000006c6d80000, 0x000000076ab00000)
  object space 112128K, 32% used [0x00000006c0000000,0x00000006c2363290,0x00000006c6d80000)
 Metaspace       used 26703K, capacity 27016K, committed 27312K, reserved 1073152K
  class space    used 3121K, capacity 3230K, committed 3248K, reserved 1048576K
}
Event: 38.556 GC heap before
{Heap before GC invocations=10 (full 1):
 PSYoungGen      total 176128K, used 173104K [0x000000076ab00000, 0x0000000777a00000, 0x00000007c0000000)
  eden space 153600K, 100% used [0x000000076ab00000,0x0000000774100000,0x0000000774100000)
  from space 22528K, 86% used [0x0000000776400000,0x000000077770c270,0x0000000777a00000)
  to   space 29184K, 0% used [0x0000000774100000,0x0000000774100000,0x0000000775d80000)
 ParOldGen       total 112128K, used 36236K [0x00000006c0000000, 0x00000006c6d80000, 0x000000076ab00000)
  object space 112128K, 32% used [0x00000006c0000000,0x00000006c2363290,0x00000006c6d80000)
 Metaspace       used 26720K, capacity 27080K, committed 27312K, reserved 1073152K
  class space    used 3121K, capacity 3230K, committed 3248K, reserved 1048576K
Event: 38.563 GC heap after
Heap after GC invocations=10 (full 1):
 PSYoungGen      total 182784K, used 19474K [0x000000076ab00000, 0x0000000779480000, 0x00000007c0000000)
  eden space 153600K, 0% used [0x000000076ab00000,0x000000076ab00000,0x0000000774100000)
  from space 29184K, 66% used [0x0000000774100000,0x0000000775404bb0,0x0000000775d80000)
  to   space 29696K, 0% used [0x0000000777780000,0x0000000777780000,0x0000000779480000)
 ParOldGen       total 112128K, used 36244K [0x00000006c0000000, 0x00000006c6d80000, 0x000000076ab00000)
  object space 112128K, 32% used [0x00000006c0000000,0x00000006c2365290,0x00000006c6d80000)
 Metaspace       used 26720K, capacity 27080K, committed 27312K, reserved 1073152K
  class space    used 3121K, capacity 3230K, committed 3248K, reserved 1048576K
}
Event: 53.780 GC heap before
{Heap before GC invocations=11 (full 1):
 PSYoungGen      total 182784K, used 173074K [0x000000076ab00000, 0x0000000779480000, 0x00000007c0000000)
  eden space 153600K, 100% used [0x000000076ab00000,0x0000000774100000,0x0000000774100000)
  from space 29184K, 66% used [0x0000000774100000,0x0000000775404bb0,0x0000000775d80000)
  to   space 29696K, 0% used [0x0000000777780000,0x0000000777780000,0x0000000779480000)
 ParOldGen       total 112128K, used 36251K [0x00000006c0000000, 0x00000006c6d80000, 0x000000076ab00000)
  object space 112128K, 32% used [0x00000006c0000000,0x00000006c2366c98,0x00000006c6d80000)
 Metaspace       used 26734K, capacity 27080K, committed 27312K, reserved 1073152K
  class space    used 3122K, capacity 3230K, committed 3248K, reserved 1048576K

Deoptimization events (10 events):
Event: 52.357 Thread 0x00007f9dee39e000 Uncommon trap: reason=unstable_if action=reinterpret pc=0x000000011833a628 method=java.util.Formatter.parse(Ljava/lang/String;)[Ljava/util/Formatter$FormatString; @ 47
Event: 52.357 Thread 0x00007f9dee39e000 Uncommon trap: reason=unstable_if action=reinterpret pc=0x0000000117d3ef00 method=java.util.Formatter$FormatSpecifier.width(Ljava/lang/String;)I @ 6
Event: 52.357 Thread 0x00007f9dee39e000 Uncommon trap: reason=unstable_if action=reinterpret pc=0x0000000117937ac8 method=java.util.Formatter$Conversion.isValid(C)Z @ 4
Event: 52.360 Thread 0x00007f9dee39e000 Uncommon trap: reason=unstable_if action=reinterpret pc=0x0000000117beb5f0 method=sun.java2d.pipe.PixelToParallelogramConverter.draw(Lsun/java2d/SunGraphics2D;Ljava/awt/Shape;)V @ 20
Event: 52.361 Thread 0x00007f9dee39e000 Uncommon trap: reason=unstable_if action=reinterpret pc=0x00000001180da234 method=processing.awt.PGraphicsJava2D.loadPixels()V @ 21
Event: 52.368 Thread 0x00007f9dee39e000 Uncommon trap: reason=unstable_if action=reinterpret pc=0x0000000118276ac8 method=sun.java2d.pipe.DrawImage.transformImage(Lsun/java2d/SunGraphics2D;Ljava/awt/Image;Ljava/awt/geom/AffineTransform;IIIIILjava/awt/Color;)V @ 58
Event: 52.368 Thread 0x00007f9dee39e000 Uncommon trap: reason=unstable_if action=reinterpret pc=0x000000011823fb50 method=sun.java2d.pipe.DrawImage.renderImageXform(Lsun/java2d/SunGraphics2D;Ljava/awt/Image;Ljava/awt/geom/AffineTransform;IIIIILjava/awt/Color;)V @ 102
Event: 52.373 Thread 0x00007f9dee39e000 Uncommon trap: reason=unstable_if action=reinterpret pc=0x0000000117cc0a3c method=processing.opengl.Texture.bind()V @ 11
Event: 52.373 Thread 0x00007f9dee39e000 Uncommon trap: reason=unstable_if action=reinterpret pc=0x0000000117a76158 method=processing.opengl.PGraphicsOpenGL.getTexture(Lprocessing/core/PImage;)Lprocessing/opengl/Texture; @ 41
Event: 52.374 Thread 0x00007f9dee39e000 Uncommon trap: reason=unstable_if action=reinterpret pc=0x0000000118051a58 method=processing.opengl.Texture.updateTexelsImpl(IIII)V @ 211

Classes redefined (0 events):
No events

Internal exceptions (10 events):
Event: 52.343 Thread 0x00007f9dee39e000 Exception <a 'java/io/FileNotFoundException'> (0x0000000772702360) thrown at [/Users/java_re/workspace/8-2-build-macosx-x86_64/jdk8u161/10277/hotspot/src/share/vm/prims/jni.cpp, line 709]
Event: 52.343 Thread 0x00007f9dee39e000 Exception <a 'java/io/FileNotFoundException'> (0x000000077270f450) thrown at [/Users/java_re/workspace/8-2-build-macosx-x86_64/jdk8u161/10277/hotspot/src/share/vm/prims/jni.cpp, line 709]
Event: 52.344 Thread 0x00007f9dee39e000 Implicit null exception at 0x000000011831b93f to 0x000000011831ba99
Event: 52.352 Thread 0x00007f9dee39e000 Implicit null exception at 0x0000000117a131e3 to 0x0000000117a1418d
Event: 52.352 Thread 0x00007f9dee39e000 Implicit null exception at 0x0000000117841e83 to 0x0000000117841f59
Event: 52.352 Thread 0x00007f9dee39e000 Implicit null exception at 0x0000000117fc61a2 to 0x0000000117fc6a9d
Event: 52.354 Thread 0x00007f9dee39e000 Implicit null exception at 0x0000000117a8ee8a to 0x0000000117a8f681
Event: 52.354 Thread 0x00007f9dee39e000 Implicit null exception at 0x0000000117822d2a to 0x0000000117822d9d
Event: 52.773 Thread 0x00007f9ded590800 Exception <a 'java/net/SocketTimeoutException': Receive timed out> (0x00000007712f19d0) thrown at [/Users/java_re/workspace/8-2-build-macosx-x86_64/jdk8u161/10277/hotspot/src/share/vm/prims/jni.cpp, line 735]
Event: 53.277 Thread 0x00007f9ded668000 Exception <a 'java/net/SocketTimeoutException': Receive timed out> (0x0000000772815458) thrown at [/Users/java_re/workspace/8-2-build-macosx-x86_64/jdk8u161/10277/hotspot/src/share/vm/prims/jni.cpp, line 735]

Events (10 events):
Event: 53.473 Thread 0x00007f9ded047800 flushing nmethod 0x00000001180b5e50
Event: 53.473 Thread 0x00007f9ded047800 flushing nmethod 0x00000001180b6150
Event: 53.473 Thread 0x00007f9ded047800 flushing nmethod 0x00000001180b6450
Event: 53.473 Thread 0x00007f9ded047800 flushing nmethod 0x00000001180b6750
Event: 53.473 Thread 0x00007f9ded047800 flushing nmethod 0x0000000118133c90
Event: 53.507 Thread 0x00007f9def001800 flushing nmethod 0x000000011820e2d0
Event: 53.584 Thread 0x00007f9df80aa000 Thread added: 0x00007f9df80aa000
Event: 53.779 Executing VM operation: ParallelGCFailedAllocation
Event: 53.780 Executing VM operation: ParallelGCFailedAllocation done
Event: 53.780 Executing VM operation: ParallelGCSystemGC


Dynamic libraries:
0x0000000019373000 	/System/Library/Frameworks/Cocoa.framework/Versions/A/Cocoa
0x0000000019373000 	/System/Library/Frameworks/Security.framework/Versions/A/Security
0x0000000019373000 	/System/Library/Frameworks/ApplicationServices.framework/Versions/A/ApplicationServices
0x0000000019373000 	/usr/lib/libz.1.dylib
0x0000000019373000 	/usr/lib/libSystem.B.dylib
0x0000000019373000 	/usr/lib/libobjc.A.dylib
0x0000000019373000 	/System/Library/Frameworks/CoreFoundation.framework/Versions/A/CoreFoundation
0x0000000019373000 	/System/Library/Frameworks/Foundation.framework/Versions/C/Foundation
0x0000000019373000 	/System/Library/Frameworks/AppKit.framework/Versions/C/AppKit
0x0000000019373000 	/System/Library/Frameworks/CoreData.framework/Versions/A/CoreData
0x0000000019373000 	/System/Library/PrivateFrameworks/RemoteViewServices.framework/Versions/A/RemoteViewServices
0x0000000019373000 	/System/Library/PrivateFrameworks/UIFoundation.framework/Versions/A/UIFoundation
0x0000000019373000 	/System/Library/PrivateFrameworks/DFRFoundation.framework/Versions/A/DFRFoundation
0x0000000019373000 	/System/Library/Frameworks/Metal.framework/Versions/A/Metal
0x0000000019373000 	/System/Library/PrivateFrameworks/DesktopServicesPriv.framework/Versions/A/DesktopServicesPriv
0x0000000019373000 	/usr/lib/libenergytrace.dylib
0x0000000019373000 	/System/Library/PrivateFrameworks/SkyLight.framework/Versions/A/SkyLight
0x0000000019373000 	/System/Library/Frameworks/CoreGraphics.framework/Versions/A/CoreGraphics
0x0000000019373000 	/usr/lib/libScreenReader.dylib
0x0000000019373000 	/System/Library/Frameworks/Accelerate.framework/Versions/A/Accelerate
0x0000000019373000 	/System/Library/Frameworks/IOSurface.framework/Versions/A/IOSurface
0x0000000019373000 	/System/Library/Frameworks/AudioToolbox.framework/Versions/A/AudioToolbox
0x0000000019373000 	/System/Library/Frameworks/AudioUnit.framework/Versions/A/AudioUnit
0x0000000019373000 	/System/Library/PrivateFrameworks/DataDetectorsCore.framework/Versions/A/DataDetectorsCore
0x0000000019373000 	/System/Library/Frameworks/Carbon.framework/Versions/A/Frameworks/HIToolbox.framework/Versions/A/HIToolbox
0x0000000019373000 	/usr/lib/libicucore.A.dylib
0x0000000019373000 	/System/Library/Frameworks/QuartzCore.framework/Versions/A/QuartzCore
0x0000000019373000 	/System/Library/Frameworks/Carbon.framework/Versions/A/Frameworks/SpeechRecognition.framework/Versions/A/SpeechRecognition
0x0000000019373000 	/usr/lib/libauto.dylib
0x0000000019373000 	/usr/lib/libxml2.2.dylib
0x0000000019373000 	/System/Library/PrivateFrameworks/CoreUI.framework/Versions/A/CoreUI
0x0000000019373000 	/System/Library/Frameworks/CoreAudio.framework/Versions/A/CoreAudio
0x0000000019373000 	/System/Library/Frameworks/DiskArbitration.framework/Versions/A/DiskArbitration
0x0000000019373000 	/usr/lib/liblangid.dylib
0x0000000019373000 	/System/Library/PrivateFrameworks/MultitouchSupport.framework/Versions/A/MultitouchSupport
0x0000000019373000 	/System/Library/Frameworks/IOKit.framework/Versions/A/IOKit
0x0000000019373000 	/usr/lib/libDiagnosticMessagesClient.dylib
0x0000000019373000 	/System/Library/Frameworks/CoreServices.framework/Versions/A/CoreServices
0x0000000019373000 	/System/Library/PrivateFrameworks/PerformanceAnalysis.framework/Versions/A/PerformanceAnalysis
0x0000000019373000 	/System/Library/Frameworks/OpenGL.framework/Versions/A/OpenGL
0x0000000019373000 	/System/Library/Frameworks/ColorSync.framework/Versions/A/ColorSync
0x0000000019373000 	/System/Library/Frameworks/CoreImage.framework/Versions/A/CoreImage
0x0000000019373000 	/System/Library/Frameworks/CoreText.framework/Versions/A/CoreText
0x0000000019373000 	/System/Library/Frameworks/ImageIO.framework/Versions/A/ImageIO
0x0000000019373000 	/System/Library/PrivateFrameworks/Backup.framework/Versions/A/Backup
0x0000000019373000 	/usr/lib/libarchive.2.dylib
0x0000000019373000 	/System/Library/Frameworks/CFNetwork.framework/Versions/A/CFNetwork
0x0000000019373000 	/System/Library/Frameworks/SystemConfiguration.framework/Versions/A/SystemConfiguration
0x0000000019373000 	/usr/lib/libCRFSuite.dylib
0x0000000019373000 	/usr/lib/libc++.1.dylib
0x0000000019373000 	/usr/lib/libc++abi.dylib
0x0000000019373000 	/usr/lib/system/libcache.dylib
0x0000000019373000 	/usr/lib/system/libcommonCrypto.dylib
0x0000000019373000 	/usr/lib/system/libcompiler_rt.dylib
0x0000000019373000 	/usr/lib/system/libcopyfile.dylib
0x0000000019373000 	/usr/lib/system/libcorecrypto.dylib
0x0000000019373000 	/usr/lib/system/libdispatch.dylib
0x0000000019373000 	/usr/lib/system/libdyld.dylib
0x0000000019373000 	/usr/lib/system/libkeymgr.dylib
0x0000000019373000 	/usr/lib/system/liblaunch.dylib
0x0000000019373000 	/usr/lib/system/libmacho.dylib
0x0000000019373000 	/usr/lib/system/libquarantine.dylib
0x0000000019373000 	/usr/lib/system/libremovefile.dylib
0x0000000019373000 	/usr/lib/system/libsystem_asl.dylib
0x0000000019373000 	/usr/lib/system/libsystem_blocks.dylib
0x0000000019373000 	/usr/lib/system/libsystem_c.dylib
0x0000000019373000 	/usr/lib/system/libsystem_configuration.dylib
0x0000000019373000 	/usr/lib/system/libsystem_coreservices.dylib
0x0000000019373000 	/usr/lib/system/libsystem_darwin.dylib
0x0000000019373000 	/usr/lib/system/libsystem_dnssd.dylib
0x0000000019373000 	/usr/lib/system/libsystem_info.dylib
0x0000000019373000 	/usr/lib/system/libsystem_m.dylib
0x0000000019373000 	/usr/lib/system/libsystem_malloc.dylib
0x0000000019373000 	/usr/lib/system/libsystem_network.dylib
0x0000000019373000 	/usr/lib/system/libsystem_networkextension.dylib
0x0000000019373000 	/usr/lib/system/libsystem_notify.dylib
0x0000000019373000 	/usr/lib/system/libsystem_sandbox.dylib
0x0000000019373000 	/usr/lib/system/libsystem_secinit.dylib
0x0000000019373000 	/usr/lib/system/libsystem_kernel.dylib
0x0000000019373000 	/usr/lib/system/libsystem_platform.dylib
0x0000000019373000 	/usr/lib/system/libsystem_pthread.dylib
0x0000000019373000 	/usr/lib/system/libsystem_symptoms.dylib
0x0000000019373000 	/usr/lib/system/libsystem_trace.dylib
0x0000000019373000 	/usr/lib/system/libunwind.dylib
0x0000000019373000 	/usr/lib/system/libxpc.dylib
0x0000000019373000 	/usr/lib/closure/libclosured.dylib
0x0000000019373000 	/usr/lib/libbsm.0.dylib
0x0000000019373000 	/usr/lib/system/libkxld.dylib
0x0000000019373000 	/usr/lib/libOpenScriptingUtil.dylib
0x0000000019373000 	/usr/lib/libcoretls.dylib
0x0000000019373000 	/usr/lib/libcoretls_cfhelpers.dylib
0x0000000019373000 	/usr/lib/libpam.2.dylib
0x0000000019373000 	/usr/lib/libsqlite3.dylib
0x0000000019373000 	/usr/lib/libxar.1.dylib
0x0000000019373000 	/usr/lib/libbz2.1.0.dylib
0x0000000019373000 	/usr/lib/liblzma.5.dylib
0x0000000019373000 	/usr/lib/libnetwork.dylib
0x0000000019373000 	/usr/lib/libapple_nghttp2.dylib
0x0000000019373000 	/usr/lib/libpcap.A.dylib
0x0000000019373000 	/usr/lib/libboringssl.dylib
0x0000000019373000 	/usr/lib/libusrtcp.dylib
0x0000000019373000 	/usr/lib/libapple_crypto.dylib
0x0000000019373000 	/System/Library/Frameworks/CoreServices.framework/Versions/A/Frameworks/FSEvents.framework/Versions/A/FSEvents
0x0000000019373000 	/System/Library/Frameworks/CoreServices.framework/Versions/A/Frameworks/CarbonCore.framework/Versions/A/CarbonCore
0x0000000019373000 	/System/Library/Frameworks/CoreServices.framework/Versions/A/Frameworks/Metadata.framework/Versions/A/Metadata
0x0000000019373000 	/System/Library/Frameworks/CoreServices.framework/Versions/A/Frameworks/OSServices.framework/Versions/A/OSServices
0x0000000019373000 	/System/Library/Frameworks/CoreServices.framework/Versions/A/Frameworks/SearchKit.framework/Versions/A/SearchKit
0x0000000019373000 	/System/Library/Frameworks/CoreServices.framework/Versions/A/Frameworks/AE.framework/Versions/A/AE
0x0000000019373000 	/System/Library/Frameworks/CoreServices.framework/Versions/A/Frameworks/LaunchServices.framework/Versions/A/LaunchServices
0x0000000019373000 	/System/Library/Frameworks/CoreServices.framework/Versions/A/Frameworks/DictionaryServices.framework/Versions/A/DictionaryServices
0x0000000019373000 	/System/Library/Frameworks/CoreServices.framework/Versions/A/Frameworks/SharedFileList.framework/Versions/A/SharedFileList
0x0000000019373000 	/System/Library/Frameworks/NetFS.framework/Versions/A/NetFS
0x0000000019373000 	/System/Library/PrivateFrameworks/NetAuth.framework/Versions/A/NetAuth
0x0000000019373000 	/System/Library/PrivateFrameworks/login.framework/Versions/A/Frameworks/loginsupport.framework/Versions/A/loginsupport
0x0000000019373000 	/System/Library/PrivateFrameworks/TCC.framework/Versions/A/TCC
0x0000000019373000 	/usr/lib/libmecabra.dylib
0x0000000019373000 	/System/Library/Frameworks/ApplicationServices.framework/Versions/A/Frameworks/ATS.framework/Versions/A/ATS
0x0000000019373000 	/System/Library/Frameworks/ApplicationServices.framework/Versions/A/Frameworks/ColorSyncLegacy.framework/Versions/A/ColorSyncLegacy
0x0000000019373000 	/System/Library/Frameworks/ApplicationServices.framework/Versions/A/Frameworks/HIServices.framework/Versions/A/HIServices
0x0000000019373000 	/System/Library/Frameworks/ApplicationServices.framework/Versions/A/Frameworks/LangAnalysis.framework/Versions/A/LangAnalysis
0x0000000019373000 	/System/Library/Frameworks/ApplicationServices.framework/Versions/A/Frameworks/PrintCore.framework/Versions/A/PrintCore
0x0000000019373000 	/System/Library/Frameworks/ApplicationServices.framework/Versions/A/Frameworks/QD.framework/Versions/A/QD
0x0000000019373000 	/System/Library/Frameworks/ApplicationServices.framework/Versions/A/Frameworks/SpeechSynthesis.framework/Versions/A/SpeechSynthesis
0x0000000019373000 	/System/Library/Frameworks/CoreDisplay.framework/Versions/A/CoreDisplay
0x0000000019373000 	/System/Library/Frameworks/Accelerate.framework/Versions/A/Frameworks/vImage.framework/Versions/A/vImage
0x0000000019373000 	/System/Library/Frameworks/Accelerate.framework/Versions/A/Frameworks/vecLib.framework/Versions/A/vecLib
0x0000000019373000 	/System/Library/Frameworks/Accelerate.framework/Versions/A/Frameworks/vecLib.framework/Versions/A/libvDSP.dylib
0x0000000019373000 	/System/Library/Frameworks/Accelerate.framework/Versions/A/Frameworks/vecLib.framework/Versions/A/libBNNS.dylib
0x0000000019373000 	/System/Library/Frameworks/Accelerate.framework/Versions/A/Frameworks/vecLib.framework/Versions/A/libQuadrature.dylib
0x0000000019373000 	/System/Library/Frameworks/Accelerate.framework/Versions/A/Frameworks/vecLib.framework/Versions/A/libvMisc.dylib
0x0000000019373000 	/System/Library/Frameworks/Accelerate.framework/Versions/A/Frameworks/vecLib.framework/Versions/A/libLAPACK.dylib
0x0000000019373000 	/System/Library/Frameworks/Accelerate.framework/Versions/A/Frameworks/vecLib.framework/Versions/A/libBLAS.dylib
0x0000000019373000 	/System/Library/Frameworks/Accelerate.framework/Versions/A/Frameworks/vecLib.framework/Versions/A/libLinearAlgebra.dylib
0x0000000019373000 	/System/Library/Frameworks/Accelerate.framework/Versions/A/Frameworks/vecLib.framework/Versions/A/libSparse.dylib
0x0000000019373000 	/System/Library/Frameworks/Accelerate.framework/Versions/A/Frameworks/vecLib.framework/Versions/A/libSparseBLAS.dylib
0x0000000019373000 	/System/Library/PrivateFrameworks/IOAccelerator.framework/Versions/A/IOAccelerator
0x0000000019373000 	/System/Library/PrivateFrameworks/IOPresentment.framework/Versions/A/IOPresentment
0x0000000019373000 	/System/Library/PrivateFrameworks/DSExternalDisplay.framework/Versions/A/DSExternalDisplay
0x0000000019373000 	/System/Library/Frameworks/OpenGL.framework/Versions/A/Libraries/libCoreFSCache.dylib
0x0000000019373000 	/System/Library/Frameworks/CoreVideo.framework/Versions/A/CoreVideo
0x0000000019373000 	/System/Library/PrivateFrameworks/GraphVisualizer.framework/Versions/A/GraphVisualizer
0x0000000019373000 	/System/Library/Frameworks/MetalPerformanceShaders.framework/Versions/A/MetalPerformanceShaders
0x0000000019373000 	/usr/lib/libFosl_dynamic.dylib
0x0000000019373000 	/System/Library/PrivateFrameworks/FaceCore.framework/Versions/A/FaceCore
0x0000000019373000 	/System/Library/Frameworks/OpenCL.framework/Versions/A/OpenCL
0x0000000019373000 	/usr/lib/libcompression.dylib
0x0000000019373000 	/System/Library/Frameworks/ApplicationServices.framework/Versions/A/Frameworks/ATS.framework/Versions/A/Resources/libFontParser.dylib
0x0000000019373000 	/System/Library/Frameworks/ApplicationServices.framework/Versions/A/Frameworks/ATS.framework/Versions/A/Resources/libFontRegistry.dylib
0x0000000019373000 	/System/Library/Frameworks/ImageIO.framework/Versions/A/Resources/libJPEG.dylib
0x0000000019373000 	/System/Library/Frameworks/ImageIO.framework/Versions/A/Resources/libTIFF.dylib
0x0000000019373000 	/System/Library/Frameworks/ImageIO.framework/Versions/A/Resources/libPng.dylib
0x0000000019373000 	/System/Library/Frameworks/ImageIO.framework/Versions/A/Resources/libGIF.dylib
0x0000000019373000 	/System/Library/Frameworks/ImageIO.framework/Versions/A/Resources/libJP2.dylib
0x0000000019373000 	/System/Library/Frameworks/ImageIO.framework/Versions/A/Resources/libRadiance.dylib
0x0000000019373000 	/System/Library/PrivateFrameworks/AppleJPEG.framework/Versions/A/AppleJPEG
0x0000000019373000 	/System/Library/PrivateFrameworks/MetalTools.framework/Versions/A/MetalTools
0x0000000019373000 	/System/Library/Frameworks/MetalPerformanceShaders.framework/Frameworks/MPSCore.framework/Versions/A/MPSCore
0x0000000019373000 	/System/Library/Frameworks/MetalPerformanceShaders.framework/Frameworks/MPSImage.framework/Versions/A/MPSImage
0x0000000019373000 	/System/Library/Frameworks/MetalPerformanceShaders.framework/Frameworks/MPSMatrix.framework/Versions/A/MPSMatrix
0x0000000019373000 	/System/Library/Frameworks/MetalPerformanceShaders.framework/Frameworks/MPSNeuralNetwork.framework/Versions/A/MPSNeuralNetwork
0x0000000019373000 	/System/Library/Frameworks/OpenGL.framework/Versions/A/Libraries/libGLU.dylib
0x0000000019373000 	/System/Library/Frameworks/OpenGL.framework/Versions/A/Libraries/libGFXShared.dylib
0x0000000019373000 	/System/Library/Frameworks/OpenGL.framework/Versions/A/Libraries/libGL.dylib
0x0000000019373000 	/System/Library/Frameworks/OpenGL.framework/Versions/A/Libraries/libGLImage.dylib
0x0000000019373000 	/System/Library/Frameworks/OpenGL.framework/Versions/A/Libraries/libCVMSPluginSupport.dylib
0x0000000019373000 	/System/Library/Frameworks/OpenGL.framework/Versions/A/Libraries/libCoreVMClient.dylib
0x0000000019373000 	/usr/lib/libcups.2.dylib
0x0000000019373000 	/System/Library/Frameworks/Kerberos.framework/Versions/A/Kerberos
0x0000000019373000 	/System/Library/Frameworks/GSS.framework/Versions/A/GSS
0x0000000019373000 	/usr/lib/libresolv.9.dylib
0x0000000019373000 	/usr/lib/libiconv.2.dylib
0x0000000019373000 	/System/Library/PrivateFrameworks/Heimdal.framework/Versions/A/Heimdal
0x0000000019373000 	/usr/lib/libheimdal-asn1.dylib
0x0000000019373000 	/System/Library/Frameworks/OpenDirectory.framework/Versions/A/OpenDirectory
0x0000000019373000 	/System/Library/PrivateFrameworks/CommonAuth.framework/Versions/A/CommonAuth
0x0000000019373000 	/System/Library/Frameworks/OpenDirectory.framework/Versions/A/Frameworks/CFOpenDirectory.framework/Versions/A/CFOpenDirectory
0x0000000019373000 	/System/Library/Frameworks/SecurityFoundation.framework/Versions/A/SecurityFoundation
0x0000000019373000 	/System/Library/PrivateFrameworks/APFS.framework/Versions/A/APFS
0x0000000019373000 	/usr/lib/libutil.dylib
0x0000000019373000 	/System/Library/PrivateFrameworks/AppleSauce.framework/Versions/A/AppleSauce
0x0000000019373000 	/System/Library/PrivateFrameworks/LinguisticData.framework/Versions/A/LinguisticData
0x0000000019373000 	/usr/lib/libmarisa.dylib
0x0000000019373000 	/System/Library/PrivateFrameworks/Lexicon.framework/Versions/A/Lexicon
0x0000000019373000 	/usr/lib/libChineseTokenizer.dylib
0x0000000019373000 	/usr/lib/libcmph.dylib
0x0000000019373000 	/System/Library/PrivateFrameworks/LanguageModeling.framework/Versions/A/LanguageModeling
0x0000000019373000 	/System/Library/PrivateFrameworks/CoreEmoji.framework/Versions/A/CoreEmoji
0x0000000019373000 	/System/Library/Frameworks/ServiceManagement.framework/Versions/A/ServiceManagement
0x0000000019373000 	/System/Library/PrivateFrameworks/BackgroundTaskManagement.framework/Versions/A/BackgroundTaskManagement
0x0000000019373000 	/usr/lib/libxslt.1.dylib
0x0000000019373000 	/System/Library/Frameworks/Carbon.framework/Versions/A/Frameworks/Ink.framework/Versions/A/Ink
0x0000000019373000 	/System/Library/PrivateFrameworks/TextureIO.framework/Versions/A/TextureIO
0x0000000019373000 	/usr/lib/libate.dylib
0x0000000019373000 	/System/Library/PrivateFrameworks/CrashReporterSupport.framework/Versions/A/CrashReporterSupport
0x0000000019373000 	/System/Library/PrivateFrameworks/Sharing.framework/Versions/A/Sharing
0x0000000019373000 	/System/Library/PrivateFrameworks/IconServices.framework/Versions/A/IconServices
0x0000000019373000 	/System/Library/PrivateFrameworks/ProtocolBuffer.framework/Versions/A/ProtocolBuffer
0x0000000019373000 	/System/Library/PrivateFrameworks/Apple80211.framework/Versions/A/Apple80211
0x0000000019373000 	/System/Library/Frameworks/CoreWLAN.framework/Versions/A/CoreWLAN
0x0000000019373000 	/System/Library/PrivateFrameworks/CoreUtils.framework/Versions/A/CoreUtils
0x0000000019373000 	/System/Library/Frameworks/IOBluetooth.framework/Versions/A/IOBluetooth
0x0000000019373000 	/System/Library/PrivateFrameworks/CoreWiFi.framework/Versions/A/CoreWiFi
0x0000000019373000 	/System/Library/Frameworks/CoreBluetooth.framework/Versions/A/CoreBluetooth
0x0000000019373000 	/System/Library/PrivateFrameworks/SignpostNotification.framework/Versions/A/SignpostNotification
0x0000000019373000 	/System/Library/PrivateFrameworks/DebugSymbols.framework/Versions/A/DebugSymbols
0x0000000019373000 	/System/Library/PrivateFrameworks/CoreSymbolication.framework/Versions/A/CoreSymbolication
0x0000000019373000 	/System/Library/PrivateFrameworks/Symbolication.framework/Versions/A/Symbolication
0x0000000019373000 	/System/Library/PrivateFrameworks/AppleFSCompression.framework/Versions/A/AppleFSCompression
0x0000000019373000 	/System/Library/PrivateFrameworks/SpeechRecognitionCore.framework/Versions/A/SpeechRecognitionCore
0x0000000109000000 	/Library/Java/JavaVirtualMachines/jdk1.8.0_161.jdk/Contents/Home/jre/lib/server/libjvm.dylib
0x0000000019373000 	/usr/lib/libstdc++.6.0.9.dylib
0x0000000107fe3000 	/Library/Java/JavaVirtualMachines/jdk1.8.0_161.jdk/Contents/Home/jre/lib/libverify.dylib
0x0000000109fae000 	/Library/Java/JavaVirtualMachines/jdk1.8.0_161.jdk/Contents/Home/jre/lib/libjava.dylib
0x000000010a024000 	/Library/Java/JavaVirtualMachines/jdk1.8.0_161.jdk/Contents/Home/jre/lib/libzip.dylib
0x000000011623a000 	/Library/Java/JavaVirtualMachines/jdk1.8.0_161.jdk/Contents/Home/jre/lib/libawt.dylib
0x00000001162e4000 	/Library/Java/JavaVirtualMachines/jdk1.8.0_161.jdk/Contents/Home/jre/lib/./libmlib_image.dylib
0x0000000019373000 	/System/Library/Frameworks/JavaVM.framework/Versions/A/Frameworks/JavaNativeFoundation.framework/Versions/A/JavaNativeFoundation
0x0000000019373000 	/System/Library/Frameworks/JavaVM.framework/Versions/A/Frameworks/JavaRuntimeSupport.framework/Versions/A/JavaRuntimeSupport
0x0000000019373000 	/System/Library/Frameworks/JavaVM.framework/Versions/A/JavaVM
0x0000000019373000 	/System/Library/PrivateFrameworks/JavaLaunching.framework/Versions/A/JavaLaunching
0x0000000019373000 	/System/Library/Frameworks/Carbon.framework/Versions/A/Carbon
0x0000000019373000 	/System/Library/Frameworks/Carbon.framework/Versions/A/Frameworks/CommonPanels.framework/Versions/A/CommonPanels
0x0000000019373000 	/System/Library/Frameworks/Carbon.framework/Versions/A/Frameworks/Help.framework/Versions/A/Help
0x0000000019373000 	/System/Library/Frameworks/Carbon.framework/Versions/A/Frameworks/ImageCapture.framework/Versions/A/ImageCapture
0x0000000019373000 	/System/Library/Frameworks/Carbon.framework/Versions/A/Frameworks/OpenScripting.framework/Versions/A/OpenScripting
0x0000000019373000 	/System/Library/Frameworks/Carbon.framework/Versions/A/Frameworks/Print.framework/Versions/A/Print
0x0000000019373000 	/System/Library/Frameworks/Carbon.framework/Versions/A/Frameworks/SecurityHI.framework/Versions/A/SecurityHI
0x00000001163b0000 	/Library/Java/JavaVirtualMachines/jdk1.8.0_161.jdk/Contents/Home/jre/lib/libawt_lwawt.dylib
0x000000011646a000 	/Library/Java/JavaVirtualMachines/jdk1.8.0_161.jdk/Contents/Home/jre/lib/./libosxapp.dylib
0x0000000019373000 	/System/Library/Frameworks/ExceptionHandling.framework/Versions/A/ExceptionHandling
0x0000000019373000 	/System/Library/PrivateFrameworks/CoreServicesInternal.framework/Versions/A/CoreServicesInternal
0x0000000019373000 	/System/Library/CoreServices/RawCamera.bundle/Contents/MacOS/RawCamera
0x0000000019373000 	/System/Library/PrivateFrameworks/MobileAsset.framework/Versions/A/MobileAsset
0x0000000019373000 	/System/Library/PrivateFrameworks/StreamingZip.framework/Versions/A/StreamingZip
0x0000000019373000 	/System/Library/Frameworks/MediaToolbox.framework/Versions/A/MediaToolbox
0x0000000019373000 	/System/Library/PrivateFrameworks/CoreAVCHD.framework/Versions/A/CoreAVCHD
0x0000000019373000 	/System/Library/Frameworks/MediaAccessibility.framework/Versions/A/MediaAccessibility
0x0000000019373000 	/System/Library/PrivateFrameworks/Mangrove.framework/Versions/A/Mangrove
0x0000000019373000 	/System/Library/Frameworks/CoreMedia.framework/Versions/A/CoreMedia
0x0000000019373000 	/System/Library/Frameworks/VideoToolbox.framework/Versions/A/VideoToolbox
0x0000000019373000 	/System/Library/PrivateFrameworks/CoreAUC.framework/Versions/A/CoreAUC
0x0000000019373000 	/usr/lib/libspindump.dylib
0x0000000019373000 	/usr/lib/libdscsym.dylib
0x0000000019373000 	/System/Library/PrivateFrameworks/AppleVA.framework/Versions/A/AppleVA
0x0000000019373000 	/System/Library/Frameworks/Accelerate.framework/Versions/A/Frameworks/vImage.framework/Versions/A/Libraries/libCGInterfaces.dylib
0x0000000019373000 	/System/Library/Frameworks/ApplicationServices.framework/Versions/A/Frameworks/ATS.framework/Versions/A/Resources/libTrueTypeScaler.dylib
0x0000000019373000 	/System/Library/Frameworks/OpenGL.framework/Versions/A/Resources/GLEngine.bundle/GLEngine
0x0000000019373000 	/System/Library/Frameworks/OpenGL.framework/Versions/A/Libraries/libGLProgrammability.dylib
0x0000000128f59000 	/System/Library/Extensions/AppleIntelKBLGraphicsGLDriver.bundle/Contents/MacOS/AppleIntelKBLGraphicsGLDriver
0x0000000019373000 	/System/Library/PrivateFrameworks/GPUSupport.framework/Versions/A/Libraries/libGPUSupportMercury.dylib
0x0000000129f85000 	/System/Library/Extensions/AMDRadeonX4000GLDriver.bundle/Contents/MacOS/AMDRadeonX4000GLDriver
0x0000000019373000 	/System/Library/Extensions/AMDRadeonX4000GLDriver.bundle/Contents/MacOS/ATIRadeonX4000SCLib.dylib
0x0000000019373000 	/System/Library/Frameworks/OpenGL.framework/Versions/A/Resources/GLRendererFloat.bundle/GLRendererFloat
0x0000000019373000 	/System/Library/Frameworks/OpenCL.framework/Versions/A/Libraries/libcldcpuengine.dylib
0x0000000019373000 	/usr/lib/libcrypto.35.dylib
0x0000000019373000 	/System/Library/PrivateFrameworks/TrustEvaluationAgent.framework/Versions/A/TrustEvaluationAgent
0x0000000019373000 	/System/Library/Extensions/AppleIntelKBLGraphicsMTLDriver.bundle/Contents/MacOS/AppleIntelKBLGraphicsMTLDriver
0x000000012a0b9000 	/System/Library/Extensions/AMDMTLBronzeDriver.bundle/Contents/MacOS/AMDMTLBronzeDriver
0x0000000019373000 	/System/Library/PrivateFrameworks/IOAccelMemoryInfo.framework/Versions/A/IOAccelMemoryInfo
0x0000000019373000 	/System/Library/PrivateFrameworks/GPUCompiler.framework/Versions/3802/Libraries/libmetal_timestamp.dylib
0x0000000019373000 	/System/Library/PrivateFrameworks/FamilyControls.framework/Versions/A/FamilyControls
0x0000000019373000 	/System/Library/PrivateFrameworks/CommerceKit.framework/Versions/A/Frameworks/CommerceCore.framework/Versions/A/CommerceCore
0x0000000019373000 	/System/Library/PrivateFrameworks/SystemAdministration.framework/Versions/A/SystemAdministration
0x0000000019373000 	/System/Library/PrivateFrameworks/AppContainer.framework/Versions/A/AppContainer
0x0000000019373000 	/System/Library/PrivateFrameworks/SecCodeWrapper.framework/Versions/A/SecCodeWrapper
0x0000000019373000 	/System/Library/PrivateFrameworks/DiskManagement.framework/Versions/A/DiskManagement
0x0000000019373000 	/System/Library/Frameworks/DirectoryService.framework/Versions/A/DirectoryService
0x0000000019373000 	/System/Library/PrivateFrameworks/DiskImages.framework/Versions/A/DiskImages
0x0000000019373000 	/System/Library/PrivateFrameworks/LoginUIKit.framework/Versions/A/Frameworks/LoginUICore.framework/Versions/A/LoginUICore
0x0000000019373000 	/usr/lib/libCoreStorage.dylib
0x0000000019373000 	/usr/lib/libcsfde.dylib
0x0000000019373000 	/usr/lib/libodfde.dylib
0x0000000019373000 	/System/Library/PrivateFrameworks/MediaKit.framework/Versions/A/MediaKit
0x0000000019373000 	/System/Library/Frameworks/DiscRecording.framework/Versions/A/DiscRecording
0x0000000019373000 	/System/Library/PrivateFrameworks/EFILogin.framework/Versions/A/EFILogin
0x0000000019373000 	/System/Library/PrivateFrameworks/ProtectedCloudStorage.framework/Versions/A/ProtectedCloudStorage
0x0000000019373000 	/usr/lib/libcurl.4.dylib
0x0000000019373000 	/usr/lib/libssl.35.dylib
0x0000000019373000 	/System/Library/Frameworks/LDAP.framework/Versions/A/LDAP
0x0000000019373000 	/usr/lib/libsasl2.2.dylib
0x0000000019373000 	/System/Library/PrivateFrameworks/CoreDaemon.framework/Versions/B/CoreDaemon
0x0000000019373000 	/System/Library/PrivateFrameworks/AppleSRP.framework/Versions/A/AppleSRP
0x000000012bc68000 	/Library/Java/JavaVirtualMachines/jdk1.8.0_161.jdk/Contents/Home/jre/lib/libfontmanager.dylib
0x000000012c0be000 	/Library/Java/JavaVirtualMachines/jdk1.8.0_161.jdk/Contents/Home/jre/lib/libnet.dylib
0x000000012c11d000 	/Library/Java/JavaVirtualMachines/jdk1.8.0_161.jdk/Contents/Home/jre/lib/libnio.dylib
0x000000012c12d000 	/private/var/folders/vw/xln6wc7j47q14v_k9xcn4ttw0000gn/T/jogamp_0000/file_cache/jln7834595459977474466/jln2029468117273607227/natives/macosx-universal/libgluegen-rt.jnilib
0x0000000116215000 	/private/var/folders/vw/xln6wc7j47q14v_k9xcn4ttw0000gn/T/jogamp_0000/file_cache/jln7834595459977474466/jln2029468117273607227/natives/macosx-universal/libnativewindow_awt.jnilib
0x0000000116218000 	/Library/Java/JavaVirtualMachines/jdk1.8.0_161.jdk/Contents/Home/jre/lib/libjawt.dylib
0x000000011621b000 	/private/var/folders/vw/xln6wc7j47q14v_k9xcn4ttw0000gn/T/jogamp_0000/file_cache/jln7834595459977474466/jln2029468117273607227/natives/macosx-universal/libnativewindow_macosx.jnilib
0x0000000128b2a000 	/private/var/folders/vw/xln6wc7j47q14v_k9xcn4ttw0000gn/T/jogamp_0000/file_cache/jln7834595459977474466/jln2029468117273607227/natives/macosx-universal/libnewt.jnilib
0x0000000019373000 	/System/Library/PrivateFrameworks/ViewBridge.framework/Versions/A/ViewBridge
0x000000012c190000 	/private/var/folders/vw/xln6wc7j47q14v_k9xcn4ttw0000gn/T/jogamp_0000/file_cache/jln7834595459977474466/jln2029468117273607227/natives/macosx-universal/libjogl_desktop.jnilib
0x0000000116cbb000 	/private/var/folders/vw/xln6wc7j47q14v_k9xcn4ttw0000gn/T/jogamp_0000/file_cache/jln7834595459977474466/jln2029468117273607227/natives/macosx-universal/libjogl_mobile.jnilib
0x0000000128981000 	/Library/Java/JavaVirtualMachines/jdk1.8.0_161.jdk/Contents/Home/jre/lib/libjsound.dylib
0x0000000019373000 	/System/Library/Frameworks/CoreMIDI.framework/Versions/A/CoreMIDI
0x0000000019373000 	/usr/lib/libexpat.1.dylib
0x0000000128a3b000 	/System/Library/Extensions/AppleHDA.kext/Contents/PlugIns/AppleHDAHALPlugIn.bundle/Contents/MacOS/AppleHDAHALPlugIn
0x0000000116f3c000 	/private/var/folders/vw/xln6wc7j47q14v_k9xcn4ttw0000gn/T/coreMidi4J9009928001982939497.tmp/libCoreMidi4J.dylib
0x0000000117074000 	/Library/Java/JavaVirtualMachines/jdk1.8.0_161.jdk/Contents/Home/jre/lib/libjpeg.dylib
0x0000000117442000 	/Library/Java/JavaVirtualMachines/jdk1.8.0_161.jdk/Contents/Home/jre/lib/liblcms.dylib
0x0000000130488000 	/System/Library/Components/CoreAudio.component/Contents/MacOS/CoreAudio
0x0000000128a0c000 	/Library/Java/JavaVirtualMachines/jdk1.8.0_161.jdk/Contents/Home/jre/lib/libdcpr.dylib
0x0000000117496000 	/private/var/folders/vw/xln6wc7j47q14v_k9xcn4ttw0000gn/T/libaparapi_x86_64780137044565704940.dylib

VM Arguments:
jvm_args: -Dfile.encoding=UTF-8 -Duser.country=US -Duser.language=en -Duser.variant 
java_command: com.symmetrylabs.slstudio.SLStudio
java_class_path (initial): /Users/brianweber/Desktop/SLStudio/build/classes/java/main:/Users/brianweber/Desktop/SLStudio/build/classes/kotlin/main:/Users/brianweber/Desktop/SLStudio/build/resources/main:/Users/brianweber/Desktop/SLStudio/libs/gluegen-rt-natives-linux-aarch64.jar:/Users/brianweber/Desktop/SLStudio/libs/gluegen-rt-natives-linux-amd64.jar:/Users/brianweber/Desktop/SLStudio/libs/gluegen-rt-natives-linux-armv6hf.jar:/Users/brianweber/Desktop/SLStudio/libs/gluegen-rt-natives-linux-i586.jar:/Users/brianweber/Desktop/SLStudio/libs/gluegen-rt-natives-macosx-universal.jar:/Users/brianweber/Desktop/SLStudio/libs/gluegen-rt-natives-windows-amd64.jar:/Users/brianweber/Desktop/SLStudio/libs/gluegen-rt-natives-windows-i586.jar:/Users/brianweber/Desktop/SLStudio/libs/gluegen-rt.jar:/Users/brianweber/Desktop/SLStudio/libs/jogl-all-2.3.2-natives-linux-amd64.jar:/Users/brianweber/Desktop/SLStudio/libs/jogl-all-natives-linux-aarch64.jar:/Users/brianweber/Desktop/SLStudio/libs/jogl-all-natives-linux-amd64.jar:/Users/brianweber/Desktop/SLStudio/libs/jogl-all-natives-linux-armv6hf.jar:/Users/brianweber/Desktop/SLStudio/libs/jogl-all-natives-linux-i586.jar:/Users/brianweber/Desktop/SLStudio/libs/jogl-all-natives-macosx-universal.jar:/Users/brianweber/Desktop/SLStudio/libs/jogl-all-natives-windows-amd64.jar:/Users/brianweber/Desktop/SLStudio/libs/jogl-all-natives-windows-i586.jar:/Users/brianweber/Desktop/SLStudio/libs/jogl-all.jar:/Users/brianweber/Desktop/SLStudio/libs/minim.jar:/Users/brianweber/Desktop/SLStudio/libs/P3LX.jar:/Users/brianweber/.gradle/caches/modules-2/files-2.1/org.processing/core/3.3.6/f89688e748c841a79624ac2b68f92f9df3ea186a/core-3.3.6.jar:/Users/brianweber/.gradle/caches/modules-2/files-2.1/com.harium/kdtree/1.0.0/672b9c3f7f966d31baa1a1c36c186ec0d74b85c9/kdtree-1.0.0.jar:/Users/brianweber/.gradle/caches/modules-2/files-2.1/org.javassist/javassist/3.22.0-GA/3e83394258ae2089be7219b971ec21a8288528ad/javassist-3.22.0-GA.jar:/Users/brianweber/.gradle/cac
Launcher Type: SUN_STANDARD

Environment Variables:
PATH=/usr/bin:/bin:/usr/sbin:/sbin
SHELL=/bin/zsh

Signal Handlers:
SIGSEGV: [libjvm.dylib+0x5b5439], sa_mask[0]=11111111011111110111111111111111, sa_flags=SA_ONSTACK|SA_RESTART|SA_SIGINFO
SIGBUS: [libjvm.dylib+0x5b5439], sa_mask[0]=11111111011111110111111111111111, sa_flags=SA_RESTART|SA_SIGINFO
SIGFPE: [libjvm.dylib+0x48ae24], sa_mask[0]=11111111011111110111111111111111, sa_flags=SA_RESTART|SA_SIGINFO
SIGPIPE: [libjvm.dylib+0x48ae24], sa_mask[0]=11111111011111110111111111111111, sa_flags=SA_RESTART|SA_SIGINFO
SIGXFSZ: [libjvm.dylib+0x48ae24], sa_mask[0]=11111111011111110111111111111111, sa_flags=SA_RESTART|SA_SIGINFO
SIGILL: [libjvm.dylib+0x48ae24], sa_mask[0]=11111111011111110111111111111111, sa_flags=SA_RESTART|SA_SIGINFO
SIGUSR1: SIG_DFL, sa_mask[0]=00000000000000000000000000000000, sa_flags=none
SIGUSR2: [libjvm.dylib+0x48a942], sa_mask[0]=00100000000000000000000000000000, sa_flags=SA_RESTART|SA_SIGINFO
SIGHUP: [libjvm.dylib+0x488f0d], sa_mask[0]=11111111011111110111111111111111, sa_flags=SA_RESTART|SA_SIGINFO
SIGINT: [libjvm.dylib+0x488f0d], sa_mask[0]=11111111011111110111111111111111, sa_flags=SA_RESTART|SA_SIGINFO
SIGTERM: [libjvm.dylib+0x488f0d], sa_mask[0]=11111111011111110111111111111111, sa_flags=SA_RESTART|SA_SIGINFO
SIGQUIT: [libjvm.dylib+0x488f0d], sa_mask[0]=11111111011111110111111111111111, sa_flags=SA_RESTART|SA_SIGINFO


---------------  S Y S T E M  ---------------

OS:Bsduname:Darwin 17.4.0 Darwin Kernel Version 17.4.0: Sun Dec 17 09:19:54 PST 2017; root:xnu-4570.41.2~1/RELEASE_X86_64 x86_64
rlimit: STACK 8192k, CORE 0k, NPROC 1418, NOFILE 10240, AS infinity
load average:1.76 1.71 1.84

CPU:total 8 (initial active 8) (4 cores per cpu, 2 threads per core) family 6 model 158 stepping 9, cmov, cx8, fxsr, mmx, sse, sse2, sse3, ssse3, sse4.1, sse4.2, popcnt, avx, avx2, aes, clmul, erms, rtm, 3dnowpref, lzcnt, ht, tsc, tscinvbit, bmi1, bmi2, adx

Memory: 4k page, physical 16777216k(3099972k free)

/proc/meminfo:


vm_info: Java HotSpot(TM) 64-Bit Server VM (25.161-b12) for bsd-amd64 JRE (1.8.0_161-b12), built on Dec 19 2017 16:22:20 by "java_re" with gcc 4.2.1 (Based on Apple Inc. build 5658) (LLVM build 2336.11.00)

time: Sat Apr 14 15:02:08 2018
elapsed time: 53 seconds (0d 0h 0m 53s)

