#
# A fatal error has been detected by the Java Runtime Environment:
#
#  SIGBUS (0xa) at pc=0x00000001047a3791, pid=53496, tid=11011
#
# JRE version: Java(TM) SE Runtime Environment (8.0_45-b14) (build 1.8.0_45-b14)
# Java VM: Java HotSpot(TM) 64-Bit Server VM (25.45-b02 mixed mode bsd-amd64 compressed oops)
# Problematic frame:
# V  [libjvm.dylib+0x1a3791]
#
# Failed to write core dump. Core dumps have been disabled. To enable core dumping, try "ulimit -c unlimited" before starting Java again
#
# If you would like to submit a bug report, please visit:
#   http://bugreport.java.com/bugreport/crash.jsp
#

---------------  T H R E A D  ---------------

Current thread (0x00007f967d80f800):  GCTaskThread [stack: 0x0000700004497000,0x0000700004597000] [id=11011]

siginfo: si_signo: 10 (SIGBUS), si_code: 2 (BUS_ADRERR), si_addr: 0x00000007f8000008

Registers:
RAX=0x0000000104e15520, RBX=0x00000006c012fff8, RCX=0x0000000000000103, RDX=0x0000000800000101
RSP=0x0000700004596c90, RBP=0x0000700004596c90, RSI=0x00000006c012e758, RDI=0x00000007f8000000
R8 =0x00007f967d042f40, R9 =0xfffffffefa68f9c1, R10=0x000000000364763e, R11=0x000000010597063e
R12=0x0000000105929587, R13=0x00000006c00b0ba0, R14=0x00000006c012e758, R15=0x000000010612a972
RIP=0x00000001047a3791, EFLAGS=0x0000000000010206, ERR=0x0000000000000004
  TRAPNO=0x000000000000000e

Top of Stack: (sp=0x0000700004596c90)
0x0000700004596c90:   0000700004596cc0 0000000104752b55
0x0000700004596ca0:   0000000105929586 00000006c0120100
0x0000700004596cb0:   0000000105929980 0000000105929900
0x0000700004596cc0:   0000700004596d80 000000010475217a
0x0000700004596cd0:   0000000000000000 0000000000000400
0x0000700004596ce0:   fffffffefa68f9c1 0000000000000100
0x0000700004596cf0:   000000010597063d 0000000102329100
0x0000700004596d00:   000000010597063e 0000000003600800
0x0000700004596d10:   fffffffefa6d667f 000000000364763e
0x0000700004596d20:   0000000105929585 00000006c0120000
0x0000700004596d30:   00000006c8ec7a88 00000006c0130000
0x0000700004596d40:   00007f967bc050d0 00007f967d042f40
0x0000700004596d50:   00007f967bc04e50 00007f967c802530
0x0000700004596d60:   0000000000000000 0000000104befe90
0x0000700004596d70:   00007f967d042f40 0000000000000001
0x0000700004596d80:   0000700004596db0 0000000104aac12f
0x0000700004596d90:   0000000000000008 00007f967bc08030
0x0000700004596da0:   00007f967d80f800 00007f967c802530
0x0000700004596db0:   0000700004596e90 000000010486c111
0x0000700004596dc0:   0000700004596df0 00007f967bc0b400
0x0000700004596dd0:   00007f967bc0b430 00007f967bc0b440
0x0000700004596de0:   00007f967bc0b818 00000000000003d8
0x0000700004596df0:   00007f967d80f800 00007f967bc0b820
0x0000700004596e00:   00007f967bc0b860 00007f967bc0b870
0x0000700004596e10:   00007f967bc0b948 00000000000000d8
0x0000700004596e20:   0000700004596e30 0000000000000000
0x0000700004596e30:   00007f967d80f800 00007f967bc0b820
0x0000700004596e40:   00007f967bc0b860 00007f967bc0b870
0x0000700004596e50:   00007f967bc0b948 00000000000000d8
0x0000700004596e60:   00007f967bc0ba60 00007f967d80f800
0x0000700004596e70:   0000000000724070 0000000000002b03
0x0000700004596e80:   00007f967bc0c320 00007f967bc0c390 

Instructions: (pc=0x00000001047a3791)
0x00000001047a3771:   84 d2 48 89 fe 74 15 48 8d 05 a1 1d 67 00 8a 48
0x00000001047a3781:   08 8b 7e 08 48 d3 e7 48 03 38 eb 04 48 8b 7e 08
0x00000001047a3791:   8b 47 08 85 c0 7e 09 a8 01 75 4e c1 f8 03 eb 47
0x00000001047a37a1:   85 c0 7f 43 85 c0 79 41 84 d2 0f 94 c1 0f b6 c9 

Register to memory mapping:

RAX=0x0000000104e15520: _ZN8Universe13_narrow_klassE+0 in /Library/Java/JavaVirtualMachines/jdk1.8.0_45.jdk/Contents/Home/jre/lib/server/libjvm.dylib at 0x0000000104600000
RBX=
[error occurred during error reporting (printing register info), id 0xa]

Stack: [0x0000700004497000,0x0000700004597000],  sp=0x0000700004596c90,  free space=1023k
Native frames: (J=compiled Java code, j=interpreted, Vv=VM code, C=native code)
V  [libjvm.dylib+0x1a3791]
V  [libjvm.dylib+0x152b55]
V  [libjvm.dylib+0x15217a]
V  [libjvm.dylib+0x4ac12f]
V  [libjvm.dylib+0x26c111]
V  [libjvm.dylib+0x46ea7e]
C  [libsystem_pthread.dylib+0x393b]  _pthread_body+0xb4
C  [libsystem_pthread.dylib+0x3887]  _pthread_body+0x0
C  [libsystem_pthread.dylib+0x308d]  thread_start+0xd


---------------  P R O C E S S  ---------------

Java Threads: ( => current thread )
  0x00007f967c64c800 JavaThread "pool-1-thread-9" [_thread_in_native, id=149983, stack(0x00007000061fa000,0x00007000062fa000)]
  0x00007f96861b3000 JavaThread "pool-1-thread-8" [_thread_blocked, id=152615, stack(0x0000700005447000,0x0000700005547000)]
  0x00007f967c3cc800 JavaThread "pool-1-thread-7" [_thread_in_native, id=146959, stack(0x0000700005f71000,0x0000700006071000)]
  0x00007f96858a8000 JavaThread "Thread-29" daemon [_thread_in_native, id=151091, stack(0x0000700006789000,0x0000700006809000)]
  0x00007f96861ae800 JavaThread "Thread-28" daemon [_thread_in_native, id=66835, stack(0x0000700005f71000,0x0000700005ff1000)]
  0x00007f967e8e5000 JavaThread "ForkJoinPool.commonPool-worker-6" daemon [_thread_blocked, id=4639, stack(0x00007000070a7000,0x00007000071a7000)]
  0x00007f9685a49800 JavaThread "ForkJoinPool.commonPool-worker-5" daemon [_thread_blocked, id=150331, stack(0x0000700006fa4000,0x00007000070a4000)]
  0x00007f9686136000 JavaThread "ForkJoinPool.commonPool-worker-4" daemon [_thread_blocked, id=142271, stack(0x0000700006ea1000,0x0000700006fa1000)]
  0x00007f9685814800 JavaThread "ForkJoinPool.commonPool-worker-3" daemon [_thread_blocked, id=149543, stack(0x0000700006c9b000,0x0000700006d9b000)]
  0x00007f96869f9000 JavaThread "ForkJoinPool.commonPool-worker-2" daemon [_thread_blocked, id=5399, stack(0x0000700006b98000,0x0000700006c98000)]
  0x00007f968682e000 JavaThread "ForkJoinPool.commonPool-worker-1" daemon [_thread_blocked, id=5683, stack(0x0000700006a95000,0x0000700006b95000)]
  0x00007f96859a4800 JavaThread "ForkJoinPool.commonPool-worker-0" daemon [_thread_blocked, id=148495, stack(0x0000700006686000,0x0000700006786000)]
  0x00007f96858a9800 JavaThread "LXAudioEngine Input Thread" [_thread_blocked, id=147211, stack(0x0000700006583000,0x0000700006683000)]
  0x00007f967faad800 JavaThread "Thread-27" [_thread_blocked, id=151855, stack(0x0000700003f02000,0x0000700004002000)]
  0x00007f968613c000 JavaThread "Thread-26" [_thread_blocked, id=147983, stack(0x000070000554a000,0x000070000564a000)]
  0x00007f96859ac000 JavaThread "Thread-16" daemon [_thread_in_native, id=46631, stack(0x0000700005f71000,0x0000700005ff1000)]
  0x00007f967f137000 JavaThread "Thread-14" [_thread_in_native, id=147467, stack(0x0000700006d9e000,0x0000700006e9e000)]
  0x00007f967e621800 JavaThread "LXEngine Render Thread" [_thread_blocked, id=143927, stack(0x0000700006992000,0x0000700006a92000)]
  0x00007f967d600800 JavaThread "Thread-8" [_thread_in_native, id=141315, stack(0x000070000680c000,0x000070000690c000)]
  0x00007f967c72e000 JavaThread "Java Sound Event Dispatcher" daemon [_thread_blocked, id=137735, stack(0x0000700006480000,0x0000700006580000)]
  0x00007f968006f800 JavaThread "LXEngine Network Thread" [_thread_blocked, id=138251, stack(0x000070000637d000,0x000070000647d000)]
  0x00007f967e6d3000 JavaThread "Thread-6" [_thread_in_native, id=32291, stack(0x000070000595c000,0x0000700005a5c000)]
  0x00007f967c458000 JavaThread "Timer-0" [_thread_blocked, id=139271, stack(0x0000700005deb000,0x0000700005eeb000)]
  0x00007f967d461800 JavaThread "DestroyJavaVM" [_thread_blocked, id=7171, stack(0x000070000408b000,0x000070000418b000)]
  0x00007f967e212800 JavaThread "main-FPSAWTAnimator#00-Timer0" [_thread_in_native, id=69123, stack(0x0000700005c65000,0x0000700005d65000)]
  0x00007f967e20f000 JavaThread "Thread-2" [_thread_blocked, id=68627, stack(0x0000700005b62000,0x0000700005c62000)]
  0x00007f967c120000 JavaThread "main-Display-.macosx_nil-1-EDT-1" daemon [_thread_blocked, id=68099, stack(0x0000700005a5f000,0x0000700005b5f000)]
  0x00007f967e0f7800 JavaThread "Java2D Disposer" daemon [_thread_blocked, id=61967, stack(0x0000700005859000,0x0000700005959000)]
  0x00007f967c121800 JavaThread "Java2D Queue Flusher" daemon [_thread_blocked, id=59655, stack(0x0000700005756000,0x0000700005856000)]
  0x00007f967e021000 JavaThread "AWT-AppKit" daemon [_thread_in_native, id=775, stack(0x00007fff5bed5000,0x00007fff5c6d5000)]
  0x00007f967e023000 JavaThread "Service Thread" daemon [_thread_blocked, id=21251, stack(0x00007000051be000,0x00007000052be000)]
  0x00007f967d82a800 JavaThread "C1 CompilerThread3" daemon [_thread_blocked, id=20739, stack(0x00007000050bb000,0x00007000051bb000)]
  0x00007f967d829800 JavaThread "C2 CompilerThread2" daemon [_thread_blocked, id=20227, stack(0x0000700004fb8000,0x00007000050b8000)]
  0x00007f967d800000 JavaThread "C2 CompilerThread1" daemon [_thread_blocked, id=19715, stack(0x0000700004eb5000,0x0000700004fb5000)]
  0x00007f967c01b000 JavaThread "C2 CompilerThread0" daemon [_thread_blocked, id=19203, stack(0x0000700004db2000,0x0000700004eb2000)]
  0x00007f967c00d000 JavaThread "Signal Dispatcher" daemon [_thread_blocked, id=18691, stack(0x0000700004caf000,0x0000700004daf000)]
  0x00007f967d047000 JavaThread "Finalizer" daemon [_thread_blocked, id=14595, stack(0x0000700004bac000,0x0000700004cac000)]
  0x00007f967d046800 JavaThread "Reference Handler" daemon [_thread_blocked, id=14083, stack(0x0000700004aa9000,0x0000700004ba9000)]

Other Threads:
  0x00007f967d044000 VMThread [stack: 0x00007000049a6000,0x0000700004aa6000] [id=13571]
  0x00007f967d0b6000 WatcherThread [stack: 0x00007000052c1000,0x00007000053c1000] [id=21763]

=>0x00007f967d80f800 (exited) GCTaskThread [stack: 0x0000700004497000,0x0000700004597000] [id=11011]

VM state:at safepoint (normal execution)

VM Mutex/Monitor currently owned by a thread:  ([mutex/lock_event])
[0x00007f967bf037a0] Threads_lock - owner thread: 0x00007f967d044000
[0x00007f967bf03ca0] Heap_lock - owner thread: 0x00007f9685814800

Heap:
 PSYoungGen      total 39936K, used 39680K [0x000000076ab00000, 0x000000077a580000, 0x00000007c0000000)
  eden space 39424K, 100% used [0x000000076ab00000,0x000000076d180000,0x000000076d180000)
  from space 512K, 50% used [0x000000077a480000,0x000000077a4c0000,0x000000077a500000)
  to   space 512K, 25% used [0x000000077a500000,0x000000077a520000,0x000000077a580000)
 ParOldGen       total 264704K, used 146206K [0x00000006c0000000, 0x00000006d0280000, 0x000000076ab00000)
  object space 264704K, 55% used [0x00000006c0000000,0x00000006c8ec7a88,0x00000006d0280000)
 Metaspace       used 27424K, capacity 27765K, committed 28160K, reserved 1075200K
  class space    used 3118K, capacity 3223K, committed 3328K, reserved 1048576K

Card table byte_map: [0x0000000105929000,0x000000010612a000] byte_map_base: 0x0000000102329000

Marking Bits: (ParMarkBitMap*) 0x0000000104ec27a0
 Begin Bits: [0x000000011634c000, 0x000000011a34c000)
 End Bits:   [0x000000011a34c000, 0x000000011e34c000)

Polling page: 0x00000001035eb000

CodeCache: size=245760Kb used=12757Kb max_used=13350Kb free=233002Kb
 bounds [0x000000010734c000, 0x00000001080bc000, 0x000000011634c000]
 total_blobs=4924 nmethods=3974 adapters=862
 compilation: enabled

Compilation events (10 events):
Event: 2250.205 Thread 0x00007f967d82a800 5359       3       sun.misc.FloatingDecimal$BinaryToASCIIBuffer::dtoa (1509 bytes)
Event: 2250.211 Thread 0x00007f967d82a800 nmethod 5359 0x00000001074980d0 code [0x0000000107498520, 0x000000010749acf8]
Event: 2258.376 Thread 0x00007f967d829800 5360       4       sun.misc.FloatingDecimal$BinaryToASCIIBuffer::dtoa (1509 bytes)
Event: 2258.438 Thread 0x00007f967d829800 nmethod 5360 0x0000000107d52910 code [0x0000000107d52b40, 0x0000000107d542a8]
Event: 2368.238 Thread 0x00007f967d800000 5361       4       java.util.concurrent.ConcurrentLinkedQueue::offer (115 bytes)
Event: 2368.242 Thread 0x00007f967d800000 nmethod 5361 0x0000000107a65190 code [0x0000000107a652e0, 0x0000000107a654f8]
Event: 2467.274 Thread 0x00007f967d82a800 5362       1       uk.co.xfactorylibrarians.coremidi4j.CoreMidiDeviceProvider$MidiProperties::access$300 (5 bytes)
Event: 2467.274 Thread 0x00007f967d82a800 nmethod 5362 0x00000001076f83d0 code [0x00000001076f8520, 0x00000001076f8610]
Event: 2467.274 Thread 0x00007f967d829800 5363       4       java.lang.Integer::equals (29 bytes)
Event: 2467.276 Thread 0x00007f967d829800 nmethod 5363 0x0000000107ac23d0 code [0x0000000107ac2520, 0x0000000107ac25d8]

GC Heap History (10 events):
Event: 2496.875 GC heap after
Heap after GC invocations=3363 (full 2):
 PSYoungGen      total 39936K, used 288K [0x000000076ab00000, 0x000000077a580000, 0x00000007c0000000)
  eden space 39424K, 0% used [0x000000076ab00000,0x000000076ab00000,0x000000076d180000)
  from space 512K, 56% used [0x000000077a480000,0x000000077a4c8000,0x000000077a500000)
  to   space 512K, 0% used [0x000000077a500000,0x000000077a500000,0x000000077a580000)
 ParOldGen       total 264704K, used 146200K [0x00000006c0000000, 0x00000006d0280000, 0x000000076ab00000)
  object space 264704K, 55% used [0x00000006c0000000,0x00000006c8ec6228,0x00000006d0280000)
 Metaspace       used 27424K, capacity 27765K, committed 28160K, reserved 1075200K
  class space    used 3118K, capacity 3223K, committed 3328K, reserved 1048576K
}
Event: 2497.411 GC heap before
{Heap before GC invocations=3364 (full 2):
 PSYoungGen      total 39936K, used 39712K [0x000000076ab00000, 0x000000077a580000, 0x00000007c0000000)
  eden space 39424K, 100% used [0x000000076ab00000,0x000000076d180000,0x000000076d180000)
  from space 512K, 56% used [0x000000077a480000,0x000000077a4c8000,0x000000077a500000)
  to   space 512K, 0% used [0x000000077a500000,0x000000077a500000,0x000000077a580000)
 ParOldGen       total 264704K, used 146204K [0x00000006c0000000, 0x00000006d0280000, 0x000000076ab00000)
  object space 264704K, 55% used [0x00000006c0000000,0x00000006c8ec7348,0x00000006d0280000)
 Metaspace       used 27424K, capacity 27765K, committed 28160K, reserved 1075200K
  class space    used 3118K, capacity 3223K, committed 3328K, reserved 1048576K
Event: 2497.413 GC heap after
Heap after GC invocations=3364 (full 2):
 PSYoungGen      total 39936K, used 288K [0x000000076ab00000, 0x000000077a580000, 0x00000007c0000000)
  eden space 39424K, 0% used [0x000000076ab00000,0x000000076ab00000,0x000000076d180000)
  from space 512K, 56% used [0x000000077a500000,0x000000077a548000,0x000000077a580000)
  to   space 512K, 0% used [0x000000077a480000,0x000000077a480000,0x000000077a500000)
 ParOldGen       total 264704K, used 146204K [0x00000006c0000000, 0x00000006d0280000, 0x000000076ab00000)
  object space 264704K, 55% used [0x00000006c0000000,0x00000006c8ec7348,0x00000006d0280000)
 Metaspace       used 27424K, capacity 27765K, committed 28160K, reserved 1075200K
  class space    used 3118K, capacity 3223K, committed 3328K, reserved 1048576K
}
Event: 2497.946 GC heap before
{Heap before GC invocations=3365 (full 2):
 PSYoungGen      total 39936K, used 39712K [0x000000076ab00000, 0x000000077a580000, 0x00000007c0000000)
  eden space 39424K, 100% used [0x000000076ab00000,0x000000076d180000,0x000000076d180000)
  from space 512K, 56% used [0x000000077a500000,0x000000077a548000,0x000000077a580000)
  to   space 512K, 0% used [0x000000077a480000,0x000000077a480000,0x000000077a500000)
 ParOldGen       total 264704K, used 146206K [0x00000006c0000000, 0x00000006d0280000, 0x000000076ab00000)
  object space 264704K, 55% used [0x00000006c0000000,0x00000006c8ec7a88,0x00000006d0280000)
 Metaspace       used 27424K, capacity 27765K, committed 28160K, reserved 1075200K
  class space    used 3118K, capacity 3223K, committed 3328K, reserved 1048576K
Event: 2497.948 GC heap after
Heap after GC invocations=3365 (full 2):
 PSYoungGen      total 39936K, used 224K [0x000000076ab00000, 0x000000077a580000, 0x00000007c0000000)
  eden space 39424K, 0% used [0x000000076ab00000,0x000000076ab00000,0x000000076d180000)
  from space 512K, 43% used [0x000000077a480000,0x000000077a4b8000,0x000000077a500000)
  to   space 512K, 0% used [0x000000077a500000,0x000000077a500000,0x000000077a580000)
 ParOldGen       total 264704K, used 146206K [0x00000006c0000000, 0x00000006d0280000, 0x000000076ab00000)
  object space 264704K, 55% used [0x00000006c0000000,0x00000006c8ec7a88,0x00000006d0280000)
 Metaspace       used 27424K, capacity 27765K, committed 28160K, reserved 1075200K
  class space    used 3118K, capacity 3223K, committed 3328K, reserved 1048576K
}
Event: 2498.491 GC heap before
{Heap before GC invocations=3366 (full 2):
 PSYoungGen      total 39936K, used 39648K [0x000000076ab00000, 0x000000077a580000, 0x00000007c0000000)
  eden space 39424K, 100% used [0x000000076ab00000,0x000000076d180000,0x000000076d180000)
  from space 512K, 43% used [0x000000077a480000,0x000000077a4b8000,0x000000077a500000)
  to   space 512K, 0% used [0x000000077a500000,0x000000077a500000,0x000000077a580000)
 ParOldGen       total 264704K, used 146206K [0x00000006c0000000, 0x00000006d0280000, 0x000000076ab00000)
  object space 264704K, 55% used [0x00000006c0000000,0x00000006c8ec7a88,0x00000006d0280000)
 Metaspace       used 27424K, capacity 27765K, committed 28160K, reserved 1075200K
  class space    used 3118K, capacity 3223K, committed 3328K, reserved 1048576K
Event: 2498.493 GC heap after
Heap after GC invocations=3366 (full 2):
 PSYoungGen      total 39936K, used 288K [0x000000076ab00000, 0x000000077a580000, 0x00000007c0000000)
  eden space 39424K, 0% used [0x000000076ab00000,0x000000076ab00000,0x000000076d180000)
  from space 512K, 56% used [0x000000077a500000,0x000000077a548000,0x000000077a580000)
  to   space 512K, 0% used [0x000000077a480000,0x000000077a480000,0x000000077a500000)
 ParOldGen       total 264704K, used 146206K [0x00000006c0000000, 0x00000006d0280000, 0x000000076ab00000)
  object space 264704K, 55% used [0x00000006c0000000,0x00000006c8ec7a88,0x00000006d0280000)
 Metaspace       used 27424K, capacity 27765K, committed 28160K, reserved 1075200K
  class space    used 3118K, capacity 3223K, committed 3328K, reserved 1048576K
}
Event: 2499.032 GC heap before
{Heap before GC invocations=3367 (full 2):
 PSYoungGen      total 39936K, used 39712K [0x000000076ab00000, 0x000000077a580000, 0x00000007c0000000)
  eden space 39424K, 100% used [0x000000076ab00000,0x000000076d180000,0x000000076d180000)
  from space 512K, 56% used [0x000000077a500000,0x000000077a548000,0x000000077a580000)
  to   space 512K, 0% used [0x000000077a480000,0x000000077a480000,0x000000077a500000)
 ParOldGen       total 264704K, used 146206K [0x00000006c0000000, 0x00000006d0280000, 0x000000076ab00000)
  object space 264704K, 55% used [0x00000006c0000000,0x00000006c8ec7a88,0x00000006d0280000)
 Metaspace       used 27424K, capacity 27765K, committed 28160K, reserved 1075200K
  class space    used 3118K, capacity 3223K, committed 3328K, reserved 1048576K
Event: 2499.034 GC heap after
Heap after GC invocations=3367 (full 2):
 PSYoungGen      total 39936K, used 256K [0x000000076ab00000, 0x000000077a580000, 0x00000007c0000000)
  eden space 39424K, 0% used [0x000000076ab00000,0x000000076ab00000,0x000000076d180000)
  from space 512K, 50% used [0x000000077a480000,0x000000077a4c0000,0x000000077a500000)
  to   space 512K, 0% used [0x000000077a500000,0x000000077a500000,0x000000077a580000)
 ParOldGen       total 264704K, used 146206K [0x00000006c0000000, 0x00000006d0280000, 0x000000076ab00000)
  object space 264704K, 55% used [0x00000006c0000000,0x00000006c8ec7a88,0x00000006d0280000)
 Metaspace       used 27424K, capacity 27765K, committed 28160K, reserved 1075200K
  class space    used 3118K, capacity 3223K, committed 3328K, reserved 1048576K
}
Event: 2499.590 GC heap before
{Heap before GC invocations=3368 (full 2):
 PSYoungGen      total 39936K, used 39680K [0x000000076ab00000, 0x000000077a580000, 0x00000007c0000000)
  eden space 39424K, 100% used [0x000000076ab00000,0x000000076d180000,0x000000076d180000)
  from space 512K, 50% used [0x000000077a480000,0x000000077a4c0000,0x000000077a500000)
  to   space 512K, 0% used [0x000000077a500000,0x000000077a500000,0x000000077a580000)
 ParOldGen       total 264704K, used 146206K [0x00000006c0000000, 0x00000006d0280000, 0x000000076ab00000)
  object space 264704K, 55% used [0x00000006c0000000,0x00000006c8ec7a88,0x00000006d0280000)
 Metaspace       used 27424K, capacity 27765K, committed 28160K, reserved 1075200K
  class space    used 3118K, capacity 3223K, committed 3328K, reserved 1048576K

Deoptimization events (10 events):
Event: 229.695 Thread 0x00007f967e621800 Uncommon trap: reason=unstable_if action=reinterpret pc=0x0000000107b83a44 method=com.symmetrylabs.slstudio.pattern.Noise.CalcPoint(Lprocessing/core/PVector;)I @ 34
Event: 229.697 Thread 0x00007f967e621800 Uncommon trap: reason=bimorphic action=maybe_recompile pc=0x0000000107bcaf78 method=com.symmetrylabs.slstudio.pattern.base.DPat.run(D)V @ 28
Event: 229.704 Thread 0x00007f967e621800 Uncommon trap: reason=bimorphic action=maybe_recompile pc=0x0000000107bcaf78 method=com.symmetrylabs.slstudio.pattern.base.DPat.run(D)V @ 28
Event: 229.711 Thread 0x00007f967e621800 Uncommon trap: reason=bimorphic action=maybe_recompile pc=0x0000000107bcaf78 method=com.symmetrylabs.slstudio.pattern.base.DPat.run(D)V @ 28
Event: 229.718 Thread 0x00007f967e621800 Uncommon trap: reason=bimorphic action=maybe_recompile pc=0x0000000107bcaf78 method=com.symmetrylabs.slstudio.pattern.base.DPat.run(D)V @ 28
Event: 292.882 Thread 0x00007f967e621800 Uncommon trap: reason=unstable_if action=reinterpret pc=0x0000000108059774 method=heronarts.lx.blend.MultiplyBlend.multiply([I[ID[I)V @ 43
Event: 292.883 Thread 0x00007f967e621800 Uncommon trap: reason=unstable_if action=reinterpret pc=0x0000000107b8c988 method=heronarts.lx.blend.MultiplyBlend.multiply([I[ID[I)V @ 43
Event: 292.900 Thread 0x00007f967e621800 Uncommon trap: reason=unstable_if action=reinterpret pc=0x0000000107aaec0c method=heronarts.lx.blend.MultiplyBlend.multiply([I[ID[I)V @ 43
Event: 2133.671 Thread 0x00007f967e212800 Uncommon trap: reason=unstable_if action=reinterpret pc=0x0000000107abb098 method=sun.misc.FloatingDecimal$BinaryToASCIIBuffer.getChars([C)I @ 150
Event: 2250.205 Thread 0x00007f967e212800 Uncommon trap: reason=unstable_if action=reinterpret pc=0x00000001075e0270 method=sun.misc.FloatingDecimal$BinaryToASCIIBuffer.dtoa(IJIZ)V @ 1459

Internal exceptions (10 events):
Event: 2494.689 Thread 0x00007f967c64c800 Exception <a 'java/net/SocketTimeoutException': Receive timed out> (0x000000076cfbdf30) thrown at [/Users/java_re/workspace/8-2-build-macosx-x86_64/jdk8u45/3457/hotspot/src/share/vm/prims/jni.cpp, line 735]
Event: 2495.201 Thread 0x00007f967c3cc800 Exception <a 'java/net/SocketTimeoutException': Receive timed out> (0x000000076ce4cbd8) thrown at [/Users/java_re/workspace/8-2-build-macosx-x86_64/jdk8u45/3457/hotspot/src/share/vm/prims/jni.cpp, line 735]
Event: 2495.705 Thread 0x00007f967c64c800 Exception <a 'java/net/SocketTimeoutException': Receive timed out> (0x000000076cbbbd18) thrown at [/Users/java_re/workspace/8-2-build-macosx-x86_64/jdk8u45/3457/hotspot/src/share/vm/prims/jni.cpp, line 735]
Event: 2496.218 Thread 0x00007f967c3cc800 Exception <a 'java/net/SocketTimeoutException': Receive timed out> (0x000000076c9aa380) thrown at [/Users/java_re/workspace/8-2-build-macosx-x86_64/jdk8u45/3457/hotspot/src/share/vm/prims/jni.cpp, line 735]
Event: 2496.723 Thread 0x00007f967c64c800 Exception <a 'java/net/SocketTimeoutException': Receive timed out> (0x000000076c6560c8) thrown at [/Users/java_re/workspace/8-2-build-macosx-x86_64/jdk8u45/3457/hotspot/src/share/vm/prims/jni.cpp, line 735]
Event: 2497.228 Thread 0x00007f967c3cc800 Exception <a 'java/net/SocketTimeoutException': Receive timed out> (0x000000076c46ae80) thrown at [/Users/java_re/workspace/8-2-build-macosx-x86_64/jdk8u45/3457/hotspot/src/share/vm/prims/jni.cpp, line 735]
Event: 2497.732 Thread 0x00007f967c64c800 Exception <a 'java/net/SocketTimeoutException': Receive timed out> (0x000000076c1e62c8) thrown at [/Users/java_re/workspace/8-2-build-macosx-x86_64/jdk8u45/3457/hotspot/src/share/vm/prims/jni.cpp, line 735]
Event: 2498.246 Thread 0x00007f967c3cc800 Exception <a 'java/net/SocketTimeoutException': Receive timed out> (0x000000076c0c2f00) thrown at [/Users/java_re/workspace/8-2-build-macosx-x86_64/jdk8u45/3457/hotspot/src/share/vm/prims/jni.cpp, line 735]
Event: 2498.750 Thread 0x00007f967c64c800 Exception <a 'java/net/SocketTimeoutException': Receive timed out> (0x000000076bd9f078) thrown at [/Users/java_re/workspace/8-2-build-macosx-x86_64/jdk8u45/3457/hotspot/src/share/vm/prims/jni.cpp, line 735]
Event: 2499.256 Thread 0x00007f967c3cc800 Exception <a 'java/net/SocketTimeoutException': Receive timed out> (0x000000076bb64228) thrown at [/Users/java_re/workspace/8-2-build-macosx-x86_64/jdk8u45/3457/hotspot/src/share/vm/prims/jni.cpp, line 735]

Events (10 events):
Event: 2497.945 Executing VM operation: ParallelGCFailedAllocation
Event: 2497.948 Executing VM operation: ParallelGCFailedAllocation done
Event: 2498.490 Executing VM operation: ParallelGCFailedAllocation
Event: 2498.493 Executing VM operation: ParallelGCFailedAllocation done
Event: 2498.791 Executing VM operation: RevokeBias
Event: 2498.791 Executing VM operation: RevokeBias done
Event: 2498.791 Thread 0x00007f967c36f800 Thread exited: 0x00007f967c36f800
Event: 2499.032 Executing VM operation: ParallelGCFailedAllocation
Event: 2499.035 Executing VM operation: ParallelGCFailedAllocation done
Event: 2499.590 Executing VM operation: ParallelGCFailedAllocation


Dynamic libraries:
0x00000000036c0000 	/System/Library/Frameworks/Cocoa.framework/Versions/A/Cocoa
0x00000000036c0000 	/System/Library/Frameworks/Security.framework/Versions/A/Security
0x00000000036c0000 	/System/Library/Frameworks/ApplicationServices.framework/Versions/A/ApplicationServices
0x00000000036c0000 	/usr/lib/libz.1.dylib
0x00000000036c0000 	/usr/lib/libSystem.B.dylib
0x00000000036c0000 	/usr/lib/libobjc.A.dylib
0x00000000036c0000 	/System/Library/Frameworks/CoreFoundation.framework/Versions/A/CoreFoundation
0x00000000036c0000 	/System/Library/Frameworks/Foundation.framework/Versions/C/Foundation
0x00000000036c0000 	/System/Library/Frameworks/AppKit.framework/Versions/C/AppKit
0x00000000036c0000 	/System/Library/Frameworks/CoreData.framework/Versions/A/CoreData
0x00000000036c0000 	/System/Library/PrivateFrameworks/RemoteViewServices.framework/Versions/A/RemoteViewServices
0x00000000036c0000 	/System/Library/PrivateFrameworks/UIFoundation.framework/Versions/A/UIFoundation
0x00000000036c0000 	/System/Library/PrivateFrameworks/DFRFoundation.framework/Versions/A/DFRFoundation
0x00000000036c0000 	/usr/lib/libenergytrace.dylib
0x00000000036c0000 	/System/Library/PrivateFrameworks/SkyLight.framework/Versions/A/SkyLight
0x00000000036c0000 	/System/Library/Frameworks/CoreGraphics.framework/Versions/A/CoreGraphics
0x00000000036c0000 	/usr/lib/libScreenReader.dylib
0x00000000036c0000 	/System/Library/Frameworks/Accelerate.framework/Versions/A/Accelerate
0x00000000036c0000 	/System/Library/Frameworks/IOSurface.framework/Versions/A/IOSurface
0x00000000036c0000 	/System/Library/Frameworks/AudioToolbox.framework/Versions/A/AudioToolbox
0x00000000036c0000 	/System/Library/Frameworks/AudioUnit.framework/Versions/A/AudioUnit
0x00000000036c0000 	/System/Library/PrivateFrameworks/DataDetectorsCore.framework/Versions/A/DataDetectorsCore
0x00000000036c0000 	/System/Library/PrivateFrameworks/DesktopServicesPriv.framework/Versions/A/DesktopServicesPriv
0x00000000036c0000 	/System/Library/Frameworks/Carbon.framework/Versions/A/Frameworks/HIToolbox.framework/Versions/A/HIToolbox
0x00000000036c0000 	/usr/lib/libicucore.A.dylib
0x00000000036c0000 	/System/Library/Frameworks/QuartzCore.framework/Versions/A/QuartzCore
0x00000000036c0000 	/System/Library/Frameworks/Carbon.framework/Versions/A/Frameworks/SpeechRecognition.framework/Versions/A/SpeechRecognition
0x00000000036c0000 	/usr/lib/libauto.dylib
0x00000000036c0000 	/usr/lib/libxml2.2.dylib
0x00000000036c0000 	/System/Library/PrivateFrameworks/CoreUI.framework/Versions/A/CoreUI
0x00000000036c0000 	/System/Library/Frameworks/CoreAudio.framework/Versions/A/CoreAudio
0x00000000036c0000 	/System/Library/Frameworks/DiskArbitration.framework/Versions/A/DiskArbitration
0x00000000036c0000 	/usr/lib/liblangid.dylib
0x00000000036c0000 	/System/Library/PrivateFrameworks/MultitouchSupport.framework/Versions/A/MultitouchSupport
0x00000000036c0000 	/System/Library/Frameworks/IOKit.framework/Versions/A/IOKit
0x00000000036c0000 	/usr/lib/libDiagnosticMessagesClient.dylib
0x00000000036c0000 	/System/Library/Frameworks/CoreServices.framework/Versions/A/CoreServices
0x00000000036c0000 	/System/Library/PrivateFrameworks/PerformanceAnalysis.framework/Versions/A/PerformanceAnalysis
0x00000000036c0000 	/System/Library/PrivateFrameworks/GenerationalStorage.framework/Versions/A/GenerationalStorage
0x00000000036c0000 	/System/Library/Frameworks/OpenGL.framework/Versions/A/OpenGL
0x00000000036c0000 	/System/Library/Frameworks/CoreImage.framework/Versions/A/CoreImage
0x00000000036c0000 	/System/Library/Frameworks/CoreText.framework/Versions/A/CoreText
0x00000000036c0000 	/System/Library/Frameworks/ImageIO.framework/Versions/A/ImageIO
0x00000000036c0000 	/System/Library/PrivateFrameworks/Backup.framework/Versions/A/Backup
0x00000000036c0000 	/usr/lib/libarchive.2.dylib
0x00000000036c0000 	/System/Library/Frameworks/CFNetwork.framework/Versions/A/CFNetwork
0x00000000036c0000 	/System/Library/Frameworks/SystemConfiguration.framework/Versions/A/SystemConfiguration
0x00000000036c0000 	/usr/lib/libCRFSuite.dylib
0x00000000036c0000 	/usr/lib/libc++.1.dylib
0x00000000036c0000 	/usr/lib/libc++abi.dylib
0x00000000036c0000 	/usr/lib/system/libcache.dylib
0x00000000036c0000 	/usr/lib/system/libcommonCrypto.dylib
0x00000000036c0000 	/usr/lib/system/libcompiler_rt.dylib
0x00000000036c0000 	/usr/lib/system/libcopyfile.dylib
0x00000000036c0000 	/usr/lib/system/libcorecrypto.dylib
0x00000000036c0000 	/usr/lib/system/libdispatch.dylib
0x00000000036c0000 	/usr/lib/system/libdyld.dylib
0x00000000036c0000 	/usr/lib/system/libkeymgr.dylib
0x00000000036c0000 	/usr/lib/system/liblaunch.dylib
0x00000000036c0000 	/usr/lib/system/libmacho.dylib
0x00000000036c0000 	/usr/lib/system/libquarantine.dylib
0x00000000036c0000 	/usr/lib/system/libremovefile.dylib
0x00000000036c0000 	/usr/lib/system/libsystem_asl.dylib
0x00000000036c0000 	/usr/lib/system/libsystem_blocks.dylib
0x00000000036c0000 	/usr/lib/system/libsystem_c.dylib
0x00000000036c0000 	/usr/lib/system/libsystem_configuration.dylib
0x00000000036c0000 	/usr/lib/system/libsystem_coreservices.dylib
0x00000000036c0000 	/usr/lib/system/libsystem_coretls.dylib
0x00000000036c0000 	/usr/lib/system/libsystem_dnssd.dylib
0x00000000036c0000 	/usr/lib/system/libsystem_info.dylib
0x00000000036c0000 	/usr/lib/system/libsystem_kernel.dylib
0x00000000036c0000 	/usr/lib/system/libsystem_m.dylib
0x00000000036c0000 	/usr/lib/system/libsystem_malloc.dylib
0x00000000036c0000 	/usr/lib/system/libsystem_network.dylib
0x00000000036c0000 	/usr/lib/system/libsystem_networkextension.dylib
0x00000000036c0000 	/usr/lib/system/libsystem_notify.dylib
0x00000000036c0000 	/usr/lib/system/libsystem_platform.dylib
0x00000000036c0000 	/usr/lib/system/libsystem_pthread.dylib
0x00000000036c0000 	/usr/lib/system/libsystem_sandbox.dylib
0x00000000036c0000 	/usr/lib/system/libsystem_secinit.dylib
0x00000000036c0000 	/usr/lib/system/libsystem_symptoms.dylib
0x00000000036c0000 	/usr/lib/system/libsystem_trace.dylib
0x00000000036c0000 	/usr/lib/system/libunwind.dylib
0x00000000036c0000 	/usr/lib/system/libxpc.dylib
0x00000000036c0000 	/usr/lib/libbsm.0.dylib
0x00000000036c0000 	/usr/lib/system/libkxld.dylib
0x00000000036c0000 	/usr/lib/libcoretls.dylib
0x00000000036c0000 	/usr/lib/libcoretls_cfhelpers.dylib
0x00000000036c0000 	/usr/lib/libOpenScriptingUtil.dylib
0x00000000036c0000 	/usr/lib/libpam.2.dylib
0x00000000036c0000 	/usr/lib/libsqlite3.dylib
0x00000000036c0000 	/usr/lib/libxar.1.dylib
0x00000000036c0000 	/usr/lib/libbz2.1.0.dylib
0x00000000036c0000 	/usr/lib/liblzma.5.dylib
0x00000000036c0000 	/usr/lib/libnetwork.dylib
0x00000000036c0000 	/usr/lib/libpcap.A.dylib
0x00000000036c0000 	/System/Library/Frameworks/CoreServices.framework/Versions/A/Frameworks/FSEvents.framework/Versions/A/FSEvents
0x00000000036c0000 	/System/Library/Frameworks/CoreServices.framework/Versions/A/Frameworks/CarbonCore.framework/Versions/A/CarbonCore
0x00000000036c0000 	/System/Library/Frameworks/CoreServices.framework/Versions/A/Frameworks/Metadata.framework/Versions/A/Metadata
0x00000000036c0000 	/System/Library/Frameworks/CoreServices.framework/Versions/A/Frameworks/OSServices.framework/Versions/A/OSServices
0x00000000036c0000 	/System/Library/Frameworks/CoreServices.framework/Versions/A/Frameworks/SearchKit.framework/Versions/A/SearchKit
0x00000000036c0000 	/System/Library/Frameworks/CoreServices.framework/Versions/A/Frameworks/AE.framework/Versions/A/AE
0x00000000036c0000 	/System/Library/Frameworks/CoreServices.framework/Versions/A/Frameworks/LaunchServices.framework/Versions/A/LaunchServices
0x00000000036c0000 	/System/Library/Frameworks/CoreServices.framework/Versions/A/Frameworks/DictionaryServices.framework/Versions/A/DictionaryServices
0x00000000036c0000 	/System/Library/Frameworks/CoreServices.framework/Versions/A/Frameworks/SharedFileList.framework/Versions/A/SharedFileList
0x00000000036c0000 	/System/Library/Frameworks/NetFS.framework/Versions/A/NetFS
0x00000000036c0000 	/System/Library/PrivateFrameworks/NetAuth.framework/Versions/A/NetAuth
0x00000000036c0000 	/System/Library/PrivateFrameworks/login.framework/Versions/A/Frameworks/loginsupport.framework/Versions/A/loginsupport
0x00000000036c0000 	/System/Library/PrivateFrameworks/TCC.framework/Versions/A/TCC
0x00000000036c0000 	/usr/lib/libmecabra.dylib
0x00000000036c0000 	/System/Library/Frameworks/ApplicationServices.framework/Versions/A/Frameworks/ATS.framework/Versions/A/ATS
0x00000000036c0000 	/System/Library/Frameworks/ApplicationServices.framework/Versions/A/Frameworks/ColorSync.framework/Versions/A/ColorSync
0x00000000036c0000 	/System/Library/Frameworks/ApplicationServices.framework/Versions/A/Frameworks/HIServices.framework/Versions/A/HIServices
0x00000000036c0000 	/System/Library/Frameworks/ApplicationServices.framework/Versions/A/Frameworks/LangAnalysis.framework/Versions/A/LangAnalysis
0x00000000036c0000 	/System/Library/Frameworks/ApplicationServices.framework/Versions/A/Frameworks/PrintCore.framework/Versions/A/PrintCore
0x00000000036c0000 	/System/Library/Frameworks/ApplicationServices.framework/Versions/A/Frameworks/QD.framework/Versions/A/QD
0x00000000036c0000 	/System/Library/Frameworks/ApplicationServices.framework/Versions/A/Frameworks/SpeechSynthesis.framework/Versions/A/SpeechSynthesis
0x00000000036c0000 	/System/Library/Frameworks/Accelerate.framework/Versions/A/Frameworks/vImage.framework/Versions/A/vImage
0x00000000036c0000 	/System/Library/Frameworks/Accelerate.framework/Versions/A/Frameworks/vecLib.framework/Versions/A/vecLib
0x00000000036c0000 	/System/Library/Frameworks/Accelerate.framework/Versions/A/Frameworks/vecLib.framework/Versions/A/libvDSP.dylib
0x00000000036c0000 	/System/Library/Frameworks/Accelerate.framework/Versions/A/Frameworks/vecLib.framework/Versions/A/libBNNS.dylib
0x00000000036c0000 	/System/Library/Frameworks/Accelerate.framework/Versions/A/Frameworks/vecLib.framework/Versions/A/libQuadrature.dylib
0x00000000036c0000 	/System/Library/Frameworks/Accelerate.framework/Versions/A/Frameworks/vecLib.framework/Versions/A/libvMisc.dylib
0x00000000036c0000 	/System/Library/Frameworks/Accelerate.framework/Versions/A/Frameworks/vecLib.framework/Versions/A/libLAPACK.dylib
0x00000000036c0000 	/System/Library/Frameworks/Accelerate.framework/Versions/A/Frameworks/vecLib.framework/Versions/A/libBLAS.dylib
0x00000000036c0000 	/System/Library/Frameworks/Accelerate.framework/Versions/A/Frameworks/vecLib.framework/Versions/A/libLinearAlgebra.dylib
0x00000000036c0000 	/System/Library/Frameworks/Accelerate.framework/Versions/A/Frameworks/vecLib.framework/Versions/A/libSparseBLAS.dylib
0x00000000036c0000 	/System/Library/Frameworks/ApplicationServices.framework/Versions/A/Frameworks/ATS.framework/Versions/A/Resources/libFontParser.dylib
0x00000000036c0000 	/System/Library/Frameworks/ApplicationServices.framework/Versions/A/Frameworks/ATS.framework/Versions/A/Resources/libFontRegistry.dylib
0x00000000036c0000 	/System/Library/Frameworks/ImageIO.framework/Versions/A/Resources/libJPEG.dylib
0x00000000036c0000 	/System/Library/Frameworks/ImageIO.framework/Versions/A/Resources/libTIFF.dylib
0x00000000036c0000 	/System/Library/Frameworks/ImageIO.framework/Versions/A/Resources/libPng.dylib
0x00000000036c0000 	/System/Library/Frameworks/ImageIO.framework/Versions/A/Resources/libGIF.dylib
0x00000000036c0000 	/System/Library/Frameworks/ImageIO.framework/Versions/A/Resources/libJP2.dylib
0x00000000036c0000 	/System/Library/Frameworks/ImageIO.framework/Versions/A/Resources/libRadiance.dylib
0x00000000036c0000 	/usr/lib/libcompression.dylib
0x00000000036c0000 	/System/Library/PrivateFrameworks/AppleJPEG.framework/Versions/A/AppleJPEG
0x00000000036c0000 	/usr/lib/libcups.2.dylib
0x00000000036c0000 	/System/Library/Frameworks/Kerberos.framework/Versions/A/Kerberos
0x00000000036c0000 	/System/Library/Frameworks/GSS.framework/Versions/A/GSS
0x00000000036c0000 	/usr/lib/libresolv.9.dylib
0x00000000036c0000 	/usr/lib/libiconv.2.dylib
0x00000000036c0000 	/System/Library/PrivateFrameworks/Heimdal.framework/Versions/A/Heimdal
0x00000000036c0000 	/usr/lib/libheimdal-asn1.dylib
0x00000000036c0000 	/System/Library/Frameworks/OpenDirectory.framework/Versions/A/OpenDirectory
0x00000000036c0000 	/System/Library/PrivateFrameworks/CommonAuth.framework/Versions/A/CommonAuth
0x00000000036c0000 	/System/Library/Frameworks/OpenDirectory.framework/Versions/A/Frameworks/CFOpenDirectory.framework/Versions/A/CFOpenDirectory
0x00000000036c0000 	/System/Library/Frameworks/SecurityFoundation.framework/Versions/A/SecurityFoundation
0x00000000036c0000 	/System/Library/PrivateFrameworks/LanguageModeling.framework/Versions/A/LanguageModeling
0x00000000036c0000 	/usr/lib/libmarisa.dylib
0x00000000036c0000 	/usr/lib/libChineseTokenizer.dylib
0x00000000036c0000 	/usr/lib/libcmph.dylib
0x00000000036c0000 	/System/Library/PrivateFrameworks/CoreEmoji.framework/Versions/A/CoreEmoji
0x00000000036c0000 	/System/Library/Frameworks/ServiceManagement.framework/Versions/A/ServiceManagement
0x00000000036c0000 	/usr/lib/libxslt.1.dylib
0x00000000036c0000 	/System/Library/Frameworks/Carbon.framework/Versions/A/Frameworks/Ink.framework/Versions/A/Ink
0x00000000036c0000 	/System/Library/PrivateFrameworks/TextureIO.framework/Versions/A/TextureIO
0x00000000036c0000 	/System/Library/Frameworks/Metal.framework/Versions/A/Metal
0x00000000036c0000 	/usr/lib/libate.dylib
0x00000000036c0000 	/System/Library/PrivateFrameworks/GPUCompiler.framework/libmetal_timestamp.dylib
0x00000000036c0000 	/System/Library/Frameworks/OpenGL.framework/Versions/A/Libraries/libCoreFSCache.dylib
0x00000000036c0000 	/System/Library/PrivateFrameworks/IOAccelerator.framework/Versions/A/IOAccelerator
0x00000000036c0000 	/System/Library/Frameworks/CoreVideo.framework/Versions/A/CoreVideo
0x00000000036c0000 	/usr/lib/libFosl_dynamic.dylib
0x00000000036c0000 	/System/Library/PrivateFrameworks/MetalPerformanceShaders.framework/Versions/A/MetalPerformanceShaders
0x00000000036c0000 	/System/Library/PrivateFrameworks/FaceCore.framework/Versions/A/FaceCore
0x00000000036c0000 	/System/Library/Frameworks/OpenCL.framework/Versions/A/OpenCL
0x00000000036c0000 	/System/Library/Frameworks/OpenGL.framework/Versions/A/Libraries/libGLU.dylib
0x00000000036c0000 	/System/Library/Frameworks/OpenGL.framework/Versions/A/Libraries/libGFXShared.dylib
0x00000000036c0000 	/System/Library/Frameworks/OpenGL.framework/Versions/A/Libraries/libGL.dylib
0x00000000036c0000 	/System/Library/Frameworks/OpenGL.framework/Versions/A/Libraries/libGLImage.dylib
0x00000000036c0000 	/System/Library/Frameworks/OpenGL.framework/Versions/A/Libraries/libCVMSPluginSupport.dylib
0x00000000036c0000 	/System/Library/Frameworks/OpenGL.framework/Versions/A/Libraries/libCoreVMClient.dylib
0x00000000036c0000 	/System/Library/PrivateFrameworks/CrashReporterSupport.framework/Versions/A/CrashReporterSupport
0x00000000036c0000 	/System/Library/PrivateFrameworks/Sharing.framework/Versions/A/Sharing
0x00000000036c0000 	/System/Library/PrivateFrameworks/IconServices.framework/Versions/A/IconServices
0x00000000036c0000 	/System/Library/PrivateFrameworks/ProtocolBuffer.framework/Versions/A/ProtocolBuffer
0x00000000036c0000 	/System/Library/PrivateFrameworks/Apple80211.framework/Versions/A/Apple80211
0x00000000036c0000 	/System/Library/Frameworks/CoreWLAN.framework/Versions/A/CoreWLAN
0x00000000036c0000 	/System/Library/PrivateFrameworks/CoreUtils.framework/Versions/A/CoreUtils
0x00000000036c0000 	/System/Library/Frameworks/IOBluetooth.framework/Versions/A/IOBluetooth
0x00000000036c0000 	/System/Library/PrivateFrameworks/CoreWiFi.framework/Versions/A/CoreWiFi
0x00000000036c0000 	/System/Library/Frameworks/CoreBluetooth.framework/Versions/A/CoreBluetooth
0x00000000036c0000 	/System/Library/Frameworks/CoreDisplay.framework/Versions/A/CoreDisplay
0x00000000036c0000 	/System/Library/PrivateFrameworks/IOPresentment.framework/Versions/A/IOPresentment
0x00000000036c0000 	/System/Library/PrivateFrameworks/DSExternalDisplay.framework/Versions/A/DSExternalDisplay
0x00000000036c0000 	/System/Library/PrivateFrameworks/DebugSymbols.framework/Versions/A/DebugSymbols
0x00000000036c0000 	/System/Library/PrivateFrameworks/CoreSymbolication.framework/Versions/A/CoreSymbolication
0x00000000036c0000 	/System/Library/PrivateFrameworks/Symbolication.framework/Versions/A/Symbolication
0x00000000036c0000 	/System/Library/PrivateFrameworks/AppleFSCompression.framework/Versions/A/AppleFSCompression
0x00000000036c0000 	/System/Library/PrivateFrameworks/SpeechRecognitionCore.framework/Versions/A/SpeechRecognitionCore
0x00000000036c0000 	/System/Library/PrivateFrameworks/ChunkingLibrary.framework/Versions/A/ChunkingLibrary
0x0000000104600000 	/Library/Java/JavaVirtualMachines/jdk1.8.0_45.jdk/Contents/Home/jre/lib/server/libjvm.dylib
0x00000000036c0000 	/usr/lib/libstdc++.6.dylib
0x00000001035a8000 	/Library/Java/JavaVirtualMachines/jdk1.8.0_45.jdk/Contents/Home/jre/lib/libverify.dylib
0x00000001035b6000 	/Library/Java/JavaVirtualMachines/jdk1.8.0_45.jdk/Contents/Home/jre/lib/libjava.dylib
0x00000001035f5000 	/Library/Java/JavaVirtualMachines/jdk1.8.0_45.jdk/Contents/Home/jre/lib/libzip.dylib
0x00000001206ac000 	/System/Library/Frameworks/JavaVM.framework/Frameworks/JavaRuntimeSupport.framework/JavaRuntimeSupport
0x00000001206c6000 	/System/Library/Frameworks/JavaVM.framework/Versions/A/Frameworks/JavaNativeFoundation.framework/Versions/A/JavaNativeFoundation
0x00000001206db000 	/System/Library/Frameworks/JavaVM.framework/Versions/A/JavaVM
0x00000000036c0000 	/System/Library/Frameworks/Carbon.framework/Versions/A/Carbon
0x00000001206e8000 	/System/Library/PrivateFrameworks/JavaLaunching.framework/Versions/A/JavaLaunching
0x00000000036c0000 	/System/Library/Frameworks/Carbon.framework/Versions/A/Frameworks/CommonPanels.framework/Versions/A/CommonPanels
0x00000000036c0000 	/System/Library/Frameworks/Carbon.framework/Versions/A/Frameworks/Help.framework/Versions/A/Help
0x00000000036c0000 	/System/Library/Frameworks/Carbon.framework/Versions/A/Frameworks/ImageCapture.framework/Versions/A/ImageCapture
0x00000000036c0000 	/System/Library/Frameworks/Carbon.framework/Versions/A/Frameworks/OpenScripting.framework/Versions/A/OpenScripting
0x00000000036c0000 	/System/Library/Frameworks/Carbon.framework/Versions/A/Frameworks/Print.framework/Versions/A/Print
0x00000000036c0000 	/System/Library/Frameworks/Carbon.framework/Versions/A/Frameworks/SecurityHI.framework/Versions/A/SecurityHI
0x0000000122074000 	/Library/Java/JavaVirtualMachines/jdk1.8.0_45.jdk/Contents/Home/jre/lib/libawt.dylib
0x000000012211c000 	/Library/Java/JavaVirtualMachines/jdk1.8.0_45.jdk/Contents/Home/jre/lib/./libmlib_image.dylib
0x00000001221e8000 	/Library/Java/JavaVirtualMachines/jdk1.8.0_45.jdk/Contents/Home/jre/lib/libawt_lwawt.dylib
0x000000012229c000 	/Library/Java/JavaVirtualMachines/jdk1.8.0_45.jdk/Contents/Home/jre/lib/./libosxapp.dylib
0x00000000036c0000 	/System/Library/Frameworks/ExceptionHandling.framework/Versions/A/ExceptionHandling
0x00000000036c0000 	/System/Library/PrivateFrameworks/CoreServicesInternal.framework/Versions/A/CoreServicesInternal
0x00000000036c0000 	/System/Library/CoreServices/RawCamera.bundle/Contents/MacOS/RawCamera
0x00000000036c0000 	/System/Library/Frameworks/Accelerate.framework/Versions/A/Frameworks/vImage.framework/Versions/A/Libraries/libCGInterfaces.dylib
0x00000000036c0000 	/System/Library/Frameworks/ApplicationServices.framework/Versions/A/Frameworks/ATS.framework/Versions/A/Resources/libTrueTypeScaler.dylib
0x0000000124212000 	/System/Library/Frameworks/OpenGL.framework/Resources/GLEngine.bundle/GLEngine
0x00000000036c0000 	/System/Library/Frameworks/OpenGL.framework/Versions/A/Libraries/libGLProgrammability.dylib
0x00000001243f7000 	/System/Library/Extensions/AppleIntelHD5000GraphicsGLDriver.bundle/Contents/MacOS/AppleIntelHD5000GraphicsGLDriver
0x00000000036c0000 	/System/Library/PrivateFrameworks/GPUSupport.framework/Versions/A/Libraries/libGPUSupportMercury.dylib
0x0000000124b65000 	/System/Library/Extensions/AMDRadeonX4000GLDriver.bundle/Contents/MacOS/AMDRadeonX4000GLDriver
0x0000000124c45000 	/System/Library/Extensions/AMDRadeonX4000GLDriver.bundle/Contents/MacOS/ATIRadeonX4000SCLib.dylib
0x0000000125222000 	/System/Library/Frameworks/OpenGL.framework/Resources//GLRendererFloat.bundle/GLRendererFloat
0x00000000036c0000 	/System/Library/Frameworks/OpenCL.framework/Versions/A/Libraries/libcldcpuengine.dylib
0x00000000036c0000 	/usr/lib/libcrypto.0.9.8.dylib
0x00000000036c0000 	/System/Library/PrivateFrameworks/TrustEvaluationAgent.framework/Versions/A/TrustEvaluationAgent
0x00000000036c0000 	/System/Library/Extensions/AMDMTLBronzeDriver.bundle/Contents/MacOS/AMDMTLBronzeDriver
0x00000000036c0000 	/System/Library/PrivateFrameworks/IOAccelMemoryInfo.framework/Versions/A/IOAccelMemoryInfo
0x000000012526a000 	/System/Library/Extensions/AppleIntelHD5000GraphicsMTLDriver.bundle/Contents/MacOS/AppleIntelHD5000GraphicsMTLDriver
0x00000000036c0000 	/System/Library/PrivateFrameworks/FamilyControls.framework/Versions/A/FamilyControls
0x00000000036c0000 	/System/Library/PrivateFrameworks/CommerceKit.framework/Versions/A/Frameworks/CommerceCore.framework/Versions/A/CommerceCore
0x00000000036c0000 	/System/Library/PrivateFrameworks/SystemAdministration.framework/Versions/A/SystemAdministration
0x00000000036c0000 	/System/Library/PrivateFrameworks/AppContainer.framework/Versions/A/AppContainer
0x00000000036c0000 	/System/Library/PrivateFrameworks/SecCodeWrapper.framework/Versions/A/SecCodeWrapper
0x00000000036c0000 	/System/Library/Frameworks/DirectoryService.framework/Versions/A/DirectoryService
0x00000000036c0000 	/System/Library/PrivateFrameworks/DiskImages.framework/Versions/A/DiskImages
0x00000000036c0000 	/System/Library/PrivateFrameworks/LoginUIKit.framework/Versions/A/Frameworks/LoginUICore.framework/Versions/A/LoginUICore
0x00000000036c0000 	/usr/lib/libCoreStorage.dylib
0x00000000036c0000 	/usr/lib/libcsfde.dylib
0x00000000036c0000 	/usr/lib/libodfde.dylib
0x00000000036c0000 	/System/Library/Frameworks/DiscRecording.framework/Versions/A/DiscRecording
0x00000000036c0000 	/usr/lib/libcurl.4.dylib
0x00000000036c0000 	/System/Library/PrivateFrameworks/MediaKit.framework/Versions/A/MediaKit
0x00000000036c0000 	/System/Library/PrivateFrameworks/ProtectedCloudStorage.framework/Versions/A/ProtectedCloudStorage
0x00000000036c0000 	/System/Library/PrivateFrameworks/EFILogin.framework/Versions/A/EFILogin
0x00000000036c0000 	/usr/lib/libutil.dylib
0x00000000036c0000 	/System/Library/Frameworks/LDAP.framework/Versions/A/LDAP
0x00000000036c0000 	/usr/lib/libsasl2.2.dylib
0x00000000036c0000 	/System/Library/PrivateFrameworks/CoreDaemon.framework/Versions/B/CoreDaemon
0x00000000036c0000 	/System/Library/PrivateFrameworks/AppleSRP.framework/Versions/A/AppleSRP
0x00000000036c0000 	/System/Library/PrivateFrameworks/APFS.framework/Versions/A/APFS
0x00000001266b6000 	/Library/Java/JavaVirtualMachines/jdk1.8.0_45.jdk/Contents/Home/jre/lib/libfontmanager.dylib
0x0000000126aaf000 	/Library/Java/JavaVirtualMachines/jdk1.8.0_45.jdk/Contents/Home/jre/lib/libnet.dylib
0x0000000126b0e000 	/Library/Java/JavaVirtualMachines/jdk1.8.0_45.jdk/Contents/Home/jre/lib/libnio.dylib
0x0000000126b1e000 	/private/var/folders/zg/hfr96y0s0797p430mx5rs1hw0000gr/T/jogamp_0000/file_cache/jln7838208086750291380/jln784271520340507210/natives/macosx-universal/libgluegen-rt.jnilib
0x00000000036c0000 	/System/Library/PrivateFrameworks/ViewBridge.framework/Versions/A/ViewBridge
0x00000000036c0000 	/System/Library/PrivateFrameworks/XPCService.framework/Versions/A/XPCService
0x00000000036c0000 	/System/Library/PrivateFrameworks/AppSandbox.framework/Versions/A/AppSandbox
0x00000000036c0000 	/usr/lib/libsandbox.1.dylib
0x00000000036c0000 	/usr/lib/libMatch.1.dylib
0x0000000126ccf000 	/private/var/folders/zg/hfr96y0s0797p430mx5rs1hw0000gr/T/jogamp_0000/file_cache/jln7838208086750291380/jln784271520340507210/natives/macosx-universal/libnativewindow_awt.jnilib
0x0000000126cd2000 	/Library/Java/JavaVirtualMachines/jdk1.8.0_45.jdk/Contents/Home/jre/lib/libjawt.dylib
0x0000000126cd5000 	/private/var/folders/zg/hfr96y0s0797p430mx5rs1hw0000gr/T/jogamp_0000/file_cache/jln7838208086750291380/jln784271520340507210/natives/macosx-universal/libnativewindow_macosx.jnilib
0x00000001227d7000 	/private/var/folders/zg/hfr96y0s0797p430mx5rs1hw0000gr/T/jogamp_0000/file_cache/jln7838208086750291380/jln784271520340507210/natives/macosx-universal/libnewt.jnilib
0x000000012346d000 	/private/var/folders/zg/hfr96y0s0797p430mx5rs1hw0000gr/T/jogamp_0000/file_cache/jln7838208086750291380/jln784271520340507210/natives/macosx-universal/libjogl_desktop.jnilib
0x0000000123541000 	/private/var/folders/zg/hfr96y0s0797p430mx5rs1hw0000gr/T/jogamp_0000/file_cache/jln7838208086750291380/jln784271520340507210/natives/macosx-universal/libjogl_mobile.jnilib
0x0000000124067000 	/Library/Java/JavaVirtualMachines/jdk1.8.0_45.jdk/Contents/Home/jre/lib/libjsound.dylib
0x000000012407a000 	/System/Library/Frameworks/CoreMIDI.framework/Versions/A/CoreMIDI
0x00000001241da000 	/usr/lib/libexpat.1.dylib
0x00000001240e0000 	/System/Library/Extensions/AppleHDA.kext/Contents/PlugIns/AppleHDAHALPlugIn.bundle/Contents/MacOS/AppleHDAHALPlugIn
0x0000000128f9a000 	/Library/Audio/Plug-Ins/HAL/JackRouter.plugin/Contents/MacOS/JackRouter
0x0000000128fdd000 	/usr/local/lib/libjack.0.dylib
0x0000000123eb5000 	/private/var/folders/zg/hfr96y0s0797p430mx5rs1hw0000gr/T/coreMidi4J2181660493250252290.tmp/libCoreMidi4J.dylib
0x0000000123fd5000 	/Library/Java/JavaVirtualMachines/jdk1.8.0_45.jdk/Contents/Home/jre/lib/libjpeg.dylib
0x0000000123f61000 	/Library/Java/JavaVirtualMachines/jdk1.8.0_45.jdk/Contents/Home/jre/lib/liblcms.dylib
0x000000012bf47000 	/System/Library/Components/CoreAudio.component/Contents/MacOS/CoreAudio
0x0000000126bf4000 	/Library/Java/JavaVirtualMachines/jdk1.8.0_45.jdk/Contents/Home/jre/lib/libdcpr.dylib
0x00000001292e5000 	/private/var/folders/zg/hfr96y0s0797p430mx5rs1hw0000gr/T/libaparapi_x86_646912359148684651442.dylib

VM Arguments:
jvm_args: -Dfile.encoding=UTF-8 -Duser.country=US -Duser.language=en -Duser.variant 
java_command: com.symmetrylabs.slstudio.SLStudio
java_class_path (initial): /Users/jake/SymmetryLabs/Code/SLStudio/build/classes/java/main:/Users/jake/SymmetryLabs/Code/SLStudio/build/classes/kotlin/main:/Users/jake/SymmetryLabs/Code/SLStudio/build/resources/main:/Users/jake/SymmetryLabs/Code/SLStudio/libs/gluegen-rt-natives-linux-aarch64.jar:/Users/jake/SymmetryLabs/Code/SLStudio/libs/gluegen-rt-natives-linux-amd64.jar:/Users/jake/SymmetryLabs/Code/SLStudio/libs/gluegen-rt-natives-linux-armv6hf.jar:/Users/jake/SymmetryLabs/Code/SLStudio/libs/gluegen-rt-natives-linux-i586.jar:/Users/jake/SymmetryLabs/Code/SLStudio/libs/gluegen-rt-natives-macosx-universal.jar:/Users/jake/SymmetryLabs/Code/SLStudio/libs/gluegen-rt-natives-windows-amd64.jar:/Users/jake/SymmetryLabs/Code/SLStudio/libs/gluegen-rt-natives-windows-i586.jar:/Users/jake/SymmetryLabs/Code/SLStudio/libs/gluegen-rt.jar:/Users/jake/SymmetryLabs/Code/SLStudio/libs/jogl-all-2.3.2-natives-linux-amd64.jar:/Users/jake/SymmetryLabs/Code/SLStudio/libs/jogl-all-natives-linux-aarch64.jar:/Users/jake/SymmetryLabs/Code/SLStudio/libs/jogl-all-natives-linux-amd64.jar:/Users/jake/SymmetryLabs/Code/SLStudio/libs/jogl-all-natives-linux-armv6hf.jar:/Users/jake/SymmetryLabs/Code/SLStudio/libs/jogl-all-natives-linux-i586.jar:/Users/jake/SymmetryLabs/Code/SLStudio/libs/jogl-all-natives-macosx-universal.jar:/Users/jake/SymmetryLabs/Code/SLStudio/libs/jogl-all-natives-windows-amd64.jar:/Users/jake/SymmetryLabs/Code/SLStudio/libs/jogl-all-natives-windows-i586.jar:/Users/jake/SymmetryLabs/Code/SLStudio/libs/jogl-all.jar:/Users/jake/SymmetryLabs/Code/SLStudio/libs/minim.jar:/Users/jake/SymmetryLabs/Code/SLStudio/libs/P3LX.jar:/Users/jake/.gradle/caches/modules-2/files-2.1/org.processing/core/3.3.6/f89688e748c841a79624ac2b68f92f9df3ea186a/core-3.3.6.jar:/Users/jake/.gradle/caches/modules-2/files-2.1/com.harium/kdtree/1.0.0/672b9c3f7f966d31baa1a1c36c186ec0d74b85c9/kdtree-1.0.0.jar:/Users/jake/.gradle/caches/modules-2/files-2.1/org.javassist/javassist/3.22.0-GA/3e83394258ae2089be7219b9
Launcher Type: SUN_STANDARD

Environment Variables:
PATH=/Users/jake/.npm-global/bin:/Library/Frameworks/Python.framework/Versions/3.6/bin:/usr/local/bin:/usr/bin:/bin:/usr/sbin:/sbin:/Applications/Server.app/Contents/ServerRoot/usr/bin:/Applications/Server.app/Contents/ServerRoot/usr/sbin:/Applications/Wireshark.app/Contents/MacOS:/Users/jake/.rvm/bin
SHELL=/bin/zsh

Signal Handlers:
SIGSEGV: [libjvm.dylib+0x58ef95], sa_mask[0]=11111111011111110111111111111111, sa_flags=SA_ONSTACK|SA_RESTART|SA_SIGINFO
SIGBUS: [libjvm.dylib+0x58ef95], sa_mask[0]=11111111011111110111111111111111, sa_flags=SA_RESTART|SA_SIGINFO
SIGFPE: [libjvm.dylib+0x46c108], sa_mask[0]=11111111011111110111111111111111, sa_flags=SA_RESTART|SA_SIGINFO
SIGPIPE: [libjvm.dylib+0x46c108], sa_mask[0]=11111111011111110111111111111111, sa_flags=SA_RESTART|SA_SIGINFO
SIGXFSZ: [libjvm.dylib+0x46c108], sa_mask[0]=11111111011111110111111111111111, sa_flags=SA_RESTART|SA_SIGINFO
SIGILL: [libjvm.dylib+0x46c108], sa_mask[0]=11111111011111110111111111111111, sa_flags=SA_RESTART|SA_SIGINFO
SIGUSR1: SIG_DFL, sa_mask[0]=00000000000000000000000000000000, sa_flags=SA_RESTART
SIGUSR2: [libjvm.dylib+0x46bc26], sa_mask[0]=00100000000000000000000000000000, sa_flags=SA_RESTART|SA_SIGINFO
SIGHUP: [libjvm.dylib+0x46a1f9], sa_mask[0]=11111111011111110111111111111111, sa_flags=SA_RESTART|SA_SIGINFO
SIGINT: [libjvm.dylib+0x46a1f9], sa_mask[0]=11111111011111110111111111111111, sa_flags=SA_RESTART|SA_SIGINFO
SIGTERM: [libjvm.dylib+0x46a1f9], sa_mask[0]=11111111011111110111111111111111, sa_flags=SA_RESTART|SA_SIGINFO
SIGQUIT: [libjvm.dylib+0x46a1f9], sa_mask[0]=11111111011111110111111111111111, sa_flags=SA_RESTART|SA_SIGINFO


---------------  S Y S T E M  ---------------

OS:Bsduname:Darwin 16.7.0 Darwin Kernel Version 16.7.0: Thu Jun 15 17:36:27 PDT 2017; root:xnu-3789.70.16~2/RELEASE_X86_64 x86_64
rlimit: STACK 8192k, CORE 0k, NPROC 709, NOFILE 10240, AS infinity
load average:3.19 2.55 2.19

CPU:total 8 (4 cores per cpu, 2 threads per core) family 6 model 70 stepping 1, cmov, cx8, fxsr, mmx, sse, sse2, sse3, ssse3, sse4.1, sse4.2, popcnt, avx, avx2, aes, clmul, erms, lzcnt, ht, tsc, tscinvbit, bmi1, bmi2

Memory: 4k page, physical 16777216k(4055644k free)

/proc/meminfo:


vm_info: Java HotSpot(TM) 64-Bit Server VM (25.45-b02) for bsd-amd64 JRE (1.8.0_45-b14), built on Apr 10 2015 10:46:38 by "java_re" with gcc 4.2.1 (Based on Apple Inc. build 5658) (LLVM build 2336.11.00)

time: Mon Feb 19 23:21:48 2018
elapsed time: 2499 seconds (0d 0h 41m 39s)

